<?xml version="1.0" encoding="UTF-8"?>
<TestRun id="013bc8fa-b29e-4407-824d-f983fbce3aae" name="jenkinsuser@BDXBLD003 2015-07-23 12:26:52" runUser="INTRAXITI\jenkinsuser" xmlns="http://microsoft.com/schemas/VisualStudio/TeamTest/2010">
  <TestSettings name="DATAFEED" id="76fc2936-55db-49ee-80a0-45817dad4b6e">
    <Description>These are default test settings for a local test run.</Description>
    <Deployment userDeploymentRoot="E:\Jenkins\workspace\DataEngine\DATAFEED.Tests\DATAFEED.Tests" useDefaultDeploymentRoot="false" enabled="false" runDeploymentRoot="jenkinsuser_BDXBLD003 2015-07-23 12_26_52" />
    <Execution parallelTestCount="4">
      <TestTypeSpecific>
        <UnitTestRunConfig testTypeId="13cdc9d9-ddb5-4fa4-a97d-d965ccfc6d4b">
          <AssemblyResolution>
            <TestDirectory useLoadContext="true" />
          </AssemblyResolution>
        </UnitTestRunConfig>
      </TestTypeSpecific>
      <AgentRule name="Execution Agents">
      </AgentRule>
    </Execution>
    <Properties />
  </TestSettings>
  <Times creation="2015-07-23T12:26:52.9804984+02:00" queuing="2015-07-23T12:26:53.2175038+02:00" start="2015-07-23T12:26:53.3455070+02:00" finish="2015-07-23T12:31:56.2390198+02:00" />
  <ResultSummary outcome="Failed">
    <Counters total="317" executed="317" passed="195" error="0" failed="116" timeout="0" aborted="0" inconclusive="6" passedButRunAborted="0" notRunnable="0" notExecuted="0" disconnected="0" warning="0" completed="0" inProgress="0" pending="0" />
  </ResultSummary>
  <TestDefinitions>
    <UnitTest name="MultiSpace2Dimensions" storage=".\datafeed.tests\bin\dev\datafeed.tests.dll" id="8a2b60ca-3993-89fe-1c92-4d455102f0f7">
      <Execution timeOut="1800000" id="650d6408-c6fc-4864-8ef3-6d0789d229e3" />
      <TestMethod codeBase="E:/Jenkins/workspace/DataEngine/DATAFEED.Tests/DATAFEED.Tests/bin/Dev/DATAFEED.Tests.dll" adapterTypeName="Microsoft.VisualStudio.TestTools.TestTypes.Unit.UnitTestAdapter, Microsoft.VisualStudio.QualityTools.Tips.UnitTest.Adapter, Version=12.0.0.0, Culture=neutral, PublicKeyToken=b03f5f7f11d50a3a" className="DATAFEED.Tests.MultiSpace, DATAFEED.Tests, Version=1.0.0.0, Culture=neutral, PublicKeyToken=null" name="MultiSpace2Dimensions" />
    </UnitTest>
    <UnitTest name="ErrorGteOperator" storage=".\datafeed.tests\bin\dev\datafeed.tests.dll" id="ef653afe-589e-9087-076e-6f6f4230af35">
      <Execution timeOut="1800000" id="229a94a4-f5f4-4299-89fd-6c9742de8333" />
      <TestMethod codeBase="E:/Jenkins/workspace/DataEngine/DATAFEED.Tests/DATAFEED.Tests/bin/Dev/DATAFEED.Tests.dll" adapterTypeName="Microsoft.VisualStudio.TestTools.TestTypes.Unit.UnitTestAdapter, Microsoft.VisualStudio.QualityTools.Tips.UnitTest.Adapter, Version=12.0.0.0, Culture=neutral, PublicKeyToken=b03f5f7f11d50a3a" className="DATAFEED.Tests.Filter, DATAFEED.Tests, Version=1.0.0.0, Culture=neutral, PublicKeyToken=null" name="ErrorGteOperator" />
    </UnitTest>
    <UnitTest name="LkAndNeqOperator" storage=".\datafeed.tests\bin\dev\datafeed.tests.dll" id="abe14308-036b-736c-67bc-a358d64efb3d">
      <Execution timeOut="1800000" id="0291a395-6e0f-4f9c-81a2-1bf274f43724" />
      <TestMethod codeBase="E:/Jenkins/workspace/DataEngine/DATAFEED.Tests/DATAFEED.Tests/bin/Dev/DATAFEED.Tests.dll" adapterTypeName="Microsoft.VisualStudio.TestTools.TestTypes.Unit.UnitTestAdapter, Microsoft.VisualStudio.QualityTools.Tips.UnitTest.Adapter, Version=12.0.0.0, Culture=neutral, PublicKeyToken=b03f5f7f11d50a3a" className="DATAFEED.Tests.Filter, DATAFEED.Tests, Version=1.0.0.0, Culture=neutral, PublicKeyToken=null" name="LkAndNeqOperator" />
    </UnitTest>
    <UnitTest name="NoMultiPeriodWithMultiSpace" storage=".\datafeed.tests\bin\dev\datafeed.tests.dll" id="ab11d567-736a-4ce4-8d26-ac821d73228d">
      <Execution timeOut="1800000" id="09e3c38c-09bd-44ce-8028-3910c5baad23" />
      <TestMethod codeBase="E:/Jenkins/workspace/DataEngine/DATAFEED.Tests/DATAFEED.Tests/bin/Dev/DATAFEED.Tests.dll" adapterTypeName="Microsoft.VisualStudio.TestTools.TestTypes.Unit.UnitTestAdapter, Microsoft.VisualStudio.QualityTools.Tips.UnitTest.Adapter, Version=12.0.0.0, Culture=neutral, PublicKeyToken=b03f5f7f11d50a3a" className="DATAFEED.Tests.MultiSpace, DATAFEED.Tests, Version=1.0.0.0, Culture=neutral, PublicKeyToken=null" name="NoMultiPeriodWithMultiSpace" />
    </UnitTest>
    <UnitTest name="MultiPeriodMetricPrefixedWithP1" storage=".\datafeed.tests\bin\dev\datafeed.tests.dll" id="3222b6d8-fb2a-79e0-8f58-c18945fa1bd9">
      <Execution timeOut="1800000" id="9c5ab6cb-7608-4e6b-8a74-f0698b0cd4ff" />
      <TestMethod codeBase="E:/Jenkins/workspace/DataEngine/DATAFEED.Tests/DATAFEED.Tests/bin/Dev/DATAFEED.Tests.dll" adapterTypeName="Microsoft.VisualStudio.TestTools.TestTypes.Unit.UnitTestAdapter, Microsoft.VisualStudio.QualityTools.Tips.UnitTest.Adapter, Version=12.0.0.0, Culture=neutral, PublicKeyToken=b03f5f7f11d50a3a" className="DATAFEED.Tests.Period, DATAFEED.Tests, Version=1.0.0.0, Culture=neutral, PublicKeyToken=null" name="MultiPeriodMetricPrefixedWithP1" />
    </UnitTest>
    <UnitTest name="RatioInvalideSyntaxe" storage=".\datafeed.tests\bin\dev\datafeed.tests.dll" id="7b6109a3-a6b2-41c9-d972-cbf8ecb399c0">
      <Execution timeOut="1800000" id="02082040-3def-4b72-8ee9-d3cf3e29fc10" />
      <TestMethod codeBase="E:/Jenkins/workspace/DataEngine/DATAFEED.Tests/DATAFEED.Tests/bin/Dev/DATAFEED.Tests.dll" adapterTypeName="Microsoft.VisualStudio.TestTools.TestTypes.Unit.UnitTestAdapter, Microsoft.VisualStudio.QualityTools.Tips.UnitTest.Adapter, Version=12.0.0.0, Culture=neutral, PublicKeyToken=b03f5f7f11d50a3a" className="DATAFEED.Tests.Ratio, DATAFEED.Tests, Version=1.0.0.0, Culture=neutral, PublicKeyToken=null" name="RatioInvalideSyntaxe" />
    </UnitTest>
    <UnitTest name="P1DeclaredButNoMetricPrefixedWithP1" storage=".\datafeed.tests\bin\dev\datafeed.tests.dll" id="72e25aed-760b-de8b-99d4-8bd38f410fb7">
      <Execution timeOut="1800000" id="1ad822e5-31b8-4e97-b7fb-4ce2c526c995" />
      <TestMethod codeBase="E:/Jenkins/workspace/DataEngine/DATAFEED.Tests/DATAFEED.Tests/bin/Dev/DATAFEED.Tests.dll" adapterTypeName="Microsoft.VisualStudio.TestTools.TestTypes.Unit.UnitTestAdapter, Microsoft.VisualStudio.QualityTools.Tips.UnitTest.Adapter, Version=12.0.0.0, Culture=neutral, PublicKeyToken=b03f5f7f11d50a3a" className="DATAFEED.Tests.Arbo, DATAFEED.Tests, Version=1.0.0.0, Culture=neutral, PublicKeyToken=null" name="P1DeclaredButNoMetricPrefixedWithP1" />
    </UnitTest>
    <UnitTest name="TestSimpleArbo" storage=".\datafeed.tests\bin\dev\datafeed.tests.dll" id="bf2e9d03-a74c-872f-4e13-0a60e11af46c">
      <Execution timeOut="1800000" id="6e6c37c7-c31e-4fb3-a829-07be0cd8d468" />
      <TestMethod codeBase="E:/Jenkins/workspace/DataEngine/DATAFEED.Tests/DATAFEED.Tests/bin/Dev/DATAFEED.Tests.dll" adapterTypeName="Microsoft.VisualStudio.TestTools.TestTypes.Unit.UnitTestAdapter, Microsoft.VisualStudio.QualityTools.Tips.UnitTest.Adapter, Version=12.0.0.0, Culture=neutral, PublicKeyToken=b03f5f7f11d50a3a" className="DATAFEED.Tests.Arbo, DATAFEED.Tests, Version=1.0.0.0, Culture=neutral, PublicKeyToken=null" name="TestSimpleArbo" />
    </UnitTest>
    <UnitTest name="JsonRowCountEvo" storage=".\datafeed.tests\bin\dev\datafeed.tests.dll" id="ba720b2f-4e75-8819-b338-170d40f1c5b9">
      <Execution timeOut="1800000" id="1d3a6dbd-c395-44cc-af6a-39e93f253fa9" />
      <TestMethod codeBase="E:/Jenkins/workspace/DataEngine/DATAFEED.Tests/DATAFEED.Tests/bin/Dev/DATAFEED.Tests.dll" adapterTypeName="Microsoft.VisualStudio.TestTools.TestTypes.Unit.UnitTestAdapter, Microsoft.VisualStudio.QualityTools.Tips.UnitTest.Adapter, Version=12.0.0.0, Culture=neutral, PublicKeyToken=b03f5f7f11d50a3a" className="DATAFEED.Tests.GetRowCount, DATAFEED.Tests, Version=1.0.0.0, Culture=neutral, PublicKeyToken=null" name="JsonRowCountEvo" />
    </UnitTest>
    <UnitTest name="DataMonoSpace" storage=".\datafeed.tests\bin\dev\datafeed.tests.dll" id="efcc7a50-00f9-438a-3394-626f8e33ef13">
      <Execution timeOut="1800000" id="0ac12070-b373-42ff-8b70-b4784671c7c5" />
      <TestMethod codeBase="E:/Jenkins/workspace/DataEngine/DATAFEED.Tests/DATAFEED.Tests/bin/Dev/DATAFEED.Tests.dll" adapterTypeName="Microsoft.VisualStudio.TestTools.TestTypes.Unit.UnitTestAdapter, Microsoft.VisualStudio.QualityTools.Tips.UnitTest.Adapter, Version=12.0.0.0, Culture=neutral, PublicKeyToken=b03f5f7f11d50a3a" className="DATAFEED.Tests.Space, DATAFEED.Tests, Version=1.0.0.0, Culture=neutral, PublicKeyToken=null" name="DataMonoSpace" />
    </UnitTest>
    <UnitTest name="TestEvoSimpleNotStandalone" storage=".\datafeed.tests\bin\dev\datafeed.tests.dll" id="7de44b7e-e87a-3cbe-d4cd-7b24ecb1330c">
      <Execution timeOut="1800000" id="5129ce4b-39dc-4a0e-9f93-3c9328c8941f" />
      <TestMethod codeBase="E:/Jenkins/workspace/DataEngine/DATAFEED.Tests/DATAFEED.Tests/bin/Dev/DATAFEED.Tests.dll" adapterTypeName="Microsoft.VisualStudio.TestTools.TestTypes.Unit.UnitTestAdapter, Microsoft.VisualStudio.QualityTools.Tips.UnitTest.Adapter, Version=12.0.0.0, Culture=neutral, PublicKeyToken=b03f5f7f11d50a3a" className="DATAFEED.Tests.Evolution, DATAFEED.Tests, Version=1.0.0.0, Culture=neutral, PublicKeyToken=null" name="TestEvoSimpleNotStandalone" />
    </UnitTest>
    <UnitTest name="DataMonoSpaceMultiSite" storage=".\datafeed.tests\bin\dev\datafeed.tests.dll" id="557c23bc-8b39-81dc-3eaa-021bd76aa937">
      <Execution timeOut="1800000" id="03885759-0e05-426b-bc70-adf1146f67f1" />
      <TestMethod codeBase="E:/Jenkins/workspace/DataEngine/DATAFEED.Tests/DATAFEED.Tests/bin/Dev/DATAFEED.Tests.dll" adapterTypeName="Microsoft.VisualStudio.TestTools.TestTypes.Unit.UnitTestAdapter, Microsoft.VisualStudio.QualityTools.Tips.UnitTest.Adapter, Version=12.0.0.0, Culture=neutral, PublicKeyToken=b03f5f7f11d50a3a" className="DATAFEED.Tests.Space, DATAFEED.Tests, Version=1.0.0.0, Culture=neutral, PublicKeyToken=null" name="DataMonoSpaceMultiSite" />
    </UnitTest>
    <UnitTest name="SimpleColumnHidden" storage=".\datafeed.tests\bin\dev\datafeed.tests.dll" id="53a6f3ed-c1b8-affe-0cfc-2c6543fde1ae">
      <Execution timeOut="1800000" id="5395be4f-be0f-400b-a492-9ac6463aeb6d" />
      <TestMethod codeBase="E:/Jenkins/workspace/DataEngine/DATAFEED.Tests/DATAFEED.Tests/bin/Dev/DATAFEED.Tests.dll" adapterTypeName="Microsoft.VisualStudio.TestTools.TestTypes.Unit.UnitTestAdapter, Microsoft.VisualStudio.QualityTools.Tips.UnitTest.Adapter, Version=12.0.0.0, Culture=neutral, PublicKeyToken=b03f5f7f11d50a3a" className="DATAFEED.Tests.ColumnHidden, DATAFEED.Tests, Version=1.0.0.0, Culture=neutral, PublicKeyToken=null" name="SimpleColumnHidden" />
    </UnitTest>
    <UnitTest name="CheckOptionGroup" storage=".\datafeed.tests\bin\dev\datafeed.tests.dll" id="ee75aa05-5cea-4834-656c-65e4f57e30e5">
      <Execution timeOut="1800000" id="1c3fbdb1-c527-4370-98bd-72ec17973e2d" />
      <TestMethod codeBase="E:/Jenkins/workspace/DataEngine/DATAFEED.Tests/DATAFEED.Tests/bin/Dev/DATAFEED.Tests.dll" adapterTypeName="Microsoft.VisualStudio.TestTools.TestTypes.Unit.UnitTestAdapter, Microsoft.VisualStudio.QualityTools.Tips.UnitTest.Adapter, Version=12.0.0.0, Culture=neutral, PublicKeyToken=b03f5f7f11d50a3a" className="DATAFEED.Tests.SiteGroup, DATAFEED.Tests, Version=1.0.0.0, Culture=neutral, PublicKeyToken=null" name="CheckOptionGroup" />
    </UnitTest>
    <UnitTest name="TestMinuteForPeriodLessThan1Week" storage=".\datafeed.tests\bin\dev\datafeed.tests.dll" id="549aeafa-0419-e1e9-b386-ebab1cfcd028">
      <Execution timeOut="1800000" id="b64df25a-a837-483f-bcd9-df9c4e731d01" />
      <TestMethod codeBase="E:/Jenkins/workspace/DataEngine/DATAFEED.Tests/DATAFEED.Tests/bin/Dev/DATAFEED.Tests.dll" adapterTypeName="Microsoft.VisualStudio.TestTools.TestTypes.Unit.UnitTestAdapter, Microsoft.VisualStudio.QualityTools.Tips.UnitTest.Adapter, Version=12.0.0.0, Culture=neutral, PublicKeyToken=b03f5f7f11d50a3a" className="DATAFEED.Tests.Evolution, DATAFEED.Tests, Version=1.0.0.0, Culture=neutral, PublicKeyToken=null" name="TestMinuteForPeriodLessThan1Week" />
    </UnitTest>
    <UnitTest name="ExtractTotaux" storage=".\datafeed.tests\bin\dev\datafeed.tests.dll" id="8ae49fe0-a3ba-6daa-0c71-60938466cf4a">
      <Execution timeOut="1800000" id="88d79607-7d74-454e-8b7d-086eabc21a0b" />
      <TestMethod codeBase="E:/Jenkins/workspace/DataEngine/DATAFEED.Tests/DATAFEED.Tests/bin/Dev/DATAFEED.Tests.dll" adapterTypeName="Microsoft.VisualStudio.TestTools.TestTypes.Unit.UnitTestAdapter, Microsoft.VisualStudio.QualityTools.Tips.UnitTest.Adapter, Version=12.0.0.0, Culture=neutral, PublicKeyToken=b03f5f7f11d50a3a" className="DATAFEED.Tests.Extract, DATAFEED.Tests, Version=1.0.0.0, Culture=neutral, PublicKeyToken=null" name="ExtractTotaux" />
    </UnitTest>
    <UnitTest name="SpaceNotOptional" storage=".\datafeed.tests\bin\dev\datafeed.tests.dll" id="dfe65cb1-7d2d-dc6b-f99c-461645d0a6a9">
      <Execution timeOut="1800000" id="04bbf816-0758-4d22-b7a1-ba250bb56f22" />
      <TestMethod codeBase="E:/Jenkins/workspace/DataEngine/DATAFEED.Tests/DATAFEED.Tests/bin/Dev/DATAFEED.Tests.dll" adapterTypeName="Microsoft.VisualStudio.TestTools.TestTypes.Unit.UnitTestAdapter, Microsoft.VisualStudio.QualityTools.Tips.UnitTest.Adapter, Version=12.0.0.0, Culture=neutral, PublicKeyToken=b03f5f7f11d50a3a" className="DATAFEED.Tests.Space, DATAFEED.Tests, Version=1.0.0.0, Culture=neutral, PublicKeyToken=null" name="SpaceNotOptional" />
    </UnitTest>
    <UnitTest name="TestSampleMultiPeriod" storage=".\datafeed.tests\bin\dev\datafeed.tests.dll" id="b16dcec7-756f-0a76-923b-07ae52e9767f">
      <Execution timeOut="1800000" id="f6e91397-0b8d-4a19-a999-291c4d98d2d8" />
      <TestMethod codeBase="E:/Jenkins/workspace/DataEngine/DATAFEED.Tests/DATAFEED.Tests/bin/Dev/DATAFEED.Tests.dll" adapterTypeName="Microsoft.VisualStudio.TestTools.TestTypes.Unit.UnitTestAdapter, Microsoft.VisualStudio.QualityTools.Tips.UnitTest.Adapter, Version=12.0.0.0, Culture=neutral, PublicKeyToken=b03f5f7f11d50a3a" className="DATAFEED.Tests.Sample, DATAFEED.Tests, Version=1.0.0.0, Culture=neutral, PublicKeyToken=null" name="TestSampleMultiPeriod" />
    </UnitTest>
    <UnitTest name="MultiSpaceRatioForbidden" storage=".\datafeed.tests\bin\dev\datafeed.tests.dll" id="257ff0ef-006e-a366-0531-edcdadf9bd7d">
      <Execution timeOut="1800000" id="af07fa33-f0b2-419c-a5a1-bd4474d1ef81" />
      <TestMethod codeBase="E:/Jenkins/workspace/DataEngine/DATAFEED.Tests/DATAFEED.Tests/bin/Dev/DATAFEED.Tests.dll" adapterTypeName="Microsoft.VisualStudio.TestTools.TestTypes.Unit.UnitTestAdapter, Microsoft.VisualStudio.QualityTools.Tips.UnitTest.Adapter, Version=12.0.0.0, Culture=neutral, PublicKeyToken=b03f5f7f11d50a3a" className="DATAFEED.Tests.MultiSpace, DATAFEED.Tests, Version=1.0.0.0, Culture=neutral, PublicKeyToken=null" name="MultiSpaceRatioForbidden" />
    </UnitTest>
    <UnitTest name="TestApiUser" storage=".\datafeed.tests\bin\dev\datafeed.tests.dll" id="2ee48829-9bdf-6ec4-2d09-6c0b5dc565a2">
      <Execution timeOut="1800000" id="30d7f264-09ea-4b21-9cd7-0750ee9133d9" />
      <TestMethod codeBase="E:/Jenkins/workspace/DataEngine/DATAFEED.Tests/DATAFEED.Tests/bin/Dev/DATAFEED.Tests.dll" adapterTypeName="Microsoft.VisualStudio.TestTools.TestTypes.Unit.UnitTestAdapter, Microsoft.VisualStudio.QualityTools.Tips.UnitTest.Adapter, Version=12.0.0.0, Culture=neutral, PublicKeyToken=b03f5f7f11d50a3a" className="DATAFEED.Tests.CompteApi, DATAFEED.Tests, Version=1.0.0.0, Culture=neutral, PublicKeyToken=null" name="TestApiUser" />
    </UnitTest>
    <UnitTest name="MultiPeriodIqy" storage=".\datafeed.tests\bin\dev\datafeed.tests.dll" id="d22e7869-ce10-549f-45aa-c2ade73fa433">
      <Execution timeOut="1800000" id="e4d8b82f-4ee6-4389-9b6a-670a5f2b9550" />
      <TestMethod codeBase="E:/Jenkins/workspace/DataEngine/DATAFEED.Tests/DATAFEED.Tests/bin/Dev/DATAFEED.Tests.dll" adapterTypeName="Microsoft.VisualStudio.TestTools.TestTypes.Unit.UnitTestAdapter, Microsoft.VisualStudio.QualityTools.Tips.UnitTest.Adapter, Version=12.0.0.0, Culture=neutral, PublicKeyToken=b03f5f7f11d50a3a" className="DATAFEED.Tests.IqyAlias, DATAFEED.Tests, Version=1.0.0.0, Culture=neutral, PublicKeyToken=null" name="MultiPeriodIqy" />
    </UnitTest>
    <UnitTest name="TestPeriod_M_Evo_W" storage=".\datafeed.tests\bin\dev\datafeed.tests.dll" id="6559948f-30c2-a3a2-0879-c602e4eeae53">
      <Execution timeOut="1800000" id="50131270-3081-4991-a40c-cf65f31bdb13" />
      <TestMethod codeBase="E:/Jenkins/workspace/DataEngine/DATAFEED.Tests/DATAFEED.Tests/bin/Dev/DATAFEED.Tests.dll" adapterTypeName="Microsoft.VisualStudio.TestTools.TestTypes.Unit.UnitTestAdapter, Microsoft.VisualStudio.QualityTools.Tips.UnitTest.Adapter, Version=12.0.0.0, Culture=neutral, PublicKeyToken=b03f5f7f11d50a3a" className="DATAFEED.Tests.Evolution, DATAFEED.Tests, Version=1.0.0.0, Culture=neutral, PublicKeyToken=null" name="TestPeriod_M_Evo_W" />
    </UnitTest>
    <UnitTest name="GetMaxDateXML" storage=".\datafeed.tests\bin\dev\datafeed.tests.dll" id="fa5705f6-211a-e436-c6d6-90da2ac615aa">
      <Execution timeOut="1800000" id="d39abce9-f216-44c4-9d94-898fc4bd6fef" />
      <TestMethod codeBase="E:/Jenkins/workspace/DataEngine/DATAFEED.Tests/DATAFEED.Tests/bin/Dev/DATAFEED.Tests.dll" adapterTypeName="Microsoft.VisualStudio.TestTools.TestTypes.Unit.UnitTestAdapter, Microsoft.VisualStudio.QualityTools.Tips.UnitTest.Adapter, Version=12.0.0.0, Culture=neutral, PublicKeyToken=b03f5f7f11d50a3a" className="DATAFEED.Tests.MaxDate, DATAFEED.Tests, Version=1.0.0.0, Culture=neutral, PublicKeyToken=null" name="GetMaxDateXML" />
    </UnitTest>
    <UnitTest name="MaxResultsDefault100" storage=".\datafeed.tests\bin\dev\datafeed.tests.dll" id="01c3ded9-849a-e678-db9b-0ee4c6301cfc">
      <Execution timeOut="1800000" id="3d0d34da-dbf2-43d2-84a7-2fd38920f9cd" />
      <TestMethod codeBase="E:/Jenkins/workspace/DataEngine/DATAFEED.Tests/DATAFEED.Tests/bin/Dev/DATAFEED.Tests.dll" adapterTypeName="Microsoft.VisualStudio.TestTools.TestTypes.Unit.UnitTestAdapter, Microsoft.VisualStudio.QualityTools.Tips.UnitTest.Adapter, Version=12.0.0.0, Culture=neutral, PublicKeyToken=b03f5f7f11d50a3a" className="DATAFEED.Tests.MaxResultsZero, DATAFEED.Tests, Version=1.0.0.0, Culture=neutral, PublicKeyToken=null" name="MaxResultsDefault100" />
    </UnitTest>
    <UnitTest name="SimpleGroup" storage=".\datafeed.tests\bin\dev\datafeed.tests.dll" id="0367f31d-a02d-6b24-4f52-114699790b71">
      <Execution timeOut="1800000" id="4b39b2fe-cc11-4a98-80b7-20074319aaa5" />
      <TestMethod codeBase="E:/Jenkins/workspace/DataEngine/DATAFEED.Tests/DATAFEED.Tests/bin/Dev/DATAFEED.Tests.dll" adapterTypeName="Microsoft.VisualStudio.TestTools.TestTypes.Unit.UnitTestAdapter, Microsoft.VisualStudio.QualityTools.Tips.UnitTest.Adapter, Version=12.0.0.0, Culture=neutral, PublicKeyToken=b03f5f7f11d50a3a" className="DATAFEED.Tests.SiteGroup, DATAFEED.Tests, Version=1.0.0.0, Culture=neutral, PublicKeyToken=null" name="SimpleGroup" />
    </UnitTest>
    <UnitTest name="IncludeParent" storage=".\datafeed.tests\bin\dev\datafeed.tests.dll" id="01465045-36ca-46b6-e1ad-426bce6a9151">
      <Execution timeOut="1800000" id="4db60e73-24ed-4e08-a462-cfc0594f5499" />
      <TestMethod codeBase="E:/Jenkins/workspace/DataEngine/DATAFEED.Tests/DATAFEED.Tests/bin/Dev/DATAFEED.Tests.dll" adapterTypeName="Microsoft.VisualStudio.TestTools.TestTypes.Unit.UnitTestAdapter, Microsoft.VisualStudio.QualityTools.Tips.UnitTest.Adapter, Version=12.0.0.0, Culture=neutral, PublicKeyToken=b03f5f7f11d50a3a" className="DATAFEED.Tests.Context, DATAFEED.Tests, Version=1.0.0.0, Culture=neutral, PublicKeyToken=null" name="IncludeParent" />
    </UnitTest>
    <UnitTest name="GetDataFromCloud" storage=".\datafeed.tests\bin\dev\datafeed.tests.dll" id="8e1e7fc0-1dc0-926f-9f77-4ea168b7ca4e">
      <Execution timeOut="1800000" id="f1ef2e69-98bb-498a-8894-56860947b422" />
      <TestMethod codeBase="E:/Jenkins/workspace/DataEngine/DATAFEED.Tests/DATAFEED.Tests/bin/Dev/DATAFEED.Tests.dll" adapterTypeName="Microsoft.VisualStudio.TestTools.TestTypes.Unit.UnitTestAdapter, Microsoft.VisualStudio.QualityTools.Tips.UnitTest.Adapter, Version=12.0.0.0, Culture=neutral, PublicKeyToken=b03f5f7f11d50a3a" className="DATAFEED.Tests.RestV1, DATAFEED.Tests, Version=1.0.0.0, Culture=neutral, PublicKeyToken=null" name="GetDataFromCloud" />
    </UnitTest>
    <UnitTest name="DataTest" storage=".\datafeed.tests\bin\dev\datafeed.tests.dll" id="ae6ae0e9-3405-0ebb-8a49-3d8156fb044d">
      <Execution timeOut="1800000" id="a8642aec-0be3-4f7c-a1a5-9a736ce0b6f1" />
      <TestMethod codeBase="E:/Jenkins/workspace/DataEngine/DATAFEED.Tests/DATAFEED.Tests/bin/Dev/DATAFEED.Tests.dll" adapterTypeName="Microsoft.VisualStudio.TestTools.TestTypes.Unit.UnitTestAdapter, Microsoft.VisualStudio.QualityTools.Tips.UnitTest.Adapter, Version=12.0.0.0, Culture=neutral, PublicKeyToken=b03f5f7f11d50a3a" className="DATAFEED.Tests.SchemaXsdTest, DATAFEED.Tests, Version=1.0.0.0, Culture=neutral, PublicKeyToken=null" name="DataTest" />
    </UnitTest>
    <UnitTest name="HtmlRowCountMultispace" storage=".\datafeed.tests\bin\dev\datafeed.tests.dll" id="9dda66a7-6ac0-9158-acaf-9640df9de8da">
      <Execution timeOut="1800000" id="7c74c9c8-3d31-4d3f-a149-e162cc7db83a" />
      <TestMethod codeBase="E:/Jenkins/workspace/DataEngine/DATAFEED.Tests/DATAFEED.Tests/bin/Dev/DATAFEED.Tests.dll" adapterTypeName="Microsoft.VisualStudio.TestTools.TestTypes.Unit.UnitTestAdapter, Microsoft.VisualStudio.QualityTools.Tips.UnitTest.Adapter, Version=12.0.0.0, Culture=neutral, PublicKeyToken=b03f5f7f11d50a3a" className="DATAFEED.Tests.GetRowCount, DATAFEED.Tests, Version=1.0.0.0, Culture=neutral, PublicKeyToken=null" name="HtmlRowCountMultispace" />
    </UnitTest>
    <UnitTest name="DataArbo" storage=".\datafeed.tests\bin\dev\datafeed.tests.dll" id="6e3cac5e-43b9-9fc5-0cd8-bc05ed4297bc">
      <Execution timeOut="1800000" id="2a637ac4-5a08-4d32-89f6-c0e7a8329f27" />
      <TestMethod codeBase="E:/Jenkins/workspace/DataEngine/DATAFEED.Tests/DATAFEED.Tests/bin/Dev/DATAFEED.Tests.dll" adapterTypeName="Microsoft.VisualStudio.TestTools.TestTypes.Unit.UnitTestAdapter, Microsoft.VisualStudio.QualityTools.Tips.UnitTest.Adapter, Version=12.0.0.0, Culture=neutral, PublicKeyToken=b03f5f7f11d50a3a" className="DATAFEED.Tests.SchemaXsdTest, DATAFEED.Tests, Version=1.0.0.0, Culture=neutral, PublicKeyToken=null" name="DataArbo" />
    </UnitTest>
    <UnitTest name="NlkAndNeqOperator" storage=".\datafeed.tests\bin\dev\datafeed.tests.dll" id="b721ea4d-3a38-726e-51ce-d9cc81e3ff58">
      <Execution timeOut="1800000" id="78b468ae-93e7-423f-8fb7-8e01e719e43e" />
      <TestMethod codeBase="E:/Jenkins/workspace/DataEngine/DATAFEED.Tests/DATAFEED.Tests/bin/Dev/DATAFEED.Tests.dll" adapterTypeName="Microsoft.VisualStudio.TestTools.TestTypes.Unit.UnitTestAdapter, Microsoft.VisualStudio.QualityTools.Tips.UnitTest.Adapter, Version=12.0.0.0, Culture=neutral, PublicKeyToken=b03f5f7f11d50a3a" className="DATAFEED.Tests.Filter, DATAFEED.Tests, Version=1.0.0.0, Culture=neutral, PublicKeyToken=null" name="NlkAndNeqOperator" />
    </UnitTest>
    <UnitTest name="TestPeriod_M_Evo_Y" storage=".\datafeed.tests\bin\dev\datafeed.tests.dll" id="85f9bb35-b0ce-5d90-0ae5-0476aaf77b19">
      <Execution timeOut="1800000" id="4e87cdc7-ef8a-4c5e-b054-0f8e6efd124e" />
      <TestMethod codeBase="E:/Jenkins/workspace/DataEngine/DATAFEED.Tests/DATAFEED.Tests/bin/Dev/DATAFEED.Tests.dll" adapterTypeName="Microsoft.VisualStudio.TestTools.TestTypes.Unit.UnitTestAdapter, Microsoft.VisualStudio.QualityTools.Tips.UnitTest.Adapter, Version=12.0.0.0, Culture=neutral, PublicKeyToken=b03f5f7f11d50a3a" className="DATAFEED.Tests.Evolution, DATAFEED.Tests, Version=1.0.0.0, Culture=neutral, PublicKeyToken=null" name="TestPeriod_M_Evo_Y" />
    </UnitTest>
    <UnitTest name="ErrorIqy" storage=".\datafeed.tests\bin\dev\datafeed.tests.dll" id="90a9ff16-81e2-2b83-813e-4d54a776405d">
      <Execution timeOut="1800000" id="c0cce2a6-68cd-42a9-a9e4-56e819ce1ef0" />
      <TestMethod codeBase="E:/Jenkins/workspace/DataEngine/DATAFEED.Tests/DATAFEED.Tests/bin/Dev/DATAFEED.Tests.dll" adapterTypeName="Microsoft.VisualStudio.TestTools.TestTypes.Unit.UnitTestAdapter, Microsoft.VisualStudio.QualityTools.Tips.UnitTest.Adapter, Version=12.0.0.0, Culture=neutral, PublicKeyToken=b03f5f7f11d50a3a" className="DATAFEED.Tests.IqyAlias, DATAFEED.Tests, Version=1.0.0.0, Culture=neutral, PublicKeyToken=null" name="ErrorIqy" />
    </UnitTest>
    <UnitTest name="GetCustomReportTest" storage=".\datafeed.tests\bin\dev\datafeed.tests.dll" id="f0aab23d-0edd-0a9d-10d0-91aeda6fcb56">
      <Execution timeOut="1800000" id="9fd7291f-bf6e-4a90-8275-a9821d0225bb" />
      <TestMethod codeBase="E:/Jenkins/workspace/DataEngine/DATAFEED.Tests/DATAFEED.Tests/bin/Dev/DATAFEED.Tests.dll" adapterTypeName="Microsoft.VisualStudio.TestTools.TestTypes.Unit.UnitTestAdapter, Microsoft.VisualStudio.QualityTools.Tips.UnitTest.Adapter, Version=12.0.0.0, Culture=neutral, PublicKeyToken=b03f5f7f11d50a3a" className="DATAFEED.Tests.RestV1, DATAFEED.Tests, Version=1.0.0.0, Culture=neutral, PublicKeyToken=null" name="GetCustomReportTest" />
    </UnitTest>
    <UnitTest name="RatioWithoutInclude" storage=".\datafeed.tests\bin\dev\datafeed.tests.dll" id="b0d2dfb1-e810-5a7a-3758-c5edbb87e635">
      <Execution timeOut="1800000" id="c6879769-6f41-4b5b-aa56-686c66ea0d59" />
      <TestMethod codeBase="E:/Jenkins/workspace/DataEngine/DATAFEED.Tests/DATAFEED.Tests/bin/Dev/DATAFEED.Tests.dll" adapterTypeName="Microsoft.VisualStudio.TestTools.TestTypes.Unit.UnitTestAdapter, Microsoft.VisualStudio.QualityTools.Tips.UnitTest.Adapter, Version=12.0.0.0, Culture=neutral, PublicKeyToken=b03f5f7f11d50a3a" className="DATAFEED.Tests.Ratio, DATAFEED.Tests, Version=1.0.0.0, Culture=neutral, PublicKeyToken=null" name="RatioWithoutInclude" />
    </UnitTest>
    <UnitTest name="TestEvoInMultiPeriodMultiDim" storage=".\datafeed.tests\bin\dev\datafeed.tests.dll" id="c9a06dac-bded-a6e0-da6a-404d2d98794a">
      <Execution timeOut="1800000" id="5dc27d65-2f0c-4122-bc1c-062911d44044" />
      <TestMethod codeBase="E:/Jenkins/workspace/DataEngine/DATAFEED.Tests/DATAFEED.Tests/bin/Dev/DATAFEED.Tests.dll" adapterTypeName="Microsoft.VisualStudio.TestTools.TestTypes.Unit.UnitTestAdapter, Microsoft.VisualStudio.QualityTools.Tips.UnitTest.Adapter, Version=12.0.0.0, Culture=neutral, PublicKeyToken=b03f5f7f11d50a3a" className="DATAFEED.Tests.Evolution, DATAFEED.Tests, Version=1.0.0.0, Culture=neutral, PublicKeyToken=null" name="TestEvoInMultiPeriodMultiDim" />
    </UnitTest>
    <UnitTest name="EmptyOperator" storage=".\datafeed.tests\bin\dev\datafeed.tests.dll" id="a687aa15-7e9a-1081-d5a6-f17b2a27a31a">
      <Execution timeOut="1800000" id="1046bae4-4a29-45de-b7f5-1c8c7b10ae4c" />
      <TestMethod codeBase="E:/Jenkins/workspace/DataEngine/DATAFEED.Tests/DATAFEED.Tests/bin/Dev/DATAFEED.Tests.dll" adapterTypeName="Microsoft.VisualStudio.TestTools.TestTypes.Unit.UnitTestAdapter, Microsoft.VisualStudio.QualityTools.Tips.UnitTest.Adapter, Version=12.0.0.0, Culture=neutral, PublicKeyToken=b03f5f7f11d50a3a" className="DATAFEED.Tests.Filter, DATAFEED.Tests, Version=1.0.0.0, Culture=neutral, PublicKeyToken=null" name="EmptyOperator" />
    </UnitTest>
    <UnitTest name="XmlAccept" storage=".\datafeed.tests\bin\dev\datafeed.tests.dll" id="a6ff9f4f-0e04-3546-5b70-3cf806bfb4a1">
      <Execution timeOut="1800000" id="f9773364-de91-4759-9083-0d6cd5bb2318" />
      <TestMethod codeBase="E:/Jenkins/workspace/DataEngine/DATAFEED.Tests/DATAFEED.Tests/bin/Dev/DATAFEED.Tests.dll" adapterTypeName="Microsoft.VisualStudio.TestTools.TestTypes.Unit.UnitTestAdapter, Microsoft.VisualStudio.QualityTools.Tips.UnitTest.Adapter, Version=12.0.0.0, Culture=neutral, PublicKeyToken=b03f5f7f11d50a3a" className="DATAFEED.Tests.HttpAccept, DATAFEED.Tests, Version=1.0.0.0, Culture=neutral, PublicKeyToken=null" name="XmlAccept" />
    </UnitTest>
    <UnitTest name="MultiSpaceWithS1AndS2" storage=".\datafeed.tests\bin\dev\datafeed.tests.dll" id="f9ea39a9-4fb4-3cc6-da43-1ef4d39320a6">
      <Execution timeOut="1800000" id="988871ed-6fb0-4c50-a947-b478d2c6a300" />
      <TestMethod codeBase="E:/Jenkins/workspace/DataEngine/DATAFEED.Tests/DATAFEED.Tests/bin/Dev/DATAFEED.Tests.dll" adapterTypeName="Microsoft.VisualStudio.TestTools.TestTypes.Unit.UnitTestAdapter, Microsoft.VisualStudio.QualityTools.Tips.UnitTest.Adapter, Version=12.0.0.0, Culture=neutral, PublicKeyToken=b03f5f7f11d50a3a" className="DATAFEED.Tests.MultiSpace, DATAFEED.Tests, Version=1.0.0.0, Culture=neutral, PublicKeyToken=null" name="MultiSpaceWithS1AndS2" />
    </UnitTest>
    <UnitTest name="MultiPeriodTRMixedAggregated" storage=".\datafeed.tests\bin\dev\datafeed.tests.dll" id="9cfacdca-c2dd-c298-2418-c0cbef7809c9">
      <Execution timeOut="1800000" id="ec0e0281-16fc-4319-acf5-4a82acbac045" />
      <TestMethod codeBase="E:/Jenkins/workspace/DataEngine/DATAFEED.Tests/DATAFEED.Tests/bin/Dev/DATAFEED.Tests.dll" adapterTypeName="Microsoft.VisualStudio.TestTools.TestTypes.Unit.UnitTestAdapter, Microsoft.VisualStudio.QualityTools.Tips.UnitTest.Adapter, Version=12.0.0.0, Culture=neutral, PublicKeyToken=b03f5f7f11d50a3a" className="DATAFEED.Tests.Period, DATAFEED.Tests, Version=1.0.0.0, Culture=neutral, PublicKeyToken=null" name="MultiPeriodTRMixedAggregated" />
    </UnitTest>
    <UnitTest name="Test_Sample500_MaxResult500_Page1" storage=".\datafeed.tests\bin\dev\datafeed.tests.dll" id="22873938-9955-e331-2647-46c891003c5d">
      <Execution timeOut="1800000" id="b479fc5e-2bfe-4c5b-996b-9829d1d21760" />
      <TestMethod codeBase="E:/Jenkins/workspace/DataEngine/DATAFEED.Tests/DATAFEED.Tests/bin/Dev/DATAFEED.Tests.dll" adapterTypeName="Microsoft.VisualStudio.TestTools.TestTypes.Unit.UnitTestAdapter, Microsoft.VisualStudio.QualityTools.Tips.UnitTest.Adapter, Version=12.0.0.0, Culture=neutral, PublicKeyToken=b03f5f7f11d50a3a" className="DATAFEED.Tests.Sample, DATAFEED.Tests, Version=1.0.0.0, Culture=neutral, PublicKeyToken=null" name="Test_Sample500_MaxResult500_Page1" />
    </UnitTest>
    <UnitTest name="ShortcodeNotValid" storage=".\datafeed.tests\bin\dev\datafeed.tests.dll" id="ce62874c-78cc-ba33-83e0-3c2f7e85bf48">
      <Execution timeOut="1800000" id="99c46554-d899-4166-b6bb-8fb42f6b0d5b" />
      <TestMethod codeBase="E:/Jenkins/workspace/DataEngine/DATAFEED.Tests/DATAFEED.Tests/bin/Dev/DATAFEED.Tests.dll" adapterTypeName="Microsoft.VisualStudio.TestTools.TestTypes.Unit.UnitTestAdapter, Microsoft.VisualStudio.QualityTools.Tips.UnitTest.Adapter, Version=12.0.0.0, Culture=neutral, PublicKeyToken=b03f5f7f11d50a3a" className="DATAFEED.Tests.Shortcode, DATAFEED.Tests, Version=1.0.0.0, Culture=neutral, PublicKeyToken=null" name="ShortcodeNotValid" />
    </UnitTest>
    <UnitTest name="CustomerTypeInt" storage=".\datafeed.tests\bin\dev\datafeed.tests.dll" id="36c9071a-3250-77e5-5582-07f967c7f6db">
      <Execution timeOut="1800000" id="4c0a5c6b-6e2f-41f6-a550-6848f6c872be" />
      <TestMethod codeBase="E:/Jenkins/workspace/DataEngine/DATAFEED.Tests/DATAFEED.Tests/bin/Dev/DATAFEED.Tests.dll" adapterTypeName="Microsoft.VisualStudio.TestTools.TestTypes.Unit.UnitTestAdapter, Microsoft.VisualStudio.QualityTools.Tips.UnitTest.Adapter, Version=12.0.0.0, Culture=neutral, PublicKeyToken=b03f5f7f11d50a3a" className="DATAFEED.Tests.CustomerType, DATAFEED.Tests, Version=1.0.0.0, Culture=neutral, PublicKeyToken=null" name="CustomerTypeInt" />
    </UnitTest>
    <UnitTest name="XmlRowCountMultispace" storage=".\datafeed.tests\bin\dev\datafeed.tests.dll" id="78ddfa7d-dd21-76fb-30e5-1dada229a2d4">
      <Execution timeOut="1800000" id="a29672a2-4d29-4be0-8fed-a7a92304cc67" />
      <TestMethod codeBase="E:/Jenkins/workspace/DataEngine/DATAFEED.Tests/DATAFEED.Tests/bin/Dev/DATAFEED.Tests.dll" adapterTypeName="Microsoft.VisualStudio.TestTools.TestTypes.Unit.UnitTestAdapter, Microsoft.VisualStudio.QualityTools.Tips.UnitTest.Adapter, Version=12.0.0.0, Culture=neutral, PublicKeyToken=b03f5f7f11d50a3a" className="DATAFEED.Tests.GetRowCount, DATAFEED.Tests, Version=1.0.0.0, Culture=neutral, PublicKeyToken=null" name="XmlRowCountMultispace" />
    </UnitTest>
    <UnitTest name="RatioSmart" storage=".\datafeed.tests\bin\dev\datafeed.tests.dll" id="48a4ad0b-e905-3835-c580-985b997b9011">
      <Execution timeOut="1800000" id="a651b3e8-68ae-41c7-9d11-8aff55201954" />
      <TestMethod codeBase="E:/Jenkins/workspace/DataEngine/DATAFEED.Tests/DATAFEED.Tests/bin/Dev/DATAFEED.Tests.dll" adapterTypeName="Microsoft.VisualStudio.TestTools.TestTypes.Unit.UnitTestAdapter, Microsoft.VisualStudio.QualityTools.Tips.UnitTest.Adapter, Version=12.0.0.0, Culture=neutral, PublicKeyToken=b03f5f7f11d50a3a" className="DATAFEED.Tests.SmartDfq, DATAFEED.Tests, Version=1.0.0.0, Culture=neutral, PublicKeyToken=null" name="RatioSmart" />
    </UnitTest>
    <UnitTest name="MultiPeriodP4P5P6Error" storage=".\datafeed.tests\bin\dev\datafeed.tests.dll" id="e6ce2b68-4e07-78f9-753a-be0288d4b5f3">
      <Execution timeOut="1800000" id="2f9260cc-798b-42bd-9931-8bbd33e14345" />
      <TestMethod codeBase="E:/Jenkins/workspace/DataEngine/DATAFEED.Tests/DATAFEED.Tests/bin/Dev/DATAFEED.Tests.dll" adapterTypeName="Microsoft.VisualStudio.TestTools.TestTypes.Unit.UnitTestAdapter, Microsoft.VisualStudio.QualityTools.Tips.UnitTest.Adapter, Version=12.0.0.0, Culture=neutral, PublicKeyToken=b03f5f7f11d50a3a" className="DATAFEED.Tests.Period, DATAFEED.Tests, Version=1.0.0.0, Culture=neutral, PublicKeyToken=null" name="MultiPeriodP4P5P6Error" />
    </UnitTest>
    <UnitTest name="MultiPeriodFilterBlacklist" storage=".\datafeed.tests\bin\dev\datafeed.tests.dll" id="8029eea1-13ff-2382-9560-8a9df3d15deb">
      <Execution timeOut="1800000" id="7a269f44-3aa0-4005-8180-235c0d18e822" />
      <TestMethod codeBase="E:/Jenkins/workspace/DataEngine/DATAFEED.Tests/DATAFEED.Tests/bin/Dev/DATAFEED.Tests.dll" adapterTypeName="Microsoft.VisualStudio.TestTools.TestTypes.Unit.UnitTestAdapter, Microsoft.VisualStudio.QualityTools.Tips.UnitTest.Adapter, Version=12.0.0.0, Culture=neutral, PublicKeyToken=b03f5f7f11d50a3a" className="DATAFEED.Tests.Filter, DATAFEED.Tests, Version=1.0.0.0, Culture=neutral, PublicKeyToken=null" name="MultiPeriodFilterBlacklist" />
    </UnitTest>
    <UnitTest name="UnknownSubkey" storage=".\datafeed.tests\bin\dev\datafeed.tests.dll" id="3a16aaf9-9f7b-e2a1-2ee4-2225643cab32">
      <Execution timeOut="1800000" id="73736e92-3a50-4ad9-80e1-93b64ac5c5db" />
      <TestMethod codeBase="E:/Jenkins/workspace/DataEngine/DATAFEED.Tests/DATAFEED.Tests/bin/Dev/DATAFEED.Tests.dll" adapterTypeName="Microsoft.VisualStudio.TestTools.TestTypes.Unit.UnitTestAdapter, Microsoft.VisualStudio.QualityTools.Tips.UnitTest.Adapter, Version=12.0.0.0, Culture=neutral, PublicKeyToken=b03f5f7f11d50a3a" className="DATAFEED.Tests.SiteLevel2, DATAFEED.Tests, Version=1.0.0.0, Culture=neutral, PublicKeyToken=null" name="UnknownSubkey" />
    </UnitTest>
    <UnitTest name="SimpleSmart" storage=".\datafeed.tests\bin\dev\datafeed.tests.dll" id="c41e44b5-34c8-4003-6d5f-5b91d52b9c30">
      <Execution timeOut="1800000" id="bc9238f1-f837-4e1d-9f7f-ac7b9c38a0ee" />
      <TestMethod codeBase="E:/Jenkins/workspace/DataEngine/DATAFEED.Tests/DATAFEED.Tests/bin/Dev/DATAFEED.Tests.dll" adapterTypeName="Microsoft.VisualStudio.TestTools.TestTypes.Unit.UnitTestAdapter, Microsoft.VisualStudio.QualityTools.Tips.UnitTest.Adapter, Version=12.0.0.0, Culture=neutral, PublicKeyToken=b03f5f7f11d50a3a" className="DATAFEED.Tests.SmartDfq, DATAFEED.Tests, Version=1.0.0.0, Culture=neutral, PublicKeyToken=null" name="SimpleSmart" />
    </UnitTest>
    <UnitTest name="MultiSpaceNamespaceForMetricsRequired" storage=".\datafeed.tests\bin\dev\datafeed.tests.dll" id="9dbf03b2-ffc4-e9b3-e64e-2976ab7e5b99">
      <Execution timeOut="1800000" id="ee7dfd11-a9a8-4fe0-9f4c-e56fb78efde0" />
      <TestMethod codeBase="E:/Jenkins/workspace/DataEngine/DATAFEED.Tests/DATAFEED.Tests/bin/Dev/DATAFEED.Tests.dll" adapterTypeName="Microsoft.VisualStudio.TestTools.TestTypes.Unit.UnitTestAdapter, Microsoft.VisualStudio.QualityTools.Tips.UnitTest.Adapter, Version=12.0.0.0, Culture=neutral, PublicKeyToken=b03f5f7f11d50a3a" className="DATAFEED.Tests.MultiSpace, DATAFEED.Tests, Version=1.0.0.0, Culture=neutral, PublicKeyToken=null" name="MultiSpaceNamespaceForMetricsRequired" />
    </UnitTest>
    <UnitTest name="SegmentDescUnknownKey" storage=".\datafeed.tests\bin\dev\datafeed.tests.dll" id="1a22e1f6-ac6b-5d51-116a-eeddc8a85c5d">
      <Execution timeOut="1800000" id="0e4e0fea-ad0a-4175-a51c-bed69ac503ec" />
      <TestMethod codeBase="E:/Jenkins/workspace/DataEngine/DATAFEED.Tests/DATAFEED.Tests/bin/Dev/DATAFEED.Tests.dll" adapterTypeName="Microsoft.VisualStudio.TestTools.TestTypes.Unit.UnitTestAdapter, Microsoft.VisualStudio.QualityTools.Tips.UnitTest.Adapter, Version=12.0.0.0, Culture=neutral, PublicKeyToken=b03f5f7f11d50a3a" className="DATAFEED.Tests.Segment, DATAFEED.Tests, Version=1.0.0.0, Culture=neutral, PublicKeyToken=null" name="SegmentDescUnknownKey" />
    </UnitTest>
    <UnitTest name="MetricContainsSegmentFalse" storage=".\datafeed.tests\bin\dev\datafeed.tests.dll" id="833106c1-ea61-df16-873b-09a2b6807dc0">
      <Execution timeOut="1800000" id="c00c49da-eaa4-4558-a3ab-74a1f21ef1b1" />
      <TestMethod codeBase="E:/Jenkins/workspace/DataEngine/DATAFEED.Tests/DATAFEED.Tests/bin/Dev/DATAFEED.Tests.dll" adapterTypeName="Microsoft.VisualStudio.TestTools.TestTypes.Unit.UnitTestAdapter, Microsoft.VisualStudio.QualityTools.Tips.UnitTest.Adapter, Version=12.0.0.0, Culture=neutral, PublicKeyToken=b03f5f7f11d50a3a" className="DATAFEED.Tests.CustomMetric, DATAFEED.Tests, Version=1.0.0.0, Culture=neutral, PublicKeyToken=null" name="MetricContainsSegmentFalse" />
    </UnitTest>
    <UnitTest name="MaxResultsLimitedTo30Elements" storage=".\datafeed.tests\bin\dev\datafeed.tests.dll" id="f0358ea5-202e-8884-35b8-140db2bd18f6">
      <Execution timeOut="1800000" id="f7e03494-9a6f-43b0-a9e8-382d74c0aa7c" />
      <TestMethod codeBase="E:/Jenkins/workspace/DataEngine/DATAFEED.Tests/DATAFEED.Tests/bin/Dev/DATAFEED.Tests.dll" adapterTypeName="Microsoft.VisualStudio.TestTools.TestTypes.Unit.UnitTestAdapter, Microsoft.VisualStudio.QualityTools.Tips.UnitTest.Adapter, Version=12.0.0.0, Culture=neutral, PublicKeyToken=b03f5f7f11d50a3a" className="DATAFEED.Tests.Arbo, DATAFEED.Tests, Version=1.0.0.0, Culture=neutral, PublicKeyToken=null" name="MaxResultsLimitedTo30Elements" />
    </UnitTest>
    <UnitTest name="TestSampleNotNumericError" storage=".\datafeed.tests\bin\dev\datafeed.tests.dll" id="44bb145b-ccb9-98f6-eab3-3e311c5c72b3">
      <Execution timeOut="1800000" id="0e08f04a-30fe-49c2-9a35-b7d81821a371" />
      <TestMethod codeBase="E:/Jenkins/workspace/DataEngine/DATAFEED.Tests/DATAFEED.Tests/bin/Dev/DATAFEED.Tests.dll" adapterTypeName="Microsoft.VisualStudio.TestTools.TestTypes.Unit.UnitTestAdapter, Microsoft.VisualStudio.QualityTools.Tips.UnitTest.Adapter, Version=12.0.0.0, Culture=neutral, PublicKeyToken=b03f5f7f11d50a3a" className="DATAFEED.Tests.Sample, DATAFEED.Tests, Version=1.0.0.0, Culture=neutral, PublicKeyToken=null" name="TestSampleNotNumericError" />
    </UnitTest>
    <UnitTest name="MultiSpaceOn3Sites" storage=".\datafeed.tests\bin\dev\datafeed.tests.dll" id="640a698d-813d-9953-1039-ed030e6fcf16">
      <Execution timeOut="1800000" id="37ada119-3ba1-4f32-94f5-11084238abe9" />
      <TestMethod codeBase="E:/Jenkins/workspace/DataEngine/DATAFEED.Tests/DATAFEED.Tests/bin/Dev/DATAFEED.Tests.dll" adapterTypeName="Microsoft.VisualStudio.TestTools.TestTypes.Unit.UnitTestAdapter, Microsoft.VisualStudio.QualityTools.Tips.UnitTest.Adapter, Version=12.0.0.0, Culture=neutral, PublicKeyToken=b03f5f7f11d50a3a" className="DATAFEED.Tests.MultiSpace, DATAFEED.Tests, Version=1.0.0.0, Culture=neutral, PublicKeyToken=null" name="MultiSpaceOn3Sites" />
    </UnitTest>
    <UnitTest name="IncorrectSyntaxInSub" storage=".\datafeed.tests\bin\dev\datafeed.tests.dll" id="d0911bd2-c23e-32a5-9478-9537f1914819">
      <Execution timeOut="1800000" id="cdfcbb3d-f3e8-4070-a25f-a68b634c1f5b" />
      <TestMethod codeBase="E:/Jenkins/workspace/DataEngine/DATAFEED.Tests/DATAFEED.Tests/bin/Dev/DATAFEED.Tests.dll" adapterTypeName="Microsoft.VisualStudio.TestTools.TestTypes.Unit.UnitTestAdapter, Microsoft.VisualStudio.QualityTools.Tips.UnitTest.Adapter, Version=12.0.0.0, Culture=neutral, PublicKeyToken=b03f5f7f11d50a3a" className="DATAFEED.Tests.Arbo, DATAFEED.Tests, Version=1.0.0.0, Culture=neutral, PublicKeyToken=null" name="IncorrectSyntaxInSub" />
    </UnitTest>
    <UnitTest name="ExcelAccept" storage=".\datafeed.tests\bin\dev\datafeed.tests.dll" id="f7c65aa7-6092-eadc-2de8-d2171507dce7">
      <Execution timeOut="1800000" id="708b6d3b-8d8b-4c58-b205-6a08c7ba41b8" />
      <TestMethod codeBase="E:/Jenkins/workspace/DataEngine/DATAFEED.Tests/DATAFEED.Tests/bin/Dev/DATAFEED.Tests.dll" adapterTypeName="Microsoft.VisualStudio.TestTools.TestTypes.Unit.UnitTestAdapter, Microsoft.VisualStudio.QualityTools.Tips.UnitTest.Adapter, Version=12.0.0.0, Culture=neutral, PublicKeyToken=b03f5f7f11d50a3a" className="DATAFEED.Tests.HttpAccept, DATAFEED.Tests, Version=1.0.0.0, Culture=neutral, PublicKeyToken=null" name="ExcelAccept" />
    </UnitTest>
    <UnitTest name="SegmentDescPeriodWithNoSegmentId" storage=".\datafeed.tests\bin\dev\datafeed.tests.dll" id="60260335-b789-1d16-55d7-b349e8c55200">
      <Execution timeOut="1800000" id="11ea8190-49d4-47c7-aaed-ca4e4e5b0b36" />
      <TestMethod codeBase="E:/Jenkins/workspace/DataEngine/DATAFEED.Tests/DATAFEED.Tests/bin/Dev/DATAFEED.Tests.dll" adapterTypeName="Microsoft.VisualStudio.TestTools.TestTypes.Unit.UnitTestAdapter, Microsoft.VisualStudio.QualityTools.Tips.UnitTest.Adapter, Version=12.0.0.0, Culture=neutral, PublicKeyToken=b03f5f7f11d50a3a" className="DATAFEED.Tests.Segment, DATAFEED.Tests, Version=1.0.0.0, Culture=neutral, PublicKeyToken=null" name="SegmentDescPeriodWithNoSegmentId" />
    </UnitTest>
    <UnitTest name="ArboMaxResultsZero" storage=".\datafeed.tests\bin\dev\datafeed.tests.dll" id="3c0db3db-7f61-ea66-653f-0fc0da8ea045">
      <Execution timeOut="1800000" id="679ca73e-f897-41d7-9b0f-a949c4c79f08" />
      <TestMethod codeBase="E:/Jenkins/workspace/DataEngine/DATAFEED.Tests/DATAFEED.Tests/bin/Dev/DATAFEED.Tests.dll" adapterTypeName="Microsoft.VisualStudio.TestTools.TestTypes.Unit.UnitTestAdapter, Microsoft.VisualStudio.QualityTools.Tips.UnitTest.Adapter, Version=12.0.0.0, Culture=neutral, PublicKeyToken=b03f5f7f11d50a3a" className="DATAFEED.Tests.MaxResultsZero, DATAFEED.Tests, Version=1.0.0.0, Culture=neutral, PublicKeyToken=null" name="ArboMaxResultsZero" />
    </UnitTest>
    <UnitTest name="VariationMultiPeriod" storage=".\datafeed.tests\bin\dev\datafeed.tests.dll" id="bbc0e239-45a8-7070-cb16-866c4b866b01">
      <Execution timeOut="1800000" id="9d1655d5-5321-4ffa-9656-414cb92f90b3" />
      <TestMethod codeBase="E:/Jenkins/workspace/DataEngine/DATAFEED.Tests/DATAFEED.Tests/bin/Dev/DATAFEED.Tests.dll" adapterTypeName="Microsoft.VisualStudio.TestTools.TestTypes.Unit.UnitTestAdapter, Microsoft.VisualStudio.QualityTools.Tips.UnitTest.Adapter, Version=12.0.0.0, Culture=neutral, PublicKeyToken=b03f5f7f11d50a3a" className="DATAFEED.Tests.Variation, DATAFEED.Tests, Version=1.0.0.0, Culture=neutral, PublicKeyToken=null" name="VariationMultiPeriod" />
    </UnitTest>
    <UnitTest name="IdOperator" storage=".\datafeed.tests\bin\dev\datafeed.tests.dll" id="be299b7d-9ab2-a80f-2788-97dab1e98fca">
      <Execution timeOut="1800000" id="e62a7fe2-5c0e-44ce-8d2c-9e2f06f44cb0" />
      <TestMethod codeBase="E:/Jenkins/workspace/DataEngine/DATAFEED.Tests/DATAFEED.Tests/bin/Dev/DATAFEED.Tests.dll" adapterTypeName="Microsoft.VisualStudio.TestTools.TestTypes.Unit.UnitTestAdapter, Microsoft.VisualStudio.QualityTools.Tips.UnitTest.Adapter, Version=12.0.0.0, Culture=neutral, PublicKeyToken=b03f5f7f11d50a3a" className="DATAFEED.Tests.Filter, DATAFEED.Tests, Version=1.0.0.0, Culture=neutral, PublicKeyToken=null" name="IdOperator" />
    </UnitTest>
    <UnitTest name="PostGetData" storage=".\datafeed.tests\bin\dev\datafeed.tests.dll" id="5c7888d1-b281-8fcb-c189-fbea0ca00aa9">
      <Execution timeOut="1800000" id="e5678069-4937-4d46-90b2-79b5ab5c72c6" />
      <TestMethod codeBase="E:/Jenkins/workspace/DataEngine/DATAFEED.Tests/DATAFEED.Tests/bin/Dev/DATAFEED.Tests.dll" adapterTypeName="Microsoft.VisualStudio.TestTools.TestTypes.Unit.UnitTestAdapter, Microsoft.VisualStudio.QualityTools.Tips.UnitTest.Adapter, Version=12.0.0.0, Culture=neutral, PublicKeyToken=b03f5f7f11d50a3a" className="DATAFEED.Tests.PostUrl, DATAFEED.Tests, Version=1.0.0.0, Culture=neutral, PublicKeyToken=null" name="PostGetData" />
    </UnitTest>
    <UnitTest name="ErrorLtOperator" storage=".\datafeed.tests\bin\dev\datafeed.tests.dll" id="2b6d9dc8-0ffc-2d12-00ae-bacbec22bde1">
      <Execution timeOut="1800000" id="cd8e8061-eea9-4fc0-9073-3ca8fbc86df5" />
      <TestMethod codeBase="E:/Jenkins/workspace/DataEngine/DATAFEED.Tests/DATAFEED.Tests/bin/Dev/DATAFEED.Tests.dll" adapterTypeName="Microsoft.VisualStudio.TestTools.TestTypes.Unit.UnitTestAdapter, Microsoft.VisualStudio.QualityTools.Tips.UnitTest.Adapter, Version=12.0.0.0, Culture=neutral, PublicKeyToken=b03f5f7f11d50a3a" className="DATAFEED.Tests.Filter, DATAFEED.Tests, Version=1.0.0.0, Culture=neutral, PublicKeyToken=null" name="ErrorLtOperator" />
    </UnitTest>
    <UnitTest name="ShortcodeIqy" storage=".\datafeed.tests\bin\dev\datafeed.tests.dll" id="1e99aa4f-0051-a999-09e4-d88ea6ec8e41">
      <Execution timeOut="1800000" id="8dbc610e-959b-4e11-a1dc-0194cad69116" />
      <TestMethod codeBase="E:/Jenkins/workspace/DataEngine/DATAFEED.Tests/DATAFEED.Tests/bin/Dev/DATAFEED.Tests.dll" adapterTypeName="Microsoft.VisualStudio.TestTools.TestTypes.Unit.UnitTestAdapter, Microsoft.VisualStudio.QualityTools.Tips.UnitTest.Adapter, Version=12.0.0.0, Culture=neutral, PublicKeyToken=b03f5f7f11d50a3a" className="DATAFEED.Tests.IqyAlias, DATAFEED.Tests, Version=1.0.0.0, Culture=neutral, PublicKeyToken=null" name="ShortcodeIqy" />
    </UnitTest>
    <UnitTest name="English" storage=".\datafeed.tests\bin\dev\datafeed.tests.dll" id="61716488-f988-2969-b204-118bfd6b5fd9">
      <Execution timeOut="1800000" id="fa4f93ef-c542-4716-9691-eeb925768b5f" />
      <TestMethod codeBase="E:/Jenkins/workspace/DataEngine/DATAFEED.Tests/DATAFEED.Tests/bin/Dev/DATAFEED.Tests.dll" adapterTypeName="Microsoft.VisualStudio.TestTools.TestTypes.Unit.UnitTestAdapter, Microsoft.VisualStudio.QualityTools.Tips.UnitTest.Adapter, Version=12.0.0.0, Culture=neutral, PublicKeyToken=b03f5f7f11d50a3a" className="DATAFEED.Tests.Language, DATAFEED.Tests, Version=1.0.0.0, Culture=neutral, PublicKeyToken=null" name="English" />
    </UnitTest>
    <UnitTest name="BridgeIqy" storage=".\datafeed.tests\bin\dev\datafeed.tests.dll" id="0a0e1ed0-9b63-71fc-728f-3bfac7672832">
      <Execution timeOut="1800000" id="ddcdb030-f529-465d-a727-b4ae2509ba80" />
      <TestMethod codeBase="E:/Jenkins/workspace/DataEngine/DATAFEED.Tests/DATAFEED.Tests/bin/Dev/DATAFEED.Tests.dll" adapterTypeName="Microsoft.VisualStudio.TestTools.TestTypes.Unit.UnitTestAdapter, Microsoft.VisualStudio.QualityTools.Tips.UnitTest.Adapter, Version=12.0.0.0, Culture=neutral, PublicKeyToken=b03f5f7f11d50a3a" className="DATAFEED.Tests.IqyAlias, DATAFEED.Tests, Version=1.0.0.0, Culture=neutral, PublicKeyToken=null" name="BridgeIqy" />
    </UnitTest>
    <UnitTest name="FilterSingleQuote" storage=".\datafeed.tests\bin\dev\datafeed.tests.dll" id="ebef976f-c681-a80d-4459-0699a255c44b">
      <Execution timeOut="1800000" id="6d78508c-519e-4b04-af3f-f4abf294ed45" />
      <TestMethod codeBase="E:/Jenkins/workspace/DataEngine/DATAFEED.Tests/DATAFEED.Tests/bin/Dev/DATAFEED.Tests.dll" adapterTypeName="Microsoft.VisualStudio.TestTools.TestTypes.Unit.UnitTestAdapter, Microsoft.VisualStudio.QualityTools.Tips.UnitTest.Adapter, Version=12.0.0.0, Culture=neutral, PublicKeyToken=b03f5f7f11d50a3a" className="DATAFEED.Tests.Filter, DATAFEED.Tests, Version=1.0.0.0, Culture=neutral, PublicKeyToken=null" name="FilterSingleQuote" />
    </UnitTest>
    <UnitTest name="LevelIsStandalone" storage=".\datafeed.tests\bin\dev\datafeed.tests.dll" id="68c59b8f-c663-f124-b99f-797bab4e10e9">
      <Execution timeOut="1800000" id="39b2b747-5456-4c0a-9046-64583c47db80" />
      <TestMethod codeBase="E:/Jenkins/workspace/DataEngine/DATAFEED.Tests/DATAFEED.Tests/bin/Dev/DATAFEED.Tests.dll" adapterTypeName="Microsoft.VisualStudio.TestTools.TestTypes.Unit.UnitTestAdapter, Microsoft.VisualStudio.QualityTools.Tips.UnitTest.Adapter, Version=12.0.0.0, Culture=neutral, PublicKeyToken=b03f5f7f11d50a3a" className="DATAFEED.Tests.Period, DATAFEED.Tests, Version=1.0.0.0, Culture=neutral, PublicKeyToken=null" name="LevelIsStandalone" />
    </UnitTest>
    <UnitTest name="HtmlAccept" storage=".\datafeed.tests\bin\dev\datafeed.tests.dll" id="210104b2-a616-921e-2afb-452e885def58">
      <Execution timeOut="1800000" id="30762880-e1d3-41e3-8321-ac0e33488030" />
      <TestMethod codeBase="E:/Jenkins/workspace/DataEngine/DATAFEED.Tests/DATAFEED.Tests/bin/Dev/DATAFEED.Tests.dll" adapterTypeName="Microsoft.VisualStudio.TestTools.TestTypes.Unit.UnitTestAdapter, Microsoft.VisualStudio.QualityTools.Tips.UnitTest.Adapter, Version=12.0.0.0, Culture=neutral, PublicKeyToken=b03f5f7f11d50a3a" className="DATAFEED.Tests.HttpAccept, DATAFEED.Tests, Version=1.0.0.0, Culture=neutral, PublicKeyToken=null" name="HtmlAccept" />
    </UnitTest>
    <UnitTest name="JsonManyL2sWithFullSite" storage=".\datafeed.tests\bin\dev\datafeed.tests.dll" id="8e2043dc-4fc0-2f85-ab9f-db2f3df54506">
      <Execution timeOut="1800000" id="4840111c-5a60-4d98-bf12-1922cccd9473" />
      <TestMethod codeBase="E:/Jenkins/workspace/DataEngine/DATAFEED.Tests/DATAFEED.Tests/bin/Dev/DATAFEED.Tests.dll" adapterTypeName="Microsoft.VisualStudio.TestTools.TestTypes.Unit.UnitTestAdapter, Microsoft.VisualStudio.QualityTools.Tips.UnitTest.Adapter, Version=12.0.0.0, Culture=neutral, PublicKeyToken=b03f5f7f11d50a3a" className="DATAFEED.Tests.SiteLevel2, DATAFEED.Tests, Version=1.0.0.0, Culture=neutral, PublicKeyToken=null" name="JsonManyL2sWithFullSite" />
    </UnitTest>
    <UnitTest name="TestOrderAscTimeMonth" storage=".\datafeed.tests\bin\dev\datafeed.tests.dll" id="c44f50cf-7430-ef75-a2e6-49c919451362">
      <Execution timeOut="1800000" id="ff903441-d0c8-46a4-8fd9-76b63f99f09c" />
      <TestMethod codeBase="E:/Jenkins/workspace/DataEngine/DATAFEED.Tests/DATAFEED.Tests/bin/Dev/DATAFEED.Tests.dll" adapterTypeName="Microsoft.VisualStudio.TestTools.TestTypes.Unit.UnitTestAdapter, Microsoft.VisualStudio.QualityTools.Tips.UnitTest.Adapter, Version=12.0.0.0, Culture=neutral, PublicKeyToken=b03f5f7f11d50a3a" className="DATAFEED.Tests.Arbo, DATAFEED.Tests, Version=1.0.0.0, Culture=neutral, PublicKeyToken=null" name="TestOrderAscTimeMonth" />
    </UnitTest>
    <UnitTest name="BilanMultiSiteMultiPeriod" storage=".\datafeed.tests\bin\dev\datafeed.tests.dll" id="c46ddaf7-24db-e08c-b5e0-66f0f0f06f20">
      <Execution timeOut="1800000" id="0a7a91ed-fa8d-45ea-91bd-a3fd3449e53e" />
      <TestMethod codeBase="E:/Jenkins/workspace/DataEngine/DATAFEED.Tests/DATAFEED.Tests/bin/Dev/DATAFEED.Tests.dll" adapterTypeName="Microsoft.VisualStudio.TestTools.TestTypes.Unit.UnitTestAdapter, Microsoft.VisualStudio.QualityTools.Tips.UnitTest.Adapter, Version=12.0.0.0, Culture=neutral, PublicKeyToken=b03f5f7f11d50a3a" className="DATAFEED.Tests.SmartcacheDesc, DATAFEED.Tests, Version=1.0.0.0, Culture=neutral, PublicKeyToken=null" name="BilanMultiSiteMultiPeriod" />
    </UnitTest>
    <UnitTest name="CheckGroupN2Forbidden" storage=".\datafeed.tests\bin\dev\datafeed.tests.dll" id="8bbc1aa7-edf9-6d25-c0a8-3bd0a7b17b2b">
      <Execution timeOut="1800000" id="f4bfc479-65fe-4cd4-9608-aea293bf3ca0" />
      <TestMethod codeBase="E:/Jenkins/workspace/DataEngine/DATAFEED.Tests/DATAFEED.Tests/bin/Dev/DATAFEED.Tests.dll" adapterTypeName="Microsoft.VisualStudio.TestTools.TestTypes.Unit.UnitTestAdapter, Microsoft.VisualStudio.QualityTools.Tips.UnitTest.Adapter, Version=12.0.0.0, Culture=neutral, PublicKeyToken=b03f5f7f11d50a3a" className="DATAFEED.Tests.SiteGroup, DATAFEED.Tests, Version=1.0.0.0, Culture=neutral, PublicKeyToken=null" name="CheckGroupN2Forbidden" />
    </UnitTest>
    <UnitTest name="MultiSpaceFilterOnlyOnS1" storage=".\datafeed.tests\bin\dev\datafeed.tests.dll" id="6facb6f3-8c7e-92e9-acca-c6dc142f304a">
      <Execution timeOut="1800000" id="f0407555-ea97-4847-bee5-b1adb1f257dc" />
      <TestMethod codeBase="E:/Jenkins/workspace/DataEngine/DATAFEED.Tests/DATAFEED.Tests/bin/Dev/DATAFEED.Tests.dll" adapterTypeName="Microsoft.VisualStudio.TestTools.TestTypes.Unit.UnitTestAdapter, Microsoft.VisualStudio.QualityTools.Tips.UnitTest.Adapter, Version=12.0.0.0, Culture=neutral, PublicKeyToken=b03f5f7f11d50a3a" className="DATAFEED.Tests.MultiSpace, DATAFEED.Tests, Version=1.0.0.0, Culture=neutral, PublicKeyToken=null" name="MultiSpaceFilterOnlyOnS1" />
    </UnitTest>
    <UnitTest name="IncorrectSyntaxInPeriod" storage=".\datafeed.tests\bin\dev\datafeed.tests.dll" id="0f01b899-5d0e-e0ce-9e9f-88fcf1b63ea2">
      <Execution timeOut="1800000" id="aeda0f87-eb11-4b2b-8bd1-61788c9dd99c" />
      <TestMethod codeBase="E:/Jenkins/workspace/DataEngine/DATAFEED.Tests/DATAFEED.Tests/bin/Dev/DATAFEED.Tests.dll" adapterTypeName="Microsoft.VisualStudio.TestTools.TestTypes.Unit.UnitTestAdapter, Microsoft.VisualStudio.QualityTools.Tips.UnitTest.Adapter, Version=12.0.0.0, Culture=neutral, PublicKeyToken=b03f5f7f11d50a3a" className="DATAFEED.Tests.Period, DATAFEED.Tests, Version=1.0.0.0, Culture=neutral, PublicKeyToken=null" name="IncorrectSyntaxInPeriod" />
    </UnitTest>
    <UnitTest name="CustomerTypeEvo" storage=".\datafeed.tests\bin\dev\datafeed.tests.dll" id="e8851701-56c5-9fb1-77a8-5ef3e1f54f96">
      <Execution timeOut="1800000" id="f5808381-de35-4265-a0e2-62045e205543" />
      <TestMethod codeBase="E:/Jenkins/workspace/DataEngine/DATAFEED.Tests/DATAFEED.Tests/bin/Dev/DATAFEED.Tests.dll" adapterTypeName="Microsoft.VisualStudio.TestTools.TestTypes.Unit.UnitTestAdapter, Microsoft.VisualStudio.QualityTools.Tips.UnitTest.Adapter, Version=12.0.0.0, Culture=neutral, PublicKeyToken=b03f5f7f11d50a3a" className="DATAFEED.Tests.CustomerType, DATAFEED.Tests, Version=1.0.0.0, Culture=neutral, PublicKeyToken=null" name="CustomerTypeEvo" />
    </UnitTest>
    <UnitTest name="TestSampleClassic" storage=".\datafeed.tests\bin\dev\datafeed.tests.dll" id="25804d11-3d3f-3f66-210e-f65db598142f">
      <Execution timeOut="1800000" id="7b10ace0-35db-4267-9cb1-b6af8f33090a" />
      <TestMethod codeBase="E:/Jenkins/workspace/DataEngine/DATAFEED.Tests/DATAFEED.Tests/bin/Dev/DATAFEED.Tests.dll" adapterTypeName="Microsoft.VisualStudio.TestTools.TestTypes.Unit.UnitTestAdapter, Microsoft.VisualStudio.QualityTools.Tips.UnitTest.Adapter, Version=12.0.0.0, Culture=neutral, PublicKeyToken=b03f5f7f11d50a3a" className="DATAFEED.Tests.Sample, DATAFEED.Tests, Version=1.0.0.0, Culture=neutral, PublicKeyToken=null" name="TestSampleClassic" />
    </UnitTest>
    <UnitTest name="IncompatibleDimensionAndMetric" storage=".\datafeed.tests\bin\dev\datafeed.tests.dll" id="87b2ab98-5953-407f-b2cb-de7a07cda1f3">
      <Execution timeOut="1800000" id="378e3347-40c5-4c57-b96c-ea3e268bfe9b" />
      <TestMethod codeBase="E:/Jenkins/workspace/DataEngine/DATAFEED.Tests/DATAFEED.Tests/bin/Dev/DATAFEED.Tests.dll" adapterTypeName="Microsoft.VisualStudio.TestTools.TestTypes.Unit.UnitTestAdapter, Microsoft.VisualStudio.QualityTools.Tips.UnitTest.Adapter, Version=12.0.0.0, Culture=neutral, PublicKeyToken=b03f5f7f11d50a3a" className="DATAFEED.Tests.Arbo, DATAFEED.Tests, Version=1.0.0.0, Culture=neutral, PublicKeyToken=null" name="IncompatibleDimensionAndMetric" />
    </UnitTest>
    <UnitTest name="TestEvoCase5" storage=".\datafeed.tests\bin\dev\datafeed.tests.dll" id="54b2617f-b617-8a95-04e9-7efbae61cb20">
      <Execution timeOut="1800000" id="c387b07c-ea90-4dd3-8c1e-54ef4bc9a180" />
      <TestMethod codeBase="E:/Jenkins/workspace/DataEngine/DATAFEED.Tests/DATAFEED.Tests/bin/Dev/DATAFEED.Tests.dll" adapterTypeName="Microsoft.VisualStudio.TestTools.TestTypes.Unit.UnitTestAdapter, Microsoft.VisualStudio.QualityTools.Tips.UnitTest.Adapter, Version=12.0.0.0, Culture=neutral, PublicKeyToken=b03f5f7f11d50a3a" className="DATAFEED.Tests.Evolution, DATAFEED.Tests, Version=1.0.0.0, Culture=neutral, PublicKeyToken=null" name="TestEvoCase5" />
    </UnitTest>
    <UnitTest name="Period45DaysLimit" storage=".\datafeed.tests\bin\dev\datafeed.tests.dll" id="8f5e6886-8c39-a7d2-ff6a-3c6dc05c7ceb">
      <Execution timeOut="1800000" id="636b1541-f6ad-47ac-9f22-b30c3923d686" />
      <TestMethod codeBase="E:/Jenkins/workspace/DataEngine/DATAFEED.Tests/DATAFEED.Tests/bin/Dev/DATAFEED.Tests.dll" adapterTypeName="Microsoft.VisualStudio.TestTools.TestTypes.Unit.UnitTestAdapter, Microsoft.VisualStudio.QualityTools.Tips.UnitTest.Adapter, Version=12.0.0.0, Culture=neutral, PublicKeyToken=b03f5f7f11d50a3a" className="DATAFEED.Tests.Period, DATAFEED.Tests, Version=1.0.0.0, Culture=neutral, PublicKeyToken=null" name="Period45DaysLimit" />
    </UnitTest>
    <UnitTest name="MultiPeriodSiteLevel2" storage=".\datafeed.tests\bin\dev\datafeed.tests.dll" id="0b1af393-a587-b46e-4dca-07787b25f333">
      <Execution timeOut="1800000" id="080e6dcc-d9e4-431c-a430-67e4ee680aca" />
      <TestMethod codeBase="E:/Jenkins/workspace/DataEngine/DATAFEED.Tests/DATAFEED.Tests/bin/Dev/DATAFEED.Tests.dll" adapterTypeName="Microsoft.VisualStudio.TestTools.TestTypes.Unit.UnitTestAdapter, Microsoft.VisualStudio.QualityTools.Tips.UnitTest.Adapter, Version=12.0.0.0, Culture=neutral, PublicKeyToken=b03f5f7f11d50a3a" className="DATAFEED.Tests.SiteLevel2, DATAFEED.Tests, Version=1.0.0.0, Culture=neutral, PublicKeyToken=null" name="MultiPeriodSiteLevel2" />
    </UnitTest>
    <UnitTest name="JsonRowCountSampleFirst" storage=".\datafeed.tests\bin\dev\datafeed.tests.dll" id="b1e3b06d-8661-9ebb-522f-fe3658261d52">
      <Execution timeOut="1800000" id="5828691d-58aa-4772-94a6-fd6ea1438a57" />
      <TestMethod codeBase="E:/Jenkins/workspace/DataEngine/DATAFEED.Tests/DATAFEED.Tests/bin/Dev/DATAFEED.Tests.dll" adapterTypeName="Microsoft.VisualStudio.TestTools.TestTypes.Unit.UnitTestAdapter, Microsoft.VisualStudio.QualityTools.Tips.UnitTest.Adapter, Version=12.0.0.0, Culture=neutral, PublicKeyToken=b03f5f7f11d50a3a" className="DATAFEED.Tests.GetRowCount, DATAFEED.Tests, Version=1.0.0.0, Culture=neutral, PublicKeyToken=null" name="JsonRowCountSampleFirst" />
    </UnitTest>
    <UnitTest name="MultiPeriodIncompatibleWithEvolution" storage=".\datafeed.tests\bin\dev\datafeed.tests.dll" id="38c0f502-8aa1-d823-2e86-8ea30f5f5cfc">
      <Execution timeOut="1800000" id="008c4f17-c1c1-4694-a352-38be6cecd68d" />
      <TestMethod codeBase="E:/Jenkins/workspace/DataEngine/DATAFEED.Tests/DATAFEED.Tests/bin/Dev/DATAFEED.Tests.dll" adapterTypeName="Microsoft.VisualStudio.TestTools.TestTypes.Unit.UnitTestAdapter, Microsoft.VisualStudio.QualityTools.Tips.UnitTest.Adapter, Version=12.0.0.0, Culture=neutral, PublicKeyToken=b03f5f7f11d50a3a" className="DATAFEED.Tests.Arbo, DATAFEED.Tests, Version=1.0.0.0, Culture=neutral, PublicKeyToken=null" name="MultiPeriodIncompatibleWithEvolution" />
    </UnitTest>
    <UnitTest name="EvoSiteLevel2" storage=".\datafeed.tests\bin\dev\datafeed.tests.dll" id="167da569-5edb-8ed2-e50a-198b199b5930">
      <Execution timeOut="1800000" id="b291451b-7503-4e60-9176-56e3fd3b7dd3" />
      <TestMethod codeBase="E:/Jenkins/workspace/DataEngine/DATAFEED.Tests/DATAFEED.Tests/bin/Dev/DATAFEED.Tests.dll" adapterTypeName="Microsoft.VisualStudio.TestTools.TestTypes.Unit.UnitTestAdapter, Microsoft.VisualStudio.QualityTools.Tips.UnitTest.Adapter, Version=12.0.0.0, Culture=neutral, PublicKeyToken=b03f5f7f11d50a3a" className="DATAFEED.Tests.SiteLevel2, DATAFEED.Tests, Version=1.0.0.0, Culture=neutral, PublicKeyToken=null" name="EvoSiteLevel2" />
    </UnitTest>
    <UnitTest name="ExtractMultiSpace" storage=".\datafeed.tests\bin\dev\datafeed.tests.dll" id="e266222c-8314-2d2a-3959-cb93e1f8b78a">
      <Execution timeOut="1800000" id="8ec942a8-93be-4e56-a2ab-7ed06bbc1039" />
      <TestMethod codeBase="E:/Jenkins/workspace/DataEngine/DATAFEED.Tests/DATAFEED.Tests/bin/Dev/DATAFEED.Tests.dll" adapterTypeName="Microsoft.VisualStudio.TestTools.TestTypes.Unit.UnitTestAdapter, Microsoft.VisualStudio.QualityTools.Tips.UnitTest.Adapter, Version=12.0.0.0, Culture=neutral, PublicKeyToken=b03f5f7f11d50a3a" className="DATAFEED.Tests.Extract, DATAFEED.Tests, Version=1.0.0.0, Culture=neutral, PublicKeyToken=null" name="ExtractMultiSpace" />
    </UnitTest>
    <UnitTest name="NotlkwOperator" storage=".\datafeed.tests\bin\dev\datafeed.tests.dll" id="f18e72f2-d050-19ca-a06a-066528f417cd">
      <Execution timeOut="1800000" id="aeca41c4-0227-4523-8994-7401b48337c8" />
      <TestMethod codeBase="E:/Jenkins/workspace/DataEngine/DATAFEED.Tests/DATAFEED.Tests/bin/Dev/DATAFEED.Tests.dll" adapterTypeName="Microsoft.VisualStudio.TestTools.TestTypes.Unit.UnitTestAdapter, Microsoft.VisualStudio.QualityTools.Tips.UnitTest.Adapter, Version=12.0.0.0, Culture=neutral, PublicKeyToken=b03f5f7f11d50a3a" className="DATAFEED.Tests.Filter, DATAFEED.Tests, Version=1.0.0.0, Culture=neutral, PublicKeyToken=null" name="NotlkwOperator" />
    </UnitTest>
    <UnitTest name="ManyL2sWithFullSite" storage=".\datafeed.tests\bin\dev\datafeed.tests.dll" id="a7d18129-47d6-464e-f3cb-af0270a665b8">
      <Execution timeOut="1800000" id="427ed543-ce95-4f6c-90be-e79f92ba21f9" />
      <TestMethod codeBase="E:/Jenkins/workspace/DataEngine/DATAFEED.Tests/DATAFEED.Tests/bin/Dev/DATAFEED.Tests.dll" adapterTypeName="Microsoft.VisualStudio.TestTools.TestTypes.Unit.UnitTestAdapter, Microsoft.VisualStudio.QualityTools.Tips.UnitTest.Adapter, Version=12.0.0.0, Culture=neutral, PublicKeyToken=b03f5f7f11d50a3a" className="DATAFEED.Tests.SiteLevel2, DATAFEED.Tests, Version=1.0.0.0, Culture=neutral, PublicKeyToken=null" name="ManyL2sWithFullSite" />
    </UnitTest>
    <UnitTest name="FilterMetricRegex" storage=".\datafeed.tests\bin\dev\datafeed.tests.dll" id="47fd3023-08ab-489a-570b-8b7bef20e7bb">
      <Execution timeOut="1800000" id="cb595243-c690-474a-889c-4d790e810c26" />
      <TestMethod codeBase="E:/Jenkins/workspace/DataEngine/DATAFEED.Tests/DATAFEED.Tests/bin/Dev/DATAFEED.Tests.dll" adapterTypeName="Microsoft.VisualStudio.TestTools.TestTypes.Unit.UnitTestAdapter, Microsoft.VisualStudio.QualityTools.Tips.UnitTest.Adapter, Version=12.0.0.0, Culture=neutral, PublicKeyToken=b03f5f7f11d50a3a" className="DATAFEED.Tests.Filter, DATAFEED.Tests, Version=1.0.0.0, Culture=neutral, PublicKeyToken=null" name="FilterMetricRegex" />
    </UnitTest>
    <UnitTest name="VariationBounceRateTest" storage=".\datafeed.tests\bin\dev\datafeed.tests.dll" id="5260bf72-a697-4987-f679-6778e151d3cf">
      <Execution timeOut="1800000" id="7256229a-f020-4009-bff0-37b23f7dade9" />
      <TestMethod codeBase="E:/Jenkins/workspace/DataEngine/DATAFEED.Tests/DATAFEED.Tests/bin/Dev/DATAFEED.Tests.dll" adapterTypeName="Microsoft.VisualStudio.TestTools.TestTypes.Unit.UnitTestAdapter, Microsoft.VisualStudio.QualityTools.Tips.UnitTest.Adapter, Version=12.0.0.0, Culture=neutral, PublicKeyToken=b03f5f7f11d50a3a" className="DATAFEED.Tests.Variation, DATAFEED.Tests, Version=1.0.0.0, Culture=neutral, PublicKeyToken=null" name="VariationBounceRateTest" />
    </UnitTest>
    <UnitTest name="IncorrectDimensionNameInSub" storage=".\datafeed.tests\bin\dev\datafeed.tests.dll" id="0a05bc37-7508-66d6-f904-f939c6a3940c">
      <Execution timeOut="1800000" id="d1f081d4-3fe3-4fd3-b015-90204374a51f" />
      <TestMethod codeBase="E:/Jenkins/workspace/DataEngine/DATAFEED.Tests/DATAFEED.Tests/bin/Dev/DATAFEED.Tests.dll" adapterTypeName="Microsoft.VisualStudio.TestTools.TestTypes.Unit.UnitTestAdapter, Microsoft.VisualStudio.QualityTools.Tips.UnitTest.Adapter, Version=12.0.0.0, Culture=neutral, PublicKeyToken=b03f5f7f11d50a3a" className="DATAFEED.Tests.Arbo, DATAFEED.Tests, Version=1.0.0.0, Culture=neutral, PublicKeyToken=null" name="IncorrectDimensionNameInSub" />
    </UnitTest>
    <UnitTest name="OnlyOneSubInColumns" storage=".\datafeed.tests\bin\dev\datafeed.tests.dll" id="fc435077-5744-fc6a-aed8-20269a69fda5">
      <Execution timeOut="1800000" id="875c25c5-c902-4a33-a634-2ad247717d7a" />
      <TestMethod codeBase="E:/Jenkins/workspace/DataEngine/DATAFEED.Tests/DATAFEED.Tests/bin/Dev/DATAFEED.Tests.dll" adapterTypeName="Microsoft.VisualStudio.TestTools.TestTypes.Unit.UnitTestAdapter, Microsoft.VisualStudio.QualityTools.Tips.UnitTest.Adapter, Version=12.0.0.0, Culture=neutral, PublicKeyToken=b03f5f7f11d50a3a" className="DATAFEED.Tests.Arbo, DATAFEED.Tests, Version=1.0.0.0, Culture=neutral, PublicKeyToken=null" name="OnlyOneSubInColumns" />
    </UnitTest>
    <UnitTest name="TestEvoPeriodNotContinue" storage=".\datafeed.tests\bin\dev\datafeed.tests.dll" id="0e3bf825-e3c4-f233-cb73-cc0b68192b01">
      <Execution timeOut="1800000" id="466216a0-38b3-4f8f-8f2b-820108999759" />
      <TestMethod codeBase="E:/Jenkins/workspace/DataEngine/DATAFEED.Tests/DATAFEED.Tests/bin/Dev/DATAFEED.Tests.dll" adapterTypeName="Microsoft.VisualStudio.TestTools.TestTypes.Unit.UnitTestAdapter, Microsoft.VisualStudio.QualityTools.Tips.UnitTest.Adapter, Version=12.0.0.0, Culture=neutral, PublicKeyToken=b03f5f7f11d50a3a" className="DATAFEED.Tests.Evolution, DATAFEED.Tests, Version=1.0.0.0, Culture=neutral, PublicKeyToken=null" name="TestEvoPeriodNotContinue" />
    </UnitTest>
    <UnitTest name="ExtractMultiPeriod" storage=".\datafeed.tests\bin\dev\datafeed.tests.dll" id="0224e810-b215-34a9-b79c-236891da8aca">
      <Execution timeOut="1800000" id="3fe91afc-fa9d-4efc-876e-f0b2a750c19f" />
      <TestMethod codeBase="E:/Jenkins/workspace/DataEngine/DATAFEED.Tests/DATAFEED.Tests/bin/Dev/DATAFEED.Tests.dll" adapterTypeName="Microsoft.VisualStudio.TestTools.TestTypes.Unit.UnitTestAdapter, Microsoft.VisualStudio.QualityTools.Tips.UnitTest.Adapter, Version=12.0.0.0, Culture=neutral, PublicKeyToken=b03f5f7f11d50a3a" className="DATAFEED.Tests.Extract, DATAFEED.Tests, Version=1.0.0.0, Culture=neutral, PublicKeyToken=null" name="ExtractMultiPeriod" />
    </UnitTest>
    <UnitTest name="ShortcodeSiteGroup" storage=".\datafeed.tests\bin\dev\datafeed.tests.dll" id="0d0d9f7f-1c9b-cc17-313a-be22a3ec9bd3">
      <Execution timeOut="1800000" id="ad5ea54e-f460-42e0-b36a-5acfa1c3ea1f" />
      <TestMethod codeBase="E:/Jenkins/workspace/DataEngine/DATAFEED.Tests/DATAFEED.Tests/bin/Dev/DATAFEED.Tests.dll" adapterTypeName="Microsoft.VisualStudio.TestTools.TestTypes.Unit.UnitTestAdapter, Microsoft.VisualStudio.QualityTools.Tips.UnitTest.Adapter, Version=12.0.0.0, Culture=neutral, PublicKeyToken=b03f5f7f11d50a3a" className="DATAFEED.Tests.Shortcode, DATAFEED.Tests, Version=1.0.0.0, Culture=neutral, PublicKeyToken=null" name="ShortcodeSiteGroup" />
    </UnitTest>
    <UnitTest name="TestEvoCase2_3" storage=".\datafeed.tests\bin\dev\datafeed.tests.dll" id="cdfef5fa-1dc7-abfc-b877-082dca0f5d5d">
      <Execution timeOut="1800000" id="7607d8aa-7c3c-46b7-94fc-1bdab4ec82b6" />
      <TestMethod codeBase="E:/Jenkins/workspace/DataEngine/DATAFEED.Tests/DATAFEED.Tests/bin/Dev/DATAFEED.Tests.dll" adapterTypeName="Microsoft.VisualStudio.TestTools.TestTypes.Unit.UnitTestAdapter, Microsoft.VisualStudio.QualityTools.Tips.UnitTest.Adapter, Version=12.0.0.0, Culture=neutral, PublicKeyToken=b03f5f7f11d50a3a" className="DATAFEED.Tests.Evolution, DATAFEED.Tests, Version=1.0.0.0, Culture=neutral, PublicKeyToken=null" name="TestEvoCase2_3" />
    </UnitTest>
    <UnitTest name="HtmlRowCountMultiperiod" storage=".\datafeed.tests\bin\dev\datafeed.tests.dll" id="07e0b58d-c91c-41c6-36d5-5ba2c25f4d3c">
      <Execution timeOut="1800000" id="485b9b7f-53f3-4b12-8411-472135542152" />
      <TestMethod codeBase="E:/Jenkins/workspace/DataEngine/DATAFEED.Tests/DATAFEED.Tests/bin/Dev/DATAFEED.Tests.dll" adapterTypeName="Microsoft.VisualStudio.TestTools.TestTypes.Unit.UnitTestAdapter, Microsoft.VisualStudio.QualityTools.Tips.UnitTest.Adapter, Version=12.0.0.0, Culture=neutral, PublicKeyToken=b03f5f7f11d50a3a" className="DATAFEED.Tests.GetRowCount, DATAFEED.Tests, Version=1.0.0.0, Culture=neutral, PublicKeyToken=null" name="HtmlRowCountMultiperiod" />
    </UnitTest>
    <UnitTest name="CheckAccessGroup" storage=".\datafeed.tests\bin\dev\datafeed.tests.dll" id="85734924-eb2c-c8a2-a2d9-a2d7899ebdbb">
      <Execution timeOut="1800000" id="e0aa5f3a-332d-4893-a1d6-b4dde95afb59" />
      <TestMethod codeBase="E:/Jenkins/workspace/DataEngine/DATAFEED.Tests/DATAFEED.Tests/bin/Dev/DATAFEED.Tests.dll" adapterTypeName="Microsoft.VisualStudio.TestTools.TestTypes.Unit.UnitTestAdapter, Microsoft.VisualStudio.QualityTools.Tips.UnitTest.Adapter, Version=12.0.0.0, Culture=neutral, PublicKeyToken=b03f5f7f11d50a3a" className="DATAFEED.Tests.SiteGroup, DATAFEED.Tests, Version=1.0.0.0, Culture=neutral, PublicKeyToken=null" name="CheckAccessGroup" />
    </UnitTest>
    <UnitTest name="TestEvoInMultiPeriod" storage=".\datafeed.tests\bin\dev\datafeed.tests.dll" id="2c27f219-a081-99ba-a0e2-980dc3f60ffb">
      <Execution timeOut="1800000" id="e2a5cb70-f1c1-4bab-a5f3-9b8175fe5181" />
      <TestMethod codeBase="E:/Jenkins/workspace/DataEngine/DATAFEED.Tests/DATAFEED.Tests/bin/Dev/DATAFEED.Tests.dll" adapterTypeName="Microsoft.VisualStudio.TestTools.TestTypes.Unit.UnitTestAdapter, Microsoft.VisualStudio.QualityTools.Tips.UnitTest.Adapter, Version=12.0.0.0, Culture=neutral, PublicKeyToken=b03f5f7f11d50a3a" className="DATAFEED.Tests.Evolution, DATAFEED.Tests, Version=1.0.0.0, Culture=neutral, PublicKeyToken=null" name="TestEvoInMultiPeriod" />
    </UnitTest>
    <UnitTest name="BilanMultiSite" storage=".\datafeed.tests\bin\dev\datafeed.tests.dll" id="a9a7e763-8035-633b-c578-a032e67b6840">
      <Execution timeOut="1800000" id="4050461c-78e7-4d10-9147-f84701cef137" />
      <TestMethod codeBase="E:/Jenkins/workspace/DataEngine/DATAFEED.Tests/DATAFEED.Tests/bin/Dev/DATAFEED.Tests.dll" adapterTypeName="Microsoft.VisualStudio.TestTools.TestTypes.Unit.UnitTestAdapter, Microsoft.VisualStudio.QualityTools.Tips.UnitTest.Adapter, Version=12.0.0.0, Culture=neutral, PublicKeyToken=b03f5f7f11d50a3a" className="DATAFEED.Tests.SmartcacheDesc, DATAFEED.Tests, Version=1.0.0.0, Culture=neutral, PublicKeyToken=null" name="BilanMultiSite" />
    </UnitTest>
    <UnitTest name="WrongSyntaxInSub" storage=".\datafeed.tests\bin\dev\datafeed.tests.dll" id="39734adb-8ab4-a401-c964-114d38d746c8">
      <Execution timeOut="1800000" id="d19c2576-aea8-4693-9451-c9e70b6350cc" />
      <TestMethod codeBase="E:/Jenkins/workspace/DataEngine/DATAFEED.Tests/DATAFEED.Tests/bin/Dev/DATAFEED.Tests.dll" adapterTypeName="Microsoft.VisualStudio.TestTools.TestTypes.Unit.UnitTestAdapter, Microsoft.VisualStudio.QualityTools.Tips.UnitTest.Adapter, Version=12.0.0.0, Culture=neutral, PublicKeyToken=b03f5f7f11d50a3a" className="DATAFEED.Tests.Arbo, DATAFEED.Tests, Version=1.0.0.0, Culture=neutral, PublicKeyToken=null" name="WrongSyntaxInSub" />
    </UnitTest>
    <UnitTest name="LevelIsStandalone" storage=".\datafeed.tests\bin\dev\datafeed.tests.dll" id="9fdea585-e047-70ee-b16b-39e86e7a79ba">
      <Execution timeOut="1800000" id="7e0b9b64-4e03-4698-89a6-37938fe36d0d" />
      <TestMethod codeBase="E:/Jenkins/workspace/DataEngine/DATAFEED.Tests/DATAFEED.Tests/bin/Dev/DATAFEED.Tests.dll" adapterTypeName="Microsoft.VisualStudio.TestTools.TestTypes.Unit.UnitTestAdapter, Microsoft.VisualStudio.QualityTools.Tips.UnitTest.Adapter, Version=12.0.0.0, Culture=neutral, PublicKeyToken=b03f5f7f11d50a3a" className="DATAFEED.Tests.MultiSpace, DATAFEED.Tests, Version=1.0.0.0, Culture=neutral, PublicKeyToken=null" name="LevelIsStandalone" />
    </UnitTest>
    <UnitTest name="ContextTagInFirstPosition" storage=".\datafeed.tests\bin\dev\datafeed.tests.dll" id="2a4b3150-5540-ff7e-48fe-2c8012d0679a">
      <Execution timeOut="1800000" id="c14948dc-a568-4166-bea5-8aa8e338210c" />
      <TestMethod codeBase="E:/Jenkins/workspace/DataEngine/DATAFEED.Tests/DATAFEED.Tests/bin/Dev/DATAFEED.Tests.dll" adapterTypeName="Microsoft.VisualStudio.TestTools.TestTypes.Unit.UnitTestAdapter, Microsoft.VisualStudio.QualityTools.Tips.UnitTest.Adapter, Version=12.0.0.0, Culture=neutral, PublicKeyToken=b03f5f7f11d50a3a" className="DATAFEED.Tests.Context, DATAFEED.Tests, Version=1.0.0.0, Culture=neutral, PublicKeyToken=null" name="ContextTagInFirstPosition" />
    </UnitTest>
    <UnitTest name="MultiSpaceMaxResultLimit30" storage=".\datafeed.tests\bin\dev\datafeed.tests.dll" id="7d9c1e30-1a4c-a2f1-3169-ae76dc871a56">
      <Execution timeOut="1800000" id="2d3b2a62-4f69-4dd6-a84e-d0ec871f3434" />
      <TestMethod codeBase="E:/Jenkins/workspace/DataEngine/DATAFEED.Tests/DATAFEED.Tests/bin/Dev/DATAFEED.Tests.dll" adapterTypeName="Microsoft.VisualStudio.TestTools.TestTypes.Unit.UnitTestAdapter, Microsoft.VisualStudio.QualityTools.Tips.UnitTest.Adapter, Version=12.0.0.0, Culture=neutral, PublicKeyToken=b03f5f7f11d50a3a" className="DATAFEED.Tests.MultiSpace, DATAFEED.Tests, Version=1.0.0.0, Culture=neutral, PublicKeyToken=null" name="MultiSpaceMaxResultLimit30" />
    </UnitTest>
    <UnitTest name="ShortcodeV2EvoJsonTest" storage=".\datafeed.tests\bin\dev\datafeed.tests.dll" id="9111a2d4-bd7b-db8b-e78c-0783b3673c37">
      <Execution timeOut="1800000" id="fed16d5e-f84d-46c5-a677-60b84745d06a" />
      <TestMethod codeBase="E:/Jenkins/workspace/DataEngine/DATAFEED.Tests/DATAFEED.Tests/bin/Dev/DATAFEED.Tests.dll" adapterTypeName="Microsoft.VisualStudio.TestTools.TestTypes.Unit.UnitTestAdapter, Microsoft.VisualStudio.QualityTools.Tips.UnitTest.Adapter, Version=12.0.0.0, Culture=neutral, PublicKeyToken=b03f5f7f11d50a3a" className="DATAFEED.Tests.Shortcode, DATAFEED.Tests, Version=1.0.0.0, Culture=neutral, PublicKeyToken=null" name="ShortcodeV2EvoJsonTest" />
    </UnitTest>
    <UnitTest name="NoGroupWithSite" storage=".\datafeed.tests\bin\dev\datafeed.tests.dll" id="5b5604fd-d337-2d48-3b67-6b492e1319c2">
      <Execution timeOut="1800000" id="3da797da-97ac-4be4-b396-46b5c793d947" />
      <TestMethod codeBase="E:/Jenkins/workspace/DataEngine/DATAFEED.Tests/DATAFEED.Tests/bin/Dev/DATAFEED.Tests.dll" adapterTypeName="Microsoft.VisualStudio.TestTools.TestTypes.Unit.UnitTestAdapter, Microsoft.VisualStudio.QualityTools.Tips.UnitTest.Adapter, Version=12.0.0.0, Culture=neutral, PublicKeyToken=b03f5f7f11d50a3a" className="DATAFEED.Tests.SiteGroup, DATAFEED.Tests, Version=1.0.0.0, Culture=neutral, PublicKeyToken=null" name="NoGroupWithSite" />
    </UnitTest>
    <UnitTest name="CustomerTypeDecimal" storage=".\datafeed.tests\bin\dev\datafeed.tests.dll" id="2d80e955-ff75-c376-22a2-dff39d23a75c">
      <Execution timeOut="1800000" id="c2eb6e28-b4c2-4295-8d5a-c0650cdf7926" />
      <TestMethod codeBase="E:/Jenkins/workspace/DataEngine/DATAFEED.Tests/DATAFEED.Tests/bin/Dev/DATAFEED.Tests.dll" adapterTypeName="Microsoft.VisualStudio.TestTools.TestTypes.Unit.UnitTestAdapter, Microsoft.VisualStudio.QualityTools.Tips.UnitTest.Adapter, Version=12.0.0.0, Culture=neutral, PublicKeyToken=b03f5f7f11d50a3a" className="DATAFEED.Tests.CustomerType, DATAFEED.Tests, Version=1.0.0.0, Culture=neutral, PublicKeyToken=null" name="CustomerTypeDecimal" />
    </UnitTest>
    <UnitTest name="ErrorColumnHidden" storage=".\datafeed.tests\bin\dev\datafeed.tests.dll" id="a387ff47-27cb-752e-eaa2-1b0bfca9340c">
      <Execution timeOut="1800000" id="575c5314-a730-44cd-aba3-9f3bf1cacac1" />
      <TestMethod codeBase="E:/Jenkins/workspace/DataEngine/DATAFEED.Tests/DATAFEED.Tests/bin/Dev/DATAFEED.Tests.dll" adapterTypeName="Microsoft.VisualStudio.TestTools.TestTypes.Unit.UnitTestAdapter, Microsoft.VisualStudio.QualityTools.Tips.UnitTest.Adapter, Version=12.0.0.0, Culture=neutral, PublicKeyToken=b03f5f7f11d50a3a" className="DATAFEED.Tests.ColumnHidden, DATAFEED.Tests, Version=1.0.0.0, Culture=neutral, PublicKeyToken=null" name="ErrorColumnHidden" />
    </UnitTest>
    <UnitTest name="JsonRowCountMultispace" storage=".\datafeed.tests\bin\dev\datafeed.tests.dll" id="797b8d35-add3-c61f-f864-631afc21df8c">
      <Execution timeOut="1800000" id="a3f01b88-03cf-4672-bf9a-f7a40f8dc369" />
      <TestMethod codeBase="E:/Jenkins/workspace/DataEngine/DATAFEED.Tests/DATAFEED.Tests/bin/Dev/DATAFEED.Tests.dll" adapterTypeName="Microsoft.VisualStudio.TestTools.TestTypes.Unit.UnitTestAdapter, Microsoft.VisualStudio.QualityTools.Tips.UnitTest.Adapter, Version=12.0.0.0, Culture=neutral, PublicKeyToken=b03f5f7f11d50a3a" className="DATAFEED.Tests.GetRowCount, DATAFEED.Tests, Version=1.0.0.0, Culture=neutral, PublicKeyToken=null" name="JsonRowCountMultispace" />
    </UnitTest>
    <UnitTest name="MetricContainsSegmentTrue" storage=".\datafeed.tests\bin\dev\datafeed.tests.dll" id="dd2fcd1a-6c72-d3ee-1772-fa112d80f751">
      <Execution timeOut="1800000" id="9342620f-4540-4dda-ab0e-c4eb7286b837" />
      <TestMethod codeBase="E:/Jenkins/workspace/DataEngine/DATAFEED.Tests/DATAFEED.Tests/bin/Dev/DATAFEED.Tests.dll" adapterTypeName="Microsoft.VisualStudio.TestTools.TestTypes.Unit.UnitTestAdapter, Microsoft.VisualStudio.QualityTools.Tips.UnitTest.Adapter, Version=12.0.0.0, Culture=neutral, PublicKeyToken=b03f5f7f11d50a3a" className="DATAFEED.Tests.CustomMetric, DATAFEED.Tests, Version=1.0.0.0, Culture=neutral, PublicKeyToken=null" name="MetricContainsSegmentTrue" />
    </UnitTest>
    <UnitTest name="SiteMax50" storage=".\datafeed.tests\bin\dev\datafeed.tests.dll" id="70355f0f-dbe8-4382-8f08-ffc907ffe35e">
      <Execution timeOut="1800000" id="31da14ee-d3a6-4592-9578-acbbbd7c0254" />
      <TestMethod codeBase="E:/Jenkins/workspace/DataEngine/DATAFEED.Tests/DATAFEED.Tests/bin/Dev/DATAFEED.Tests.dll" adapterTypeName="Microsoft.VisualStudio.TestTools.TestTypes.Unit.UnitTestAdapter, Microsoft.VisualStudio.QualityTools.Tips.UnitTest.Adapter, Version=12.0.0.0, Culture=neutral, PublicKeyToken=b03f5f7f11d50a3a" className="DATAFEED.Tests.Space, DATAFEED.Tests, Version=1.0.0.0, Culture=neutral, PublicKeyToken=null" name="SiteMax50" />
    </UnitTest>
    <UnitTest name="MultiPeriodTimeAttributeNotAllowed" storage=".\datafeed.tests\bin\dev\datafeed.tests.dll" id="0a27d781-32f3-a887-424a-ab21bdbc993f">
      <Execution timeOut="1800000" id="cc59798e-788e-4269-8a58-aa07103342cb" />
      <TestMethod codeBase="E:/Jenkins/workspace/DataEngine/DATAFEED.Tests/DATAFEED.Tests/bin/Dev/DATAFEED.Tests.dll" adapterTypeName="Microsoft.VisualStudio.TestTools.TestTypes.Unit.UnitTestAdapter, Microsoft.VisualStudio.QualityTools.Tips.UnitTest.Adapter, Version=12.0.0.0, Culture=neutral, PublicKeyToken=b03f5f7f11d50a3a" className="DATAFEED.Tests.Period, DATAFEED.Tests, Version=1.0.0.0, Culture=neutral, PublicKeyToken=null" name="MultiPeriodTimeAttributeNotAllowed" />
    </UnitTest>
    <UnitTest name="RelativePeriodSyntaxError" storage=".\datafeed.tests\bin\dev\datafeed.tests.dll" id="9eac4a56-2588-08f3-91fd-3b31eef74ab2">
      <Execution timeOut="1800000" id="4850c40d-3bf1-4c56-b003-121645b382f4" />
      <TestMethod codeBase="E:/Jenkins/workspace/DataEngine/DATAFEED.Tests/DATAFEED.Tests/bin/Dev/DATAFEED.Tests.dll" adapterTypeName="Microsoft.VisualStudio.TestTools.TestTypes.Unit.UnitTestAdapter, Microsoft.VisualStudio.QualityTools.Tips.UnitTest.Adapter, Version=12.0.0.0, Culture=neutral, PublicKeyToken=b03f5f7f11d50a3a" className="DATAFEED.Tests.Period, DATAFEED.Tests, Version=1.0.0.0, Culture=neutral, PublicKeyToken=null" name="RelativePeriodSyntaxError" />
    </UnitTest>
    <UnitTest name="TestEvoMultiPeriodSimpleMultiDim" storage=".\datafeed.tests\bin\dev\datafeed.tests.dll" id="f654e391-d5dd-4076-48ba-01e5282fba3d">
      <Execution timeOut="1800000" id="a2619870-e014-4a4c-83cd-45d7ae326582" />
      <TestMethod codeBase="E:/Jenkins/workspace/DataEngine/DATAFEED.Tests/DATAFEED.Tests/bin/Dev/DATAFEED.Tests.dll" adapterTypeName="Microsoft.VisualStudio.TestTools.TestTypes.Unit.UnitTestAdapter, Microsoft.VisualStudio.QualityTools.Tips.UnitTest.Adapter, Version=12.0.0.0, Culture=neutral, PublicKeyToken=b03f5f7f11d50a3a" className="DATAFEED.Tests.Evolution, DATAFEED.Tests, Version=1.0.0.0, Culture=neutral, PublicKeyToken=null" name="TestEvoMultiPeriodSimpleMultiDim" />
    </UnitTest>
    <UnitTest name="LevelIsStandalone" storage=".\datafeed.tests\bin\dev\datafeed.tests.dll" id="531c29ab-4756-6f3d-118e-44ee85b64c5f">
      <Execution timeOut="1800000" id="dfbc24c1-39b7-4267-9b08-dfd84e262bcb" />
      <TestMethod codeBase="E:/Jenkins/workspace/DataEngine/DATAFEED.Tests/DATAFEED.Tests/bin/Dev/DATAFEED.Tests.dll" adapterTypeName="Microsoft.VisualStudio.TestTools.TestTypes.Unit.UnitTestAdapter, Microsoft.VisualStudio.QualityTools.Tips.UnitTest.Adapter, Version=12.0.0.0, Culture=neutral, PublicKeyToken=b03f5f7f11d50a3a" className="DATAFEED.Tests.Arbo, DATAFEED.Tests, Version=1.0.0.0, Culture=neutral, PublicKeyToken=null" name="LevelIsStandalone" />
    </UnitTest>
    <UnitTest name="Test_Sample50_MaxResult100_Page1" storage=".\datafeed.tests\bin\dev\datafeed.tests.dll" id="3b36278d-efcd-7929-7327-430b65af9759">
      <Execution timeOut="1800000" id="01358d57-2111-4245-a1f1-8d4cd417959f" />
      <TestMethod codeBase="E:/Jenkins/workspace/DataEngine/DATAFEED.Tests/DATAFEED.Tests/bin/Dev/DATAFEED.Tests.dll" adapterTypeName="Microsoft.VisualStudio.TestTools.TestTypes.Unit.UnitTestAdapter, Microsoft.VisualStudio.QualityTools.Tips.UnitTest.Adapter, Version=12.0.0.0, Culture=neutral, PublicKeyToken=b03f5f7f11d50a3a" className="DATAFEED.Tests.Sample, DATAFEED.Tests, Version=1.0.0.0, Culture=neutral, PublicKeyToken=null" name="Test_Sample50_MaxResult100_Page1" />
    </UnitTest>
    <UnitTest name="CreateScod" storage=".\datafeed.tests\bin\dev\datafeed.tests.dll" id="46b1c5fa-858a-e14d-f75c-b205bba935e2">
      <Execution timeOut="1800000" id="14365e6c-c141-43b3-9ea4-58921089d9c5" />
      <TestMethod codeBase="E:/Jenkins/workspace/DataEngine/DATAFEED.Tests/DATAFEED.Tests/bin/Dev/DATAFEED.Tests.dll" adapterTypeName="Microsoft.VisualStudio.TestTools.TestTypes.Unit.UnitTestAdapter, Microsoft.VisualStudio.QualityTools.Tips.UnitTest.Adapter, Version=12.0.0.0, Culture=neutral, PublicKeyToken=b03f5f7f11d50a3a" className="DATAFEED.Tests.Scod, DATAFEED.Tests, Version=1.0.0.0, Culture=neutral, PublicKeyToken=null" name="CreateScod" />
    </UnitTest>
    <UnitTest name="GetMediumAsync" storage=".\datafeed.tests\bin\dev\datafeed.tests.dll" id="309f9171-f4ae-fa0f-8c17-75d4d6978756">
      <Execution timeOut="1800000" id="74017cc4-abaf-4d56-a4d3-40bd803dcf5a" />
      <Properties>
        <Property>
          <Key>__Internal_AsyncTypeName__</Key>
          <Value>DATAFEED.Tests.GetStream+&lt;GetMediumAsync&gt;d__a</Value>
        </Property>
      </Properties>
      <TestMethod codeBase="E:/Jenkins/workspace/DataEngine/DATAFEED.Tests/DATAFEED.Tests/bin/Dev/DATAFEED.Tests.dll" adapterTypeName="Microsoft.VisualStudio.TestTools.TestTypes.Unit.UnitTestAdapter, Microsoft.VisualStudio.QualityTools.Tips.UnitTest.Adapter, Version=12.0.0.0, Culture=neutral, PublicKeyToken=b03f5f7f11d50a3a" className="DATAFEED.Tests.GetStream, DATAFEED.Tests, Version=1.0.0.0, Culture=neutral, PublicKeyToken=null" name="GetMediumAsync" />
    </UnitTest>
    <UnitTest name="BridgeMonoSpace" storage=".\datafeed.tests\bin\dev\datafeed.tests.dll" id="18c14b45-0bac-873a-dc20-5cb6c0354881">
      <Execution timeOut="1800000" id="74d45bf7-0027-45f8-ab6c-0b58717a5670" />
      <TestMethod codeBase="E:/Jenkins/workspace/DataEngine/DATAFEED.Tests/DATAFEED.Tests/bin/Dev/DATAFEED.Tests.dll" adapterTypeName="Microsoft.VisualStudio.TestTools.TestTypes.Unit.UnitTestAdapter, Microsoft.VisualStudio.QualityTools.Tips.UnitTest.Adapter, Version=12.0.0.0, Culture=neutral, PublicKeyToken=b03f5f7f11d50a3a" className="DATAFEED.Tests.Space, DATAFEED.Tests, Version=1.0.0.0, Culture=neutral, PublicKeyToken=null" name="BridgeMonoSpace" />
    </UnitTest>
    <UnitTest name="NumberOfSubElementsLimitedTo10080" storage=".\datafeed.tests\bin\dev\datafeed.tests.dll" id="5a3f1b9c-fe7d-024e-f7cb-316cff660443">
      <Execution timeOut="1800000" id="8c02d92b-18fa-45e6-8bd9-8909bb9200c8" />
      <TestMethod codeBase="E:/Jenkins/workspace/DataEngine/DATAFEED.Tests/DATAFEED.Tests/bin/Dev/DATAFEED.Tests.dll" adapterTypeName="Microsoft.VisualStudio.TestTools.TestTypes.Unit.UnitTestAdapter, Microsoft.VisualStudio.QualityTools.Tips.UnitTest.Adapter, Version=12.0.0.0, Culture=neutral, PublicKeyToken=b03f5f7f11d50a3a" className="DATAFEED.Tests.Arbo, DATAFEED.Tests, Version=1.0.0.0, Culture=neutral, PublicKeyToken=null" name="NumberOfSubElementsLimitedTo10080" />
    </UnitTest>
    <UnitTest name="IncorrectDimensionOrMetricNameInColumns" storage=".\datafeed.tests\bin\dev\datafeed.tests.dll" id="64e03300-a354-f35e-817b-d2839b112241">
      <Execution timeOut="1800000" id="2de68b83-ff00-4e2d-bcb3-cba03b766afd" />
      <TestMethod codeBase="E:/Jenkins/workspace/DataEngine/DATAFEED.Tests/DATAFEED.Tests/bin/Dev/DATAFEED.Tests.dll" adapterTypeName="Microsoft.VisualStudio.TestTools.TestTypes.Unit.UnitTestAdapter, Microsoft.VisualStudio.QualityTools.Tips.UnitTest.Adapter, Version=12.0.0.0, Culture=neutral, PublicKeyToken=b03f5f7f11d50a3a" className="DATAFEED.Tests.Arbo, DATAFEED.Tests, Version=1.0.0.0, Culture=neutral, PublicKeyToken=null" name="IncorrectDimensionOrMetricNameInColumns" />
    </UnitTest>
    <UnitTest name="MultiSpaceSortOnlyOnS1" storage=".\datafeed.tests\bin\dev\datafeed.tests.dll" id="7c9b1f58-421e-98d6-e8c3-a31b54eb5d88">
      <Execution timeOut="1800000" id="10c05ed5-cdaa-4af8-bc20-6d3499cb3203" />
      <TestMethod codeBase="E:/Jenkins/workspace/DataEngine/DATAFEED.Tests/DATAFEED.Tests/bin/Dev/DATAFEED.Tests.dll" adapterTypeName="Microsoft.VisualStudio.TestTools.TestTypes.Unit.UnitTestAdapter, Microsoft.VisualStudio.QualityTools.Tips.UnitTest.Adapter, Version=12.0.0.0, Culture=neutral, PublicKeyToken=b03f5f7f11d50a3a" className="DATAFEED.Tests.MultiSpace, DATAFEED.Tests, Version=1.0.0.0, Culture=neutral, PublicKeyToken=null" name="MultiSpaceSortOnlyOnS1" />
    </UnitTest>
    <UnitTest name="TestInvalidReference" storage=".\datafeed.tests\bin\dev\datafeed.tests.dll" id="53bdd07c-9920-8f1d-7d24-85a910515f92">
      <Execution timeOut="1800000" id="f885da3b-2097-45a6-9705-76eead52b423" />
      <TestMethod codeBase="E:/Jenkins/workspace/DataEngine/DATAFEED.Tests/DATAFEED.Tests/bin/Dev/DATAFEED.Tests.dll" adapterTypeName="Microsoft.VisualStudio.TestTools.TestTypes.Unit.UnitTestAdapter, Microsoft.VisualStudio.QualityTools.Tips.UnitTest.Adapter, Version=12.0.0.0, Culture=neutral, PublicKeyToken=b03f5f7f11d50a3a" className="DATAFEED.Tests.References, DATAFEED.Tests, Version=1.0.0.0, Culture=neutral, PublicKeyToken=null" name="TestInvalidReference" />
    </UnitTest>
    <UnitTest name="Russe" storage=".\datafeed.tests\bin\dev\datafeed.tests.dll" id="fb0214fc-0f9a-9064-ffe4-2dc95e36afbd">
      <Execution timeOut="1800000" id="3be26e1e-e3ee-4bd2-8e0a-f775447419bc" />
      <TestMethod codeBase="E:/Jenkins/workspace/DataEngine/DATAFEED.Tests/DATAFEED.Tests/bin/Dev/DATAFEED.Tests.dll" adapterTypeName="Microsoft.VisualStudio.TestTools.TestTypes.Unit.UnitTestAdapter, Microsoft.VisualStudio.QualityTools.Tips.UnitTest.Adapter, Version=12.0.0.0, Culture=neutral, PublicKeyToken=b03f5f7f11d50a3a" className="DATAFEED.Tests.Language, DATAFEED.Tests, Version=1.0.0.0, Culture=neutral, PublicKeyToken=null" name="Russe" />
    </UnitTest>
    <UnitTest name="VariationVisitsTest" storage=".\datafeed.tests\bin\dev\datafeed.tests.dll" id="33a55f3c-09c3-ded3-cd1d-31d06229d778">
      <Execution timeOut="1800000" id="86a2c613-9df9-47af-be4a-b848c957f890" />
      <TestMethod codeBase="E:/Jenkins/workspace/DataEngine/DATAFEED.Tests/DATAFEED.Tests/bin/Dev/DATAFEED.Tests.dll" adapterTypeName="Microsoft.VisualStudio.TestTools.TestTypes.Unit.UnitTestAdapter, Microsoft.VisualStudio.QualityTools.Tips.UnitTest.Adapter, Version=12.0.0.0, Culture=neutral, PublicKeyToken=b03f5f7f11d50a3a" className="DATAFEED.Tests.Variation, DATAFEED.Tests, Version=1.0.0.0, Culture=neutral, PublicKeyToken=null" name="VariationVisitsTest" />
    </UnitTest>
    <UnitTest name="XmlRowCountEvo" storage=".\datafeed.tests\bin\dev\datafeed.tests.dll" id="4494fe87-f4c5-9e3f-9a57-bcce2dc7dc7d">
      <Execution timeOut="1800000" id="4ef2f111-bdf6-43b3-8ec6-da22b05386d4" />
      <TestMethod codeBase="E:/Jenkins/workspace/DataEngine/DATAFEED.Tests/DATAFEED.Tests/bin/Dev/DATAFEED.Tests.dll" adapterTypeName="Microsoft.VisualStudio.TestTools.TestTypes.Unit.UnitTestAdapter, Microsoft.VisualStudio.QualityTools.Tips.UnitTest.Adapter, Version=12.0.0.0, Culture=neutral, PublicKeyToken=b03f5f7f11d50a3a" className="DATAFEED.Tests.GetRowCount, DATAFEED.Tests, Version=1.0.0.0, Culture=neutral, PublicKeyToken=null" name="XmlRowCountEvo" />
    </UnitTest>
    <UnitTest name="CheckAccessMultiSite" storage=".\datafeed.tests\bin\dev\datafeed.tests.dll" id="ba13f1da-6e27-1706-7dc9-636aec322f7a">
      <Execution timeOut="1800000" id="714f967c-2307-4d0f-b196-429e599d1ae9" />
      <TestMethod codeBase="E:/Jenkins/workspace/DataEngine/DATAFEED.Tests/DATAFEED.Tests/bin/Dev/DATAFEED.Tests.dll" adapterTypeName="Microsoft.VisualStudio.TestTools.TestTypes.Unit.UnitTestAdapter, Microsoft.VisualStudio.QualityTools.Tips.UnitTest.Adapter, Version=12.0.0.0, Culture=neutral, PublicKeyToken=b03f5f7f11d50a3a" className="DATAFEED.Tests.Space, DATAFEED.Tests, Version=1.0.0.0, Culture=neutral, PublicKeyToken=null" name="CheckAccessMultiSite" />
    </UnitTest>
    <UnitTest name="UnknownSubkey" storage=".\datafeed.tests\bin\dev\datafeed.tests.dll" id="bdb0eb0c-5367-3d67-a55e-f4be523cd1ad">
      <Execution timeOut="1800000" id="6fcc7a0a-b6a5-49b6-9eab-b93b9a6bbce3" />
      <TestMethod codeBase="E:/Jenkins/workspace/DataEngine/DATAFEED.Tests/DATAFEED.Tests/bin/Dev/DATAFEED.Tests.dll" adapterTypeName="Microsoft.VisualStudio.TestTools.TestTypes.Unit.UnitTestAdapter, Microsoft.VisualStudio.QualityTools.Tips.UnitTest.Adapter, Version=12.0.0.0, Culture=neutral, PublicKeyToken=b03f5f7f11d50a3a" className="DATAFEED.Tests.Space, DATAFEED.Tests, Version=1.0.0.0, Culture=neutral, PublicKeyToken=null" name="UnknownSubkey" />
    </UnitTest>
    <UnitTest name="JsonRowCountArbo" storage=".\datafeed.tests\bin\dev\datafeed.tests.dll" id="60b6c8ba-6a7d-fadf-3d4c-7bd31886a8cf">
      <Execution timeOut="1800000" id="dd38056e-a99d-43af-b211-759af9c31c01" />
      <TestMethod codeBase="E:/Jenkins/workspace/DataEngine/DATAFEED.Tests/DATAFEED.Tests/bin/Dev/DATAFEED.Tests.dll" adapterTypeName="Microsoft.VisualStudio.TestTools.TestTypes.Unit.UnitTestAdapter, Microsoft.VisualStudio.QualityTools.Tips.UnitTest.Adapter, Version=12.0.0.0, Culture=neutral, PublicKeyToken=b03f5f7f11d50a3a" className="DATAFEED.Tests.GetRowCount, DATAFEED.Tests, Version=1.0.0.0, Culture=neutral, PublicKeyToken=null" name="JsonRowCountArbo" />
    </UnitTest>
    <UnitTest name="EvoColumnHidden" storage=".\datafeed.tests\bin\dev\datafeed.tests.dll" id="dd5981ee-f03a-5b71-e3ff-ba3a5eb81a0c">
      <Execution timeOut="1800000" id="a74a681a-1026-4312-a697-8f0fc45aceb6" />
      <TestMethod codeBase="E:/Jenkins/workspace/DataEngine/DATAFEED.Tests/DATAFEED.Tests/bin/Dev/DATAFEED.Tests.dll" adapterTypeName="Microsoft.VisualStudio.TestTools.TestTypes.Unit.UnitTestAdapter, Microsoft.VisualStudio.QualityTools.Tips.UnitTest.Adapter, Version=12.0.0.0, Culture=neutral, PublicKeyToken=b03f5f7f11d50a3a" className="DATAFEED.Tests.ColumnHidden, DATAFEED.Tests, Version=1.0.0.0, Culture=neutral, PublicKeyToken=null" name="EvoColumnHidden" />
    </UnitTest>
    <UnitTest name="TestEvoPeriodNotDefined" storage=".\datafeed.tests\bin\dev\datafeed.tests.dll" id="b4c08a20-293c-3f98-85f7-1c615b54967a">
      <Execution timeOut="1800000" id="74321ca1-3254-4817-8adc-41122e8812cf" />
      <TestMethod codeBase="E:/Jenkins/workspace/DataEngine/DATAFEED.Tests/DATAFEED.Tests/bin/Dev/DATAFEED.Tests.dll" adapterTypeName="Microsoft.VisualStudio.TestTools.TestTypes.Unit.UnitTestAdapter, Microsoft.VisualStudio.QualityTools.Tips.UnitTest.Adapter, Version=12.0.0.0, Culture=neutral, PublicKeyToken=b03f5f7f11d50a3a" className="DATAFEED.Tests.Evolution, DATAFEED.Tests, Version=1.0.0.0, Culture=neutral, PublicKeyToken=null" name="TestEvoPeriodNotDefined" />
    </UnitTest>
    <UnitTest name="TestEvoP1NotObligatory" storage=".\datafeed.tests\bin\dev\datafeed.tests.dll" id="3f801a9c-05b4-e08c-af14-5297e55cab95">
      <Execution timeOut="1800000" id="b2d66e3e-3c09-4ffe-8189-91ec2a8891e0" />
      <TestMethod codeBase="E:/Jenkins/workspace/DataEngine/DATAFEED.Tests/DATAFEED.Tests/bin/Dev/DATAFEED.Tests.dll" adapterTypeName="Microsoft.VisualStudio.TestTools.TestTypes.Unit.UnitTestAdapter, Microsoft.VisualStudio.QualityTools.Tips.UnitTest.Adapter, Version=12.0.0.0, Culture=neutral, PublicKeyToken=b03f5f7f11d50a3a" className="DATAFEED.Tests.Evolution, DATAFEED.Tests, Version=1.0.0.0, Culture=neutral, PublicKeyToken=null" name="TestEvoP1NotObligatory" />
    </UnitTest>
    <UnitTest name="ErrorGtOperator" storage=".\datafeed.tests\bin\dev\datafeed.tests.dll" id="190c29d2-c58c-6eef-da12-e274c40ce17a">
      <Execution timeOut="1800000" id="9e9b9454-e899-4088-a327-ad3682353081" />
      <TestMethod codeBase="E:/Jenkins/workspace/DataEngine/DATAFEED.Tests/DATAFEED.Tests/bin/Dev/DATAFEED.Tests.dll" adapterTypeName="Microsoft.VisualStudio.TestTools.TestTypes.Unit.UnitTestAdapter, Microsoft.VisualStudio.QualityTools.Tips.UnitTest.Adapter, Version=12.0.0.0, Culture=neutral, PublicKeyToken=b03f5f7f11d50a3a" className="DATAFEED.Tests.Filter, DATAFEED.Tests, Version=1.0.0.0, Culture=neutral, PublicKeyToken=null" name="ErrorGtOperator" />
    </UnitTest>
    <UnitTest name="DimensionTimeEventIncompatibleWithTimeVisit" storage=".\datafeed.tests\bin\dev\datafeed.tests.dll" id="f2268c6d-a84e-f63d-fde0-fe6ac64df356">
      <Execution timeOut="1800000" id="df4fda27-ab57-4c8f-8160-80050f4ff1a5" />
      <TestMethod codeBase="E:/Jenkins/workspace/DataEngine/DATAFEED.Tests/DATAFEED.Tests/bin/Dev/DATAFEED.Tests.dll" adapterTypeName="Microsoft.VisualStudio.TestTools.TestTypes.Unit.UnitTestAdapter, Microsoft.VisualStudio.QualityTools.Tips.UnitTest.Adapter, Version=12.0.0.0, Culture=neutral, PublicKeyToken=b03f5f7f11d50a3a" className="DATAFEED.Tests.Arbo, DATAFEED.Tests, Version=1.0.0.0, Culture=neutral, PublicKeyToken=null" name="DimensionTimeEventIncompatibleWithTimeVisit" />
    </UnitTest>
    <UnitTest name="TestFirstParamGranularity" storage=".\datafeed.tests\bin\dev\datafeed.tests.dll" id="f6a7704f-ce5d-7ea6-6b19-7b8ea6c09f8c">
      <Execution timeOut="1800000" id="f71f07d6-9ee1-47c8-b217-67db92162a4c" />
      <TestMethod codeBase="E:/Jenkins/workspace/DataEngine/DATAFEED.Tests/DATAFEED.Tests/bin/Dev/DATAFEED.Tests.dll" adapterTypeName="Microsoft.VisualStudio.TestTools.TestTypes.Unit.UnitTestAdapter, Microsoft.VisualStudio.QualityTools.Tips.UnitTest.Adapter, Version=12.0.0.0, Culture=neutral, PublicKeyToken=b03f5f7f11d50a3a" className="DATAFEED.Tests.Evolution, DATAFEED.Tests, Version=1.0.0.0, Culture=neutral, PublicKeyToken=null" name="TestFirstParamGranularity" />
    </UnitTest>
    <UnitTest name="IncludeDescriptionStandardMultiPeriod" storage=".\datafeed.tests\bin\dev\datafeed.tests.dll" id="eb522b65-35a1-5556-b740-08bb09467170">
      <Execution timeOut="1800000" id="0272feb3-6ca4-40e0-bf44-24bcea791e2f" />
      <TestMethod codeBase="E:/Jenkins/workspace/DataEngine/DATAFEED.Tests/DATAFEED.Tests/bin/Dev/DATAFEED.Tests.dll" adapterTypeName="Microsoft.VisualStudio.TestTools.TestTypes.Unit.UnitTestAdapter, Microsoft.VisualStudio.QualityTools.Tips.UnitTest.Adapter, Version=12.0.0.0, Culture=neutral, PublicKeyToken=b03f5f7f11d50a3a" className="DATAFEED.Tests.Context, DATAFEED.Tests, Version=1.0.0.0, Culture=neutral, PublicKeyToken=null" name="IncludeDescriptionStandardMultiPeriod" />
    </UnitTest>
    <UnitTest name="MultiPeriod3PeriodsMax" storage=".\datafeed.tests\bin\dev\datafeed.tests.dll" id="05c2d6ed-6dad-0f00-7ccb-5984ad7ae5da">
      <Execution timeOut="1800000" id="e835af63-52a0-4990-b1d9-1147b1f7e2e6" />
      <TestMethod codeBase="E:/Jenkins/workspace/DataEngine/DATAFEED.Tests/DATAFEED.Tests/bin/Dev/DATAFEED.Tests.dll" adapterTypeName="Microsoft.VisualStudio.TestTools.TestTypes.Unit.UnitTestAdapter, Microsoft.VisualStudio.QualityTools.Tips.UnitTest.Adapter, Version=12.0.0.0, Culture=neutral, PublicKeyToken=b03f5f7f11d50a3a" className="DATAFEED.Tests.Period, DATAFEED.Tests, Version=1.0.0.0, Culture=neutral, PublicKeyToken=null" name="MultiPeriod3PeriodsMax" />
    </UnitTest>
    <UnitTest name="TotalDisplayed" storage=".\datafeed.tests\bin\dev\datafeed.tests.dll" id="1b2e56d0-23b7-f16e-3bad-1b5d69634dea">
      <Execution timeOut="1800000" id="d0bd0cdd-0185-4ab4-8f02-f6c14457f9c1" />
      <TestMethod codeBase="E:/Jenkins/workspace/DataEngine/DATAFEED.Tests/DATAFEED.Tests/bin/Dev/DATAFEED.Tests.dll" adapterTypeName="Microsoft.VisualStudio.TestTools.TestTypes.Unit.UnitTestAdapter, Microsoft.VisualStudio.QualityTools.Tips.UnitTest.Adapter, Version=12.0.0.0, Culture=neutral, PublicKeyToken=b03f5f7f11d50a3a" className="DATAFEED.Tests.Total, DATAFEED.Tests, Version=1.0.0.0, Culture=neutral, PublicKeyToken=null" name="TotalDisplayed" />
    </UnitTest>
    <UnitTest name="NotInLkOperator" storage=".\datafeed.tests\bin\dev\datafeed.tests.dll" id="2268a7b5-638d-ce47-badf-14496e6c223c">
      <Execution timeOut="1800000" id="dc109709-b62a-4101-99e2-a322c3e9ec20" />
      <TestMethod codeBase="E:/Jenkins/workspace/DataEngine/DATAFEED.Tests/DATAFEED.Tests/bin/Dev/DATAFEED.Tests.dll" adapterTypeName="Microsoft.VisualStudio.TestTools.TestTypes.Unit.UnitTestAdapter, Microsoft.VisualStudio.QualityTools.Tips.UnitTest.Adapter, Version=12.0.0.0, Culture=neutral, PublicKeyToken=b03f5f7f11d50a3a" className="DATAFEED.Tests.Filter, DATAFEED.Tests, Version=1.0.0.0, Culture=neutral, PublicKeyToken=null" name="NotInLkOperator" />
    </UnitTest>
    <UnitTest name="InvalidAPIUser" storage=".\datafeed.tests\bin\dev\datafeed.tests.dll" id="337fd2c9-59a0-57c1-91a2-c1c4b5329257">
      <Execution timeOut="1800000" id="eaf77892-b909-4eaa-a1f2-9374f2e62ddd" />
      <TestMethod codeBase="E:/Jenkins/workspace/DataEngine/DATAFEED.Tests/DATAFEED.Tests/bin/Dev/DATAFEED.Tests.dll" adapterTypeName="Microsoft.VisualStudio.TestTools.TestTypes.Unit.UnitTestAdapter, Microsoft.VisualStudio.QualityTools.Tips.UnitTest.Adapter, Version=12.0.0.0, Culture=neutral, PublicKeyToken=b03f5f7f11d50a3a" className="DATAFEED.Tests.CompteApi, DATAFEED.Tests, Version=1.0.0.0, Culture=neutral, PublicKeyToken=null" name="InvalidAPIUser" />
    </UnitTest>
    <UnitTest name="ColumnMax50IgnoreLevelId" storage=".\datafeed.tests\bin\dev\datafeed.tests.dll" id="189dac28-8db3-5085-30ff-f78c0b1105f3">
      <Execution timeOut="1800000" id="e3a3a079-0112-443b-adad-125dbed79bbe" />
      <TestMethod codeBase="E:/Jenkins/workspace/DataEngine/DATAFEED.Tests/DATAFEED.Tests/bin/Dev/DATAFEED.Tests.dll" adapterTypeName="Microsoft.VisualStudio.TestTools.TestTypes.Unit.UnitTestAdapter, Microsoft.VisualStudio.QualityTools.Tips.UnitTest.Adapter, Version=12.0.0.0, Culture=neutral, PublicKeyToken=b03f5f7f11d50a3a" className="DATAFEED.Tests.Evolution, DATAFEED.Tests, Version=1.0.0.0, Culture=neutral, PublicKeyToken=null" name="ColumnMax50IgnoreLevelId" />
    </UnitTest>
    <UnitTest name="EqualOperator" storage=".\datafeed.tests\bin\dev\datafeed.tests.dll" id="1b59abb5-08ba-1d64-431d-bfea755efd3b">
      <Execution timeOut="1800000" id="7a0ec6e0-6dfa-42ae-8504-4bde5ee10c42" />
      <TestMethod codeBase="E:/Jenkins/workspace/DataEngine/DATAFEED.Tests/DATAFEED.Tests/bin/Dev/DATAFEED.Tests.dll" adapterTypeName="Microsoft.VisualStudio.TestTools.TestTypes.Unit.UnitTestAdapter, Microsoft.VisualStudio.QualityTools.Tips.UnitTest.Adapter, Version=12.0.0.0, Culture=neutral, PublicKeyToken=b03f5f7f11d50a3a" className="DATAFEED.Tests.Filter, DATAFEED.Tests, Version=1.0.0.0, Culture=neutral, PublicKeyToken=null" name="EqualOperator" />
    </UnitTest>
    <UnitTest name="InLkOperator" storage=".\datafeed.tests\bin\dev\datafeed.tests.dll" id="07cbb391-0232-63f1-95ee-edc1e4f33a95">
      <Execution timeOut="1800000" id="4ca20039-6953-4823-ac20-e3f32fc3050b" />
      <TestMethod codeBase="E:/Jenkins/workspace/DataEngine/DATAFEED.Tests/DATAFEED.Tests/bin/Dev/DATAFEED.Tests.dll" adapterTypeName="Microsoft.VisualStudio.TestTools.TestTypes.Unit.UnitTestAdapter, Microsoft.VisualStudio.QualityTools.Tips.UnitTest.Adapter, Version=12.0.0.0, Culture=neutral, PublicKeyToken=b03f5f7f11d50a3a" className="DATAFEED.Tests.Filter, DATAFEED.Tests, Version=1.0.0.0, Culture=neutral, PublicKeyToken=null" name="InLkOperator" />
    </UnitTest>
    <UnitTest name="MultiPeriodIncompatibleWithArbo" storage=".\datafeed.tests\bin\dev\datafeed.tests.dll" id="c33398f0-3016-e62d-7d2e-763c387d6e59">
      <Execution timeOut="1800000" id="336d2c4d-6966-4fe4-a2c9-a1c54bdb34ee" />
      <TestMethod codeBase="E:/Jenkins/workspace/DataEngine/DATAFEED.Tests/DATAFEED.Tests/bin/Dev/DATAFEED.Tests.dll" adapterTypeName="Microsoft.VisualStudio.TestTools.TestTypes.Unit.UnitTestAdapter, Microsoft.VisualStudio.QualityTools.Tips.UnitTest.Adapter, Version=12.0.0.0, Culture=neutral, PublicKeyToken=b03f5f7f11d50a3a" className="DATAFEED.Tests.Period, DATAFEED.Tests, Version=1.0.0.0, Culture=neutral, PublicKeyToken=null" name="MultiPeriodIncompatibleWithArbo" />
    </UnitTest>
    <UnitTest name="TimeoutFromQuerystring" storage=".\datafeed.tests\bin\dev\datafeed.tests.dll" id="56cab7b6-fc36-2c4b-d549-c1438489041d">
      <Execution timeOut="1800000" id="d893ec0a-02af-43f8-b521-2cbff3b9851d" />
      <TestMethod codeBase="E:/Jenkins/workspace/DataEngine/DATAFEED.Tests/DATAFEED.Tests/bin/Dev/DATAFEED.Tests.dll" adapterTypeName="Microsoft.VisualStudio.TestTools.TestTypes.Unit.UnitTestAdapter, Microsoft.VisualStudio.QualityTools.Tips.UnitTest.Adapter, Version=12.0.0.0, Culture=neutral, PublicKeyToken=b03f5f7f11d50a3a" className="DATAFEED.Tests.HttpQuerystring, DATAFEED.Tests, Version=1.0.0.0, Culture=neutral, PublicKeyToken=null" name="TimeoutFromQuerystring" />
    </UnitTest>
    <UnitTest name="MultiPeriod45DaysLimit" storage=".\datafeed.tests\bin\dev\datafeed.tests.dll" id="106c1950-036f-ba8f-c5cc-feec5d803a8f">
      <Execution timeOut="1800000" id="39c24628-d558-428c-b162-bccffd083ffa" />
      <TestMethod codeBase="E:/Jenkins/workspace/DataEngine/DATAFEED.Tests/DATAFEED.Tests/bin/Dev/DATAFEED.Tests.dll" adapterTypeName="Microsoft.VisualStudio.TestTools.TestTypes.Unit.UnitTestAdapter, Microsoft.VisualStudio.QualityTools.Tips.UnitTest.Adapter, Version=12.0.0.0, Culture=neutral, PublicKeyToken=b03f5f7f11d50a3a" className="DATAFEED.Tests.Period, DATAFEED.Tests, Version=1.0.0.0, Culture=neutral, PublicKeyToken=null" name="MultiPeriod45DaysLimit" />
    </UnitTest>
    <UnitTest name="TestOrderDescTimeMonth" storage=".\datafeed.tests\bin\dev\datafeed.tests.dll" id="bc67a766-c9cc-0030-e38c-8bffd37b37f1">
      <Execution timeOut="1800000" id="2142c980-8cb6-4807-909f-ced180a9a6bc" />
      <TestMethod codeBase="E:/Jenkins/workspace/DataEngine/DATAFEED.Tests/DATAFEED.Tests/bin/Dev/DATAFEED.Tests.dll" adapterTypeName="Microsoft.VisualStudio.TestTools.TestTypes.Unit.UnitTestAdapter, Microsoft.VisualStudio.QualityTools.Tips.UnitTest.Adapter, Version=12.0.0.0, Culture=neutral, PublicKeyToken=b03f5f7f11d50a3a" className="DATAFEED.Tests.Arbo, DATAFEED.Tests, Version=1.0.0.0, Culture=neutral, PublicKeyToken=null" name="TestOrderDescTimeMonth" />
    </UnitTest>
    <UnitTest name="MultiSpaceOn4Sites" storage=".\datafeed.tests\bin\dev\datafeed.tests.dll" id="2d4ca57d-4637-0543-e275-49c2ccaf50a1">
      <Execution timeOut="1800000" id="32f23ec7-9420-4ee3-a2ba-f064f2bae6bb" />
      <TestMethod codeBase="E:/Jenkins/workspace/DataEngine/DATAFEED.Tests/DATAFEED.Tests/bin/Dev/DATAFEED.Tests.dll" adapterTypeName="Microsoft.VisualStudio.TestTools.TestTypes.Unit.UnitTestAdapter, Microsoft.VisualStudio.QualityTools.Tips.UnitTest.Adapter, Version=12.0.0.0, Culture=neutral, PublicKeyToken=b03f5f7f11d50a3a" className="DATAFEED.Tests.MultiSpace, DATAFEED.Tests, Version=1.0.0.0, Culture=neutral, PublicKeyToken=null" name="MultiSpaceOn4Sites" />
    </UnitTest>
    <UnitTest name="EvoModeKeyWithoutPeriodKey" storage=".\datafeed.tests\bin\dev\datafeed.tests.dll" id="5c07433b-8dd1-23ee-2366-4784a5d84087">
      <Execution timeOut="1800000" id="6867859b-2cbb-4270-9c75-cac56514c376" />
      <TestMethod codeBase="E:/Jenkins/workspace/DataEngine/DATAFEED.Tests/DATAFEED.Tests/bin/Dev/DATAFEED.Tests.dll" adapterTypeName="Microsoft.VisualStudio.TestTools.TestTypes.Unit.UnitTestAdapter, Microsoft.VisualStudio.QualityTools.Tips.UnitTest.Adapter, Version=12.0.0.0, Culture=neutral, PublicKeyToken=b03f5f7f11d50a3a" className="DATAFEED.Tests.Evolution, DATAFEED.Tests, Version=1.0.0.0, Culture=neutral, PublicKeyToken=null" name="EvoModeKeyWithoutPeriodKey" />
    </UnitTest>
    <UnitTest name="DataMultiSpace" storage=".\datafeed.tests\bin\dev\datafeed.tests.dll" id="6ec5790f-59ce-f6cf-5779-fe00caf970f2">
      <Execution timeOut="1800000" id="96980f68-b719-4036-9e04-d75dca8208fb" />
      <TestMethod codeBase="E:/Jenkins/workspace/DataEngine/DATAFEED.Tests/DATAFEED.Tests/bin/Dev/DATAFEED.Tests.dll" adapterTypeName="Microsoft.VisualStudio.TestTools.TestTypes.Unit.UnitTestAdapter, Microsoft.VisualStudio.QualityTools.Tips.UnitTest.Adapter, Version=12.0.0.0, Culture=neutral, PublicKeyToken=b03f5f7f11d50a3a" className="DATAFEED.Tests.SchemaXsdTest, DATAFEED.Tests, Version=1.0.0.0, Culture=neutral, PublicKeyToken=null" name="DataMultiSpace" />
    </UnitTest>
    <UnitTest name="TestSampleNotFirstError" storage=".\datafeed.tests\bin\dev\datafeed.tests.dll" id="22987bd6-0938-a737-436f-38ba523cce04">
      <Execution timeOut="1800000" id="484e0b5c-57dd-4478-aca6-56a1e140c5e8" />
      <TestMethod codeBase="E:/Jenkins/workspace/DataEngine/DATAFEED.Tests/DATAFEED.Tests/bin/Dev/DATAFEED.Tests.dll" adapterTypeName="Microsoft.VisualStudio.TestTools.TestTypes.Unit.UnitTestAdapter, Microsoft.VisualStudio.QualityTools.Tips.UnitTest.Adapter, Version=12.0.0.0, Culture=neutral, PublicKeyToken=b03f5f7f11d50a3a" className="DATAFEED.Tests.Sample, DATAFEED.Tests, Version=1.0.0.0, Culture=neutral, PublicKeyToken=null" name="TestSampleNotFirstError" />
    </UnitTest>
    <UnitTest name="GroupForbidden" storage=".\datafeed.tests\bin\dev\datafeed.tests.dll" id="0ac18853-b835-137c-01c3-11c74eda6288">
      <Execution timeOut="1800000" id="274fcffd-3b6d-4569-afa8-5423cc1364ca" />
      <TestMethod codeBase="E:/Jenkins/workspace/DataEngine/DATAFEED.Tests/DATAFEED.Tests/bin/Dev/DATAFEED.Tests.dll" adapterTypeName="Microsoft.VisualStudio.TestTools.TestTypes.Unit.UnitTestAdapter, Microsoft.VisualStudio.QualityTools.Tips.UnitTest.Adapter, Version=12.0.0.0, Culture=neutral, PublicKeyToken=b03f5f7f11d50a3a" className="DATAFEED.Tests.MaxDate, DATAFEED.Tests, Version=1.0.0.0, Culture=neutral, PublicKeyToken=null" name="GroupForbidden" />
    </UnitTest>
    <UnitTest name="SegmentWithPeriod" storage=".\datafeed.tests\bin\dev\datafeed.tests.dll" id="8b9d20b7-9910-1e0c-2ec6-81b41392c20a">
      <Execution timeOut="1800000" id="0928c4bc-217c-4eaa-8905-9dca6152e456" />
      <TestMethod codeBase="E:/Jenkins/workspace/DataEngine/DATAFEED.Tests/DATAFEED.Tests/bin/Dev/DATAFEED.Tests.dll" adapterTypeName="Microsoft.VisualStudio.TestTools.TestTypes.Unit.UnitTestAdapter, Microsoft.VisualStudio.QualityTools.Tips.UnitTest.Adapter, Version=12.0.0.0, Culture=neutral, PublicKeyToken=b03f5f7f11d50a3a" className="DATAFEED.Tests.Segment, DATAFEED.Tests, Version=1.0.0.0, Culture=neutral, PublicKeyToken=null" name="SegmentWithPeriod" />
    </UnitTest>
    <UnitTest name="TestComplexArbo" storage=".\datafeed.tests\bin\dev\datafeed.tests.dll" id="fb59568b-04bd-c54d-79a5-a1a27bbaf236">
      <Execution timeOut="1800000" id="6dba2065-0cb9-485e-a772-f8a794203193" />
      <TestMethod codeBase="E:/Jenkins/workspace/DataEngine/DATAFEED.Tests/DATAFEED.Tests/bin/Dev/DATAFEED.Tests.dll" adapterTypeName="Microsoft.VisualStudio.TestTools.TestTypes.Unit.UnitTestAdapter, Microsoft.VisualStudio.QualityTools.Tips.UnitTest.Adapter, Version=12.0.0.0, Culture=neutral, PublicKeyToken=b03f5f7f11d50a3a" className="DATAFEED.Tests.Arbo, DATAFEED.Tests, Version=1.0.0.0, Culture=neutral, PublicKeyToken=null" name="TestComplexArbo" />
    </UnitTest>
    <UnitTest name="SimpleIqy" storage=".\datafeed.tests\bin\dev\datafeed.tests.dll" id="5d65a267-6223-97cf-1c7f-3cd8a7e75388">
      <Execution timeOut="1800000" id="f1864579-d795-415d-b9a3-c562d6cf2af7" />
      <TestMethod codeBase="E:/Jenkins/workspace/DataEngine/DATAFEED.Tests/DATAFEED.Tests/bin/Dev/DATAFEED.Tests.dll" adapterTypeName="Microsoft.VisualStudio.TestTools.TestTypes.Unit.UnitTestAdapter, Microsoft.VisualStudio.QualityTools.Tips.UnitTest.Adapter, Version=12.0.0.0, Culture=neutral, PublicKeyToken=b03f5f7f11d50a3a" className="DATAFEED.Tests.IqyAlias, DATAFEED.Tests, Version=1.0.0.0, Culture=neutral, PublicKeyToken=null" name="SimpleIqy" />
    </UnitTest>
    <UnitTest name="MultiPeriodStartOrEndAfterToday" storage=".\datafeed.tests\bin\dev\datafeed.tests.dll" id="98e3d077-f8da-c4ea-8897-f681629ec860">
      <Execution timeOut="1800000" id="f17616d7-0284-4637-9db1-08059af64eee" />
      <TestMethod codeBase="E:/Jenkins/workspace/DataEngine/DATAFEED.Tests/DATAFEED.Tests/bin/Dev/DATAFEED.Tests.dll" adapterTypeName="Microsoft.VisualStudio.TestTools.TestTypes.Unit.UnitTestAdapter, Microsoft.VisualStudio.QualityTools.Tips.UnitTest.Adapter, Version=12.0.0.0, Culture=neutral, PublicKeyToken=b03f5f7f11d50a3a" className="DATAFEED.Tests.Period, DATAFEED.Tests, Version=1.0.0.0, Culture=neutral, PublicKeyToken=null" name="MultiPeriodStartOrEndAfterToday" />
    </UnitTest>
    <UnitTest name="GeoMultiSiteNoRealTime" storage=".\datafeed.tests\bin\dev\datafeed.tests.dll" id="5184bc3f-d89d-1803-ff50-bec3bff521b1">
      <Execution timeOut="1800000" id="572a4475-5b35-400d-a55e-a802abc64a23" />
      <TestMethod codeBase="E:/Jenkins/workspace/DataEngine/DATAFEED.Tests/DATAFEED.Tests/bin/Dev/DATAFEED.Tests.dll" adapterTypeName="Microsoft.VisualStudio.TestTools.TestTypes.Unit.UnitTestAdapter, Microsoft.VisualStudio.QualityTools.Tips.UnitTest.Adapter, Version=12.0.0.0, Culture=neutral, PublicKeyToken=b03f5f7f11d50a3a" className="DATAFEED.Tests.SmartcacheDesc, DATAFEED.Tests, Version=1.0.0.0, Culture=neutral, PublicKeyToken=null" name="GeoMultiSiteNoRealTime" />
    </UnitTest>
    <UnitTest name="ExtractSimple" storage=".\datafeed.tests\bin\dev\datafeed.tests.dll" id="9694e284-ef79-0425-9447-f4b76386e9f5">
      <Execution timeOut="1800000" id="c1307726-a8b8-4e54-895d-41d1729c6ac8" />
      <TestMethod codeBase="E:/Jenkins/workspace/DataEngine/DATAFEED.Tests/DATAFEED.Tests/bin/Dev/DATAFEED.Tests.dll" adapterTypeName="Microsoft.VisualStudio.TestTools.TestTypes.Unit.UnitTestAdapter, Microsoft.VisualStudio.QualityTools.Tips.UnitTest.Adapter, Version=12.0.0.0, Culture=neutral, PublicKeyToken=b03f5f7f11d50a3a" className="DATAFEED.Tests.Extract, DATAFEED.Tests, Version=1.0.0.0, Culture=neutral, PublicKeyToken=null" name="ExtractSimple" />
    </UnitTest>
    <UnitTest name="TestPeriod_M_Evo_M" storage=".\datafeed.tests\bin\dev\datafeed.tests.dll" id="496dbfed-21f1-e29a-5ec0-6c79c9b2f830">
      <Execution timeOut="1800000" id="47961899-67d3-4ebe-abc8-d1fc2a77a786" />
      <TestMethod codeBase="E:/Jenkins/workspace/DataEngine/DATAFEED.Tests/DATAFEED.Tests/bin/Dev/DATAFEED.Tests.dll" adapterTypeName="Microsoft.VisualStudio.TestTools.TestTypes.Unit.UnitTestAdapter, Microsoft.VisualStudio.QualityTools.Tips.UnitTest.Adapter, Version=12.0.0.0, Culture=neutral, PublicKeyToken=b03f5f7f11d50a3a" className="DATAFEED.Tests.Evolution, DATAFEED.Tests, Version=1.0.0.0, Culture=neutral, PublicKeyToken=null" name="TestPeriod_M_Evo_M" />
    </UnitTest>
    <UnitTest name="GeoMultiSiteNoMaxdatePerf" storage=".\datafeed.tests\bin\dev\datafeed.tests.dll" id="f225b951-1a01-7b06-a310-88f3b210469e">
      <Execution timeOut="1800000" id="2b35c9b1-66a8-4f63-a8ef-ab97b93ed2e2" />
      <TestMethod codeBase="E:/Jenkins/workspace/DataEngine/DATAFEED.Tests/DATAFEED.Tests/bin/Dev/DATAFEED.Tests.dll" adapterTypeName="Microsoft.VisualStudio.TestTools.TestTypes.Unit.UnitTestAdapter, Microsoft.VisualStudio.QualityTools.Tips.UnitTest.Adapter, Version=12.0.0.0, Culture=neutral, PublicKeyToken=b03f5f7f11d50a3a" className="DATAFEED.Tests.SmartcacheDesc, DATAFEED.Tests, Version=1.0.0.0, Culture=neutral, PublicKeyToken=null" name="GeoMultiSiteNoMaxdatePerf" />
    </UnitTest>
    <UnitTest name="JsonRowCountMultiperiod" storage=".\datafeed.tests\bin\dev\datafeed.tests.dll" id="925ed78b-5e82-1960-ecaf-7bf13652871c">
      <Execution timeOut="1800000" id="bdc87a30-d3b1-4214-8be9-ef31db38d68f" />
      <TestMethod codeBase="E:/Jenkins/workspace/DataEngine/DATAFEED.Tests/DATAFEED.Tests/bin/Dev/DATAFEED.Tests.dll" adapterTypeName="Microsoft.VisualStudio.TestTools.TestTypes.Unit.UnitTestAdapter, Microsoft.VisualStudio.QualityTools.Tips.UnitTest.Adapter, Version=12.0.0.0, Culture=neutral, PublicKeyToken=b03f5f7f11d50a3a" className="DATAFEED.Tests.GetRowCount, DATAFEED.Tests, Version=1.0.0.0, Culture=neutral, PublicKeyToken=null" name="JsonRowCountMultiperiod" />
    </UnitTest>
    <UnitTest name="DisableCacheFromQuerystring" storage=".\datafeed.tests\bin\dev\datafeed.tests.dll" id="df22f09a-d529-ba42-2b2b-84d248cb2449">
      <Execution timeOut="1800000" id="47f59c5e-9480-4345-ba9d-7bfc4769dce4" />
      <TestMethod codeBase="E:/Jenkins/workspace/DataEngine/DATAFEED.Tests/DATAFEED.Tests/bin/Dev/DATAFEED.Tests.dll" adapterTypeName="Microsoft.VisualStudio.TestTools.TestTypes.Unit.UnitTestAdapter, Microsoft.VisualStudio.QualityTools.Tips.UnitTest.Adapter, Version=12.0.0.0, Culture=neutral, PublicKeyToken=b03f5f7f11d50a3a" className="DATAFEED.Tests.HttpQuerystring, DATAFEED.Tests, Version=1.0.0.0, Culture=neutral, PublicKeyToken=null" name="DisableCacheFromQuerystring" />
    </UnitTest>
    <UnitTest name="SummablePieSourceColumns" storage=".\datafeed.tests\bin\dev\datafeed.tests.dll" id="2c2436f0-9bdc-edd7-5421-c21c039f5c56">
      <Execution timeOut="1800000" id="9307c398-5066-471d-94a4-d6f09cb770c6" />
      <TestMethod codeBase="E:/Jenkins/workspace/DataEngine/DATAFEED.Tests/DATAFEED.Tests/bin/Dev/DATAFEED.Tests.dll" adapterTypeName="Microsoft.VisualStudio.TestTools.TestTypes.Unit.UnitTestAdapter, Microsoft.VisualStudio.QualityTools.Tips.UnitTest.Adapter, Version=12.0.0.0, Culture=neutral, PublicKeyToken=b03f5f7f11d50a3a" className="DATAFEED.Tests.SummablePie, DATAFEED.Tests, Version=1.0.0.0, Culture=neutral, PublicKeyToken=null" name="SummablePieSourceColumns" />
    </UnitTest>
    <UnitTest name="TestMaxResultLimit" storage=".\datafeed.tests\bin\dev\datafeed.tests.dll" id="ab1aa686-878d-31ea-63d4-eb727cc5348c">
      <Execution timeOut="1800000" id="0e3ae4a6-bbd1-4a1f-b216-a8fcd7a4ed4b" />
      <TestMethod codeBase="E:/Jenkins/workspace/DataEngine/DATAFEED.Tests/DATAFEED.Tests/bin/Dev/DATAFEED.Tests.dll" adapterTypeName="Microsoft.VisualStudio.TestTools.TestTypes.Unit.UnitTestAdapter, Microsoft.VisualStudio.QualityTools.Tips.UnitTest.Adapter, Version=12.0.0.0, Culture=neutral, PublicKeyToken=b03f5f7f11d50a3a" className="DATAFEED.Tests.Evolution, DATAFEED.Tests, Version=1.0.0.0, Culture=neutral, PublicKeyToken=null" name="TestMaxResultLimit" />
    </UnitTest>
    <UnitTest name="MultiSpaceWithS2AndS3" storage=".\datafeed.tests\bin\dev\datafeed.tests.dll" id="41fa32ba-0cfd-e86e-bb37-577f9a62e49d">
      <Execution timeOut="1800000" id="2f08b869-c519-4166-b38a-acce195f8437" />
      <TestMethod codeBase="E:/Jenkins/workspace/DataEngine/DATAFEED.Tests/DATAFEED.Tests/bin/Dev/DATAFEED.Tests.dll" adapterTypeName="Microsoft.VisualStudio.TestTools.TestTypes.Unit.UnitTestAdapter, Microsoft.VisualStudio.QualityTools.Tips.UnitTest.Adapter, Version=12.0.0.0, Culture=neutral, PublicKeyToken=b03f5f7f11d50a3a" className="DATAFEED.Tests.MultiSpace, DATAFEED.Tests, Version=1.0.0.0, Culture=neutral, PublicKeyToken=null" name="MultiSpaceWithS2AndS3" />
    </UnitTest>
    <UnitTest name="TestSampleArbo" storage=".\datafeed.tests\bin\dev\datafeed.tests.dll" id="356977a9-a7c8-28c7-d6bf-c517b2e7f381">
      <Execution timeOut="1800000" id="1c14b609-d4cc-415b-a306-bfc1a296b240" />
      <TestMethod codeBase="E:/Jenkins/workspace/DataEngine/DATAFEED.Tests/DATAFEED.Tests/bin/Dev/DATAFEED.Tests.dll" adapterTypeName="Microsoft.VisualStudio.TestTools.TestTypes.Unit.UnitTestAdapter, Microsoft.VisualStudio.QualityTools.Tips.UnitTest.Adapter, Version=12.0.0.0, Culture=neutral, PublicKeyToken=b03f5f7f11d50a3a" className="DATAFEED.Tests.Sample, DATAFEED.Tests, Version=1.0.0.0, Culture=neutral, PublicKeyToken=null" name="TestSampleArbo" />
    </UnitTest>
    <UnitTest name="MultiSpaceVarForbidden" storage=".\datafeed.tests\bin\dev\datafeed.tests.dll" id="f937cb89-f2b8-92a9-e35b-44c7e59a615a">
      <Execution timeOut="1800000" id="bc4ca9c6-4a1a-42dd-b2eb-61023572c081" />
      <TestMethod codeBase="E:/Jenkins/workspace/DataEngine/DATAFEED.Tests/DATAFEED.Tests/bin/Dev/DATAFEED.Tests.dll" adapterTypeName="Microsoft.VisualStudio.TestTools.TestTypes.Unit.UnitTestAdapter, Microsoft.VisualStudio.QualityTools.Tips.UnitTest.Adapter, Version=12.0.0.0, Culture=neutral, PublicKeyToken=b03f5f7f11d50a3a" className="DATAFEED.Tests.MultiSpace, DATAFEED.Tests, Version=1.0.0.0, Culture=neutral, PublicKeyToken=null" name="MultiSpaceVarForbidden" />
    </UnitTest>
    <UnitTest name="InOperator" storage=".\datafeed.tests\bin\dev\datafeed.tests.dll" id="1b37fb7c-273b-aa21-d126-191b0b5e2266">
      <Execution timeOut="1800000" id="83973b18-ad05-420e-ba3d-791ca9c5ff41" />
      <TestMethod codeBase="E:/Jenkins/workspace/DataEngine/DATAFEED.Tests/DATAFEED.Tests/bin/Dev/DATAFEED.Tests.dll" adapterTypeName="Microsoft.VisualStudio.TestTools.TestTypes.Unit.UnitTestAdapter, Microsoft.VisualStudio.QualityTools.Tips.UnitTest.Adapter, Version=12.0.0.0, Culture=neutral, PublicKeyToken=b03f5f7f11d50a3a" className="DATAFEED.Tests.Filter, DATAFEED.Tests, Version=1.0.0.0, Culture=neutral, PublicKeyToken=null" name="InOperator" />
    </UnitTest>
    <UnitTest name="Espanol" storage=".\datafeed.tests\bin\dev\datafeed.tests.dll" id="f05de893-5efe-50dd-c37d-656fc7e3d8f9">
      <Execution timeOut="1800000" id="d09725f2-e659-44c9-ba63-44cfb01afd8d" />
      <TestMethod codeBase="E:/Jenkins/workspace/DataEngine/DATAFEED.Tests/DATAFEED.Tests/bin/Dev/DATAFEED.Tests.dll" adapterTypeName="Microsoft.VisualStudio.TestTools.TestTypes.Unit.UnitTestAdapter, Microsoft.VisualStudio.QualityTools.Tips.UnitTest.Adapter, Version=12.0.0.0, Culture=neutral, PublicKeyToken=b03f5f7f11d50a3a" className="DATAFEED.Tests.Language, DATAFEED.Tests, Version=1.0.0.0, Culture=neutral, PublicKeyToken=null" name="Espanol" />
    </UnitTest>
    <UnitTest name="TestReference" storage=".\datafeed.tests\bin\dev\datafeed.tests.dll" id="894e1005-9efe-2489-6cb4-f498b4820c18">
      <Execution timeOut="1800000" id="4e8e5db8-abaf-47fe-b385-58049c8e35ab" />
      <TestMethod codeBase="E:/Jenkins/workspace/DataEngine/DATAFEED.Tests/DATAFEED.Tests/bin/Dev/DATAFEED.Tests.dll" adapterTypeName="Microsoft.VisualStudio.TestTools.TestTypes.Unit.UnitTestAdapter, Microsoft.VisualStudio.QualityTools.Tips.UnitTest.Adapter, Version=12.0.0.0, Culture=neutral, PublicKeyToken=b03f5f7f11d50a3a" className="DATAFEED.Tests.References, DATAFEED.Tests, Version=1.0.0.0, Culture=neutral, PublicKeyToken=null" name="TestReference" />
    </UnitTest>
    <UnitTest name="EvoB100Mode" storage=".\datafeed.tests\bin\dev\datafeed.tests.dll" id="587a971c-50d0-529b-b4a1-65a8a8ede49e">
      <Execution timeOut="1800000" id="bbbbd462-2879-4111-b497-906dab59af5c" />
      <TestMethod codeBase="E:/Jenkins/workspace/DataEngine/DATAFEED.Tests/DATAFEED.Tests/bin/Dev/DATAFEED.Tests.dll" adapterTypeName="Microsoft.VisualStudio.TestTools.TestTypes.Unit.UnitTestAdapter, Microsoft.VisualStudio.QualityTools.Tips.UnitTest.Adapter, Version=12.0.0.0, Culture=neutral, PublicKeyToken=b03f5f7f11d50a3a" className="DATAFEED.Tests.Evolution, DATAFEED.Tests, Version=1.0.0.0, Culture=neutral, PublicKeyToken=null" name="EvoB100Mode" />
    </UnitTest>
    <UnitTest name="VariationNotaNumberTest" storage=".\datafeed.tests\bin\dev\datafeed.tests.dll" id="41cd5dd6-908f-93d1-b403-a0cd2d1c65c2">
      <Execution timeOut="1800000" id="7a906420-2627-4eb1-b6c4-694b33e5a184" />
      <TestMethod codeBase="E:/Jenkins/workspace/DataEngine/DATAFEED.Tests/DATAFEED.Tests/bin/Dev/DATAFEED.Tests.dll" adapterTypeName="Microsoft.VisualStudio.TestTools.TestTypes.Unit.UnitTestAdapter, Microsoft.VisualStudio.QualityTools.Tips.UnitTest.Adapter, Version=12.0.0.0, Culture=neutral, PublicKeyToken=b03f5f7f11d50a3a" className="DATAFEED.Tests.Variation, DATAFEED.Tests, Version=1.0.0.0, Culture=neutral, PublicKeyToken=null" name="VariationNotaNumberTest" />
    </UnitTest>
    <UnitTest name="SummablePiePageColumns" storage=".\datafeed.tests\bin\dev\datafeed.tests.dll" id="92a171e9-9e27-8916-9d0d-d683f81d6f4e">
      <Execution timeOut="1800000" id="97a4e12e-364d-41eb-9e3a-c6e3a525b694" />
      <TestMethod codeBase="E:/Jenkins/workspace/DataEngine/DATAFEED.Tests/DATAFEED.Tests/bin/Dev/DATAFEED.Tests.dll" adapterTypeName="Microsoft.VisualStudio.TestTools.TestTypes.Unit.UnitTestAdapter, Microsoft.VisualStudio.QualityTools.Tips.UnitTest.Adapter, Version=12.0.0.0, Culture=neutral, PublicKeyToken=b03f5f7f11d50a3a" className="DATAFEED.Tests.SummablePie, DATAFEED.Tests, Version=1.0.0.0, Culture=neutral, PublicKeyToken=null" name="SummablePiePageColumns" />
    </UnitTest>
    <UnitTest name="TestPeriod_M_Evo_D" storage=".\datafeed.tests\bin\dev\datafeed.tests.dll" id="45b7f4ae-2db6-7a2b-dae8-abb40584d8b4">
      <Execution timeOut="1800000" id="9a5d0e5b-c68e-4337-a29e-38a6d8679782" />
      <TestMethod codeBase="E:/Jenkins/workspace/DataEngine/DATAFEED.Tests/DATAFEED.Tests/bin/Dev/DATAFEED.Tests.dll" adapterTypeName="Microsoft.VisualStudio.TestTools.TestTypes.Unit.UnitTestAdapter, Microsoft.VisualStudio.QualityTools.Tips.UnitTest.Adapter, Version=12.0.0.0, Culture=neutral, PublicKeyToken=b03f5f7f11d50a3a" className="DATAFEED.Tests.Evolution, DATAFEED.Tests, Version=1.0.0.0, Culture=neutral, PublicKeyToken=null" name="TestPeriod_M_Evo_D" />
    </UnitTest>
    <UnitTest name="EvoSmart" storage=".\datafeed.tests\bin\dev\datafeed.tests.dll" id="979f37f1-304c-ed6b-89bf-dcb55df03f57">
      <Execution timeOut="1800000" id="ac14bb75-53ae-462f-bfd7-1cf126147b1e" />
      <TestMethod codeBase="E:/Jenkins/workspace/DataEngine/DATAFEED.Tests/DATAFEED.Tests/bin/Dev/DATAFEED.Tests.dll" adapterTypeName="Microsoft.VisualStudio.TestTools.TestTypes.Unit.UnitTestAdapter, Microsoft.VisualStudio.QualityTools.Tips.UnitTest.Adapter, Version=12.0.0.0, Culture=neutral, PublicKeyToken=b03f5f7f11d50a3a" className="DATAFEED.Tests.SmartDfq, DATAFEED.Tests, Version=1.0.0.0, Culture=neutral, PublicKeyToken=null" name="EvoSmart" />
    </UnitTest>
    <UnitTest name="TestMultiperiod" storage=".\datafeed.tests\bin\dev\datafeed.tests.dll" id="d3f12eb3-2156-49f8-0f61-d26a528302aa">
      <Execution timeOut="1800000" id="31cdac55-50cb-4d1b-a9a4-700b50105202" />
      <TestMethod codeBase="E:/Jenkins/workspace/DataEngine/DATAFEED.Tests/DATAFEED.Tests/bin/Dev/DATAFEED.Tests.dll" adapterTypeName="Microsoft.VisualStudio.TestTools.TestTypes.Unit.UnitTestAdapter, Microsoft.VisualStudio.QualityTools.Tips.UnitTest.Adapter, Version=12.0.0.0, Culture=neutral, PublicKeyToken=b03f5f7f11d50a3a" className="DATAFEED.Tests.Period, DATAFEED.Tests, Version=1.0.0.0, Culture=neutral, PublicKeyToken=null" name="TestMultiperiod" />
    </UnitTest>
    <UnitTest name="XmlRowCountMultiperiod" storage=".\datafeed.tests\bin\dev\datafeed.tests.dll" id="33066257-2b3a-0e09-77a8-04d072dd696b">
      <Execution timeOut="1800000" id="016a2f74-dd06-46d0-909d-87eec5c29e16" />
      <TestMethod codeBase="E:/Jenkins/workspace/DataEngine/DATAFEED.Tests/DATAFEED.Tests/bin/Dev/DATAFEED.Tests.dll" adapterTypeName="Microsoft.VisualStudio.TestTools.TestTypes.Unit.UnitTestAdapter, Microsoft.VisualStudio.QualityTools.Tips.UnitTest.Adapter, Version=12.0.0.0, Culture=neutral, PublicKeyToken=b03f5f7f11d50a3a" className="DATAFEED.Tests.GetRowCount, DATAFEED.Tests, Version=1.0.0.0, Culture=neutral, PublicKeyToken=null" name="XmlRowCountMultiperiod" />
    </UnitTest>
    <UnitTest name="IncorrectSyntaxInPeriodComma" storage=".\datafeed.tests\bin\dev\datafeed.tests.dll" id="8fc71176-8dc2-0878-bf1f-2e579f6ba7a0">
      <Execution timeOut="1800000" id="4a58c035-9e9f-499d-9479-d6f4f8409ca7" />
      <TestMethod codeBase="E:/Jenkins/workspace/DataEngine/DATAFEED.Tests/DATAFEED.Tests/bin/Dev/DATAFEED.Tests.dll" adapterTypeName="Microsoft.VisualStudio.TestTools.TestTypes.Unit.UnitTestAdapter, Microsoft.VisualStudio.QualityTools.Tips.UnitTest.Adapter, Version=12.0.0.0, Culture=neutral, PublicKeyToken=b03f5f7f11d50a3a" className="DATAFEED.Tests.Period, DATAFEED.Tests, Version=1.0.0.0, Culture=neutral, PublicKeyToken=null" name="IncorrectSyntaxInPeriodComma" />
    </UnitTest>
    <UnitTest name="NotEmptyOperator" storage=".\datafeed.tests\bin\dev\datafeed.tests.dll" id="79d5a100-6bff-dfac-a54d-088851aea2b9">
      <Execution timeOut="1800000" id="d8ab2a4e-a4d8-4b39-98df-e443b7779bee" />
      <TestMethod codeBase="E:/Jenkins/workspace/DataEngine/DATAFEED.Tests/DATAFEED.Tests/bin/Dev/DATAFEED.Tests.dll" adapterTypeName="Microsoft.VisualStudio.TestTools.TestTypes.Unit.UnitTestAdapter, Microsoft.VisualStudio.QualityTools.Tips.UnitTest.Adapter, Version=12.0.0.0, Culture=neutral, PublicKeyToken=b03f5f7f11d50a3a" className="DATAFEED.Tests.Filter, DATAFEED.Tests, Version=1.0.0.0, Culture=neutral, PublicKeyToken=null" name="NotEmptyOperator" />
    </UnitTest>
    <UnitTest name="Deutsch" storage=".\datafeed.tests\bin\dev\datafeed.tests.dll" id="ec046add-9f9f-9810-a25c-7a248e218df5">
      <Execution timeOut="1800000" id="6b83fcff-c59d-4ab6-8be9-c75fc536fc2b" />
      <TestMethod codeBase="E:/Jenkins/workspace/DataEngine/DATAFEED.Tests/DATAFEED.Tests/bin/Dev/DATAFEED.Tests.dll" adapterTypeName="Microsoft.VisualStudio.TestTools.TestTypes.Unit.UnitTestAdapter, Microsoft.VisualStudio.QualityTools.Tips.UnitTest.Adapter, Version=12.0.0.0, Culture=neutral, PublicKeyToken=b03f5f7f11d50a3a" className="DATAFEED.Tests.Language, DATAFEED.Tests, Version=1.0.0.0, Culture=neutral, PublicKeyToken=null" name="Deutsch" />
    </UnitTest>
    <UnitTest name="ManyL2s" storage=".\datafeed.tests\bin\dev\datafeed.tests.dll" id="9aa9ccdd-d185-e4cc-b135-082694f18504">
      <Execution timeOut="1800000" id="9b2e8ee2-1c35-4aee-ab93-85196d2036cf" />
      <TestMethod codeBase="E:/Jenkins/workspace/DataEngine/DATAFEED.Tests/DATAFEED.Tests/bin/Dev/DATAFEED.Tests.dll" adapterTypeName="Microsoft.VisualStudio.TestTools.TestTypes.Unit.UnitTestAdapter, Microsoft.VisualStudio.QualityTools.Tips.UnitTest.Adapter, Version=12.0.0.0, Culture=neutral, PublicKeyToken=b03f5f7f11d50a3a" className="DATAFEED.Tests.SiteLevel2, DATAFEED.Tests, Version=1.0.0.0, Culture=neutral, PublicKeyToken=null" name="ManyL2s" />
    </UnitTest>
    <UnitTest name="DataMultiPeriodTest" storage=".\datafeed.tests\bin\dev\datafeed.tests.dll" id="3d7b37e4-6bce-7da7-9f5a-f02bce0527a6">
      <Execution timeOut="1800000" id="27728229-1b04-4779-88a4-74bfc8913f76" />
      <TestMethod codeBase="E:/Jenkins/workspace/DataEngine/DATAFEED.Tests/DATAFEED.Tests/bin/Dev/DATAFEED.Tests.dll" adapterTypeName="Microsoft.VisualStudio.TestTools.TestTypes.Unit.UnitTestAdapter, Microsoft.VisualStudio.QualityTools.Tips.UnitTest.Adapter, Version=12.0.0.0, Culture=neutral, PublicKeyToken=b03f5f7f11d50a3a" className="DATAFEED.Tests.SchemaXsdTest, DATAFEED.Tests, Version=1.0.0.0, Culture=neutral, PublicKeyToken=null" name="DataMultiPeriodTest" />
    </UnitTest>
    <UnitTest name="ShortcodeV1Test" storage=".\datafeed.tests\bin\dev\datafeed.tests.dll" id="b567c390-826a-c213-39fa-78fa85e8672d">
      <Execution timeOut="1800000" id="2eea0331-3941-4443-8935-071c702ea3da" />
      <TestMethod codeBase="E:/Jenkins/workspace/DataEngine/DATAFEED.Tests/DATAFEED.Tests/bin/Dev/DATAFEED.Tests.dll" adapterTypeName="Microsoft.VisualStudio.TestTools.TestTypes.Unit.UnitTestAdapter, Microsoft.VisualStudio.QualityTools.Tips.UnitTest.Adapter, Version=12.0.0.0, Culture=neutral, PublicKeyToken=b03f5f7f11d50a3a" className="DATAFEED.Tests.Shortcode, DATAFEED.Tests, Version=1.0.0.0, Culture=neutral, PublicKeyToken=null" name="ShortcodeV1Test" />
    </UnitTest>
    <UnitTest name="GtOperator" storage=".\datafeed.tests\bin\dev\datafeed.tests.dll" id="8cc32e1f-79a3-4229-8259-0ecc134826dc">
      <Execution timeOut="1800000" id="20163d90-534b-49f8-9605-40958ba3fa9c" />
      <TestMethod codeBase="E:/Jenkins/workspace/DataEngine/DATAFEED.Tests/DATAFEED.Tests/bin/Dev/DATAFEED.Tests.dll" adapterTypeName="Microsoft.VisualStudio.TestTools.TestTypes.Unit.UnitTestAdapter, Microsoft.VisualStudio.QualityTools.Tips.UnitTest.Adapter, Version=12.0.0.0, Culture=neutral, PublicKeyToken=b03f5f7f11d50a3a" className="DATAFEED.Tests.Filter, DATAFEED.Tests, Version=1.0.0.0, Culture=neutral, PublicKeyToken=null" name="GtOperator" />
    </UnitTest>
    <UnitTest name="HtmlRowCountArbo" storage=".\datafeed.tests\bin\dev\datafeed.tests.dll" id="09f8dd0d-bcc8-a275-f047-9d207c5ecd14">
      <Execution timeOut="1800000" id="6cf96dfe-c4cb-43eb-8df1-18709965500d" />
      <TestMethod codeBase="E:/Jenkins/workspace/DataEngine/DATAFEED.Tests/DATAFEED.Tests/bin/Dev/DATAFEED.Tests.dll" adapterTypeName="Microsoft.VisualStudio.TestTools.TestTypes.Unit.UnitTestAdapter, Microsoft.VisualStudio.QualityTools.Tips.UnitTest.Adapter, Version=12.0.0.0, Culture=neutral, PublicKeyToken=b03f5f7f11d50a3a" className="DATAFEED.Tests.GetRowCount, DATAFEED.Tests, Version=1.0.0.0, Culture=neutral, PublicKeyToken=null" name="HtmlRowCountArbo" />
    </UnitTest>
    <UnitTest name="ShortcodeOverrideTest" storage=".\datafeed.tests\bin\dev\datafeed.tests.dll" id="f06e185d-e545-1144-27f9-799880d40c43">
      <Execution timeOut="1800000" id="24531106-638b-4aff-b7b4-17492e54caa9" />
      <TestMethod codeBase="E:/Jenkins/workspace/DataEngine/DATAFEED.Tests/DATAFEED.Tests/bin/Dev/DATAFEED.Tests.dll" adapterTypeName="Microsoft.VisualStudio.TestTools.TestTypes.Unit.UnitTestAdapter, Microsoft.VisualStudio.QualityTools.Tips.UnitTest.Adapter, Version=12.0.0.0, Culture=neutral, PublicKeyToken=b03f5f7f11d50a3a" className="DATAFEED.Tests.Shortcode, DATAFEED.Tests, Version=1.0.0.0, Culture=neutral, PublicKeyToken=null" name="ShortcodeOverrideTest" />
    </UnitTest>
    <UnitTest name="GetMaxDateHtml" storage=".\datafeed.tests\bin\dev\datafeed.tests.dll" id="aa948ef9-19d5-b5ec-b95f-cd600bdfc8ce">
      <Execution timeOut="1800000" id="52e91a5d-7307-4970-894c-d022cd1a9734" />
      <TestMethod codeBase="E:/Jenkins/workspace/DataEngine/DATAFEED.Tests/DATAFEED.Tests/bin/Dev/DATAFEED.Tests.dll" adapterTypeName="Microsoft.VisualStudio.TestTools.TestTypes.Unit.UnitTestAdapter, Microsoft.VisualStudio.QualityTools.Tips.UnitTest.Adapter, Version=12.0.0.0, Culture=neutral, PublicKeyToken=b03f5f7f11d50a3a" className="DATAFEED.Tests.MaxDate, DATAFEED.Tests, Version=1.0.0.0, Culture=neutral, PublicKeyToken=null" name="GetMaxDateHtml" />
    </UnitTest>
    <UnitTest name="SegmentNoDesc" storage=".\datafeed.tests\bin\dev\datafeed.tests.dll" id="05aacd61-87ee-94ae-da3c-dcde792a2d35">
      <Execution timeOut="1800000" id="a32f6cf1-b7c1-40e5-9aef-9c22f912f35f" />
      <TestMethod codeBase="E:/Jenkins/workspace/DataEngine/DATAFEED.Tests/DATAFEED.Tests/bin/Dev/DATAFEED.Tests.dll" adapterTypeName="Microsoft.VisualStudio.TestTools.TestTypes.Unit.UnitTestAdapter, Microsoft.VisualStudio.QualityTools.Tips.UnitTest.Adapter, Version=12.0.0.0, Culture=neutral, PublicKeyToken=b03f5f7f11d50a3a" className="DATAFEED.Tests.Segment, DATAFEED.Tests, Version=1.0.0.0, Culture=neutral, PublicKeyToken=null" name="SegmentNoDesc" />
    </UnitTest>
    <UnitTest name="TestEvoCase4" storage=".\datafeed.tests\bin\dev\datafeed.tests.dll" id="98335660-a248-606d-470c-6a3196b10e65">
      <Execution timeOut="1800000" id="848c4250-e2ab-4dd8-bb34-94dcc6904ab7" />
      <TestMethod codeBase="E:/Jenkins/workspace/DataEngine/DATAFEED.Tests/DATAFEED.Tests/bin/Dev/DATAFEED.Tests.dll" adapterTypeName="Microsoft.VisualStudio.TestTools.TestTypes.Unit.UnitTestAdapter, Microsoft.VisualStudio.QualityTools.Tips.UnitTest.Adapter, Version=12.0.0.0, Culture=neutral, PublicKeyToken=b03f5f7f11d50a3a" className="DATAFEED.Tests.Evolution, DATAFEED.Tests, Version=1.0.0.0, Culture=neutral, PublicKeyToken=null" name="TestEvoCase4" />
    </UnitTest>
    <UnitTest name="TestEvoMetricsEvoNotAllInColumns" storage=".\datafeed.tests\bin\dev\datafeed.tests.dll" id="f4530dd6-62b5-4bf5-9c3a-976af2d83646">
      <Execution timeOut="1800000" id="7bb563c0-c126-4427-9d77-5a0b5bbfc4e5" />
      <TestMethod codeBase="E:/Jenkins/workspace/DataEngine/DATAFEED.Tests/DATAFEED.Tests/bin/Dev/DATAFEED.Tests.dll" adapterTypeName="Microsoft.VisualStudio.TestTools.TestTypes.Unit.UnitTestAdapter, Microsoft.VisualStudio.QualityTools.Tips.UnitTest.Adapter, Version=12.0.0.0, Culture=neutral, PublicKeyToken=b03f5f7f11d50a3a" className="DATAFEED.Tests.Evolution, DATAFEED.Tests, Version=1.0.0.0, Culture=neutral, PublicKeyToken=null" name="TestEvoMetricsEvoNotAllInColumns" />
    </UnitTest>
    <UnitTest name="RatioMultiPeriod" storage=".\datafeed.tests\bin\dev\datafeed.tests.dll" id="72908cd7-a3b5-ccb1-0e04-d0de3b62c049">
      <Execution timeOut="1800000" id="46cae868-e037-404e-a681-8eff4b234a15" />
      <TestMethod codeBase="E:/Jenkins/workspace/DataEngine/DATAFEED.Tests/DATAFEED.Tests/bin/Dev/DATAFEED.Tests.dll" adapterTypeName="Microsoft.VisualStudio.TestTools.TestTypes.Unit.UnitTestAdapter, Microsoft.VisualStudio.QualityTools.Tips.UnitTest.Adapter, Version=12.0.0.0, Culture=neutral, PublicKeyToken=b03f5f7f11d50a3a" className="DATAFEED.Tests.Ratio, DATAFEED.Tests, Version=1.0.0.0, Culture=neutral, PublicKeyToken=null" name="RatioMultiPeriod" />
    </UnitTest>
    <UnitTest name="FilterCyrilic" storage=".\datafeed.tests\bin\dev\datafeed.tests.dll" id="dc42c9e7-4d9a-57bf-693e-09af640d32cf">
      <Execution timeOut="1800000" id="5819b47a-64da-484f-ac6b-c3ce3d8a6787" />
      <TestMethod codeBase="E:/Jenkins/workspace/DataEngine/DATAFEED.Tests/DATAFEED.Tests/bin/Dev/DATAFEED.Tests.dll" adapterTypeName="Microsoft.VisualStudio.TestTools.TestTypes.Unit.UnitTestAdapter, Microsoft.VisualStudio.QualityTools.Tips.UnitTest.Adapter, Version=12.0.0.0, Culture=neutral, PublicKeyToken=b03f5f7f11d50a3a" className="DATAFEED.Tests.Filter, DATAFEED.Tests, Version=1.0.0.0, Culture=neutral, PublicKeyToken=null" name="FilterCyrilic" />
    </UnitTest>
    <UnitTest name="FilterWithQuote" storage=".\datafeed.tests\bin\dev\datafeed.tests.dll" id="73e915cf-4a05-d1b4-c236-a278c89aa0f5">
      <Execution timeOut="1800000" id="f8f60748-6867-4e8a-9b6c-8504ec5fcd4b" />
      <TestMethod codeBase="E:/Jenkins/workspace/DataEngine/DATAFEED.Tests/DATAFEED.Tests/bin/Dev/DATAFEED.Tests.dll" adapterTypeName="Microsoft.VisualStudio.TestTools.TestTypes.Unit.UnitTestAdapter, Microsoft.VisualStudio.QualityTools.Tips.UnitTest.Adapter, Version=12.0.0.0, Culture=neutral, PublicKeyToken=b03f5f7f11d50a3a" className="DATAFEED.Tests.Filter, DATAFEED.Tests, Version=1.0.0.0, Culture=neutral, PublicKeyToken=null" name="FilterWithQuote" />
    </UnitTest>
    <UnitTest name="MaxResultsLessOrEqual100" storage=".\datafeed.tests\bin\dev\datafeed.tests.dll" id="e98a1379-915f-65b7-9eee-601233ea5615">
      <Execution timeOut="1800000" id="4b86f385-e1cf-4862-9273-de580b56094f" />
      <TestMethod codeBase="E:/Jenkins/workspace/DataEngine/DATAFEED.Tests/DATAFEED.Tests/bin/Dev/DATAFEED.Tests.dll" adapterTypeName="Microsoft.VisualStudio.TestTools.TestTypes.Unit.UnitTestAdapter, Microsoft.VisualStudio.QualityTools.Tips.UnitTest.Adapter, Version=12.0.0.0, Culture=neutral, PublicKeyToken=b03f5f7f11d50a3a" className="DATAFEED.Tests.Period, DATAFEED.Tests, Version=1.0.0.0, Culture=neutral, PublicKeyToken=null" name="MaxResultsLessOrEqual100" />
    </UnitTest>
    <UnitTest name="OverrideAbsolutePathApiUser" storage=".\datafeed.tests\bin\dev\datafeed.tests.dll" id="0ddec494-5eac-96c5-7aa0-6d7836376ecb">
      <Execution timeOut="1800000" id="99c9ea23-03f8-410f-8f83-e2eaca050ab3" />
      <TestMethod codeBase="E:/Jenkins/workspace/DataEngine/DATAFEED.Tests/DATAFEED.Tests/bin/Dev/DATAFEED.Tests.dll" adapterTypeName="Microsoft.VisualStudio.TestTools.TestTypes.Unit.UnitTestAdapter, Microsoft.VisualStudio.QualityTools.Tips.UnitTest.Adapter, Version=12.0.0.0, Culture=neutral, PublicKeyToken=b03f5f7f11d50a3a" className="DATAFEED.Tests.CompteApi, DATAFEED.Tests, Version=1.0.0.0, Culture=neutral, PublicKeyToken=null" name="OverrideAbsolutePathApiUser" />
    </UnitTest>
    <UnitTest name="SiteNoAccess" storage=".\datafeed.tests\bin\dev\datafeed.tests.dll" id="5ca02af6-2bbd-5fc9-8bac-58a8a4c3329b">
      <Execution timeOut="1800000" id="8fa6697f-65d6-4cf4-ac41-3f2b78fe3999" />
      <TestMethod codeBase="E:/Jenkins/workspace/DataEngine/DATAFEED.Tests/DATAFEED.Tests/bin/Dev/DATAFEED.Tests.dll" adapterTypeName="Microsoft.VisualStudio.TestTools.TestTypes.Unit.UnitTestAdapter, Microsoft.VisualStudio.QualityTools.Tips.UnitTest.Adapter, Version=12.0.0.0, Culture=neutral, PublicKeyToken=b03f5f7f11d50a3a" className="DATAFEED.Tests.MaxDate, DATAFEED.Tests, Version=1.0.0.0, Culture=neutral, PublicKeyToken=null" name="SiteNoAccess" />
    </UnitTest>
    <UnitTest name="SiteNoAccess" storage=".\datafeed.tests\bin\dev\datafeed.tests.dll" id="febbed5c-6aca-d7ef-4ab9-db376e27449c">
      <Execution timeOut="1800000" id="6e1c2e61-e348-4e53-bfc9-eb9f90b73754" />
      <TestMethod codeBase="E:/Jenkins/workspace/DataEngine/DATAFEED.Tests/DATAFEED.Tests/bin/Dev/DATAFEED.Tests.dll" adapterTypeName="Microsoft.VisualStudio.TestTools.TestTypes.Unit.UnitTestAdapter, Microsoft.VisualStudio.QualityTools.Tips.UnitTest.Adapter, Version=12.0.0.0, Culture=neutral, PublicKeyToken=b03f5f7f11d50a3a" className="DATAFEED.Tests.Space, DATAFEED.Tests, Version=1.0.0.0, Culture=neutral, PublicKeyToken=null" name="SiteNoAccess" />
    </UnitTest>
    <UnitTest name="LteOperator" storage=".\datafeed.tests\bin\dev\datafeed.tests.dll" id="e53eb1be-9138-7f07-e34d-94c2078063cd">
      <Execution timeOut="1800000" id="c064cf0d-1455-45f2-ae5b-6d1f06647833" />
      <TestMethod codeBase="E:/Jenkins/workspace/DataEngine/DATAFEED.Tests/DATAFEED.Tests/bin/Dev/DATAFEED.Tests.dll" adapterTypeName="Microsoft.VisualStudio.TestTools.TestTypes.Unit.UnitTestAdapter, Microsoft.VisualStudio.QualityTools.Tips.UnitTest.Adapter, Version=12.0.0.0, Culture=neutral, PublicKeyToken=b03f5f7f11d50a3a" className="DATAFEED.Tests.Filter, DATAFEED.Tests, Version=1.0.0.0, Culture=neutral, PublicKeyToken=null" name="LteOperator" />
    </UnitTest>
    <UnitTest name="OverrideBadParameterUrlApiUser" storage=".\datafeed.tests\bin\dev\datafeed.tests.dll" id="bf547122-6d88-c2e3-2805-5a65d8cb8909">
      <Execution timeOut="1800000" id="68def0f8-7f88-4fb7-abdb-2bcbc823c85f" />
      <TestMethod codeBase="E:/Jenkins/workspace/DataEngine/DATAFEED.Tests/DATAFEED.Tests/bin/Dev/DATAFEED.Tests.dll" adapterTypeName="Microsoft.VisualStudio.TestTools.TestTypes.Unit.UnitTestAdapter, Microsoft.VisualStudio.QualityTools.Tips.UnitTest.Adapter, Version=12.0.0.0, Culture=neutral, PublicKeyToken=b03f5f7f11d50a3a" className="DATAFEED.Tests.CompteApi, DATAFEED.Tests, Version=1.0.0.0, Culture=neutral, PublicKeyToken=null" name="OverrideBadParameterUrlApiUser" />
    </UnitTest>
    <UnitTest name="DataEvoTest" storage=".\datafeed.tests\bin\dev\datafeed.tests.dll" id="a7a877f5-10ed-992a-e899-bc6ea9d2aa43">
      <Execution timeOut="1800000" id="aece629b-7f82-4409-aea8-27a5d8790fc3" />
      <TestMethod codeBase="E:/Jenkins/workspace/DataEngine/DATAFEED.Tests/DATAFEED.Tests/bin/Dev/DATAFEED.Tests.dll" adapterTypeName="Microsoft.VisualStudio.TestTools.TestTypes.Unit.UnitTestAdapter, Microsoft.VisualStudio.QualityTools.Tips.UnitTest.Adapter, Version=12.0.0.0, Culture=neutral, PublicKeyToken=b03f5f7f11d50a3a" className="DATAFEED.Tests.SchemaXsdTest, DATAFEED.Tests, Version=1.0.0.0, Culture=neutral, PublicKeyToken=null" name="DataEvoTest" />
    </UnitTest>
    <UnitTest name="VU_WithData" storage=".\datafeed.tests\bin\dev\datafeed.tests.dll" id="dc3ba7b3-35f3-aac5-228e-cfee730251c9">
      <Execution timeOut="1800000" id="d67417cd-3875-4cb9-a040-30c3559ca520" />
      <TestMethod codeBase="E:/Jenkins/workspace/DataEngine/DATAFEED.Tests/DATAFEED.Tests/bin/Dev/DATAFEED.Tests.dll" adapterTypeName="Microsoft.VisualStudio.TestTools.TestTypes.Unit.UnitTestAdapter, Microsoft.VisualStudio.QualityTools.Tips.UnitTest.Adapter, Version=12.0.0.0, Culture=neutral, PublicKeyToken=b03f5f7f11d50a3a" className="DATAFEED.Tests.VisitorUniqueGranularity, DATAFEED.Tests, Version=1.0.0.0, Culture=neutral, PublicKeyToken=null" name="VU_WithData" />
    </UnitTest>
    <UnitTest name="NotInlkwOperator" storage=".\datafeed.tests\bin\dev\datafeed.tests.dll" id="2ac3de9c-c153-bd87-9f02-775d4a41f3ee">
      <Execution timeOut="1800000" id="9abf8e4b-d788-427a-ac42-01b017d597a9" />
      <TestMethod codeBase="E:/Jenkins/workspace/DataEngine/DATAFEED.Tests/DATAFEED.Tests/bin/Dev/DATAFEED.Tests.dll" adapterTypeName="Microsoft.VisualStudio.TestTools.TestTypes.Unit.UnitTestAdapter, Microsoft.VisualStudio.QualityTools.Tips.UnitTest.Adapter, Version=12.0.0.0, Culture=neutral, PublicKeyToken=b03f5f7f11d50a3a" className="DATAFEED.Tests.Filter, DATAFEED.Tests, Version=1.0.0.0, Culture=neutral, PublicKeyToken=null" name="NotInlkwOperator" />
    </UnitTest>
    <UnitTest name="CheckOptionMultiSite" storage=".\datafeed.tests\bin\dev\datafeed.tests.dll" id="fe199e1a-f66b-2e56-007a-259e4461f00f">
      <Execution timeOut="1800000" id="1a9fb9e8-3ab4-4751-a8e3-2cd009eb6c65" />
      <TestMethod codeBase="E:/Jenkins/workspace/DataEngine/DATAFEED.Tests/DATAFEED.Tests/bin/Dev/DATAFEED.Tests.dll" adapterTypeName="Microsoft.VisualStudio.TestTools.TestTypes.Unit.UnitTestAdapter, Microsoft.VisualStudio.QualityTools.Tips.UnitTest.Adapter, Version=12.0.0.0, Culture=neutral, PublicKeyToken=b03f5f7f11d50a3a" className="DATAFEED.Tests.Space, DATAFEED.Tests, Version=1.0.0.0, Culture=neutral, PublicKeyToken=null" name="CheckOptionMultiSite" />
    </UnitTest>
    <UnitTest name="NotEqualOperator" storage=".\datafeed.tests\bin\dev\datafeed.tests.dll" id="389d4bc8-2dc8-b1e1-aec4-de2b40489262">
      <Execution timeOut="1800000" id="2e7fee87-c279-4801-9d64-2c53a2b25a71" />
      <TestMethod codeBase="E:/Jenkins/workspace/DataEngine/DATAFEED.Tests/DATAFEED.Tests/bin/Dev/DATAFEED.Tests.dll" adapterTypeName="Microsoft.VisualStudio.TestTools.TestTypes.Unit.UnitTestAdapter, Microsoft.VisualStudio.QualityTools.Tips.UnitTest.Adapter, Version=12.0.0.0, Culture=neutral, PublicKeyToken=b03f5f7f11d50a3a" className="DATAFEED.Tests.Filter, DATAFEED.Tests, Version=1.0.0.0, Culture=neutral, PublicKeyToken=null" name="NotEqualOperator" />
    </UnitTest>
    <UnitTest name="TestSimpleEvolutionMultiDim" storage=".\datafeed.tests\bin\dev\datafeed.tests.dll" id="95cce3c2-8304-e505-93ea-5f2dc9b745db">
      <Execution timeOut="1800000" id="ba9054cb-a711-4233-a1d7-e8ea2d6e4d5e" />
      <TestMethod codeBase="E:/Jenkins/workspace/DataEngine/DATAFEED.Tests/DATAFEED.Tests/bin/Dev/DATAFEED.Tests.dll" adapterTypeName="Microsoft.VisualStudio.TestTools.TestTypes.Unit.UnitTestAdapter, Microsoft.VisualStudio.QualityTools.Tips.UnitTest.Adapter, Version=12.0.0.0, Culture=neutral, PublicKeyToken=b03f5f7f11d50a3a" className="DATAFEED.Tests.Evolution, DATAFEED.Tests, Version=1.0.0.0, Culture=neutral, PublicKeyToken=null" name="TestSimpleEvolutionMultiDim" />
    </UnitTest>
    <UnitTest name="MultiPeriodFilterMetricOnlyOnP1" storage=".\datafeed.tests\bin\dev\datafeed.tests.dll" id="87ad9bb7-92a7-564e-ec40-dabcdec8c819">
      <Execution timeOut="1800000" id="0028e77a-1bdb-472c-8c3b-f59ff9e3c5a9" />
      <TestMethod codeBase="E:/Jenkins/workspace/DataEngine/DATAFEED.Tests/DATAFEED.Tests/bin/Dev/DATAFEED.Tests.dll" adapterTypeName="Microsoft.VisualStudio.TestTools.TestTypes.Unit.UnitTestAdapter, Microsoft.VisualStudio.QualityTools.Tips.UnitTest.Adapter, Version=12.0.0.0, Culture=neutral, PublicKeyToken=b03f5f7f11d50a3a" className="DATAFEED.Tests.Period, DATAFEED.Tests, Version=1.0.0.0, Culture=neutral, PublicKeyToken=null" name="MultiPeriodFilterMetricOnlyOnP1" />
    </UnitTest>
    <UnitTest name="TestPeriod_M_Evo_MN" storage=".\datafeed.tests\bin\dev\datafeed.tests.dll" id="ba20b277-715d-1607-0d20-0f8dca3933ee">
      <Execution timeOut="1800000" id="598adfb4-07fa-429a-9248-811649cb5b5a" />
      <TestMethod codeBase="E:/Jenkins/workspace/DataEngine/DATAFEED.Tests/DATAFEED.Tests/bin/Dev/DATAFEED.Tests.dll" adapterTypeName="Microsoft.VisualStudio.TestTools.TestTypes.Unit.UnitTestAdapter, Microsoft.VisualStudio.QualityTools.Tips.UnitTest.Adapter, Version=12.0.0.0, Culture=neutral, PublicKeyToken=b03f5f7f11d50a3a" className="DATAFEED.Tests.Evolution, DATAFEED.Tests, Version=1.0.0.0, Culture=neutral, PublicKeyToken=null" name="TestPeriod_M_Evo_MN" />
    </UnitTest>
    <UnitTest name="TotalDisplayedUnsommable" storage=".\datafeed.tests\bin\dev\datafeed.tests.dll" id="149b0bf4-abd8-35a2-8078-97c0d4912281">
      <Execution timeOut="1800000" id="915a1684-0a56-414b-b553-7670544caff0" />
      <TestMethod codeBase="E:/Jenkins/workspace/DataEngine/DATAFEED.Tests/DATAFEED.Tests/bin/Dev/DATAFEED.Tests.dll" adapterTypeName="Microsoft.VisualStudio.TestTools.TestTypes.Unit.UnitTestAdapter, Microsoft.VisualStudio.QualityTools.Tips.UnitTest.Adapter, Version=12.0.0.0, Culture=neutral, PublicKeyToken=b03f5f7f11d50a3a" className="DATAFEED.Tests.Total, DATAFEED.Tests, Version=1.0.0.0, Culture=neutral, PublicKeyToken=null" name="TotalDisplayedUnsommable" />
    </UnitTest>
    <UnitTest name="ErrorLteOperator" storage=".\datafeed.tests\bin\dev\datafeed.tests.dll" id="bfccc932-e2d3-11c7-f805-59c6e39cc0a7">
      <Execution timeOut="1800000" id="095ce777-e3a2-49ca-bba4-84c68d713dfa" />
      <TestMethod codeBase="E:/Jenkins/workspace/DataEngine/DATAFEED.Tests/DATAFEED.Tests/bin/Dev/DATAFEED.Tests.dll" adapterTypeName="Microsoft.VisualStudio.TestTools.TestTypes.Unit.UnitTestAdapter, Microsoft.VisualStudio.QualityTools.Tips.UnitTest.Adapter, Version=12.0.0.0, Culture=neutral, PublicKeyToken=b03f5f7f11d50a3a" className="DATAFEED.Tests.Filter, DATAFEED.Tests, Version=1.0.0.0, Culture=neutral, PublicKeyToken=null" name="ErrorLteOperator" />
    </UnitTest>
    <UnitTest name="MultiSpaceOnlyOnSite" storage=".\datafeed.tests\bin\dev\datafeed.tests.dll" id="5f52ee9d-ec3a-e615-7406-b93a476e3504">
      <Execution timeOut="1800000" id="c0e7d5bb-8adf-4bcc-9a7a-b39ddc05968f" />
      <TestMethod codeBase="E:/Jenkins/workspace/DataEngine/DATAFEED.Tests/DATAFEED.Tests/bin/Dev/DATAFEED.Tests.dll" adapterTypeName="Microsoft.VisualStudio.TestTools.TestTypes.Unit.UnitTestAdapter, Microsoft.VisualStudio.QualityTools.Tips.UnitTest.Adapter, Version=12.0.0.0, Culture=neutral, PublicKeyToken=b03f5f7f11d50a3a" className="DATAFEED.Tests.MultiSpace, DATAFEED.Tests, Version=1.0.0.0, Culture=neutral, PublicKeyToken=null" name="MultiSpaceOnlyOnSite" />
    </UnitTest>
    <UnitTest name="ExtractError" storage=".\datafeed.tests\bin\dev\datafeed.tests.dll" id="ff89072a-9491-6ce8-f2a3-4154781a2c10">
      <Execution timeOut="1800000" id="25f410dc-ef22-4420-be0c-9a5e7e006e90" />
      <TestMethod codeBase="E:/Jenkins/workspace/DataEngine/DATAFEED.Tests/DATAFEED.Tests/bin/Dev/DATAFEED.Tests.dll" adapterTypeName="Microsoft.VisualStudio.TestTools.TestTypes.Unit.UnitTestAdapter, Microsoft.VisualStudio.QualityTools.Tips.UnitTest.Adapter, Version=12.0.0.0, Culture=neutral, PublicKeyToken=b03f5f7f11d50a3a" className="DATAFEED.Tests.Extract, DATAFEED.Tests, Version=1.0.0.0, Culture=neutral, PublicKeyToken=null" name="ExtractError" />
    </UnitTest>
    <UnitTest name="JsonRowCountSimple" storage=".\datafeed.tests\bin\dev\datafeed.tests.dll" id="7fb6d605-2ce6-011b-fea3-624ce2af580f">
      <Execution timeOut="1800000" id="3ccd93fe-b4e0-4734-b8b2-14a443f3e27f" />
      <TestMethod codeBase="E:/Jenkins/workspace/DataEngine/DATAFEED.Tests/DATAFEED.Tests/bin/Dev/DATAFEED.Tests.dll" adapterTypeName="Microsoft.VisualStudio.TestTools.TestTypes.Unit.UnitTestAdapter, Microsoft.VisualStudio.QualityTools.Tips.UnitTest.Adapter, Version=12.0.0.0, Culture=neutral, PublicKeyToken=b03f5f7f11d50a3a" className="DATAFEED.Tests.GetRowCount, DATAFEED.Tests, Version=1.0.0.0, Culture=neutral, PublicKeyToken=null" name="JsonRowCountSimple" />
    </UnitTest>
    <UnitTest name="InvalidAccessHeaderAccessOKUrlApiUser" storage=".\datafeed.tests\bin\dev\datafeed.tests.dll" id="6263cef9-64ea-70ee-d9ba-c24eef453389">
      <Execution timeOut="1800000" id="e7776928-4334-4083-b9bf-09ae0ff6b54e" />
      <TestMethod codeBase="E:/Jenkins/workspace/DataEngine/DATAFEED.Tests/DATAFEED.Tests/bin/Dev/DATAFEED.Tests.dll" adapterTypeName="Microsoft.VisualStudio.TestTools.TestTypes.Unit.UnitTestAdapter, Microsoft.VisualStudio.QualityTools.Tips.UnitTest.Adapter, Version=12.0.0.0, Culture=neutral, PublicKeyToken=b03f5f7f11d50a3a" className="DATAFEED.Tests.CompteApi, DATAFEED.Tests, Version=1.0.0.0, Culture=neutral, PublicKeyToken=null" name="InvalidAccessHeaderAccessOKUrlApiUser" />
    </UnitTest>
    <UnitTest name="TestSimpleEvolution" storage=".\datafeed.tests\bin\dev\datafeed.tests.dll" id="7b67232a-f063-3eff-5699-da74704b7a02">
      <Execution timeOut="1800000" id="a54b9d0d-5828-4c69-88c7-92aa76f9e8a9" />
      <TestMethod codeBase="E:/Jenkins/workspace/DataEngine/DATAFEED.Tests/DATAFEED.Tests/bin/Dev/DATAFEED.Tests.dll" adapterTypeName="Microsoft.VisualStudio.TestTools.TestTypes.Unit.UnitTestAdapter, Microsoft.VisualStudio.QualityTools.Tips.UnitTest.Adapter, Version=12.0.0.0, Culture=neutral, PublicKeyToken=b03f5f7f11d50a3a" className="DATAFEED.Tests.Evolution, DATAFEED.Tests, Version=1.0.0.0, Culture=neutral, PublicKeyToken=null" name="TestSimpleEvolution" />
    </UnitTest>
    <UnitTest name="MultiPeriodInContext" storage=".\datafeed.tests\bin\dev\datafeed.tests.dll" id="666194c2-b3a1-15c0-a107-15ef45ce556a">
      <Execution timeOut="1800000" id="01816b29-20a8-466e-8c6c-4dce5a8fd117" />
      <TestMethod codeBase="E:/Jenkins/workspace/DataEngine/DATAFEED.Tests/DATAFEED.Tests/bin/Dev/DATAFEED.Tests.dll" adapterTypeName="Microsoft.VisualStudio.TestTools.TestTypes.Unit.UnitTestAdapter, Microsoft.VisualStudio.QualityTools.Tips.UnitTest.Adapter, Version=12.0.0.0, Culture=neutral, PublicKeyToken=b03f5f7f11d50a3a" className="DATAFEED.Tests.Context, DATAFEED.Tests, Version=1.0.0.0, Culture=neutral, PublicKeyToken=null" name="MultiPeriodInContext" />
    </UnitTest>
    <UnitTest name="XmlRowCountArbo" storage=".\datafeed.tests\bin\dev\datafeed.tests.dll" id="a49ff3c2-5b00-10e0-3dfe-350d32d5284d">
      <Execution timeOut="1800000" id="2ba810bc-28e1-4455-8b12-d33d7a8accb2" />
      <TestMethod codeBase="E:/Jenkins/workspace/DataEngine/DATAFEED.Tests/DATAFEED.Tests/bin/Dev/DATAFEED.Tests.dll" adapterTypeName="Microsoft.VisualStudio.TestTools.TestTypes.Unit.UnitTestAdapter, Microsoft.VisualStudio.QualityTools.Tips.UnitTest.Adapter, Version=12.0.0.0, Culture=neutral, PublicKeyToken=b03f5f7f11d50a3a" className="DATAFEED.Tests.GetRowCount, DATAFEED.Tests, Version=1.0.0.0, Culture=neutral, PublicKeyToken=null" name="XmlRowCountArbo" />
    </UnitTest>
    <UnitTest name="TestReferenceOnMultiPeriod" storage=".\datafeed.tests\bin\dev\datafeed.tests.dll" id="a834afdf-e2a5-6916-b881-4edd77a5d49f">
      <Execution timeOut="1800000" id="7f584e41-e839-4f8a-9833-50188e73a68f" />
      <TestMethod codeBase="E:/Jenkins/workspace/DataEngine/DATAFEED.Tests/DATAFEED.Tests/bin/Dev/DATAFEED.Tests.dll" adapterTypeName="Microsoft.VisualStudio.TestTools.TestTypes.Unit.UnitTestAdapter, Microsoft.VisualStudio.QualityTools.Tips.UnitTest.Adapter, Version=12.0.0.0, Culture=neutral, PublicKeyToken=b03f5f7f11d50a3a" className="DATAFEED.Tests.References, DATAFEED.Tests, Version=1.0.0.0, Culture=neutral, PublicKeyToken=null" name="TestReferenceOnMultiPeriod" />
    </UnitTest>
    <UnitTest name="BilanSite" storage=".\datafeed.tests\bin\dev\datafeed.tests.dll" id="0beb748f-45ba-c15c-ec6d-d38c7e0ca78d">
      <Execution timeOut="1800000" id="e7177917-a301-4555-8d75-26e87cbd2e17" />
      <TestMethod codeBase="E:/Jenkins/workspace/DataEngine/DATAFEED.Tests/DATAFEED.Tests/bin/Dev/DATAFEED.Tests.dll" adapterTypeName="Microsoft.VisualStudio.TestTools.TestTypes.Unit.UnitTestAdapter, Microsoft.VisualStudio.QualityTools.Tips.UnitTest.Adapter, Version=12.0.0.0, Culture=neutral, PublicKeyToken=b03f5f7f11d50a3a" className="DATAFEED.Tests.SmartcacheDesc, DATAFEED.Tests, Version=1.0.0.0, Culture=neutral, PublicKeyToken=null" name="BilanSite" />
    </UnitTest>
    <UnitTest name="OverrideUrlApiUser" storage=".\datafeed.tests\bin\dev\datafeed.tests.dll" id="dfacecdb-c191-9477-5a10-e5f38450b75d">
      <Execution timeOut="1800000" id="6a26a8a7-cf45-45f0-a14a-c0efde978104" />
      <TestMethod codeBase="E:/Jenkins/workspace/DataEngine/DATAFEED.Tests/DATAFEED.Tests/bin/Dev/DATAFEED.Tests.dll" adapterTypeName="Microsoft.VisualStudio.TestTools.TestTypes.Unit.UnitTestAdapter, Microsoft.VisualStudio.QualityTools.Tips.UnitTest.Adapter, Version=12.0.0.0, Culture=neutral, PublicKeyToken=b03f5f7f11d50a3a" className="DATAFEED.Tests.CompteApi, DATAFEED.Tests, Version=1.0.0.0, Culture=neutral, PublicKeyToken=null" name="OverrideUrlApiUser" />
    </UnitTest>
    <UnitTest name="MultiSpaceDifForbidden" storage=".\datafeed.tests\bin\dev\datafeed.tests.dll" id="663075ce-2eb1-584c-6564-c510419ea41c">
      <Execution timeOut="1800000" id="3425526c-c38c-4783-934a-1be714818304" />
      <TestMethod codeBase="E:/Jenkins/workspace/DataEngine/DATAFEED.Tests/DATAFEED.Tests/bin/Dev/DATAFEED.Tests.dll" adapterTypeName="Microsoft.VisualStudio.TestTools.TestTypes.Unit.UnitTestAdapter, Microsoft.VisualStudio.QualityTools.Tips.UnitTest.Adapter, Version=12.0.0.0, Culture=neutral, PublicKeyToken=b03f5f7f11d50a3a" className="DATAFEED.Tests.MultiSpace, DATAFEED.Tests, Version=1.0.0.0, Culture=neutral, PublicKeyToken=null" name="MultiSpaceDifForbidden" />
    </UnitTest>
    <UnitTest name="TestPeriod_D_Evo_MN" storage=".\datafeed.tests\bin\dev\datafeed.tests.dll" id="14d68c8c-898f-0446-f554-9492cf904e94">
      <Execution timeOut="1800000" id="f628800c-5b1b-4a39-9b07-357fcaf4f879" />
      <TestMethod codeBase="E:/Jenkins/workspace/DataEngine/DATAFEED.Tests/DATAFEED.Tests/bin/Dev/DATAFEED.Tests.dll" adapterTypeName="Microsoft.VisualStudio.TestTools.TestTypes.Unit.UnitTestAdapter, Microsoft.VisualStudio.QualityTools.Tips.UnitTest.Adapter, Version=12.0.0.0, Culture=neutral, PublicKeyToken=b03f5f7f11d50a3a" className="DATAFEED.Tests.Evolution, DATAFEED.Tests, Version=1.0.0.0, Culture=neutral, PublicKeyToken=null" name="TestPeriod_D_Evo_MN" />
    </UnitTest>
    <UnitTest name="TestEvoSubForbidden" storage=".\datafeed.tests\bin\dev\datafeed.tests.dll" id="89b41b69-9754-24a4-f058-9dcca87440c9">
      <Execution timeOut="1800000" id="de9b7568-2648-40d8-8ba0-801559d0e7b8" />
      <TestMethod codeBase="E:/Jenkins/workspace/DataEngine/DATAFEED.Tests/DATAFEED.Tests/bin/Dev/DATAFEED.Tests.dll" adapterTypeName="Microsoft.VisualStudio.TestTools.TestTypes.Unit.UnitTestAdapter, Microsoft.VisualStudio.QualityTools.Tips.UnitTest.Adapter, Version=12.0.0.0, Culture=neutral, PublicKeyToken=b03f5f7f11d50a3a" className="DATAFEED.Tests.Evolution, DATAFEED.Tests, Version=1.0.0.0, Culture=neutral, PublicKeyToken=null" name="TestEvoSubForbidden" />
    </UnitTest>
    <UnitTest name="OnlyOneSite" storage=".\datafeed.tests\bin\dev\datafeed.tests.dll" id="3930fb37-d105-013c-7b15-08f305ce357d">
      <Execution timeOut="1800000" id="741ef22e-fef7-4abc-9dcc-a9b87453f8c5" />
      <TestMethod codeBase="E:/Jenkins/workspace/DataEngine/DATAFEED.Tests/DATAFEED.Tests/bin/Dev/DATAFEED.Tests.dll" adapterTypeName="Microsoft.VisualStudio.TestTools.TestTypes.Unit.UnitTestAdapter, Microsoft.VisualStudio.QualityTools.Tips.UnitTest.Adapter, Version=12.0.0.0, Culture=neutral, PublicKeyToken=b03f5f7f11d50a3a" className="DATAFEED.Tests.MaxDate, DATAFEED.Tests, Version=1.0.0.0, Culture=neutral, PublicKeyToken=null" name="OnlyOneSite" />
    </UnitTest>
    <UnitTest name="GetScod" storage=".\datafeed.tests\bin\dev\datafeed.tests.dll" id="3e2293a9-52d0-2ef3-d91f-c411519370c6">
      <Execution timeOut="1800000" id="70a41186-daac-4726-88a2-21619672a3fe" />
      <TestMethod codeBase="E:/Jenkins/workspace/DataEngine/DATAFEED.Tests/DATAFEED.Tests/bin/Dev/DATAFEED.Tests.dll" adapterTypeName="Microsoft.VisualStudio.TestTools.TestTypes.Unit.UnitTestAdapter, Microsoft.VisualStudio.QualityTools.Tips.UnitTest.Adapter, Version=12.0.0.0, Culture=neutral, PublicKeyToken=b03f5f7f11d50a3a" className="DATAFEED.Tests.Scod, DATAFEED.Tests, Version=1.0.0.0, Culture=neutral, PublicKeyToken=null" name="GetScod" />
    </UnitTest>
    <UnitTest name="HtmlRowCountSampleFirst" storage=".\datafeed.tests\bin\dev\datafeed.tests.dll" id="3a605200-d75b-9c26-a9c7-1979f50ed360">
      <Execution timeOut="1800000" id="5a3a82fb-0493-4ba6-adbd-700b5a589d23" />
      <TestMethod codeBase="E:/Jenkins/workspace/DataEngine/DATAFEED.Tests/DATAFEED.Tests/bin/Dev/DATAFEED.Tests.dll" adapterTypeName="Microsoft.VisualStudio.TestTools.TestTypes.Unit.UnitTestAdapter, Microsoft.VisualStudio.QualityTools.Tips.UnitTest.Adapter, Version=12.0.0.0, Culture=neutral, PublicKeyToken=b03f5f7f11d50a3a" className="DATAFEED.Tests.GetRowCount, DATAFEED.Tests, Version=1.0.0.0, Culture=neutral, PublicKeyToken=null" name="HtmlRowCountSampleFirst" />
    </UnitTest>
    <UnitTest name="SiteLevel2Max50" storage=".\datafeed.tests\bin\dev\datafeed.tests.dll" id="9a60eaf3-ffc2-fd20-0999-bb2e6cfcc592">
      <Execution timeOut="1800000" id="da0d6bbe-bb15-4d0e-8f39-a2b34b4a90f0" />
      <TestMethod codeBase="E:/Jenkins/workspace/DataEngine/DATAFEED.Tests/DATAFEED.Tests/bin/Dev/DATAFEED.Tests.dll" adapterTypeName="Microsoft.VisualStudio.TestTools.TestTypes.Unit.UnitTestAdapter, Microsoft.VisualStudio.QualityTools.Tips.UnitTest.Adapter, Version=12.0.0.0, Culture=neutral, PublicKeyToken=b03f5f7f11d50a3a" className="DATAFEED.Tests.SiteLevel2, DATAFEED.Tests, Version=1.0.0.0, Culture=neutral, PublicKeyToken=null" name="SiteLevel2Max50" />
    </UnitTest>
    <UnitTest name="FilterDoubleQuote" storage=".\datafeed.tests\bin\dev\datafeed.tests.dll" id="943a5592-8b2f-eb73-f5ad-a0cf858839bf">
      <Execution timeOut="1800000" id="ba43e679-d4da-4558-b805-25cc9f188e76" />
      <TestMethod codeBase="E:/Jenkins/workspace/DataEngine/DATAFEED.Tests/DATAFEED.Tests/bin/Dev/DATAFEED.Tests.dll" adapterTypeName="Microsoft.VisualStudio.TestTools.TestTypes.Unit.UnitTestAdapter, Microsoft.VisualStudio.QualityTools.Tips.UnitTest.Adapter, Version=12.0.0.0, Culture=neutral, PublicKeyToken=b03f5f7f11d50a3a" className="DATAFEED.Tests.Filter, DATAFEED.Tests, Version=1.0.0.0, Culture=neutral, PublicKeyToken=null" name="FilterDoubleQuote" />
    </UnitTest>
    <UnitTest name="EvoSiteGroup" storage=".\datafeed.tests\bin\dev\datafeed.tests.dll" id="e35b5f94-258d-4c09-4828-57e7af4469ab">
      <Execution timeOut="1800000" id="8523b3a1-817b-4bc8-a5ee-1bd6b51c6e03" />
      <TestMethod codeBase="E:/Jenkins/workspace/DataEngine/DATAFEED.Tests/DATAFEED.Tests/bin/Dev/DATAFEED.Tests.dll" adapterTypeName="Microsoft.VisualStudio.TestTools.TestTypes.Unit.UnitTestAdapter, Microsoft.VisualStudio.QualityTools.Tips.UnitTest.Adapter, Version=12.0.0.0, Culture=neutral, PublicKeyToken=b03f5f7f11d50a3a" className="DATAFEED.Tests.SiteGroup, DATAFEED.Tests, Version=1.0.0.0, Culture=neutral, PublicKeyToken=null" name="EvoSiteGroup" />
    </UnitTest>
    <UnitTest name="LevelIsStandalone" storage=".\datafeed.tests\bin\dev\datafeed.tests.dll" id="461d0b08-45e9-5ce8-a150-05a6313a3d79">
      <Execution timeOut="1800000" id="bd695a0d-2a86-4299-a6ba-bb16042dde0b" />
      <TestMethod codeBase="E:/Jenkins/workspace/DataEngine/DATAFEED.Tests/DATAFEED.Tests/bin/Dev/DATAFEED.Tests.dll" adapterTypeName="Microsoft.VisualStudio.TestTools.TestTypes.Unit.UnitTestAdapter, Microsoft.VisualStudio.QualityTools.Tips.UnitTest.Adapter, Version=12.0.0.0, Culture=neutral, PublicKeyToken=b03f5f7f11d50a3a" className="DATAFEED.Tests.Evolution, DATAFEED.Tests, Version=1.0.0.0, Culture=neutral, PublicKeyToken=null" name="LevelIsStandalone" />
    </UnitTest>
    <UnitTest name="NonConsecutivePeriodInContext" storage=".\datafeed.tests\bin\dev\datafeed.tests.dll" id="d7c00d3b-e737-887a-7ec3-450110c2affe">
      <Execution timeOut="1800000" id="9139c35b-d27b-4ced-8efe-c512ead74ad6" />
      <TestMethod codeBase="E:/Jenkins/workspace/DataEngine/DATAFEED.Tests/DATAFEED.Tests/bin/Dev/DATAFEED.Tests.dll" adapterTypeName="Microsoft.VisualStudio.TestTools.TestTypes.Unit.UnitTestAdapter, Microsoft.VisualStudio.QualityTools.Tips.UnitTest.Adapter, Version=12.0.0.0, Culture=neutral, PublicKeyToken=b03f5f7f11d50a3a" className="DATAFEED.Tests.Context, DATAFEED.Tests, Version=1.0.0.0, Culture=neutral, PublicKeyToken=null" name="NonConsecutivePeriodInContext" />
    </UnitTest>
    <UnitTest name="CheckFilterDate" storage=".\datafeed.tests\bin\dev\datafeed.tests.dll" id="c7b2cd4a-a9b2-ce15-337d-e5c99d5fc04c">
      <Execution timeOut="1800000" id="f789da31-45f4-4b05-9890-8e766c3623e0" />
      <TestMethod codeBase="E:/Jenkins/workspace/DataEngine/DATAFEED.Tests/DATAFEED.Tests/bin/Dev/DATAFEED.Tests.dll" adapterTypeName="Microsoft.VisualStudio.TestTools.TestTypes.Unit.UnitTestAdapter, Microsoft.VisualStudio.QualityTools.Tips.UnitTest.Adapter, Version=12.0.0.0, Culture=neutral, PublicKeyToken=b03f5f7f11d50a3a" className="DATAFEED.Tests.Filter, DATAFEED.Tests, Version=1.0.0.0, Culture=neutral, PublicKeyToken=null" name="CheckFilterDate" />
    </UnitTest>
    <UnitTest name="Test_Sample500_MaxResult500_Page2" storage=".\datafeed.tests\bin\dev\datafeed.tests.dll" id="d8b07776-5638-c219-ba12-e3a9dd2de624">
      <Execution timeOut="1800000" id="8e6795b6-ef87-4c14-a036-953167afd8e9" />
      <TestMethod codeBase="E:/Jenkins/workspace/DataEngine/DATAFEED.Tests/DATAFEED.Tests/bin/Dev/DATAFEED.Tests.dll" adapterTypeName="Microsoft.VisualStudio.TestTools.TestTypes.Unit.UnitTestAdapter, Microsoft.VisualStudio.QualityTools.Tips.UnitTest.Adapter, Version=12.0.0.0, Culture=neutral, PublicKeyToken=b03f5f7f11d50a3a" className="DATAFEED.Tests.Sample, DATAFEED.Tests, Version=1.0.0.0, Culture=neutral, PublicKeyToken=null" name="Test_Sample500_MaxResult500_Page2" />
    </UnitTest>
    <UnitTest name="InvalidAccessUrlApiUser" storage=".\datafeed.tests\bin\dev\datafeed.tests.dll" id="7f28319d-9ae2-b41e-4fe4-0525e1f1ce11">
      <Execution timeOut="1800000" id="48aefbc4-fe7c-4464-af5e-a0cd1f9a8fb1" />
      <TestMethod codeBase="E:/Jenkins/workspace/DataEngine/DATAFEED.Tests/DATAFEED.Tests/bin/Dev/DATAFEED.Tests.dll" adapterTypeName="Microsoft.VisualStudio.TestTools.TestTypes.Unit.UnitTestAdapter, Microsoft.VisualStudio.QualityTools.Tips.UnitTest.Adapter, Version=12.0.0.0, Culture=neutral, PublicKeyToken=b03f5f7f11d50a3a" className="DATAFEED.Tests.CompteApi, DATAFEED.Tests, Version=1.0.0.0, Culture=neutral, PublicKeyToken=null" name="InvalidAccessUrlApiUser" />
    </UnitTest>
    <UnitTest name="GetMaxDateJson" storage=".\datafeed.tests\bin\dev\datafeed.tests.dll" id="cc722193-a944-ab05-a8a1-0695a8c84dea">
      <Execution timeOut="1800000" id="ef325423-ef23-405d-aee1-253a0948a9b3" />
      <TestMethod codeBase="E:/Jenkins/workspace/DataEngine/DATAFEED.Tests/DATAFEED.Tests/bin/Dev/DATAFEED.Tests.dll" adapterTypeName="Microsoft.VisualStudio.TestTools.TestTypes.Unit.UnitTestAdapter, Microsoft.VisualStudio.QualityTools.Tips.UnitTest.Adapter, Version=12.0.0.0, Culture=neutral, PublicKeyToken=b03f5f7f11d50a3a" className="DATAFEED.Tests.MaxDate, DATAFEED.Tests, Version=1.0.0.0, Culture=neutral, PublicKeyToken=null" name="GetMaxDateJson" />
    </UnitTest>
    <UnitTest name="VU_NoData" storage=".\datafeed.tests\bin\dev\datafeed.tests.dll" id="1f9d7569-8914-6a75-b000-f55c65ca760e">
      <Execution timeOut="1800000" id="8a9b4243-575e-434f-8c5b-bd45ab2db111" />
      <TestMethod codeBase="E:/Jenkins/workspace/DataEngine/DATAFEED.Tests/DATAFEED.Tests/bin/Dev/DATAFEED.Tests.dll" adapterTypeName="Microsoft.VisualStudio.TestTools.TestTypes.Unit.UnitTestAdapter, Microsoft.VisualStudio.QualityTools.Tips.UnitTest.Adapter, Version=12.0.0.0, Culture=neutral, PublicKeyToken=b03f5f7f11d50a3a" className="DATAFEED.Tests.VisitorUniqueGranularity, DATAFEED.Tests, Version=1.0.0.0, Culture=neutral, PublicKeyToken=null" name="VU_NoData" />
    </UnitTest>
    <UnitTest name="EvoPercentMode" storage=".\datafeed.tests\bin\dev\datafeed.tests.dll" id="8b432ed4-1366-0d1a-dcce-fd3adfb65417">
      <Execution timeOut="1800000" id="e8f5ce19-0206-4b81-9ddd-113561ecd5aa" />
      <TestMethod codeBase="E:/Jenkins/workspace/DataEngine/DATAFEED.Tests/DATAFEED.Tests/bin/Dev/DATAFEED.Tests.dll" adapterTypeName="Microsoft.VisualStudio.TestTools.TestTypes.Unit.UnitTestAdapter, Microsoft.VisualStudio.QualityTools.Tips.UnitTest.Adapter, Version=12.0.0.0, Culture=neutral, PublicKeyToken=b03f5f7f11d50a3a" className="DATAFEED.Tests.Evolution, DATAFEED.Tests, Version=1.0.0.0, Culture=neutral, PublicKeyToken=null" name="EvoPercentMode" />
    </UnitTest>
    <UnitTest name="LevelTimestamp" storage=".\datafeed.tests\bin\dev\datafeed.tests.dll" id="8480940d-bdac-3375-e704-5c8ab3d5bf84">
      <Execution timeOut="1800000" id="7efeb2eb-9a8e-40df-9aba-0e491703aafa" />
      <TestMethod codeBase="E:/Jenkins/workspace/DataEngine/DATAFEED.Tests/DATAFEED.Tests/bin/Dev/DATAFEED.Tests.dll" adapterTypeName="Microsoft.VisualStudio.TestTools.TestTypes.Unit.UnitTestAdapter, Microsoft.VisualStudio.QualityTools.Tips.UnitTest.Adapter, Version=12.0.0.0, Culture=neutral, PublicKeyToken=b03f5f7f11d50a3a" className="DATAFEED.Tests.CustomerType, DATAFEED.Tests, Version=1.0.0.0, Culture=neutral, PublicKeyToken=null" name="LevelTimestamp" />
    </UnitTest>
    <UnitTest name="TestColumnsMetadata" storage=".\datafeed.tests\bin\dev\datafeed.tests.dll" id="69278bbe-7d95-0c52-ffa0-28db5f553c5d">
      <Execution timeOut="1800000" id="907aab2c-7e2e-415a-8350-d7af05fe34ab" />
      <TestMethod codeBase="E:/Jenkins/workspace/DataEngine/DATAFEED.Tests/DATAFEED.Tests/bin/Dev/DATAFEED.Tests.dll" adapterTypeName="Microsoft.VisualStudio.TestTools.TestTypes.Unit.UnitTestAdapter, Microsoft.VisualStudio.QualityTools.Tips.UnitTest.Adapter, Version=12.0.0.0, Culture=neutral, PublicKeyToken=b03f5f7f11d50a3a" className="DATAFEED.Tests.Evolution, DATAFEED.Tests, Version=1.0.0.0, Culture=neutral, PublicKeyToken=null" name="TestColumnsMetadata" />
    </UnitTest>
    <UnitTest name="EvoIqy" storage=".\datafeed.tests\bin\dev\datafeed.tests.dll" id="9e4c7621-51c6-3396-7f88-9d6415d32b71">
      <Execution timeOut="1800000" id="eaee9daa-8a72-42f8-8a44-5a10a71b1708" />
      <TestMethod codeBase="E:/Jenkins/workspace/DataEngine/DATAFEED.Tests/DATAFEED.Tests/bin/Dev/DATAFEED.Tests.dll" adapterTypeName="Microsoft.VisualStudio.TestTools.TestTypes.Unit.UnitTestAdapter, Microsoft.VisualStudio.QualityTools.Tips.UnitTest.Adapter, Version=12.0.0.0, Culture=neutral, PublicKeyToken=b03f5f7f11d50a3a" className="DATAFEED.Tests.IqyAlias, DATAFEED.Tests, Version=1.0.0.0, Culture=neutral, PublicKeyToken=null" name="EvoIqy" />
    </UnitTest>
    <UnitTest name="EvoMultiDimWithFilterHidden" storage=".\datafeed.tests\bin\dev\datafeed.tests.dll" id="1cf1e78d-abf9-748c-7ebc-3e54dcbd05f8">
      <Execution timeOut="1800000" id="6584b1ad-70b1-4001-824d-1c9ebdaa4ed4" />
      <TestMethod codeBase="E:/Jenkins/workspace/DataEngine/DATAFEED.Tests/DATAFEED.Tests/bin/Dev/DATAFEED.Tests.dll" adapterTypeName="Microsoft.VisualStudio.TestTools.TestTypes.Unit.UnitTestAdapter, Microsoft.VisualStudio.QualityTools.Tips.UnitTest.Adapter, Version=12.0.0.0, Culture=neutral, PublicKeyToken=b03f5f7f11d50a3a" className="DATAFEED.Tests.Evolution, DATAFEED.Tests, Version=1.0.0.0, Culture=neutral, PublicKeyToken=null" name="EvoMultiDimWithFilterHidden" />
    </UnitTest>
    <UnitTest name="SegmentDescNoRelatif" storage=".\datafeed.tests\bin\dev\datafeed.tests.dll" id="223659a9-8207-fd7f-c767-85dc694ae767">
      <Execution timeOut="1800000" id="03745c4e-5c53-4e69-b1b6-b54db1daf20c" />
      <TestMethod codeBase="E:/Jenkins/workspace/DataEngine/DATAFEED.Tests/DATAFEED.Tests/bin/Dev/DATAFEED.Tests.dll" adapterTypeName="Microsoft.VisualStudio.TestTools.TestTypes.Unit.UnitTestAdapter, Microsoft.VisualStudio.QualityTools.Tips.UnitTest.Adapter, Version=12.0.0.0, Culture=neutral, PublicKeyToken=b03f5f7f11d50a3a" className="DATAFEED.Tests.Segment, DATAFEED.Tests, Version=1.0.0.0, Culture=neutral, PublicKeyToken=null" name="SegmentDescNoRelatif" />
    </UnitTest>
    <UnitTest name="LkwOperator" storage=".\datafeed.tests\bin\dev\datafeed.tests.dll" id="39d04455-b7bb-467f-ca5d-7f1f4ea1608a">
      <Execution timeOut="1800000" id="65080f2d-7452-4a5a-bb8a-db6bb9ee151a" />
      <TestMethod codeBase="E:/Jenkins/workspace/DataEngine/DATAFEED.Tests/DATAFEED.Tests/bin/Dev/DATAFEED.Tests.dll" adapterTypeName="Microsoft.VisualStudio.TestTools.TestTypes.Unit.UnitTestAdapter, Microsoft.VisualStudio.QualityTools.Tips.UnitTest.Adapter, Version=12.0.0.0, Culture=neutral, PublicKeyToken=b03f5f7f11d50a3a" className="DATAFEED.Tests.Filter, DATAFEED.Tests, Version=1.0.0.0, Culture=neutral, PublicKeyToken=null" name="LkwOperator" />
    </UnitTest>
    <UnitTest name="TestEvoMultiPeriodSimple" storage=".\datafeed.tests\bin\dev\datafeed.tests.dll" id="323b224d-b5ce-6b98-101a-a32aef609c29">
      <Execution timeOut="1800000" id="562329ff-2e4c-4138-9ad9-f0d2f6e43fae" />
      <TestMethod codeBase="E:/Jenkins/workspace/DataEngine/DATAFEED.Tests/DATAFEED.Tests/bin/Dev/DATAFEED.Tests.dll" adapterTypeName="Microsoft.VisualStudio.TestTools.TestTypes.Unit.UnitTestAdapter, Microsoft.VisualStudio.QualityTools.Tips.UnitTest.Adapter, Version=12.0.0.0, Culture=neutral, PublicKeyToken=b03f5f7f11d50a3a" className="DATAFEED.Tests.Evolution, DATAFEED.Tests, Version=1.0.0.0, Culture=neutral, PublicKeyToken=null" name="TestEvoMultiPeriodSimple" />
    </UnitTest>
    <UnitTest name="DataTotaux" storage=".\datafeed.tests\bin\dev\datafeed.tests.dll" id="66dd591e-1c18-1819-37be-13c5d0b9975f">
      <Execution timeOut="1800000" id="7f5df4cd-1242-451b-8251-4a17552a24ab" />
      <TestMethod codeBase="E:/Jenkins/workspace/DataEngine/DATAFEED.Tests/DATAFEED.Tests/bin/Dev/DATAFEED.Tests.dll" adapterTypeName="Microsoft.VisualStudio.TestTools.TestTypes.Unit.UnitTestAdapter, Microsoft.VisualStudio.QualityTools.Tips.UnitTest.Adapter, Version=12.0.0.0, Culture=neutral, PublicKeyToken=b03f5f7f11d50a3a" className="DATAFEED.Tests.SchemaXsdTest, DATAFEED.Tests, Version=1.0.0.0, Culture=neutral, PublicKeyToken=null" name="DataTotaux" />
    </UnitTest>
    <UnitTest name="GetSmallAsync" storage=".\datafeed.tests\bin\dev\datafeed.tests.dll" id="ff6029f9-fca5-2a2c-b9d8-66f315702a5c">
      <Execution timeOut="1800000" id="54911fda-e46a-447b-8d0d-076122c1d3ce" />
      <Properties>
        <Property>
          <Key>__Internal_AsyncTypeName__</Key>
          <Value>DATAFEED.Tests.GetStream+&lt;GetSmallAsync&gt;d__0</Value>
        </Property>
      </Properties>
      <TestMethod codeBase="E:/Jenkins/workspace/DataEngine/DATAFEED.Tests/DATAFEED.Tests/bin/Dev/DATAFEED.Tests.dll" adapterTypeName="Microsoft.VisualStudio.TestTools.TestTypes.Unit.UnitTestAdapter, Microsoft.VisualStudio.QualityTools.Tips.UnitTest.Adapter, Version=12.0.0.0, Culture=neutral, PublicKeyToken=b03f5f7f11d50a3a" className="DATAFEED.Tests.GetStream, DATAFEED.Tests, Version=1.0.0.0, Culture=neutral, PublicKeyToken=null" name="GetSmallAsync" />
    </UnitTest>
    <UnitTest name="DefaultAccept" storage=".\datafeed.tests\bin\dev\datafeed.tests.dll" id="18c62a9c-05b4-637d-5299-f33684f9a9c5">
      <Execution timeOut="1800000" id="ca13e60e-2a90-439d-bb40-235e143d7cf5" />
      <TestMethod codeBase="E:/Jenkins/workspace/DataEngine/DATAFEED.Tests/DATAFEED.Tests/bin/Dev/DATAFEED.Tests.dll" adapterTypeName="Microsoft.VisualStudio.TestTools.TestTypes.Unit.UnitTestAdapter, Microsoft.VisualStudio.QualityTools.Tips.UnitTest.Adapter, Version=12.0.0.0, Culture=neutral, PublicKeyToken=b03f5f7f11d50a3a" className="DATAFEED.Tests.HttpAccept, DATAFEED.Tests, Version=1.0.0.0, Culture=neutral, PublicKeyToken=null" name="DefaultAccept" />
    </UnitTest>
    <UnitTest name="ColumnMax50IgnoreLevelId" storage=".\datafeed.tests\bin\dev\datafeed.tests.dll" id="2d8d3716-999f-d3b3-1632-c66a9582ab88">
      <Execution timeOut="1800000" id="e89fa2ae-23f6-4c88-bc63-829a777a18a3" />
      <TestMethod codeBase="E:/Jenkins/workspace/DataEngine/DATAFEED.Tests/DATAFEED.Tests/bin/Dev/DATAFEED.Tests.dll" adapterTypeName="Microsoft.VisualStudio.TestTools.TestTypes.Unit.UnitTestAdapter, Microsoft.VisualStudio.QualityTools.Tips.UnitTest.Adapter, Version=12.0.0.0, Culture=neutral, PublicKeyToken=b03f5f7f11d50a3a" className="DATAFEED.Tests.Period, DATAFEED.Tests, Version=1.0.0.0, Culture=neutral, PublicKeyToken=null" name="ColumnMax50IgnoreLevelId" />
    </UnitTest>
    <UnitTest name="SegmentDescPeriodNoNamespace" storage=".\datafeed.tests\bin\dev\datafeed.tests.dll" id="7bbe251b-b5ac-5fc5-a3c3-176aff58a099">
      <Execution timeOut="1800000" id="3074b3c4-392c-471c-9c07-fb500574060c" />
      <TestMethod codeBase="E:/Jenkins/workspace/DataEngine/DATAFEED.Tests/DATAFEED.Tests/bin/Dev/DATAFEED.Tests.dll" adapterTypeName="Microsoft.VisualStudio.TestTools.TestTypes.Unit.UnitTestAdapter, Microsoft.VisualStudio.QualityTools.Tips.UnitTest.Adapter, Version=12.0.0.0, Culture=neutral, PublicKeyToken=b03f5f7f11d50a3a" className="DATAFEED.Tests.Segment, DATAFEED.Tests, Version=1.0.0.0, Culture=neutral, PublicKeyToken=null" name="SegmentDescPeriodNoNamespace" />
    </UnitTest>
    <UnitTest name="BilanMultiSiteEvo" storage=".\datafeed.tests\bin\dev\datafeed.tests.dll" id="f96598ae-20d3-9ad3-8cd4-f5af86c72747">
      <Execution timeOut="1800000" id="8368578b-3292-468a-a2e0-d99b789c611a" />
      <TestMethod codeBase="E:/Jenkins/workspace/DataEngine/DATAFEED.Tests/DATAFEED.Tests/bin/Dev/DATAFEED.Tests.dll" adapterTypeName="Microsoft.VisualStudio.TestTools.TestTypes.Unit.UnitTestAdapter, Microsoft.VisualStudio.QualityTools.Tips.UnitTest.Adapter, Version=12.0.0.0, Culture=neutral, PublicKeyToken=b03f5f7f11d50a3a" className="DATAFEED.Tests.SmartcacheDesc, DATAFEED.Tests, Version=1.0.0.0, Culture=neutral, PublicKeyToken=null" name="BilanMultiSiteEvo" />
    </UnitTest>
    <UnitTest name="SegmentDescMaxDays" storage=".\datafeed.tests\bin\dev\datafeed.tests.dll" id="f8993179-fc43-ae9d-c3a0-bb0cc9e9bc98">
      <Execution timeOut="1800000" id="24cce7dd-d066-45a4-b0e8-f0a5a491d169" />
      <TestMethod codeBase="E:/Jenkins/workspace/DataEngine/DATAFEED.Tests/DATAFEED.Tests/bin/Dev/DATAFEED.Tests.dll" adapterTypeName="Microsoft.VisualStudio.TestTools.TestTypes.Unit.UnitTestAdapter, Microsoft.VisualStudio.QualityTools.Tips.UnitTest.Adapter, Version=12.0.0.0, Culture=neutral, PublicKeyToken=b03f5f7f11d50a3a" className="DATAFEED.Tests.Segment, DATAFEED.Tests, Version=1.0.0.0, Culture=neutral, PublicKeyToken=null" name="SegmentDescMaxDays" />
    </UnitTest>
    <UnitTest name="TestEvoNotStandalone" storage=".\datafeed.tests\bin\dev\datafeed.tests.dll" id="7433aa83-542a-e880-1560-b1582181c81b">
      <Execution timeOut="1800000" id="f8eafe10-ca15-42a3-bf3f-da1fa8b7ae22" />
      <TestMethod codeBase="E:/Jenkins/workspace/DataEngine/DATAFEED.Tests/DATAFEED.Tests/bin/Dev/DATAFEED.Tests.dll" adapterTypeName="Microsoft.VisualStudio.TestTools.TestTypes.Unit.UnitTestAdapter, Microsoft.VisualStudio.QualityTools.Tips.UnitTest.Adapter, Version=12.0.0.0, Culture=neutral, PublicKeyToken=b03f5f7f11d50a3a" className="DATAFEED.Tests.Evolution, DATAFEED.Tests, Version=1.0.0.0, Culture=neutral, PublicKeyToken=null" name="TestEvoNotStandalone" />
    </UnitTest>
    <UnitTest name="IncludeDescriptionStandard" storage=".\datafeed.tests\bin\dev\datafeed.tests.dll" id="eec20346-9231-2511-fe1f-7642ad8cfbb9">
      <Execution timeOut="1800000" id="9451f686-852c-41fc-989c-f4bc5035d31d" />
      <TestMethod codeBase="E:/Jenkins/workspace/DataEngine/DATAFEED.Tests/DATAFEED.Tests/bin/Dev/DATAFEED.Tests.dll" adapterTypeName="Microsoft.VisualStudio.TestTools.TestTypes.Unit.UnitTestAdapter, Microsoft.VisualStudio.QualityTools.Tips.UnitTest.Adapter, Version=12.0.0.0, Culture=neutral, PublicKeyToken=b03f5f7f11d50a3a" className="DATAFEED.Tests.Context, DATAFEED.Tests, Version=1.0.0.0, Culture=neutral, PublicKeyToken=null" name="IncludeDescriptionStandard" />
    </UnitTest>
    <UnitTest name="TotalUnsommableComplex" storage=".\datafeed.tests\bin\dev\datafeed.tests.dll" id="7a7c4940-2274-a95b-696a-b6e52636112e">
      <Execution timeOut="1800000" id="fa456f76-56a0-408e-9c39-b536dd63fac5" />
      <TestMethod codeBase="E:/Jenkins/workspace/DataEngine/DATAFEED.Tests/DATAFEED.Tests/bin/Dev/DATAFEED.Tests.dll" adapterTypeName="Microsoft.VisualStudio.TestTools.TestTypes.Unit.UnitTestAdapter, Microsoft.VisualStudio.QualityTools.Tips.UnitTest.Adapter, Version=12.0.0.0, Culture=neutral, PublicKeyToken=b03f5f7f11d50a3a" className="DATAFEED.Tests.Total, DATAFEED.Tests, Version=1.0.0.0, Culture=neutral, PublicKeyToken=null" name="TotalUnsommableComplex" />
    </UnitTest>
    <UnitTest name="SegmentDescWithPeriodFutur" storage=".\datafeed.tests\bin\dev\datafeed.tests.dll" id="f815d742-3680-ce60-44e6-a4e0badc8bc6">
      <Execution timeOut="1800000" id="987b8916-7053-4378-9b05-503f46688b64" />
      <TestMethod codeBase="E:/Jenkins/workspace/DataEngine/DATAFEED.Tests/DATAFEED.Tests/bin/Dev/DATAFEED.Tests.dll" adapterTypeName="Microsoft.VisualStudio.TestTools.TestTypes.Unit.UnitTestAdapter, Microsoft.VisualStudio.QualityTools.Tips.UnitTest.Adapter, Version=12.0.0.0, Culture=neutral, PublicKeyToken=b03f5f7f11d50a3a" className="DATAFEED.Tests.Segment, DATAFEED.Tests, Version=1.0.0.0, Culture=neutral, PublicKeyToken=null" name="SegmentDescWithPeriodFutur" />
    </UnitTest>
    <UnitTest name="PlatformGetMultiSitePerf" storage=".\datafeed.tests\bin\dev\datafeed.tests.dll" id="4f791661-725d-5d16-61af-df2035483fdb">
      <Execution timeOut="1800000" id="63a2597d-674a-4909-9b76-f41f50d2fd46" />
      <TestMethod codeBase="E:/Jenkins/workspace/DataEngine/DATAFEED.Tests/DATAFEED.Tests/bin/Dev/DATAFEED.Tests.dll" adapterTypeName="Microsoft.VisualStudio.TestTools.TestTypes.Unit.UnitTestAdapter, Microsoft.VisualStudio.QualityTools.Tips.UnitTest.Adapter, Version=12.0.0.0, Culture=neutral, PublicKeyToken=b03f5f7f11d50a3a" className="DATAFEED.Tests.ConfigPerf, DATAFEED.Tests, Version=1.0.0.0, Culture=neutral, PublicKeyToken=null" name="PlatformGetMultiSitePerf" />
    </UnitTest>
    <UnitTest name="MultiPeriodMaxResultsZero" storage=".\datafeed.tests\bin\dev\datafeed.tests.dll" id="7fc6dbdd-2146-4041-78c4-908fb83a82ef">
      <Execution timeOut="1800000" id="ec4bea38-dca1-4084-bebb-9ca82dd55477" />
      <TestMethod codeBase="E:/Jenkins/workspace/DataEngine/DATAFEED.Tests/DATAFEED.Tests/bin/Dev/DATAFEED.Tests.dll" adapterTypeName="Microsoft.VisualStudio.TestTools.TestTypes.Unit.UnitTestAdapter, Microsoft.VisualStudio.QualityTools.Tips.UnitTest.Adapter, Version=12.0.0.0, Culture=neutral, PublicKeyToken=b03f5f7f11d50a3a" className="DATAFEED.Tests.MaxResultsZero, DATAFEED.Tests, Version=1.0.0.0, Culture=neutral, PublicKeyToken=null" name="MultiPeriodMaxResultsZero" />
    </UnitTest>
    <UnitTest name="NotStartOperator" storage=".\datafeed.tests\bin\dev\datafeed.tests.dll" id="25510a2d-44bd-f2bd-db4a-71038c4a7f76">
      <Execution timeOut="1800000" id="d4e75404-a094-4077-b579-7812ab4049bd" />
      <TestMethod codeBase="E:/Jenkins/workspace/DataEngine/DATAFEED.Tests/DATAFEED.Tests/bin/Dev/DATAFEED.Tests.dll" adapterTypeName="Microsoft.VisualStudio.TestTools.TestTypes.Unit.UnitTestAdapter, Microsoft.VisualStudio.QualityTools.Tips.UnitTest.Adapter, Version=12.0.0.0, Culture=neutral, PublicKeyToken=b03f5f7f11d50a3a" className="DATAFEED.Tests.Filter, DATAFEED.Tests, Version=1.0.0.0, Culture=neutral, PublicKeyToken=null" name="NotStartOperator" />
    </UnitTest>
    <UnitTest name="MultiSpaceWithS1AndS3" storage=".\datafeed.tests\bin\dev\datafeed.tests.dll" id="151b4afe-e786-37fe-0809-7f61f6de9115">
      <Execution timeOut="1800000" id="49563bd3-6d06-4476-a1d7-66c401fe4686" />
      <TestMethod codeBase="E:/Jenkins/workspace/DataEngine/DATAFEED.Tests/DATAFEED.Tests/bin/Dev/DATAFEED.Tests.dll" adapterTypeName="Microsoft.VisualStudio.TestTools.TestTypes.Unit.UnitTestAdapter, Microsoft.VisualStudio.QualityTools.Tips.UnitTest.Adapter, Version=12.0.0.0, Culture=neutral, PublicKeyToken=b03f5f7f11d50a3a" className="DATAFEED.Tests.MultiSpace, DATAFEED.Tests, Version=1.0.0.0, Culture=neutral, PublicKeyToken=null" name="MultiSpaceWithS1AndS3" />
    </UnitTest>
    <UnitTest name="FilterEmpty" storage=".\datafeed.tests\bin\dev\datafeed.tests.dll" id="aeffcafc-eaab-f887-292d-4621130e6d06">
      <Execution timeOut="1800000" id="f401629e-63dd-48da-8138-0f938fe2df65" />
      <TestMethod codeBase="E:/Jenkins/workspace/DataEngine/DATAFEED.Tests/DATAFEED.Tests/bin/Dev/DATAFEED.Tests.dll" adapterTypeName="Microsoft.VisualStudio.TestTools.TestTypes.Unit.UnitTestAdapter, Microsoft.VisualStudio.QualityTools.Tips.UnitTest.Adapter, Version=12.0.0.0, Culture=neutral, PublicKeyToken=b03f5f7f11d50a3a" className="DATAFEED.Tests.Filter, DATAFEED.Tests, Version=1.0.0.0, Culture=neutral, PublicKeyToken=null" name="FilterEmpty" />
    </UnitTest>
    <UnitTest name="NoInterlinkedSub" storage=".\datafeed.tests\bin\dev\datafeed.tests.dll" id="08ec5391-602f-28f5-1d2e-eaa595ceff18">
      <Execution timeOut="1800000" id="35606039-d62e-4c82-9055-e62336d5db29" />
      <TestMethod codeBase="E:/Jenkins/workspace/DataEngine/DATAFEED.Tests/DATAFEED.Tests/bin/Dev/DATAFEED.Tests.dll" adapterTypeName="Microsoft.VisualStudio.TestTools.TestTypes.Unit.UnitTestAdapter, Microsoft.VisualStudio.QualityTools.Tips.UnitTest.Adapter, Version=12.0.0.0, Culture=neutral, PublicKeyToken=b03f5f7f11d50a3a" className="DATAFEED.Tests.Arbo, DATAFEED.Tests, Version=1.0.0.0, Culture=neutral, PublicKeyToken=null" name="NoInterlinkedSub" />
    </UnitTest>
    <UnitTest name="PageRatioWithInclude" storage=".\datafeed.tests\bin\dev\datafeed.tests.dll" id="85ccf025-c604-8335-7c1d-f710c17ffc31">
      <Execution timeOut="1800000" id="a98b01bd-c2a6-4b88-8b69-db1cba3068b5" />
      <TestMethod codeBase="E:/Jenkins/workspace/DataEngine/DATAFEED.Tests/DATAFEED.Tests/bin/Dev/DATAFEED.Tests.dll" adapterTypeName="Microsoft.VisualStudio.TestTools.TestTypes.Unit.UnitTestAdapter, Microsoft.VisualStudio.QualityTools.Tips.UnitTest.Adapter, Version=12.0.0.0, Culture=neutral, PublicKeyToken=b03f5f7f11d50a3a" className="DATAFEED.Tests.Ratio, DATAFEED.Tests, Version=1.0.0.0, Culture=neutral, PublicKeyToken=null" name="PageRatioWithInclude" />
    </UnitTest>
    <UnitTest name="EvoPercentModeMultiDim" storage=".\datafeed.tests\bin\dev\datafeed.tests.dll" id="2f29ecd7-c49b-206b-f37e-443df2e1e86e">
      <Execution timeOut="1800000" id="86d0255c-5702-4e8c-98fe-3c59f0b090bf" />
      <TestMethod codeBase="E:/Jenkins/workspace/DataEngine/DATAFEED.Tests/DATAFEED.Tests/bin/Dev/DATAFEED.Tests.dll" adapterTypeName="Microsoft.VisualStudio.TestTools.TestTypes.Unit.UnitTestAdapter, Microsoft.VisualStudio.QualityTools.Tips.UnitTest.Adapter, Version=12.0.0.0, Culture=neutral, PublicKeyToken=b03f5f7f11d50a3a" className="DATAFEED.Tests.Evolution, DATAFEED.Tests, Version=1.0.0.0, Culture=neutral, PublicKeyToken=null" name="EvoPercentModeMultiDim" />
    </UnitTest>
    <UnitTest name="OnlyOneGroup" storage=".\datafeed.tests\bin\dev\datafeed.tests.dll" id="452cb117-3f10-9a7e-6994-ce02ecfd0cc4">
      <Execution timeOut="1800000" id="a75bf3be-3ff9-4fa8-bac1-da9709526624" />
      <TestMethod codeBase="E:/Jenkins/workspace/DataEngine/DATAFEED.Tests/DATAFEED.Tests/bin/Dev/DATAFEED.Tests.dll" adapterTypeName="Microsoft.VisualStudio.TestTools.TestTypes.Unit.UnitTestAdapter, Microsoft.VisualStudio.QualityTools.Tips.UnitTest.Adapter, Version=12.0.0.0, Culture=neutral, PublicKeyToken=b03f5f7f11d50a3a" className="DATAFEED.Tests.SiteGroup, DATAFEED.Tests, Version=1.0.0.0, Culture=neutral, PublicKeyToken=null" name="OnlyOneGroup" />
    </UnitTest>
    <UnitTest name="DataMaxResultsZero" storage=".\datafeed.tests\bin\dev\datafeed.tests.dll" id="324ebee9-6b37-3192-46bc-9926ee5acf10">
      <Execution timeOut="1800000" id="12e029fe-1744-4e72-9232-003404c137c5" />
      <TestMethod codeBase="E:/Jenkins/workspace/DataEngine/DATAFEED.Tests/DATAFEED.Tests/bin/Dev/DATAFEED.Tests.dll" adapterTypeName="Microsoft.VisualStudio.TestTools.TestTypes.Unit.UnitTestAdapter, Microsoft.VisualStudio.QualityTools.Tips.UnitTest.Adapter, Version=12.0.0.0, Culture=neutral, PublicKeyToken=b03f5f7f11d50a3a" className="DATAFEED.Tests.MaxResultsZero, DATAFEED.Tests, Version=1.0.0.0, Culture=neutral, PublicKeyToken=null" name="DataMaxResultsZero" />
    </UnitTest>
    <UnitTest name="JsonAccept" storage=".\datafeed.tests\bin\dev\datafeed.tests.dll" id="9ada7e1f-13b3-587b-d9ed-b6bd07dcfe28">
      <Execution timeOut="1800000" id="3f6d77b6-bb17-47a9-8223-223de5e49e34" />
      <TestMethod codeBase="E:/Jenkins/workspace/DataEngine/DATAFEED.Tests/DATAFEED.Tests/bin/Dev/DATAFEED.Tests.dll" adapterTypeName="Microsoft.VisualStudio.TestTools.TestTypes.Unit.UnitTestAdapter, Microsoft.VisualStudio.QualityTools.Tips.UnitTest.Adapter, Version=12.0.0.0, Culture=neutral, PublicKeyToken=b03f5f7f11d50a3a" className="DATAFEED.Tests.HttpAccept, DATAFEED.Tests, Version=1.0.0.0, Culture=neutral, PublicKeyToken=null" name="JsonAccept" />
    </UnitTest>
    <UnitTest name="XmlRowCountSampleFirst" storage=".\datafeed.tests\bin\dev\datafeed.tests.dll" id="0bc68b00-da37-6508-4e68-38becb05635b">
      <Execution timeOut="1800000" id="5cd1f41b-42cf-4371-afca-c458f4f75f0c" />
      <TestMethod codeBase="E:/Jenkins/workspace/DataEngine/DATAFEED.Tests/DATAFEED.Tests/bin/Dev/DATAFEED.Tests.dll" adapterTypeName="Microsoft.VisualStudio.TestTools.TestTypes.Unit.UnitTestAdapter, Microsoft.VisualStudio.QualityTools.Tips.UnitTest.Adapter, Version=12.0.0.0, Culture=neutral, PublicKeyToken=b03f5f7f11d50a3a" className="DATAFEED.Tests.GetRowCount, DATAFEED.Tests, Version=1.0.0.0, Culture=neutral, PublicKeyToken=null" name="XmlRowCountSampleFirst" />
    </UnitTest>
    <UnitTest name="TestEvoGranularityGreaterThanPeriodGranularity" storage=".\datafeed.tests\bin\dev\datafeed.tests.dll" id="5c46ee07-eec8-a5b3-11bb-e0fd7d391209">
      <Execution timeOut="1800000" id="fef58ca2-ca66-4a2f-b634-89cd30657038" />
      <TestMethod codeBase="E:/Jenkins/workspace/DataEngine/DATAFEED.Tests/DATAFEED.Tests/bin/Dev/DATAFEED.Tests.dll" adapterTypeName="Microsoft.VisualStudio.TestTools.TestTypes.Unit.UnitTestAdapter, Microsoft.VisualStudio.QualityTools.Tips.UnitTest.Adapter, Version=12.0.0.0, Culture=neutral, PublicKeyToken=b03f5f7f11d50a3a" className="DATAFEED.Tests.Evolution, DATAFEED.Tests, Version=1.0.0.0, Culture=neutral, PublicKeyToken=null" name="TestEvoGranularityGreaterThanPeriodGranularity" />
    </UnitTest>
    <UnitTest name="MultiPeriodMultiLevel" storage=".\datafeed.tests\bin\dev\datafeed.tests.dll" id="3ab1c8c5-ae28-5479-70e8-3ec647e47cd7">
      <Execution timeOut="1800000" id="b15042f9-7a90-4b1c-9a93-335dea7216e8" />
      <TestMethod codeBase="E:/Jenkins/workspace/DataEngine/DATAFEED.Tests/DATAFEED.Tests/bin/Dev/DATAFEED.Tests.dll" adapterTypeName="Microsoft.VisualStudio.TestTools.TestTypes.Unit.UnitTestAdapter, Microsoft.VisualStudio.QualityTools.Tips.UnitTest.Adapter, Version=12.0.0.0, Culture=neutral, PublicKeyToken=b03f5f7f11d50a3a" className="DATAFEED.Tests.Period, DATAFEED.Tests, Version=1.0.0.0, Culture=neutral, PublicKeyToken=null" name="MultiPeriodMultiLevel" />
    </UnitTest>
    <UnitTest name="OnlyOneAttributeOutsideSub" storage=".\datafeed.tests\bin\dev\datafeed.tests.dll" id="5c218b62-f342-2b59-9a4c-9ec032d8a0f4">
      <Execution timeOut="1800000" id="1855d353-e3ee-4a4d-add0-9d083534f5be" />
      <TestMethod codeBase="E:/Jenkins/workspace/DataEngine/DATAFEED.Tests/DATAFEED.Tests/bin/Dev/DATAFEED.Tests.dll" adapterTypeName="Microsoft.VisualStudio.TestTools.TestTypes.Unit.UnitTestAdapter, Microsoft.VisualStudio.QualityTools.Tips.UnitTest.Adapter, Version=12.0.0.0, Culture=neutral, PublicKeyToken=b03f5f7f11d50a3a" className="DATAFEED.Tests.Arbo, DATAFEED.Tests, Version=1.0.0.0, Culture=neutral, PublicKeyToken=null" name="OnlyOneAttributeOutsideSub" />
    </UnitTest>
    <UnitTest name="SegmentStandard" storage=".\datafeed.tests\bin\dev\datafeed.tests.dll" id="1f175a04-2ef2-68ac-7de7-e6fb8eb4674e">
      <Execution timeOut="1800000" id="93bae056-9914-48f7-a8db-0100f660fc8b" />
      <TestMethod codeBase="E:/Jenkins/workspace/DataEngine/DATAFEED.Tests/DATAFEED.Tests/bin/Dev/DATAFEED.Tests.dll" adapterTypeName="Microsoft.VisualStudio.TestTools.TestTypes.Unit.UnitTestAdapter, Microsoft.VisualStudio.QualityTools.Tips.UnitTest.Adapter, Version=12.0.0.0, Culture=neutral, PublicKeyToken=b03f5f7f11d50a3a" className="DATAFEED.Tests.Segment, DATAFEED.Tests, Version=1.0.0.0, Culture=neutral, PublicKeyToken=null" name="SegmentStandard" />
    </UnitTest>
    <UnitTest name="TestPeriod_W_Evo_H" storage=".\datafeed.tests\bin\dev\datafeed.tests.dll" id="c7fdb0d5-256b-b71c-4fc2-46c15a8eed11">
      <Execution timeOut="1800000" id="c7c810d9-bfdf-43aa-8087-0f3c9fbab100" />
      <TestMethod codeBase="E:/Jenkins/workspace/DataEngine/DATAFEED.Tests/DATAFEED.Tests/bin/Dev/DATAFEED.Tests.dll" adapterTypeName="Microsoft.VisualStudio.TestTools.TestTypes.Unit.UnitTestAdapter, Microsoft.VisualStudio.QualityTools.Tips.UnitTest.Adapter, Version=12.0.0.0, Culture=neutral, PublicKeyToken=b03f5f7f11d50a3a" className="DATAFEED.Tests.Evolution, DATAFEED.Tests, Version=1.0.0.0, Culture=neutral, PublicKeyToken=null" name="TestPeriod_W_Evo_H" />
    </UnitTest>
    <UnitTest name="TestMinuteEvent" storage=".\datafeed.tests\bin\dev\datafeed.tests.dll" id="820128c6-6578-9a75-a5e1-b18db2d40346">
      <Execution timeOut="1800000" id="6d91b466-5bca-4c3b-8196-17fc149197c0" />
      <TestMethod codeBase="E:/Jenkins/workspace/DataEngine/DATAFEED.Tests/DATAFEED.Tests/bin/Dev/DATAFEED.Tests.dll" adapterTypeName="Microsoft.VisualStudio.TestTools.TestTypes.Unit.UnitTestAdapter, Microsoft.VisualStudio.QualityTools.Tips.UnitTest.Adapter, Version=12.0.0.0, Culture=neutral, PublicKeyToken=b03f5f7f11d50a3a" className="DATAFEED.Tests.Evolution, DATAFEED.Tests, Version=1.0.0.0, Culture=neutral, PublicKeyToken=null" name="TestMinuteEvent" />
    </UnitTest>
    <UnitTest name="XmlRowCountSimple" storage=".\datafeed.tests\bin\dev\datafeed.tests.dll" id="97b14384-0eb3-ab64-a839-fafba39998db">
      <Execution timeOut="1800000" id="1d85b308-7679-403e-b31e-e6b27e065c5b" />
      <TestMethod codeBase="E:/Jenkins/workspace/DataEngine/DATAFEED.Tests/DATAFEED.Tests/bin/Dev/DATAFEED.Tests.dll" adapterTypeName="Microsoft.VisualStudio.TestTools.TestTypes.Unit.UnitTestAdapter, Microsoft.VisualStudio.QualityTools.Tips.UnitTest.Adapter, Version=12.0.0.0, Culture=neutral, PublicKeyToken=b03f5f7f11d50a3a" className="DATAFEED.Tests.GetRowCount, DATAFEED.Tests, Version=1.0.0.0, Culture=neutral, PublicKeyToken=null" name="XmlRowCountSimple" />
    </UnitTest>
    <UnitTest name="EvoBadMode" storage=".\datafeed.tests\bin\dev\datafeed.tests.dll" id="5656cfd2-8efe-bf66-cff9-f9189873b0db">
      <Execution timeOut="1800000" id="cc0697fc-e2fc-4d6d-bebc-03062fd7bc37" />
      <TestMethod codeBase="E:/Jenkins/workspace/DataEngine/DATAFEED.Tests/DATAFEED.Tests/bin/Dev/DATAFEED.Tests.dll" adapterTypeName="Microsoft.VisualStudio.TestTools.TestTypes.Unit.UnitTestAdapter, Microsoft.VisualStudio.QualityTools.Tips.UnitTest.Adapter, Version=12.0.0.0, Culture=neutral, PublicKeyToken=b03f5f7f11d50a3a" className="DATAFEED.Tests.Evolution, DATAFEED.Tests, Version=1.0.0.0, Culture=neutral, PublicKeyToken=null" name="EvoBadMode" />
    </UnitTest>
    <UnitTest name="OnlyTimeAttributesInSub" storage=".\datafeed.tests\bin\dev\datafeed.tests.dll" id="ce137e69-3f1f-9bb6-a2ec-a9b419995dae">
      <Execution timeOut="1800000" id="38a0b995-0599-40c9-a005-b2ffebc00586" />
      <TestMethod codeBase="E:/Jenkins/workspace/DataEngine/DATAFEED.Tests/DATAFEED.Tests/bin/Dev/DATAFEED.Tests.dll" adapterTypeName="Microsoft.VisualStudio.TestTools.TestTypes.Unit.UnitTestAdapter, Microsoft.VisualStudio.QualityTools.Tips.UnitTest.Adapter, Version=12.0.0.0, Culture=neutral, PublicKeyToken=b03f5f7f11d50a3a" className="DATAFEED.Tests.Arbo, DATAFEED.Tests, Version=1.0.0.0, Culture=neutral, PublicKeyToken=null" name="OnlyTimeAttributesInSub" />
    </UnitTest>
    <UnitTest name="NotEndOperator" storage=".\datafeed.tests\bin\dev\datafeed.tests.dll" id="22dc393b-1b76-4a32-303c-2fec9610249c">
      <Execution timeOut="1800000" id="4337f233-b7df-475d-9d28-93381e63dbb3" />
      <TestMethod codeBase="E:/Jenkins/workspace/DataEngine/DATAFEED.Tests/DATAFEED.Tests/bin/Dev/DATAFEED.Tests.dll" adapterTypeName="Microsoft.VisualStudio.TestTools.TestTypes.Unit.UnitTestAdapter, Microsoft.VisualStudio.QualityTools.Tips.UnitTest.Adapter, Version=12.0.0.0, Culture=neutral, PublicKeyToken=b03f5f7f11d50a3a" className="DATAFEED.Tests.Filter, DATAFEED.Tests, Version=1.0.0.0, Culture=neutral, PublicKeyToken=null" name="NotEndOperator" />
    </UnitTest>
    <UnitTest name="SortOnDimensionNotSelectedInSub" storage=".\datafeed.tests\bin\dev\datafeed.tests.dll" id="12e54c86-aca3-df88-b414-f4e15f4730bf">
      <Execution timeOut="1800000" id="a8d8373b-2f89-4f7e-97ad-720a1d7e4547" />
      <TestMethod codeBase="E:/Jenkins/workspace/DataEngine/DATAFEED.Tests/DATAFEED.Tests/bin/Dev/DATAFEED.Tests.dll" adapterTypeName="Microsoft.VisualStudio.TestTools.TestTypes.Unit.UnitTestAdapter, Microsoft.VisualStudio.QualityTools.Tips.UnitTest.Adapter, Version=12.0.0.0, Culture=neutral, PublicKeyToken=b03f5f7f11d50a3a" className="DATAFEED.Tests.Arbo, DATAFEED.Tests, Version=1.0.0.0, Culture=neutral, PublicKeyToken=null" name="SortOnDimensionNotSelectedInSub" />
    </UnitTest>
    <UnitTest name="ManyL2" storage=".\datafeed.tests\bin\dev\datafeed.tests.dll" id="722bdce0-68e8-2b8b-0d16-b623b8166de9">
      <Execution timeOut="1800000" id="4993263f-622d-4647-9d26-584babdc00a9" />
      <TestMethod codeBase="E:/Jenkins/workspace/DataEngine/DATAFEED.Tests/DATAFEED.Tests/bin/Dev/DATAFEED.Tests.dll" adapterTypeName="Microsoft.VisualStudio.TestTools.TestTypes.Unit.UnitTestAdapter, Microsoft.VisualStudio.QualityTools.Tips.UnitTest.Adapter, Version=12.0.0.0, Culture=neutral, PublicKeyToken=b03f5f7f11d50a3a" className="DATAFEED.Tests.SiteLevel2, DATAFEED.Tests, Version=1.0.0.0, Culture=neutral, PublicKeyToken=null" name="ManyL2" />
    </UnitTest>
    <UnitTest name="HtmlRowCountSimple" storage=".\datafeed.tests\bin\dev\datafeed.tests.dll" id="d8144bd1-4625-c5b1-01c0-0c013af5c9a5">
      <Execution timeOut="1800000" id="bb8e74fa-f48f-4e2f-be1d-42da0e6dc672" />
      <TestMethod codeBase="E:/Jenkins/workspace/DataEngine/DATAFEED.Tests/DATAFEED.Tests/bin/Dev/DATAFEED.Tests.dll" adapterTypeName="Microsoft.VisualStudio.TestTools.TestTypes.Unit.UnitTestAdapter, Microsoft.VisualStudio.QualityTools.Tips.UnitTest.Adapter, Version=12.0.0.0, Culture=neutral, PublicKeyToken=b03f5f7f11d50a3a" className="DATAFEED.Tests.GetRowCount, DATAFEED.Tests, Version=1.0.0.0, Culture=neutral, PublicKeyToken=null" name="HtmlRowCountSimple" />
    </UnitTest>
    <UnitTest name="SingleL2" storage=".\datafeed.tests\bin\dev\datafeed.tests.dll" id="96b95d07-f1ab-281d-548a-7d9634d663e8">
      <Execution timeOut="1800000" id="6d49dec0-81e0-4fbe-8f29-2430c8ca10b4" />
      <TestMethod codeBase="E:/Jenkins/workspace/DataEngine/DATAFEED.Tests/DATAFEED.Tests/bin/Dev/DATAFEED.Tests.dll" adapterTypeName="Microsoft.VisualStudio.TestTools.TestTypes.Unit.UnitTestAdapter, Microsoft.VisualStudio.QualityTools.Tips.UnitTest.Adapter, Version=12.0.0.0, Culture=neutral, PublicKeyToken=b03f5f7f11d50a3a" className="DATAFEED.Tests.SiteLevel2, DATAFEED.Tests, Version=1.0.0.0, Culture=neutral, PublicKeyToken=null" name="SingleL2" />
    </UnitTest>
    <UnitTest name="MultiPeriodSiteGroup" storage=".\datafeed.tests\bin\dev\datafeed.tests.dll" id="481d79e1-36e9-4547-074f-58c83372740f">
      <Execution timeOut="1800000" id="8d88082b-19a8-4ab3-89ce-7504d6646233" />
      <TestMethod codeBase="E:/Jenkins/workspace/DataEngine/DATAFEED.Tests/DATAFEED.Tests/bin/Dev/DATAFEED.Tests.dll" adapterTypeName="Microsoft.VisualStudio.TestTools.TestTypes.Unit.UnitTestAdapter, Microsoft.VisualStudio.QualityTools.Tips.UnitTest.Adapter, Version=12.0.0.0, Culture=neutral, PublicKeyToken=b03f5f7f11d50a3a" className="DATAFEED.Tests.SiteGroup, DATAFEED.Tests, Version=1.0.0.0, Culture=neutral, PublicKeyToken=null" name="MultiPeriodSiteGroup" />
    </UnitTest>
    <UnitTest name="SiteGroupWithOver50Site" storage=".\datafeed.tests\bin\dev\datafeed.tests.dll" id="2b3bfb13-2824-2b16-871b-6d213bd298d3">
      <Execution timeOut="1800000" id="96a0120e-ef3e-4d40-acd5-68083f839931" />
      <TestMethod codeBase="E:/Jenkins/workspace/DataEngine/DATAFEED.Tests/DATAFEED.Tests/bin/Dev/DATAFEED.Tests.dll" adapterTypeName="Microsoft.VisualStudio.TestTools.TestTypes.Unit.UnitTestAdapter, Microsoft.VisualStudio.QualityTools.Tips.UnitTest.Adapter, Version=12.0.0.0, Culture=neutral, PublicKeyToken=b03f5f7f11d50a3a" className="DATAFEED.Tests.SiteGroup, DATAFEED.Tests, Version=1.0.0.0, Culture=neutral, PublicKeyToken=null" name="SiteGroupWithOver50Site" />
    </UnitTest>
    <UnitTest name="MultiSpaceIqy" storage=".\datafeed.tests\bin\dev\datafeed.tests.dll" id="1d31c14f-9f71-7dd9-34fc-c31a2e6e2111">
      <Execution timeOut="1800000" id="902d9e08-780f-42d1-bbd3-9679351e43a8" />
      <TestMethod codeBase="E:/Jenkins/workspace/DataEngine/DATAFEED.Tests/DATAFEED.Tests/bin/Dev/DATAFEED.Tests.dll" adapterTypeName="Microsoft.VisualStudio.TestTools.TestTypes.Unit.UnitTestAdapter, Microsoft.VisualStudio.QualityTools.Tips.UnitTest.Adapter, Version=12.0.0.0, Culture=neutral, PublicKeyToken=b03f5f7f11d50a3a" className="DATAFEED.Tests.IqyAlias, DATAFEED.Tests, Version=1.0.0.0, Culture=neutral, PublicKeyToken=null" name="MultiSpaceIqy" />
    </UnitTest>
    <UnitTest name="ShortcodeV2Test" storage=".\datafeed.tests\bin\dev\datafeed.tests.dll" id="1b9a68ff-50eb-9f50-8827-4e09e9288153">
      <Execution timeOut="1800000" id="4f3ee251-52c3-4016-99c8-46ed9098ef7a" />
      <TestMethod codeBase="E:/Jenkins/workspace/DataEngine/DATAFEED.Tests/DATAFEED.Tests/bin/Dev/DATAFEED.Tests.dll" adapterTypeName="Microsoft.VisualStudio.TestTools.TestTypes.Unit.UnitTestAdapter, Microsoft.VisualStudio.QualityTools.Tips.UnitTest.Adapter, Version=12.0.0.0, Culture=neutral, PublicKeyToken=b03f5f7f11d50a3a" className="DATAFEED.Tests.Shortcode, DATAFEED.Tests, Version=1.0.0.0, Culture=neutral, PublicKeyToken=null" name="ShortcodeV2Test" />
    </UnitTest>
    <UnitTest name="TotalAll" storage=".\datafeed.tests\bin\dev\datafeed.tests.dll" id="01a27ed2-fe99-0c64-e3bb-f938b5494161">
      <Execution timeOut="1800000" id="c23aa7ea-2f31-49bc-9a93-80f10c71bf35" />
      <TestMethod codeBase="E:/Jenkins/workspace/DataEngine/DATAFEED.Tests/DATAFEED.Tests/bin/Dev/DATAFEED.Tests.dll" adapterTypeName="Microsoft.VisualStudio.TestTools.TestTypes.Unit.UnitTestAdapter, Microsoft.VisualStudio.QualityTools.Tips.UnitTest.Adapter, Version=12.0.0.0, Culture=neutral, PublicKeyToken=b03f5f7f11d50a3a" className="DATAFEED.Tests.Total, DATAFEED.Tests, Version=1.0.0.0, Culture=neutral, PublicKeyToken=null" name="TotalAll" />
    </UnitTest>
    <UnitTest name="MultiPeriodColumnHidden" storage=".\datafeed.tests\bin\dev\datafeed.tests.dll" id="de843814-d2db-4786-615d-1b02e88b107e">
      <Execution timeOut="1800000" id="628e0edc-f80d-43ee-863c-e09f5698e1ab" />
      <TestMethod codeBase="E:/Jenkins/workspace/DataEngine/DATAFEED.Tests/DATAFEED.Tests/bin/Dev/DATAFEED.Tests.dll" adapterTypeName="Microsoft.VisualStudio.TestTools.TestTypes.Unit.UnitTestAdapter, Microsoft.VisualStudio.QualityTools.Tips.UnitTest.Adapter, Version=12.0.0.0, Culture=neutral, PublicKeyToken=b03f5f7f11d50a3a" className="DATAFEED.Tests.ColumnHidden, DATAFEED.Tests, Version=1.0.0.0, Culture=neutral, PublicKeyToken=null" name="MultiPeriodColumnHidden" />
    </UnitTest>
    <UnitTest name="SourceRatioWithInclude" storage=".\datafeed.tests\bin\dev\datafeed.tests.dll" id="f9d5e7f6-d058-d011-aa80-ce1453a58a95">
      <Execution timeOut="1800000" id="1c5ca7be-a4dd-46cc-9f31-6cf4f5efb0d3" />
      <TestMethod codeBase="E:/Jenkins/workspace/DataEngine/DATAFEED.Tests/DATAFEED.Tests/bin/Dev/DATAFEED.Tests.dll" adapterTypeName="Microsoft.VisualStudio.TestTools.TestTypes.Unit.UnitTestAdapter, Microsoft.VisualStudio.QualityTools.Tips.UnitTest.Adapter, Version=12.0.0.0, Culture=neutral, PublicKeyToken=b03f5f7f11d50a3a" className="DATAFEED.Tests.Ratio, DATAFEED.Tests, Version=1.0.0.0, Culture=neutral, PublicKeyToken=null" name="SourceRatioWithInclude" />
    </UnitTest>
    <UnitTest name="StartOrEndOperator" storage=".\datafeed.tests\bin\dev\datafeed.tests.dll" id="b1e5fdd1-baee-8824-7633-8b18d2bf85cb">
      <Execution timeOut="1800000" id="4bfde114-ae28-4d7e-96e6-56a39f71ff7f" />
      <TestMethod codeBase="E:/Jenkins/workspace/DataEngine/DATAFEED.Tests/DATAFEED.Tests/bin/Dev/DATAFEED.Tests.dll" adapterTypeName="Microsoft.VisualStudio.TestTools.TestTypes.Unit.UnitTestAdapter, Microsoft.VisualStudio.QualityTools.Tips.UnitTest.Adapter, Version=12.0.0.0, Culture=neutral, PublicKeyToken=b03f5f7f11d50a3a" className="DATAFEED.Tests.Filter, DATAFEED.Tests, Version=1.0.0.0, Culture=neutral, PublicKeyToken=null" name="StartOrEndOperator" />
    </UnitTest>
    <UnitTest name="MultiSpaceSiteLevel2" storage=".\datafeed.tests\bin\dev\datafeed.tests.dll" id="45c652d6-94a5-5e3e-35ea-b7bc22a3457a">
      <Execution timeOut="1800000" id="2b0788dc-8d5f-423f-8b7c-000e4d888fae" />
      <TestMethod codeBase="E:/Jenkins/workspace/DataEngine/DATAFEED.Tests/DATAFEED.Tests/bin/Dev/DATAFEED.Tests.dll" adapterTypeName="Microsoft.VisualStudio.TestTools.TestTypes.Unit.UnitTestAdapter, Microsoft.VisualStudio.QualityTools.Tips.UnitTest.Adapter, Version=12.0.0.0, Culture=neutral, PublicKeyToken=b03f5f7f11d50a3a" className="DATAFEED.Tests.SiteLevel2, DATAFEED.Tests, Version=1.0.0.0, Culture=neutral, PublicKeyToken=null" name="MultiSpaceSiteLevel2" />
    </UnitTest>
    <UnitTest name="CustomerTypeString" storage=".\datafeed.tests\bin\dev\datafeed.tests.dll" id="7c985780-82aa-019a-b3c5-bd33726f950b">
      <Execution timeOut="1800000" id="e002d75f-945f-4660-80b7-f3c08270e897" />
      <TestMethod codeBase="E:/Jenkins/workspace/DataEngine/DATAFEED.Tests/DATAFEED.Tests/bin/Dev/DATAFEED.Tests.dll" adapterTypeName="Microsoft.VisualStudio.TestTools.TestTypes.Unit.UnitTestAdapter, Microsoft.VisualStudio.QualityTools.Tips.UnitTest.Adapter, Version=12.0.0.0, Culture=neutral, PublicKeyToken=b03f5f7f11d50a3a" className="DATAFEED.Tests.CustomerType, DATAFEED.Tests, Version=1.0.0.0, Culture=neutral, PublicKeyToken=null" name="CustomerTypeString" />
    </UnitTest>
    <UnitTest name="NotInOperator" storage=".\datafeed.tests\bin\dev\datafeed.tests.dll" id="22703790-a01f-ff42-50b4-ebbd296e7061">
      <Execution timeOut="1800000" id="18ee3961-cef6-4f34-8841-ae00eb3cbc79" />
      <TestMethod codeBase="E:/Jenkins/workspace/DataEngine/DATAFEED.Tests/DATAFEED.Tests/bin/Dev/DATAFEED.Tests.dll" adapterTypeName="Microsoft.VisualStudio.TestTools.TestTypes.Unit.UnitTestAdapter, Microsoft.VisualStudio.QualityTools.Tips.UnitTest.Adapter, Version=12.0.0.0, Culture=neutral, PublicKeyToken=b03f5f7f11d50a3a" className="DATAFEED.Tests.Filter, DATAFEED.Tests, Version=1.0.0.0, Culture=neutral, PublicKeyToken=null" name="NotInOperator" />
    </UnitTest>
    <UnitTest name="EvoRatioMode" storage=".\datafeed.tests\bin\dev\datafeed.tests.dll" id="93523e6e-cf1e-bcaa-6c18-4dfc4dc790d4">
      <Execution timeOut="1800000" id="d9ff3002-87f6-4041-9633-4309ac133d12" />
      <TestMethod codeBase="E:/Jenkins/workspace/DataEngine/DATAFEED.Tests/DATAFEED.Tests/bin/Dev/DATAFEED.Tests.dll" adapterTypeName="Microsoft.VisualStudio.TestTools.TestTypes.Unit.UnitTestAdapter, Microsoft.VisualStudio.QualityTools.Tips.UnitTest.Adapter, Version=12.0.0.0, Culture=neutral, PublicKeyToken=b03f5f7f11d50a3a" className="DATAFEED.Tests.Evolution, DATAFEED.Tests, Version=1.0.0.0, Culture=neutral, PublicKeyToken=null" name="EvoRatioMode" />
    </UnitTest>
    <UnitTest name="CheckMultiSiteCM" storage=".\datafeed.tests\bin\dev\datafeed.tests.dll" id="a5b732dc-fae6-90a4-6921-140d662a4241">
      <Execution timeOut="1800000" id="886c104b-0188-4688-9aef-17c4ff18c481" />
      <TestMethod codeBase="E:/Jenkins/workspace/DataEngine/DATAFEED.Tests/DATAFEED.Tests/bin/Dev/DATAFEED.Tests.dll" adapterTypeName="Microsoft.VisualStudio.TestTools.TestTypes.Unit.UnitTestAdapter, Microsoft.VisualStudio.QualityTools.Tips.UnitTest.Adapter, Version=12.0.0.0, Culture=neutral, PublicKeyToken=b03f5f7f11d50a3a" className="DATAFEED.Tests.Space, DATAFEED.Tests, Version=1.0.0.0, Culture=neutral, PublicKeyToken=null" name="CheckMultiSiteCM" />
    </UnitTest>
    <UnitTest name="ChainedPeriodSyntaxError" storage=".\datafeed.tests\bin\dev\datafeed.tests.dll" id="da994206-6429-1777-78d8-a6ee29c35de3">
      <Execution timeOut="1800000" id="f86dc458-c98a-4d50-ab91-a7dd5306dc11" />
      <TestMethod codeBase="E:/Jenkins/workspace/DataEngine/DATAFEED.Tests/DATAFEED.Tests/bin/Dev/DATAFEED.Tests.dll" adapterTypeName="Microsoft.VisualStudio.TestTools.TestTypes.Unit.UnitTestAdapter, Microsoft.VisualStudio.QualityTools.Tips.UnitTest.Adapter, Version=12.0.0.0, Culture=neutral, PublicKeyToken=b03f5f7f11d50a3a" className="DATAFEED.Tests.Period, DATAFEED.Tests, Version=1.0.0.0, Culture=neutral, PublicKeyToken=null" name="ChainedPeriodSyntaxError" />
    </UnitTest>
    <UnitTest name="CustomerTypeBoolean" storage=".\datafeed.tests\bin\dev\datafeed.tests.dll" id="806036cd-8f04-6f3d-8dfb-217c3c6fca87">
      <Execution timeOut="1800000" id="4fc66476-6e00-48ae-adea-a9f6fa171a36" />
      <TestMethod codeBase="E:/Jenkins/workspace/DataEngine/DATAFEED.Tests/DATAFEED.Tests/bin/Dev/DATAFEED.Tests.dll" adapterTypeName="Microsoft.VisualStudio.TestTools.TestTypes.Unit.UnitTestAdapter, Microsoft.VisualStudio.QualityTools.Tips.UnitTest.Adapter, Version=12.0.0.0, Culture=neutral, PublicKeyToken=b03f5f7f11d50a3a" className="DATAFEED.Tests.CustomerType, DATAFEED.Tests, Version=1.0.0.0, Culture=neutral, PublicKeyToken=null" name="CustomerTypeBoolean" />
    </UnitTest>
    <UnitTest name="ExtractEvo" storage=".\datafeed.tests\bin\dev\datafeed.tests.dll" id="caff8f24-e4cb-bb3a-be34-e688b11ca443">
      <Execution timeOut="1800000" id="781b6f3c-f839-4f8d-995e-9d4e584ae8b3" />
      <TestMethod codeBase="E:/Jenkins/workspace/DataEngine/DATAFEED.Tests/DATAFEED.Tests/bin/Dev/DATAFEED.Tests.dll" adapterTypeName="Microsoft.VisualStudio.TestTools.TestTypes.Unit.UnitTestAdapter, Microsoft.VisualStudio.QualityTools.Tips.UnitTest.Adapter, Version=12.0.0.0, Culture=neutral, PublicKeyToken=b03f5f7f11d50a3a" className="DATAFEED.Tests.Extract, DATAFEED.Tests, Version=1.0.0.0, Culture=neutral, PublicKeyToken=null" name="ExtractEvo" />
    </UnitTest>
    <UnitTest name="MultiPeriodNonConsecutivePeriodLimit" storage=".\datafeed.tests\bin\dev\datafeed.tests.dll" id="8e885de1-3af9-3035-f46b-bb000e635665">
      <Execution timeOut="1800000" id="09309070-318c-4c21-9aa5-b930a1203018" />
      <TestMethod codeBase="E:/Jenkins/workspace/DataEngine/DATAFEED.Tests/DATAFEED.Tests/bin/Dev/DATAFEED.Tests.dll" adapterTypeName="Microsoft.VisualStudio.TestTools.TestTypes.Unit.UnitTestAdapter, Microsoft.VisualStudio.QualityTools.Tips.UnitTest.Adapter, Version=12.0.0.0, Culture=neutral, PublicKeyToken=b03f5f7f11d50a3a" className="DATAFEED.Tests.Period, DATAFEED.Tests, Version=1.0.0.0, Culture=neutral, PublicKeyToken=null" name="MultiPeriodNonConsecutivePeriodLimit" />
    </UnitTest>
    <UnitTest name="ArboSiteLevel2" storage=".\datafeed.tests\bin\dev\datafeed.tests.dll" id="3fc25000-983f-2753-7cc3-399c3bc6cfe3">
      <Execution timeOut="1800000" id="3f008c10-57d3-4154-a2a1-f9020e01f853" />
      <TestMethod codeBase="E:/Jenkins/workspace/DataEngine/DATAFEED.Tests/DATAFEED.Tests/bin/Dev/DATAFEED.Tests.dll" adapterTypeName="Microsoft.VisualStudio.TestTools.TestTypes.Unit.UnitTestAdapter, Microsoft.VisualStudio.QualityTools.Tips.UnitTest.Adapter, Version=12.0.0.0, Culture=neutral, PublicKeyToken=b03f5f7f11d50a3a" className="DATAFEED.Tests.SiteLevel2, DATAFEED.Tests, Version=1.0.0.0, Culture=neutral, PublicKeyToken=null" name="ArboSiteLevel2" />
    </UnitTest>
    <UnitTest name="ExtractArbo" storage=".\datafeed.tests\bin\dev\datafeed.tests.dll" id="c93de0f4-0bbe-c80f-47ec-36eca2d691cd">
      <Execution timeOut="1800000" id="0e52d3f3-9039-48a2-a6a9-3bbd1312e635" />
      <TestMethod codeBase="E:/Jenkins/workspace/DataEngine/DATAFEED.Tests/DATAFEED.Tests/bin/Dev/DATAFEED.Tests.dll" adapterTypeName="Microsoft.VisualStudio.TestTools.TestTypes.Unit.UnitTestAdapter, Microsoft.VisualStudio.QualityTools.Tips.UnitTest.Adapter, Version=12.0.0.0, Culture=neutral, PublicKeyToken=b03f5f7f11d50a3a" className="DATAFEED.Tests.Extract, DATAFEED.Tests, Version=1.0.0.0, Culture=neutral, PublicKeyToken=null" name="ExtractArbo" />
    </UnitTest>
    <UnitTest name="NidOperator" storage=".\datafeed.tests\bin\dev\datafeed.tests.dll" id="c0e45f2d-80d6-9077-c695-7fb471e84566">
      <Execution timeOut="1800000" id="62c02013-3612-4cdf-96e3-ee7165fef4a8" />
      <TestMethod codeBase="E:/Jenkins/workspace/DataEngine/DATAFEED.Tests/DATAFEED.Tests/bin/Dev/DATAFEED.Tests.dll" adapterTypeName="Microsoft.VisualStudio.TestTools.TestTypes.Unit.UnitTestAdapter, Microsoft.VisualStudio.QualityTools.Tips.UnitTest.Adapter, Version=12.0.0.0, Culture=neutral, PublicKeyToken=b03f5f7f11d50a3a" className="DATAFEED.Tests.Filter, DATAFEED.Tests, Version=1.0.0.0, Culture=neutral, PublicKeyToken=null" name="NidOperator" />
    </UnitTest>
    <UnitTest name="TestEvoCase1" storage=".\datafeed.tests\bin\dev\datafeed.tests.dll" id="20cda9ff-7520-702a-8d6a-ae691f6c7bd3">
      <Execution timeOut="1800000" id="b9a1adf0-6b9a-4185-9ac1-0fec3511020b" />
      <TestMethod codeBase="E:/Jenkins/workspace/DataEngine/DATAFEED.Tests/DATAFEED.Tests/bin/Dev/DATAFEED.Tests.dll" adapterTypeName="Microsoft.VisualStudio.TestTools.TestTypes.Unit.UnitTestAdapter, Microsoft.VisualStudio.QualityTools.Tips.UnitTest.Adapter, Version=12.0.0.0, Culture=neutral, PublicKeyToken=b03f5f7f11d50a3a" className="DATAFEED.Tests.Evolution, DATAFEED.Tests, Version=1.0.0.0, Culture=neutral, PublicKeyToken=null" name="TestEvoCase1" />
    </UnitTest>
    <UnitTest name="BilanSiteMultiPeriodWithRowCount" storage=".\datafeed.tests\bin\dev\datafeed.tests.dll" id="a51cf29d-602c-607a-3a7b-19a8a401434b">
      <Execution timeOut="1800000" id="e1220297-cc2d-4d8a-af0d-0a448ab9ea3c" />
      <TestMethod codeBase="E:/Jenkins/workspace/DataEngine/DATAFEED.Tests/DATAFEED.Tests/bin/Dev/DATAFEED.Tests.dll" adapterTypeName="Microsoft.VisualStudio.TestTools.TestTypes.Unit.UnitTestAdapter, Microsoft.VisualStudio.QualityTools.Tips.UnitTest.Adapter, Version=12.0.0.0, Culture=neutral, PublicKeyToken=b03f5f7f11d50a3a" className="DATAFEED.Tests.SmartcacheDesc, DATAFEED.Tests, Version=1.0.0.0, Culture=neutral, PublicKeyToken=null" name="BilanSiteMultiPeriodWithRowCount" />
    </UnitTest>
    <UnitTest name="TimeoutSmartcacheFromQuerystring" storage=".\datafeed.tests\bin\dev\datafeed.tests.dll" id="d7f5520e-7fbc-f953-79e4-071e3e8a5364">
      <Execution timeOut="1800000" id="5a0b54ea-f9c2-4f55-a5dd-7020ef9f57a6" />
      <TestMethod codeBase="E:/Jenkins/workspace/DataEngine/DATAFEED.Tests/DATAFEED.Tests/bin/Dev/DATAFEED.Tests.dll" adapterTypeName="Microsoft.VisualStudio.TestTools.TestTypes.Unit.UnitTestAdapter, Microsoft.VisualStudio.QualityTools.Tips.UnitTest.Adapter, Version=12.0.0.0, Culture=neutral, PublicKeyToken=b03f5f7f11d50a3a" className="DATAFEED.Tests.HttpQuerystring, DATAFEED.Tests, Version=1.0.0.0, Culture=neutral, PublicKeyToken=null" name="TimeoutSmartcacheFromQuerystring" />
    </UnitTest>
    <UnitTest name="CheckFilterLevelTypeInt" storage=".\datafeed.tests\bin\dev\datafeed.tests.dll" id="8fbf95f6-d78c-ebce-ea6d-483a7dfaac3a">
      <Execution timeOut="1800000" id="c6a8d7c7-9483-4808-abce-07b3db64bd5a" />
      <TestMethod codeBase="E:/Jenkins/workspace/DataEngine/DATAFEED.Tests/DATAFEED.Tests/bin/Dev/DATAFEED.Tests.dll" adapterTypeName="Microsoft.VisualStudio.TestTools.TestTypes.Unit.UnitTestAdapter, Microsoft.VisualStudio.QualityTools.Tips.UnitTest.Adapter, Version=12.0.0.0, Culture=neutral, PublicKeyToken=b03f5f7f11d50a3a" className="DATAFEED.Tests.Filter, DATAFEED.Tests, Version=1.0.0.0, Culture=neutral, PublicKeyToken=null" name="CheckFilterLevelTypeInt" />
    </UnitTest>
    <UnitTest name="TestAutoAttribut" storage=".\datafeed.tests\bin\dev\datafeed.tests.dll" id="24a703f6-dbd8-5188-1e4d-76ef6006d67f">
      <Execution timeOut="1800000" id="87cce4d0-ac74-4163-aee1-9d67cc8f6c2a" />
      <TestMethod codeBase="E:/Jenkins/workspace/DataEngine/DATAFEED.Tests/DATAFEED.Tests/bin/Dev/DATAFEED.Tests.dll" adapterTypeName="Microsoft.VisualStudio.TestTools.TestTypes.Unit.UnitTestAdapter, Microsoft.VisualStudio.QualityTools.Tips.UnitTest.Adapter, Version=12.0.0.0, Culture=neutral, PublicKeyToken=b03f5f7f11d50a3a" className="DATAFEED.Tests.Evolution, DATAFEED.Tests, Version=1.0.0.0, Culture=neutral, PublicKeyToken=null" name="TestAutoAttribut" />
    </UnitTest>
    <UnitTest name="IncorrectIncludeContextSyntax" storage=".\datafeed.tests\bin\dev\datafeed.tests.dll" id="44aa225d-5ad6-7aaa-ebc0-85925333574b">
      <Execution timeOut="1800000" id="6df19612-a5c9-49eb-9b75-d3a1d7a4a60b" />
      <TestMethod codeBase="E:/Jenkins/workspace/DataEngine/DATAFEED.Tests/DATAFEED.Tests/bin/Dev/DATAFEED.Tests.dll" adapterTypeName="Microsoft.VisualStudio.TestTools.TestTypes.Unit.UnitTestAdapter, Microsoft.VisualStudio.QualityTools.Tips.UnitTest.Adapter, Version=12.0.0.0, Culture=neutral, PublicKeyToken=b03f5f7f11d50a3a" className="DATAFEED.Tests.Context, DATAFEED.Tests, Version=1.0.0.0, Culture=neutral, PublicKeyToken=null" name="IncorrectIncludeContextSyntax" />
    </UnitTest>
    <UnitTest name="TestPeriodComplex" storage=".\datafeed.tests\bin\dev\datafeed.tests.dll" id="1e6a2098-fa53-c6f5-26fd-a96333e23cca">
      <Execution timeOut="1800000" id="ce9f214a-83d1-437c-a84c-cc72316ecb46" />
      <TestMethod codeBase="E:/Jenkins/workspace/DataEngine/DATAFEED.Tests/DATAFEED.Tests/bin/Dev/DATAFEED.Tests.dll" adapterTypeName="Microsoft.VisualStudio.TestTools.TestTypes.Unit.UnitTestAdapter, Microsoft.VisualStudio.QualityTools.Tips.UnitTest.Adapter, Version=12.0.0.0, Culture=neutral, PublicKeyToken=b03f5f7f11d50a3a" className="DATAFEED.Tests.Evolution, DATAFEED.Tests, Version=1.0.0.0, Culture=neutral, PublicKeyToken=null" name="TestPeriodComplex" />
    </UnitTest>
    <UnitTest name="MultiPeriodSortMetricOnlyOnP1" storage=".\datafeed.tests\bin\dev\datafeed.tests.dll" id="2ffebf14-d62c-3500-cdb3-62642f55e729">
      <Execution timeOut="1800000" id="8d08da9b-c4b2-419e-8d54-87830c8a6dfe" />
      <TestMethod codeBase="E:/Jenkins/workspace/DataEngine/DATAFEED.Tests/DATAFEED.Tests/bin/Dev/DATAFEED.Tests.dll" adapterTypeName="Microsoft.VisualStudio.TestTools.TestTypes.Unit.UnitTestAdapter, Microsoft.VisualStudio.QualityTools.Tips.UnitTest.Adapter, Version=12.0.0.0, Culture=neutral, PublicKeyToken=b03f5f7f11d50a3a" className="DATAFEED.Tests.Period, DATAFEED.Tests, Version=1.0.0.0, Culture=neutral, PublicKeyToken=null" name="MultiPeriodSortMetricOnlyOnP1" />
    </UnitTest>
    <UnitTest name="TestHourForPeriodLessThan1Year" storage=".\datafeed.tests\bin\dev\datafeed.tests.dll" id="f3ca7c1b-48a5-b4ec-6a59-dc2629c27ced">
      <Execution timeOut="1800000" id="3d4594b5-6916-4afd-878c-87fa63e60176" />
      <TestMethod codeBase="E:/Jenkins/workspace/DataEngine/DATAFEED.Tests/DATAFEED.Tests/bin/Dev/DATAFEED.Tests.dll" adapterTypeName="Microsoft.VisualStudio.TestTools.TestTypes.Unit.UnitTestAdapter, Microsoft.VisualStudio.QualityTools.Tips.UnitTest.Adapter, Version=12.0.0.0, Culture=neutral, PublicKeyToken=b03f5f7f11d50a3a" className="DATAFEED.Tests.Evolution, DATAFEED.Tests, Version=1.0.0.0, Culture=neutral, PublicKeyToken=null" name="TestHourForPeriodLessThan1Year" />
    </UnitTest>
    <UnitTest name="LtAndGteOperator" storage=".\datafeed.tests\bin\dev\datafeed.tests.dll" id="20a795f1-225c-a7ba-3cb4-d40d991476f2">
      <Execution timeOut="1800000" id="219001ff-11d6-4267-ba6f-088a82675cdf" />
      <TestMethod codeBase="E:/Jenkins/workspace/DataEngine/DATAFEED.Tests/DATAFEED.Tests/bin/Dev/DATAFEED.Tests.dll" adapterTypeName="Microsoft.VisualStudio.TestTools.TestTypes.Unit.UnitTestAdapter, Microsoft.VisualStudio.QualityTools.Tips.UnitTest.Adapter, Version=12.0.0.0, Culture=neutral, PublicKeyToken=b03f5f7f11d50a3a" className="DATAFEED.Tests.Filter, DATAFEED.Tests, Version=1.0.0.0, Culture=neutral, PublicKeyToken=null" name="LtAndGteOperator" />
    </UnitTest>
    <UnitTest name="CustomerTypeDate" storage=".\datafeed.tests\bin\dev\datafeed.tests.dll" id="f60ef96e-8ac6-7d9e-8438-2ff284b8d284">
      <Execution timeOut="1800000" id="1e782a50-2b50-489b-8374-0f9f88508f0e" />
      <TestMethod codeBase="E:/Jenkins/workspace/DataEngine/DATAFEED.Tests/DATAFEED.Tests/bin/Dev/DATAFEED.Tests.dll" adapterTypeName="Microsoft.VisualStudio.TestTools.TestTypes.Unit.UnitTestAdapter, Microsoft.VisualStudio.QualityTools.Tips.UnitTest.Adapter, Version=12.0.0.0, Culture=neutral, PublicKeyToken=b03f5f7f11d50a3a" className="DATAFEED.Tests.CustomerType, DATAFEED.Tests, Version=1.0.0.0, Culture=neutral, PublicKeyToken=null" name="CustomerTypeDate" />
    </UnitTest>
    <UnitTest name="TestBoucheTrou" storage=".\datafeed.tests\bin\dev\datafeed.tests.dll" id="1f1fd834-84fc-7f32-e705-770301c80ce5">
      <Execution timeOut="1800000" id="8f4bef16-e60d-4c68-b924-bb8b807496d9" />
      <TestMethod codeBase="E:/Jenkins/workspace/DataEngine/DATAFEED.Tests/DATAFEED.Tests/bin/Dev/DATAFEED.Tests.dll" adapterTypeName="Microsoft.VisualStudio.TestTools.TestTypes.Unit.UnitTestAdapter, Microsoft.VisualStudio.QualityTools.Tips.UnitTest.Adapter, Version=12.0.0.0, Culture=neutral, PublicKeyToken=b03f5f7f11d50a3a" className="DATAFEED.Tests.Evolution, DATAFEED.Tests, Version=1.0.0.0, Culture=neutral, PublicKeyToken=null" name="TestBoucheTrou" />
    </UnitTest>
    <UnitTest name="InLkwOperator" storage=".\datafeed.tests\bin\dev\datafeed.tests.dll" id="81736839-ff99-3d1d-4749-2546dd4b8e28">
      <Execution timeOut="1800000" id="989e2552-6159-487b-8395-41f47f02643c" />
      <TestMethod codeBase="E:/Jenkins/workspace/DataEngine/DATAFEED.Tests/DATAFEED.Tests/bin/Dev/DATAFEED.Tests.dll" adapterTypeName="Microsoft.VisualStudio.TestTools.TestTypes.Unit.UnitTestAdapter, Microsoft.VisualStudio.QualityTools.Tips.UnitTest.Adapter, Version=12.0.0.0, Culture=neutral, PublicKeyToken=b03f5f7f11d50a3a" className="DATAFEED.Tests.Filter, DATAFEED.Tests, Version=1.0.0.0, Culture=neutral, PublicKeyToken=null" name="InLkwOperator" />
    </UnitTest>
    <UnitTest name="FrontV2GetSegmentPerf" storage=".\datafeed.tests\bin\dev\datafeed.tests.dll" id="35ac2435-d5ca-5eb4-49be-722325b570e8">
      <Execution timeOut="1800000" id="fb5d602a-6b31-4407-a0ab-e9ddae0e4fff" />
      <TestMethod codeBase="E:/Jenkins/workspace/DataEngine/DATAFEED.Tests/DATAFEED.Tests/bin/Dev/DATAFEED.Tests.dll" adapterTypeName="Microsoft.VisualStudio.TestTools.TestTypes.Unit.UnitTestAdapter, Microsoft.VisualStudio.QualityTools.Tips.UnitTest.Adapter, Version=12.0.0.0, Culture=neutral, PublicKeyToken=b03f5f7f11d50a3a" className="DATAFEED.Tests.ConfigPerf, DATAFEED.Tests, Version=1.0.0.0, Culture=neutral, PublicKeyToken=null" name="FrontV2GetSegmentPerf" />
    </UnitTest>
    <UnitTest name="TestEvoHourEvent" storage=".\datafeed.tests\bin\dev\datafeed.tests.dll" id="0db083b8-6461-ac82-f349-75d46c1f205f">
      <Execution timeOut="1800000" id="d6d54fbd-3310-45a8-84ff-a0189014ced5" />
      <TestMethod codeBase="E:/Jenkins/workspace/DataEngine/DATAFEED.Tests/DATAFEED.Tests/bin/Dev/DATAFEED.Tests.dll" adapterTypeName="Microsoft.VisualStudio.TestTools.TestTypes.Unit.UnitTestAdapter, Microsoft.VisualStudio.QualityTools.Tips.UnitTest.Adapter, Version=12.0.0.0, Culture=neutral, PublicKeyToken=b03f5f7f11d50a3a" className="DATAFEED.Tests.Evolution, DATAFEED.Tests, Version=1.0.0.0, Culture=neutral, PublicKeyToken=null" name="TestEvoHourEvent" />
    </UnitTest>
    <UnitTest name="VariationSmart" storage=".\datafeed.tests\bin\dev\datafeed.tests.dll" id="dc38ecb9-8f5e-9d6b-1a69-064e0f969ab8">
      <Execution timeOut="1800000" id="a73cf2a8-73da-48ba-b4ce-2d36824c59db" />
      <TestMethod codeBase="E:/Jenkins/workspace/DataEngine/DATAFEED.Tests/DATAFEED.Tests/bin/Dev/DATAFEED.Tests.dll" adapterTypeName="Microsoft.VisualStudio.TestTools.TestTypes.Unit.UnitTestAdapter, Microsoft.VisualStudio.QualityTools.Tips.UnitTest.Adapter, Version=12.0.0.0, Culture=neutral, PublicKeyToken=b03f5f7f11d50a3a" className="DATAFEED.Tests.SmartDfq, DATAFEED.Tests, Version=1.0.0.0, Culture=neutral, PublicKeyToken=null" name="VariationSmart" />
    </UnitTest>
    <UnitTest name="Portugues" storage=".\datafeed.tests\bin\dev\datafeed.tests.dll" id="3b1ba1d5-cf72-adb4-761b-8c473b8b31c3">
      <Execution timeOut="1800000" id="556f5a9f-5797-4ef9-98e2-bbf1a4f959fb" />
      <TestMethod codeBase="E:/Jenkins/workspace/DataEngine/DATAFEED.Tests/DATAFEED.Tests/bin/Dev/DATAFEED.Tests.dll" adapterTypeName="Microsoft.VisualStudio.TestTools.TestTypes.Unit.UnitTestAdapter, Microsoft.VisualStudio.QualityTools.Tips.UnitTest.Adapter, Version=12.0.0.0, Culture=neutral, PublicKeyToken=b03f5f7f11d50a3a" className="DATAFEED.Tests.Language, DATAFEED.Tests, Version=1.0.0.0, Culture=neutral, PublicKeyToken=null" name="Portugues" />
    </UnitTest>
    <UnitTest name="HtmlRowCountEvo" storage=".\datafeed.tests\bin\dev\datafeed.tests.dll" id="64fbf9db-503d-34c0-fcb5-0f828c5eba99">
      <Execution timeOut="1800000" id="3f52b3e9-8d7f-43ae-9f58-70d9aac5ea50" />
      <TestMethod codeBase="E:/Jenkins/workspace/DataEngine/DATAFEED.Tests/DATAFEED.Tests/bin/Dev/DATAFEED.Tests.dll" adapterTypeName="Microsoft.VisualStudio.TestTools.TestTypes.Unit.UnitTestAdapter, Microsoft.VisualStudio.QualityTools.Tips.UnitTest.Adapter, Version=12.0.0.0, Culture=neutral, PublicKeyToken=b03f5f7f11d50a3a" className="DATAFEED.Tests.GetRowCount, DATAFEED.Tests, Version=1.0.0.0, Culture=neutral, PublicKeyToken=null" name="HtmlRowCountEvo" />
    </UnitTest>
  </TestDefinitions>
  <TestLists>
    <TestList name="Results Not in a List" id="8c84fa94-04c1-424b-9868-57a2d4851a1d" />
    <TestList name="All Loaded Results" id="19431567-8539-422a-85d7-44ee4e166bda" />
  </TestLists>
  <TestEntries>
    <TestEntry testId="f2268c6d-a84e-f63d-fde0-fe6ac64df356" executionId="df4fda27-ab57-4c8f-8160-80050f4ff1a5" testListId="8c84fa94-04c1-424b-9868-57a2d4851a1d" />
    <TestEntry testId="87b2ab98-5953-407f-b2cb-de7a07cda1f3" executionId="378e3347-40c5-4c57-b96c-ea3e268bfe9b" testListId="8c84fa94-04c1-424b-9868-57a2d4851a1d" />
    <TestEntry testId="0a05bc37-7508-66d6-f904-f939c6a3940c" executionId="d1f081d4-3fe3-4fd3-b015-90204374a51f" testListId="8c84fa94-04c1-424b-9868-57a2d4851a1d" />
    <TestEntry testId="64e03300-a354-f35e-817b-d2839b112241" executionId="2de68b83-ff00-4e2d-bcb3-cba03b766afd" testListId="8c84fa94-04c1-424b-9868-57a2d4851a1d" />
    <TestEntry testId="d0911bd2-c23e-32a5-9478-9537f1914819" executionId="cdfcbb3d-f3e8-4070-a25f-a68b634c1f5b" testListId="8c84fa94-04c1-424b-9868-57a2d4851a1d" />
    <TestEntry testId="531c29ab-4756-6f3d-118e-44ee85b64c5f" executionId="dfbc24c1-39b7-4267-9b08-dfd84e262bcb" testListId="8c84fa94-04c1-424b-9868-57a2d4851a1d" />
    <TestEntry testId="f0358ea5-202e-8884-35b8-140db2bd18f6" executionId="f7e03494-9a6f-43b0-a9e8-382d74c0aa7c" testListId="8c84fa94-04c1-424b-9868-57a2d4851a1d" />
    <TestEntry testId="38c0f502-8aa1-d823-2e86-8ea30f5f5cfc" executionId="008c4f17-c1c1-4694-a352-38be6cecd68d" testListId="8c84fa94-04c1-424b-9868-57a2d4851a1d" />
    <TestEntry testId="08ec5391-602f-28f5-1d2e-eaa595ceff18" executionId="35606039-d62e-4c82-9055-e62336d5db29" testListId="8c84fa94-04c1-424b-9868-57a2d4851a1d" />
    <TestEntry testId="5a3f1b9c-fe7d-024e-f7cb-316cff660443" executionId="8c02d92b-18fa-45e6-8bd9-8909bb9200c8" testListId="8c84fa94-04c1-424b-9868-57a2d4851a1d" />
    <TestEntry testId="5c218b62-f342-2b59-9a4c-9ec032d8a0f4" executionId="1855d353-e3ee-4a4d-add0-9d083534f5be" testListId="8c84fa94-04c1-424b-9868-57a2d4851a1d" />
    <TestEntry testId="fc435077-5744-fc6a-aed8-20269a69fda5" executionId="875c25c5-c902-4a33-a634-2ad247717d7a" testListId="8c84fa94-04c1-424b-9868-57a2d4851a1d" />
    <TestEntry testId="ce137e69-3f1f-9bb6-a2ec-a9b419995dae" executionId="38a0b995-0599-40c9-a005-b2ffebc00586" testListId="8c84fa94-04c1-424b-9868-57a2d4851a1d" />
    <TestEntry testId="72e25aed-760b-de8b-99d4-8bd38f410fb7" executionId="1ad822e5-31b8-4e97-b7fb-4ce2c526c995" testListId="8c84fa94-04c1-424b-9868-57a2d4851a1d" />
    <TestEntry testId="12e54c86-aca3-df88-b414-f4e15f4730bf" executionId="a8d8373b-2f89-4f7e-97ad-720a1d7e4547" testListId="8c84fa94-04c1-424b-9868-57a2d4851a1d" />
    <TestEntry testId="fb59568b-04bd-c54d-79a5-a1a27bbaf236" executionId="6dba2065-0cb9-485e-a772-f8a794203193" testListId="8c84fa94-04c1-424b-9868-57a2d4851a1d" />
    <TestEntry testId="c44f50cf-7430-ef75-a2e6-49c919451362" executionId="ff903441-d0c8-46a4-8fd9-76b63f99f09c" testListId="8c84fa94-04c1-424b-9868-57a2d4851a1d" />
    <TestEntry testId="bc67a766-c9cc-0030-e38c-8bffd37b37f1" executionId="2142c980-8cb6-4807-909f-ced180a9a6bc" testListId="8c84fa94-04c1-424b-9868-57a2d4851a1d" />
    <TestEntry testId="bf2e9d03-a74c-872f-4e13-0a60e11af46c" executionId="6e6c37c7-c31e-4fb3-a829-07be0cd8d468" testListId="8c84fa94-04c1-424b-9868-57a2d4851a1d" />
    <TestEntry testId="39734adb-8ab4-a401-c964-114d38d746c8" executionId="d19c2576-aea8-4693-9451-c9e70b6350cc" testListId="8c84fa94-04c1-424b-9868-57a2d4851a1d" />
    <TestEntry testId="a387ff47-27cb-752e-eaa2-1b0bfca9340c" executionId="575c5314-a730-44cd-aba3-9f3bf1cacac1" testListId="8c84fa94-04c1-424b-9868-57a2d4851a1d" />
    <TestEntry testId="dd5981ee-f03a-5b71-e3ff-ba3a5eb81a0c" executionId="a74a681a-1026-4312-a697-8f0fc45aceb6" testListId="8c84fa94-04c1-424b-9868-57a2d4851a1d" />
    <TestEntry testId="de843814-d2db-4786-615d-1b02e88b107e" executionId="628e0edc-f80d-43ee-863c-e09f5698e1ab" testListId="8c84fa94-04c1-424b-9868-57a2d4851a1d" />
    <TestEntry testId="53a6f3ed-c1b8-affe-0cfc-2c6543fde1ae" executionId="5395be4f-be0f-400b-a492-9ac6463aeb6d" testListId="8c84fa94-04c1-424b-9868-57a2d4851a1d" />
    <TestEntry testId="6263cef9-64ea-70ee-d9ba-c24eef453389" executionId="e7776928-4334-4083-b9bf-09ae0ff6b54e" testListId="8c84fa94-04c1-424b-9868-57a2d4851a1d" />
    <TestEntry testId="7f28319d-9ae2-b41e-4fe4-0525e1f1ce11" executionId="48aefbc4-fe7c-4464-af5e-a0cd1f9a8fb1" testListId="8c84fa94-04c1-424b-9868-57a2d4851a1d" />
    <TestEntry testId="337fd2c9-59a0-57c1-91a2-c1c4b5329257" executionId="eaf77892-b909-4eaa-a1f2-9374f2e62ddd" testListId="8c84fa94-04c1-424b-9868-57a2d4851a1d" />
    <TestEntry testId="0ddec494-5eac-96c5-7aa0-6d7836376ecb" executionId="99c9ea23-03f8-410f-8f83-e2eaca050ab3" testListId="8c84fa94-04c1-424b-9868-57a2d4851a1d" />
    <TestEntry testId="bf547122-6d88-c2e3-2805-5a65d8cb8909" executionId="68def0f8-7f88-4fb7-abdb-2bcbc823c85f" testListId="8c84fa94-04c1-424b-9868-57a2d4851a1d" />
    <TestEntry testId="dfacecdb-c191-9477-5a10-e5f38450b75d" executionId="6a26a8a7-cf45-45f0-a14a-c0efde978104" testListId="8c84fa94-04c1-424b-9868-57a2d4851a1d" />
    <TestEntry testId="2ee48829-9bdf-6ec4-2d09-6c0b5dc565a2" executionId="30d7f264-09ea-4b21-9cd7-0750ee9133d9" testListId="8c84fa94-04c1-424b-9868-57a2d4851a1d" />
    <TestEntry testId="35ac2435-d5ca-5eb4-49be-722325b570e8" executionId="fb5d602a-6b31-4407-a0ab-e9ddae0e4fff" testListId="8c84fa94-04c1-424b-9868-57a2d4851a1d" />
    <TestEntry testId="4f791661-725d-5d16-61af-df2035483fdb" executionId="63a2597d-674a-4909-9b76-f41f50d2fd46" testListId="8c84fa94-04c1-424b-9868-57a2d4851a1d" />
    <TestEntry testId="2a4b3150-5540-ff7e-48fe-2c8012d0679a" executionId="c14948dc-a568-4166-bea5-8aa8e338210c" testListId="8c84fa94-04c1-424b-9868-57a2d4851a1d" />
    <TestEntry testId="eec20346-9231-2511-fe1f-7642ad8cfbb9" executionId="9451f686-852c-41fc-989c-f4bc5035d31d" testListId="8c84fa94-04c1-424b-9868-57a2d4851a1d" />
    <TestEntry testId="eb522b65-35a1-5556-b740-08bb09467170" executionId="0272feb3-6ca4-40e0-bf44-24bcea791e2f" testListId="8c84fa94-04c1-424b-9868-57a2d4851a1d" />
    <TestEntry testId="01465045-36ca-46b6-e1ad-426bce6a9151" executionId="4db60e73-24ed-4e08-a462-cfc0594f5499" testListId="8c84fa94-04c1-424b-9868-57a2d4851a1d" />
    <TestEntry testId="44aa225d-5ad6-7aaa-ebc0-85925333574b" executionId="6df19612-a5c9-49eb-9b75-d3a1d7a4a60b" testListId="8c84fa94-04c1-424b-9868-57a2d4851a1d" />
    <TestEntry testId="666194c2-b3a1-15c0-a107-15ef45ce556a" executionId="01816b29-20a8-466e-8c6c-4dce5a8fd117" testListId="8c84fa94-04c1-424b-9868-57a2d4851a1d" />
    <TestEntry testId="d7c00d3b-e737-887a-7ec3-450110c2affe" executionId="9139c35b-d27b-4ced-8efe-c512ead74ad6" testListId="8c84fa94-04c1-424b-9868-57a2d4851a1d" />
    <TestEntry testId="806036cd-8f04-6f3d-8dfb-217c3c6fca87" executionId="4fc66476-6e00-48ae-adea-a9f6fa171a36" testListId="8c84fa94-04c1-424b-9868-57a2d4851a1d" />
    <TestEntry testId="f60ef96e-8ac6-7d9e-8438-2ff284b8d284" executionId="1e782a50-2b50-489b-8374-0f9f88508f0e" testListId="8c84fa94-04c1-424b-9868-57a2d4851a1d" />
    <TestEntry testId="2d80e955-ff75-c376-22a2-dff39d23a75c" executionId="c2eb6e28-b4c2-4295-8d5a-c0650cdf7926" testListId="8c84fa94-04c1-424b-9868-57a2d4851a1d" />
    <TestEntry testId="e8851701-56c5-9fb1-77a8-5ef3e1f54f96" executionId="f5808381-de35-4265-a0e2-62045e205543" testListId="8c84fa94-04c1-424b-9868-57a2d4851a1d" />
    <TestEntry testId="36c9071a-3250-77e5-5582-07f967c7f6db" executionId="4c0a5c6b-6e2f-41f6-a550-6848f6c872be" testListId="8c84fa94-04c1-424b-9868-57a2d4851a1d" />
    <TestEntry testId="7c985780-82aa-019a-b3c5-bd33726f950b" executionId="e002d75f-945f-4660-80b7-f3c08270e897" testListId="8c84fa94-04c1-424b-9868-57a2d4851a1d" />
    <TestEntry testId="8480940d-bdac-3375-e704-5c8ab3d5bf84" executionId="7efeb2eb-9a8e-40df-9aba-0e491703aafa" testListId="8c84fa94-04c1-424b-9868-57a2d4851a1d" />
    <TestEntry testId="833106c1-ea61-df16-873b-09a2b6807dc0" executionId="c00c49da-eaa4-4558-a3ab-74a1f21ef1b1" testListId="8c84fa94-04c1-424b-9868-57a2d4851a1d" />
    <TestEntry testId="dd2fcd1a-6c72-d3ee-1772-fa112d80f751" executionId="9342620f-4540-4dda-ab0e-c4eb7286b837" testListId="8c84fa94-04c1-424b-9868-57a2d4851a1d" />
    <TestEntry testId="189dac28-8db3-5085-30ff-f78c0b1105f3" executionId="e3a3a079-0112-443b-adad-125dbed79bbe" testListId="8c84fa94-04c1-424b-9868-57a2d4851a1d" />
    <TestEntry testId="587a971c-50d0-529b-b4a1-65a8a8ede49e" executionId="bbbbd462-2879-4111-b497-906dab59af5c" testListId="8c84fa94-04c1-424b-9868-57a2d4851a1d" />
    <TestEntry testId="5656cfd2-8efe-bf66-cff9-f9189873b0db" executionId="cc0697fc-e2fc-4d6d-bebc-03062fd7bc37" testListId="8c84fa94-04c1-424b-9868-57a2d4851a1d" />
    <TestEntry testId="5c07433b-8dd1-23ee-2366-4784a5d84087" executionId="6867859b-2cbb-4270-9c75-cac56514c376" testListId="8c84fa94-04c1-424b-9868-57a2d4851a1d" />
    <TestEntry testId="1cf1e78d-abf9-748c-7ebc-3e54dcbd05f8" executionId="6584b1ad-70b1-4001-824d-1c9ebdaa4ed4" testListId="8c84fa94-04c1-424b-9868-57a2d4851a1d" />
    <TestEntry testId="8b432ed4-1366-0d1a-dcce-fd3adfb65417" executionId="e8f5ce19-0206-4b81-9ddd-113561ecd5aa" testListId="8c84fa94-04c1-424b-9868-57a2d4851a1d" />
    <TestEntry testId="2f29ecd7-c49b-206b-f37e-443df2e1e86e" executionId="86d0255c-5702-4e8c-98fe-3c59f0b090bf" testListId="8c84fa94-04c1-424b-9868-57a2d4851a1d" />
    <TestEntry testId="93523e6e-cf1e-bcaa-6c18-4dfc4dc790d4" executionId="d9ff3002-87f6-4041-9633-4309ac133d12" testListId="8c84fa94-04c1-424b-9868-57a2d4851a1d" />
    <TestEntry testId="461d0b08-45e9-5ce8-a150-05a6313a3d79" executionId="bd695a0d-2a86-4299-a6ba-bb16042dde0b" testListId="8c84fa94-04c1-424b-9868-57a2d4851a1d" />
    <TestEntry testId="24a703f6-dbd8-5188-1e4d-76ef6006d67f" executionId="87cce4d0-ac74-4163-aee1-9d67cc8f6c2a" testListId="8c84fa94-04c1-424b-9868-57a2d4851a1d" />
    <TestEntry testId="1f1fd834-84fc-7f32-e705-770301c80ce5" executionId="8f4bef16-e60d-4c68-b924-bb8b807496d9" testListId="8c84fa94-04c1-424b-9868-57a2d4851a1d" />
    <TestEntry testId="69278bbe-7d95-0c52-ffa0-28db5f553c5d" executionId="907aab2c-7e2e-415a-8350-d7af05fe34ab" testListId="8c84fa94-04c1-424b-9868-57a2d4851a1d" />
    <TestEntry testId="20cda9ff-7520-702a-8d6a-ae691f6c7bd3" executionId="b9a1adf0-6b9a-4185-9ac1-0fec3511020b" testListId="8c84fa94-04c1-424b-9868-57a2d4851a1d" />
    <TestEntry testId="cdfef5fa-1dc7-abfc-b877-082dca0f5d5d" executionId="7607d8aa-7c3c-46b7-94fc-1bdab4ec82b6" testListId="8c84fa94-04c1-424b-9868-57a2d4851a1d" />
    <TestEntry testId="98335660-a248-606d-470c-6a3196b10e65" executionId="848c4250-e2ab-4dd8-bb34-94dcc6904ab7" testListId="8c84fa94-04c1-424b-9868-57a2d4851a1d" />
    <TestEntry testId="54b2617f-b617-8a95-04e9-7efbae61cb20" executionId="c387b07c-ea90-4dd3-8c1e-54ef4bc9a180" testListId="8c84fa94-04c1-424b-9868-57a2d4851a1d" />
    <TestEntry testId="5c46ee07-eec8-a5b3-11bb-e0fd7d391209" executionId="fef58ca2-ca66-4a2f-b634-89cd30657038" testListId="8c84fa94-04c1-424b-9868-57a2d4851a1d" />
    <TestEntry testId="0db083b8-6461-ac82-f349-75d46c1f205f" executionId="d6d54fbd-3310-45a8-84ff-a0189014ced5" testListId="8c84fa94-04c1-424b-9868-57a2d4851a1d" />
    <TestEntry testId="2c27f219-a081-99ba-a0e2-980dc3f60ffb" executionId="e2a5cb70-f1c1-4bab-a5f3-9b8175fe5181" testListId="8c84fa94-04c1-424b-9868-57a2d4851a1d" />
    <TestEntry testId="c9a06dac-bded-a6e0-da6a-404d2d98794a" executionId="5dc27d65-2f0c-4122-bc1c-062911d44044" testListId="8c84fa94-04c1-424b-9868-57a2d4851a1d" />
    <TestEntry testId="f4530dd6-62b5-4bf5-9c3a-976af2d83646" executionId="7bb563c0-c126-4427-9d77-5a0b5bbfc4e5" testListId="8c84fa94-04c1-424b-9868-57a2d4851a1d" />
    <TestEntry testId="323b224d-b5ce-6b98-101a-a32aef609c29" executionId="562329ff-2e4c-4138-9ad9-f0d2f6e43fae" testListId="8c84fa94-04c1-424b-9868-57a2d4851a1d" />
    <TestEntry testId="f654e391-d5dd-4076-48ba-01e5282fba3d" executionId="a2619870-e014-4a4c-83cd-45d7ae326582" testListId="8c84fa94-04c1-424b-9868-57a2d4851a1d" />
    <TestEntry testId="7433aa83-542a-e880-1560-b1582181c81b" executionId="f8eafe10-ca15-42a3-bf3f-da1fa8b7ae22" testListId="8c84fa94-04c1-424b-9868-57a2d4851a1d" />
    <TestEntry testId="3f801a9c-05b4-e08c-af14-5297e55cab95" executionId="b2d66e3e-3c09-4ffe-8189-91ec2a8891e0" testListId="8c84fa94-04c1-424b-9868-57a2d4851a1d" />
    <TestEntry testId="0e3bf825-e3c4-f233-cb73-cc0b68192b01" executionId="466216a0-38b3-4f8f-8f2b-820108999759" testListId="8c84fa94-04c1-424b-9868-57a2d4851a1d" />
    <TestEntry testId="b4c08a20-293c-3f98-85f7-1c615b54967a" executionId="74321ca1-3254-4817-8adc-41122e8812cf" testListId="8c84fa94-04c1-424b-9868-57a2d4851a1d" />
    <TestEntry testId="7de44b7e-e87a-3cbe-d4cd-7b24ecb1330c" executionId="5129ce4b-39dc-4a0e-9f93-3c9328c8941f" testListId="8c84fa94-04c1-424b-9868-57a2d4851a1d" />
    <TestEntry testId="89b41b69-9754-24a4-f058-9dcca87440c9" executionId="de9b7568-2648-40d8-8ba0-801559d0e7b8" testListId="8c84fa94-04c1-424b-9868-57a2d4851a1d" />
    <TestEntry testId="f6a7704f-ce5d-7ea6-6b19-7b8ea6c09f8c" executionId="f71f07d6-9ee1-47c8-b217-67db92162a4c" testListId="8c84fa94-04c1-424b-9868-57a2d4851a1d" />
    <TestEntry testId="f3ca7c1b-48a5-b4ec-6a59-dc2629c27ced" executionId="3d4594b5-6916-4afd-878c-87fa63e60176" testListId="8c84fa94-04c1-424b-9868-57a2d4851a1d" />
    <TestEntry testId="ab1aa686-878d-31ea-63d4-eb727cc5348c" executionId="0e3ae4a6-bbd1-4a1f-b216-a8fcd7a4ed4b" testListId="8c84fa94-04c1-424b-9868-57a2d4851a1d" />
    <TestEntry testId="820128c6-6578-9a75-a5e1-b18db2d40346" executionId="6d91b466-5bca-4c3b-8196-17fc149197c0" testListId="8c84fa94-04c1-424b-9868-57a2d4851a1d" />
    <TestEntry testId="549aeafa-0419-e1e9-b386-ebab1cfcd028" executionId="b64df25a-a837-483f-bcd9-df9c4e731d01" testListId="8c84fa94-04c1-424b-9868-57a2d4851a1d" />
    <TestEntry testId="14d68c8c-898f-0446-f554-9492cf904e94" executionId="f628800c-5b1b-4a39-9b07-357fcaf4f879" testListId="8c84fa94-04c1-424b-9868-57a2d4851a1d" />
    <TestEntry testId="45b7f4ae-2db6-7a2b-dae8-abb40584d8b4" executionId="9a5d0e5b-c68e-4337-a29e-38a6d8679782" testListId="8c84fa94-04c1-424b-9868-57a2d4851a1d" />
    <TestEntry testId="496dbfed-21f1-e29a-5ec0-6c79c9b2f830" executionId="47961899-67d3-4ebe-abc8-d1fc2a77a786" testListId="8c84fa94-04c1-424b-9868-57a2d4851a1d" />
    <TestEntry testId="ba20b277-715d-1607-0d20-0f8dca3933ee" executionId="598adfb4-07fa-429a-9248-811649cb5b5a" testListId="8c84fa94-04c1-424b-9868-57a2d4851a1d" />
    <TestEntry testId="6559948f-30c2-a3a2-0879-c602e4eeae53" executionId="50131270-3081-4991-a40c-cf65f31bdb13" testListId="8c84fa94-04c1-424b-9868-57a2d4851a1d" />
    <TestEntry testId="85f9bb35-b0ce-5d90-0ae5-0476aaf77b19" executionId="4e87cdc7-ef8a-4c5e-b054-0f8e6efd124e" testListId="8c84fa94-04c1-424b-9868-57a2d4851a1d" />
    <TestEntry testId="c7fdb0d5-256b-b71c-4fc2-46c15a8eed11" executionId="c7c810d9-bfdf-43aa-8087-0f3c9fbab100" testListId="8c84fa94-04c1-424b-9868-57a2d4851a1d" />
    <TestEntry testId="1e6a2098-fa53-c6f5-26fd-a96333e23cca" executionId="ce9f214a-83d1-437c-a84c-cc72316ecb46" testListId="8c84fa94-04c1-424b-9868-57a2d4851a1d" />
    <TestEntry testId="7b67232a-f063-3eff-5699-da74704b7a02" executionId="a54b9d0d-5828-4c69-88c7-92aa76f9e8a9" testListId="8c84fa94-04c1-424b-9868-57a2d4851a1d" />
    <TestEntry testId="95cce3c2-8304-e505-93ea-5f2dc9b745db" executionId="ba9054cb-a711-4233-a1d7-e8ea2d6e4d5e" testListId="8c84fa94-04c1-424b-9868-57a2d4851a1d" />
    <TestEntry testId="c93de0f4-0bbe-c80f-47ec-36eca2d691cd" executionId="0e52d3f3-9039-48a2-a6a9-3bbd1312e635" testListId="8c84fa94-04c1-424b-9868-57a2d4851a1d" />
    <TestEntry testId="ff89072a-9491-6ce8-f2a3-4154781a2c10" executionId="25f410dc-ef22-4420-be0c-9a5e7e006e90" testListId="8c84fa94-04c1-424b-9868-57a2d4851a1d" />
    <TestEntry testId="caff8f24-e4cb-bb3a-be34-e688b11ca443" executionId="781b6f3c-f839-4f8d-995e-9d4e584ae8b3" testListId="8c84fa94-04c1-424b-9868-57a2d4851a1d" />
    <TestEntry testId="0224e810-b215-34a9-b79c-236891da8aca" executionId="3fe91afc-fa9d-4efc-876e-f0b2a750c19f" testListId="8c84fa94-04c1-424b-9868-57a2d4851a1d" />
    <TestEntry testId="e266222c-8314-2d2a-3959-cb93e1f8b78a" executionId="8ec942a8-93be-4e56-a2ab-7ed06bbc1039" testListId="8c84fa94-04c1-424b-9868-57a2d4851a1d" />
    <TestEntry testId="9694e284-ef79-0425-9447-f4b76386e9f5" executionId="c1307726-a8b8-4e54-895d-41d1729c6ac8" testListId="8c84fa94-04c1-424b-9868-57a2d4851a1d" />
    <TestEntry testId="8ae49fe0-a3ba-6daa-0c71-60938466cf4a" executionId="88d79607-7d74-454e-8b7d-086eabc21a0b" testListId="8c84fa94-04c1-424b-9868-57a2d4851a1d" />
    <TestEntry testId="c7b2cd4a-a9b2-ce15-337d-e5c99d5fc04c" executionId="f789da31-45f4-4b05-9890-8e766c3623e0" testListId="8c84fa94-04c1-424b-9868-57a2d4851a1d" />
    <TestEntry testId="8fbf95f6-d78c-ebce-ea6d-483a7dfaac3a" executionId="c6a8d7c7-9483-4808-abce-07b3db64bd5a" testListId="8c84fa94-04c1-424b-9868-57a2d4851a1d" />
    <TestEntry testId="a687aa15-7e9a-1081-d5a6-f17b2a27a31a" executionId="1046bae4-4a29-45de-b7f5-1c8c7b10ae4c" testListId="8c84fa94-04c1-424b-9868-57a2d4851a1d" />
    <TestEntry testId="1b59abb5-08ba-1d64-431d-bfea755efd3b" executionId="7a0ec6e0-6dfa-42ae-8504-4bde5ee10c42" testListId="8c84fa94-04c1-424b-9868-57a2d4851a1d" />
    <TestEntry testId="ef653afe-589e-9087-076e-6f6f4230af35" executionId="229a94a4-f5f4-4299-89fd-6c9742de8333" testListId="8c84fa94-04c1-424b-9868-57a2d4851a1d" />
    <TestEntry testId="190c29d2-c58c-6eef-da12-e274c40ce17a" executionId="9e9b9454-e899-4088-a327-ad3682353081" testListId="8c84fa94-04c1-424b-9868-57a2d4851a1d" />
    <TestEntry testId="bfccc932-e2d3-11c7-f805-59c6e39cc0a7" executionId="095ce777-e3a2-49ca-bba4-84c68d713dfa" testListId="8c84fa94-04c1-424b-9868-57a2d4851a1d" />
    <TestEntry testId="2b6d9dc8-0ffc-2d12-00ae-bacbec22bde1" executionId="cd8e8061-eea9-4fc0-9073-3ca8fbc86df5" testListId="8c84fa94-04c1-424b-9868-57a2d4851a1d" />
    <TestEntry testId="dc42c9e7-4d9a-57bf-693e-09af640d32cf" executionId="5819b47a-64da-484f-ac6b-c3ce3d8a6787" testListId="8c84fa94-04c1-424b-9868-57a2d4851a1d" />
    <TestEntry testId="943a5592-8b2f-eb73-f5ad-a0cf858839bf" executionId="ba43e679-d4da-4558-b805-25cc9f188e76" testListId="8c84fa94-04c1-424b-9868-57a2d4851a1d" />
    <TestEntry testId="aeffcafc-eaab-f887-292d-4621130e6d06" executionId="f401629e-63dd-48da-8138-0f938fe2df65" testListId="8c84fa94-04c1-424b-9868-57a2d4851a1d" />
    <TestEntry testId="47fd3023-08ab-489a-570b-8b7bef20e7bb" executionId="cb595243-c690-474a-889c-4d790e810c26" testListId="8c84fa94-04c1-424b-9868-57a2d4851a1d" />
    <TestEntry testId="ebef976f-c681-a80d-4459-0699a255c44b" executionId="6d78508c-519e-4b04-af3f-f4abf294ed45" testListId="8c84fa94-04c1-424b-9868-57a2d4851a1d" />
    <TestEntry testId="73e915cf-4a05-d1b4-c236-a278c89aa0f5" executionId="f8f60748-6867-4e8a-9b6c-8504ec5fcd4b" testListId="8c84fa94-04c1-424b-9868-57a2d4851a1d" />
    <TestEntry testId="8cc32e1f-79a3-4229-8259-0ecc134826dc" executionId="20163d90-534b-49f8-9605-40958ba3fa9c" testListId="8c84fa94-04c1-424b-9868-57a2d4851a1d" />
    <TestEntry testId="be299b7d-9ab2-a80f-2788-97dab1e98fca" executionId="e62a7fe2-5c0e-44ce-8d2c-9e2f06f44cb0" testListId="8c84fa94-04c1-424b-9868-57a2d4851a1d" />
    <TestEntry testId="07cbb391-0232-63f1-95ee-edc1e4f33a95" executionId="4ca20039-6953-4823-ac20-e3f32fc3050b" testListId="8c84fa94-04c1-424b-9868-57a2d4851a1d" />
    <TestEntry testId="81736839-ff99-3d1d-4749-2546dd4b8e28" executionId="989e2552-6159-487b-8395-41f47f02643c" testListId="8c84fa94-04c1-424b-9868-57a2d4851a1d" />
    <TestEntry testId="1b37fb7c-273b-aa21-d126-191b0b5e2266" executionId="83973b18-ad05-420e-ba3d-791ca9c5ff41" testListId="8c84fa94-04c1-424b-9868-57a2d4851a1d" />
    <TestEntry testId="abe14308-036b-736c-67bc-a358d64efb3d" executionId="0291a395-6e0f-4f9c-81a2-1bf274f43724" testListId="8c84fa94-04c1-424b-9868-57a2d4851a1d" />
    <TestEntry testId="39d04455-b7bb-467f-ca5d-7f1f4ea1608a" executionId="65080f2d-7452-4a5a-bb8a-db6bb9ee151a" testListId="8c84fa94-04c1-424b-9868-57a2d4851a1d" />
    <TestEntry testId="20a795f1-225c-a7ba-3cb4-d40d991476f2" executionId="219001ff-11d6-4267-ba6f-088a82675cdf" testListId="8c84fa94-04c1-424b-9868-57a2d4851a1d" />
    <TestEntry testId="e53eb1be-9138-7f07-e34d-94c2078063cd" executionId="c064cf0d-1455-45f2-ae5b-6d1f06647833" testListId="8c84fa94-04c1-424b-9868-57a2d4851a1d" />
    <TestEntry testId="8029eea1-13ff-2382-9560-8a9df3d15deb" executionId="7a269f44-3aa0-4005-8180-235c0d18e822" testListId="8c84fa94-04c1-424b-9868-57a2d4851a1d" />
    <TestEntry testId="c0e45f2d-80d6-9077-c695-7fb471e84566" executionId="62c02013-3612-4cdf-96e3-ee7165fef4a8" testListId="8c84fa94-04c1-424b-9868-57a2d4851a1d" />
    <TestEntry testId="b721ea4d-3a38-726e-51ce-d9cc81e3ff58" executionId="78b468ae-93e7-423f-8fb7-8e01e719e43e" testListId="8c84fa94-04c1-424b-9868-57a2d4851a1d" />
    <TestEntry testId="79d5a100-6bff-dfac-a54d-088851aea2b9" executionId="d8ab2a4e-a4d8-4b39-98df-e443b7779bee" testListId="8c84fa94-04c1-424b-9868-57a2d4851a1d" />
    <TestEntry testId="22dc393b-1b76-4a32-303c-2fec9610249c" executionId="4337f233-b7df-475d-9d28-93381e63dbb3" testListId="8c84fa94-04c1-424b-9868-57a2d4851a1d" />
    <TestEntry testId="389d4bc8-2dc8-b1e1-aec4-de2b40489262" executionId="2e7fee87-c279-4801-9d64-2c53a2b25a71" testListId="8c84fa94-04c1-424b-9868-57a2d4851a1d" />
    <TestEntry testId="2268a7b5-638d-ce47-badf-14496e6c223c" executionId="dc109709-b62a-4101-99e2-a322c3e9ec20" testListId="8c84fa94-04c1-424b-9868-57a2d4851a1d" />
    <TestEntry testId="2ac3de9c-c153-bd87-9f02-775d4a41f3ee" executionId="9abf8e4b-d788-427a-ac42-01b017d597a9" testListId="8c84fa94-04c1-424b-9868-57a2d4851a1d" />
    <TestEntry testId="22703790-a01f-ff42-50b4-ebbd296e7061" executionId="18ee3961-cef6-4f34-8841-ae00eb3cbc79" testListId="8c84fa94-04c1-424b-9868-57a2d4851a1d" />
    <TestEntry testId="f18e72f2-d050-19ca-a06a-066528f417cd" executionId="aeca41c4-0227-4523-8994-7401b48337c8" testListId="8c84fa94-04c1-424b-9868-57a2d4851a1d" />
    <TestEntry testId="25510a2d-44bd-f2bd-db4a-71038c4a7f76" executionId="d4e75404-a094-4077-b579-7812ab4049bd" testListId="8c84fa94-04c1-424b-9868-57a2d4851a1d" />
    <TestEntry testId="b1e5fdd1-baee-8824-7633-8b18d2bf85cb" executionId="4bfde114-ae28-4d7e-96e6-56a39f71ff7f" testListId="8c84fa94-04c1-424b-9868-57a2d4851a1d" />
    <TestEntry testId="09f8dd0d-bcc8-a275-f047-9d207c5ecd14" executionId="6cf96dfe-c4cb-43eb-8df1-18709965500d" testListId="8c84fa94-04c1-424b-9868-57a2d4851a1d" />
    <TestEntry testId="64fbf9db-503d-34c0-fcb5-0f828c5eba99" executionId="3f52b3e9-8d7f-43ae-9f58-70d9aac5ea50" testListId="8c84fa94-04c1-424b-9868-57a2d4851a1d" />
    <TestEntry testId="07e0b58d-c91c-41c6-36d5-5ba2c25f4d3c" executionId="485b9b7f-53f3-4b12-8411-472135542152" testListId="8c84fa94-04c1-424b-9868-57a2d4851a1d" />
    <TestEntry testId="9dda66a7-6ac0-9158-acaf-9640df9de8da" executionId="7c74c9c8-3d31-4d3f-a149-e162cc7db83a" testListId="8c84fa94-04c1-424b-9868-57a2d4851a1d" />
    <TestEntry testId="3a605200-d75b-9c26-a9c7-1979f50ed360" executionId="5a3a82fb-0493-4ba6-adbd-700b5a589d23" testListId="8c84fa94-04c1-424b-9868-57a2d4851a1d" />
    <TestEntry testId="d8144bd1-4625-c5b1-01c0-0c013af5c9a5" executionId="bb8e74fa-f48f-4e2f-be1d-42da0e6dc672" testListId="8c84fa94-04c1-424b-9868-57a2d4851a1d" />
    <TestEntry testId="60b6c8ba-6a7d-fadf-3d4c-7bd31886a8cf" executionId="dd38056e-a99d-43af-b211-759af9c31c01" testListId="8c84fa94-04c1-424b-9868-57a2d4851a1d" />
    <TestEntry testId="ba720b2f-4e75-8819-b338-170d40f1c5b9" executionId="1d3a6dbd-c395-44cc-af6a-39e93f253fa9" testListId="8c84fa94-04c1-424b-9868-57a2d4851a1d" />
    <TestEntry testId="925ed78b-5e82-1960-ecaf-7bf13652871c" executionId="bdc87a30-d3b1-4214-8be9-ef31db38d68f" testListId="8c84fa94-04c1-424b-9868-57a2d4851a1d" />
    <TestEntry testId="797b8d35-add3-c61f-f864-631afc21df8c" executionId="a3f01b88-03cf-4672-bf9a-f7a40f8dc369" testListId="8c84fa94-04c1-424b-9868-57a2d4851a1d" />
    <TestEntry testId="b1e3b06d-8661-9ebb-522f-fe3658261d52" executionId="5828691d-58aa-4772-94a6-fd6ea1438a57" testListId="8c84fa94-04c1-424b-9868-57a2d4851a1d" />
    <TestEntry testId="7fb6d605-2ce6-011b-fea3-624ce2af580f" executionId="3ccd93fe-b4e0-4734-b8b2-14a443f3e27f" testListId="8c84fa94-04c1-424b-9868-57a2d4851a1d" />
    <TestEntry testId="a49ff3c2-5b00-10e0-3dfe-350d32d5284d" executionId="2ba810bc-28e1-4455-8b12-d33d7a8accb2" testListId="8c84fa94-04c1-424b-9868-57a2d4851a1d" />
    <TestEntry testId="4494fe87-f4c5-9e3f-9a57-bcce2dc7dc7d" executionId="4ef2f111-bdf6-43b3-8ec6-da22b05386d4" testListId="8c84fa94-04c1-424b-9868-57a2d4851a1d" />
    <TestEntry testId="33066257-2b3a-0e09-77a8-04d072dd696b" executionId="016a2f74-dd06-46d0-909d-87eec5c29e16" testListId="8c84fa94-04c1-424b-9868-57a2d4851a1d" />
    <TestEntry testId="78ddfa7d-dd21-76fb-30e5-1dada229a2d4" executionId="a29672a2-4d29-4be0-8fed-a7a92304cc67" testListId="8c84fa94-04c1-424b-9868-57a2d4851a1d" />
    <TestEntry testId="0bc68b00-da37-6508-4e68-38becb05635b" executionId="5cd1f41b-42cf-4371-afca-c458f4f75f0c" testListId="8c84fa94-04c1-424b-9868-57a2d4851a1d" />
    <TestEntry testId="97b14384-0eb3-ab64-a839-fafba39998db" executionId="1d85b308-7679-403e-b31e-e6b27e065c5b" testListId="8c84fa94-04c1-424b-9868-57a2d4851a1d" />
    <TestEntry testId="309f9171-f4ae-fa0f-8c17-75d4d6978756" executionId="74017cc4-abaf-4d56-a4d3-40bd803dcf5a" testListId="8c84fa94-04c1-424b-9868-57a2d4851a1d" />
    <TestEntry testId="ff6029f9-fca5-2a2c-b9d8-66f315702a5c" executionId="54911fda-e46a-447b-8d0d-076122c1d3ce" testListId="8c84fa94-04c1-424b-9868-57a2d4851a1d" />
    <TestEntry testId="18c62a9c-05b4-637d-5299-f33684f9a9c5" executionId="ca13e60e-2a90-439d-bb40-235e143d7cf5" testListId="8c84fa94-04c1-424b-9868-57a2d4851a1d" />
    <TestEntry testId="f7c65aa7-6092-eadc-2de8-d2171507dce7" executionId="708b6d3b-8d8b-4c58-b205-6a08c7ba41b8" testListId="8c84fa94-04c1-424b-9868-57a2d4851a1d" />
    <TestEntry testId="210104b2-a616-921e-2afb-452e885def58" executionId="30762880-e1d3-41e3-8321-ac0e33488030" testListId="8c84fa94-04c1-424b-9868-57a2d4851a1d" />
    <TestEntry testId="9ada7e1f-13b3-587b-d9ed-b6bd07dcfe28" executionId="3f6d77b6-bb17-47a9-8223-223de5e49e34" testListId="8c84fa94-04c1-424b-9868-57a2d4851a1d" />
    <TestEntry testId="a6ff9f4f-0e04-3546-5b70-3cf806bfb4a1" executionId="f9773364-de91-4759-9083-0d6cd5bb2318" testListId="8c84fa94-04c1-424b-9868-57a2d4851a1d" />
    <TestEntry testId="df22f09a-d529-ba42-2b2b-84d248cb2449" executionId="47f59c5e-9480-4345-ba9d-7bfc4769dce4" testListId="8c84fa94-04c1-424b-9868-57a2d4851a1d" />
    <TestEntry testId="56cab7b6-fc36-2c4b-d549-c1438489041d" executionId="d893ec0a-02af-43f8-b521-2cbff3b9851d" testListId="8c84fa94-04c1-424b-9868-57a2d4851a1d" />
    <TestEntry testId="d7f5520e-7fbc-f953-79e4-071e3e8a5364" executionId="5a0b54ea-f9c2-4f55-a5dd-7020ef9f57a6" testListId="8c84fa94-04c1-424b-9868-57a2d4851a1d" />
    <TestEntry testId="0a0e1ed0-9b63-71fc-728f-3bfac7672832" executionId="ddcdb030-f529-465d-a727-b4ae2509ba80" testListId="8c84fa94-04c1-424b-9868-57a2d4851a1d" />
    <TestEntry testId="90a9ff16-81e2-2b83-813e-4d54a776405d" executionId="c0cce2a6-68cd-42a9-a9e4-56e819ce1ef0" testListId="8c84fa94-04c1-424b-9868-57a2d4851a1d" />
    <TestEntry testId="9e4c7621-51c6-3396-7f88-9d6415d32b71" executionId="eaee9daa-8a72-42f8-8a44-5a10a71b1708" testListId="8c84fa94-04c1-424b-9868-57a2d4851a1d" />
    <TestEntry testId="d22e7869-ce10-549f-45aa-c2ade73fa433" executionId="e4d8b82f-4ee6-4389-9b6a-670a5f2b9550" testListId="8c84fa94-04c1-424b-9868-57a2d4851a1d" />
    <TestEntry testId="1d31c14f-9f71-7dd9-34fc-c31a2e6e2111" executionId="902d9e08-780f-42d1-bbd3-9679351e43a8" testListId="8c84fa94-04c1-424b-9868-57a2d4851a1d" />
    <TestEntry testId="1e99aa4f-0051-a999-09e4-d88ea6ec8e41" executionId="8dbc610e-959b-4e11-a1dc-0194cad69116" testListId="8c84fa94-04c1-424b-9868-57a2d4851a1d" />
    <TestEntry testId="5d65a267-6223-97cf-1c7f-3cd8a7e75388" executionId="f1864579-d795-415d-b9a3-c562d6cf2af7" testListId="8c84fa94-04c1-424b-9868-57a2d4851a1d" />
    <TestEntry testId="ec046add-9f9f-9810-a25c-7a248e218df5" executionId="6b83fcff-c59d-4ab6-8be9-c75fc536fc2b" testListId="8c84fa94-04c1-424b-9868-57a2d4851a1d" />
    <TestEntry testId="61716488-f988-2969-b204-118bfd6b5fd9" executionId="fa4f93ef-c542-4716-9691-eeb925768b5f" testListId="8c84fa94-04c1-424b-9868-57a2d4851a1d" />
    <TestEntry testId="f05de893-5efe-50dd-c37d-656fc7e3d8f9" executionId="d09725f2-e659-44c9-ba63-44cfb01afd8d" testListId="8c84fa94-04c1-424b-9868-57a2d4851a1d" />
    <TestEntry testId="3b1ba1d5-cf72-adb4-761b-8c473b8b31c3" executionId="556f5a9f-5797-4ef9-98e2-bbf1a4f959fb" testListId="8c84fa94-04c1-424b-9868-57a2d4851a1d" />
    <TestEntry testId="fb0214fc-0f9a-9064-ffe4-2dc95e36afbd" executionId="3be26e1e-e3ee-4bd2-8e0a-f775447419bc" testListId="8c84fa94-04c1-424b-9868-57a2d4851a1d" />
    <TestEntry testId="aa948ef9-19d5-b5ec-b95f-cd600bdfc8ce" executionId="52e91a5d-7307-4970-894c-d022cd1a9734" testListId="8c84fa94-04c1-424b-9868-57a2d4851a1d" />
    <TestEntry testId="cc722193-a944-ab05-a8a1-0695a8c84dea" executionId="ef325423-ef23-405d-aee1-253a0948a9b3" testListId="8c84fa94-04c1-424b-9868-57a2d4851a1d" />
    <TestEntry testId="fa5705f6-211a-e436-c6d6-90da2ac615aa" executionId="d39abce9-f216-44c4-9d94-898fc4bd6fef" testListId="8c84fa94-04c1-424b-9868-57a2d4851a1d" />
    <TestEntry testId="0ac18853-b835-137c-01c3-11c74eda6288" executionId="274fcffd-3b6d-4569-afa8-5423cc1364ca" testListId="8c84fa94-04c1-424b-9868-57a2d4851a1d" />
    <TestEntry testId="3930fb37-d105-013c-7b15-08f305ce357d" executionId="741ef22e-fef7-4abc-9dcc-a9b87453f8c5" testListId="8c84fa94-04c1-424b-9868-57a2d4851a1d" />
    <TestEntry testId="5ca02af6-2bbd-5fc9-8bac-58a8a4c3329b" executionId="8fa6697f-65d6-4cf4-ac41-3f2b78fe3999" testListId="8c84fa94-04c1-424b-9868-57a2d4851a1d" />
    <TestEntry testId="3c0db3db-7f61-ea66-653f-0fc0da8ea045" executionId="679ca73e-f897-41d7-9b0f-a949c4c79f08" testListId="8c84fa94-04c1-424b-9868-57a2d4851a1d" />
    <TestEntry testId="324ebee9-6b37-3192-46bc-9926ee5acf10" executionId="12e029fe-1744-4e72-9232-003404c137c5" testListId="8c84fa94-04c1-424b-9868-57a2d4851a1d" />
    <TestEntry testId="01c3ded9-849a-e678-db9b-0ee4c6301cfc" executionId="3d0d34da-dbf2-43d2-84a7-2fd38920f9cd" testListId="8c84fa94-04c1-424b-9868-57a2d4851a1d" />
    <TestEntry testId="7fc6dbdd-2146-4041-78c4-908fb83a82ef" executionId="ec4bea38-dca1-4084-bebb-9ca82dd55477" testListId="8c84fa94-04c1-424b-9868-57a2d4851a1d" />
    <TestEntry testId="9fdea585-e047-70ee-b16b-39e86e7a79ba" executionId="7e0b9b64-4e03-4698-89a6-37938fe36d0d" testListId="8c84fa94-04c1-424b-9868-57a2d4851a1d" />
    <TestEntry testId="8a2b60ca-3993-89fe-1c92-4d455102f0f7" executionId="650d6408-c6fc-4864-8ef3-6d0789d229e3" testListId="8c84fa94-04c1-424b-9868-57a2d4851a1d" />
    <TestEntry testId="663075ce-2eb1-584c-6564-c510419ea41c" executionId="3425526c-c38c-4783-934a-1be714818304" testListId="8c84fa94-04c1-424b-9868-57a2d4851a1d" />
    <TestEntry testId="6facb6f3-8c7e-92e9-acca-c6dc142f304a" executionId="f0407555-ea97-4847-bee5-b1adb1f257dc" testListId="8c84fa94-04c1-424b-9868-57a2d4851a1d" />
    <TestEntry testId="7d9c1e30-1a4c-a2f1-3169-ae76dc871a56" executionId="2d3b2a62-4f69-4dd6-a84e-d0ec871f3434" testListId="8c84fa94-04c1-424b-9868-57a2d4851a1d" />
    <TestEntry testId="9dbf03b2-ffc4-e9b3-e64e-2976ab7e5b99" executionId="ee7dfd11-a9a8-4fe0-9f4c-e56fb78efde0" testListId="8c84fa94-04c1-424b-9868-57a2d4851a1d" />
    <TestEntry testId="640a698d-813d-9953-1039-ed030e6fcf16" executionId="37ada119-3ba1-4f32-94f5-11084238abe9" testListId="8c84fa94-04c1-424b-9868-57a2d4851a1d" />
    <TestEntry testId="2d4ca57d-4637-0543-e275-49c2ccaf50a1" executionId="32f23ec7-9420-4ee3-a2ba-f064f2bae6bb" testListId="8c84fa94-04c1-424b-9868-57a2d4851a1d" />
    <TestEntry testId="5f52ee9d-ec3a-e615-7406-b93a476e3504" executionId="c0e7d5bb-8adf-4bcc-9a7a-b39ddc05968f" testListId="8c84fa94-04c1-424b-9868-57a2d4851a1d" />
    <TestEntry testId="257ff0ef-006e-a366-0531-edcdadf9bd7d" executionId="af07fa33-f0b2-419c-a5a1-bd4474d1ef81" testListId="8c84fa94-04c1-424b-9868-57a2d4851a1d" />
    <TestEntry testId="7c9b1f58-421e-98d6-e8c3-a31b54eb5d88" executionId="10c05ed5-cdaa-4af8-bc20-6d3499cb3203" testListId="8c84fa94-04c1-424b-9868-57a2d4851a1d" />
    <TestEntry testId="f937cb89-f2b8-92a9-e35b-44c7e59a615a" executionId="bc4ca9c6-4a1a-42dd-b2eb-61023572c081" testListId="8c84fa94-04c1-424b-9868-57a2d4851a1d" />
    <TestEntry testId="f9ea39a9-4fb4-3cc6-da43-1ef4d39320a6" executionId="988871ed-6fb0-4c50-a947-b478d2c6a300" testListId="8c84fa94-04c1-424b-9868-57a2d4851a1d" />
    <TestEntry testId="151b4afe-e786-37fe-0809-7f61f6de9115" executionId="49563bd3-6d06-4476-a1d7-66c401fe4686" testListId="8c84fa94-04c1-424b-9868-57a2d4851a1d" />
    <TestEntry testId="41fa32ba-0cfd-e86e-bb37-577f9a62e49d" executionId="2f08b869-c519-4166-b38a-acce195f8437" testListId="8c84fa94-04c1-424b-9868-57a2d4851a1d" />
    <TestEntry testId="ab11d567-736a-4ce4-8d26-ac821d73228d" executionId="09e3c38c-09bd-44ce-8028-3910c5baad23" testListId="8c84fa94-04c1-424b-9868-57a2d4851a1d" />
    <TestEntry testId="da994206-6429-1777-78d8-a6ee29c35de3" executionId="f86dc458-c98a-4d50-ab91-a7dd5306dc11" testListId="8c84fa94-04c1-424b-9868-57a2d4851a1d" />
    <TestEntry testId="2d8d3716-999f-d3b3-1632-c66a9582ab88" executionId="e89fa2ae-23f6-4c88-bc63-829a777a18a3" testListId="8c84fa94-04c1-424b-9868-57a2d4851a1d" />
    <TestEntry testId="0f01b899-5d0e-e0ce-9e9f-88fcf1b63ea2" executionId="aeda0f87-eb11-4b2b-8bd1-61788c9dd99c" testListId="8c84fa94-04c1-424b-9868-57a2d4851a1d" />
    <TestEntry testId="8fc71176-8dc2-0878-bf1f-2e579f6ba7a0" executionId="4a58c035-9e9f-499d-9479-d6f4f8409ca7" testListId="8c84fa94-04c1-424b-9868-57a2d4851a1d" />
    <TestEntry testId="68c59b8f-c663-f124-b99f-797bab4e10e9" executionId="39b2b747-5456-4c0a-9046-64583c47db80" testListId="8c84fa94-04c1-424b-9868-57a2d4851a1d" />
    <TestEntry testId="e98a1379-915f-65b7-9eee-601233ea5615" executionId="4b86f385-e1cf-4862-9273-de580b56094f" testListId="8c84fa94-04c1-424b-9868-57a2d4851a1d" />
    <TestEntry testId="05c2d6ed-6dad-0f00-7ccb-5984ad7ae5da" executionId="e835af63-52a0-4990-b1d9-1147b1f7e2e6" testListId="8c84fa94-04c1-424b-9868-57a2d4851a1d" />
    <TestEntry testId="106c1950-036f-ba8f-c5cc-feec5d803a8f" executionId="39c24628-d558-428c-b162-bccffd083ffa" testListId="8c84fa94-04c1-424b-9868-57a2d4851a1d" />
    <TestEntry testId="87ad9bb7-92a7-564e-ec40-dabcdec8c819" executionId="0028e77a-1bdb-472c-8c3b-f59ff9e3c5a9" testListId="8c84fa94-04c1-424b-9868-57a2d4851a1d" />
    <TestEntry testId="c33398f0-3016-e62d-7d2e-763c387d6e59" executionId="336d2c4d-6966-4fe4-a2c9-a1c54bdb34ee" testListId="8c84fa94-04c1-424b-9868-57a2d4851a1d" />
    <TestEntry testId="3222b6d8-fb2a-79e0-8f58-c18945fa1bd9" executionId="9c5ab6cb-7608-4e6b-8a74-f0698b0cd4ff" testListId="8c84fa94-04c1-424b-9868-57a2d4851a1d" />
    <TestEntry testId="3ab1c8c5-ae28-5479-70e8-3ec647e47cd7" executionId="b15042f9-7a90-4b1c-9a93-335dea7216e8" testListId="8c84fa94-04c1-424b-9868-57a2d4851a1d" />
    <TestEntry testId="8e885de1-3af9-3035-f46b-bb000e635665" executionId="09309070-318c-4c21-9aa5-b930a1203018" testListId="8c84fa94-04c1-424b-9868-57a2d4851a1d" />
    <TestEntry testId="e6ce2b68-4e07-78f9-753a-be0288d4b5f3" executionId="2f9260cc-798b-42bd-9931-8bbd33e14345" testListId="8c84fa94-04c1-424b-9868-57a2d4851a1d" />
    <TestEntry testId="2ffebf14-d62c-3500-cdb3-62642f55e729" executionId="8d08da9b-c4b2-419e-8d54-87830c8a6dfe" testListId="8c84fa94-04c1-424b-9868-57a2d4851a1d" />
    <TestEntry testId="98e3d077-f8da-c4ea-8897-f681629ec860" executionId="f17616d7-0284-4637-9db1-08059af64eee" testListId="8c84fa94-04c1-424b-9868-57a2d4851a1d" />
    <TestEntry testId="0a27d781-32f3-a887-424a-ab21bdbc993f" executionId="cc59798e-788e-4269-8a58-aa07103342cb" testListId="8c84fa94-04c1-424b-9868-57a2d4851a1d" />
    <TestEntry testId="9cfacdca-c2dd-c298-2418-c0cbef7809c9" executionId="ec0e0281-16fc-4319-acf5-4a82acbac045" testListId="8c84fa94-04c1-424b-9868-57a2d4851a1d" />
    <TestEntry testId="8f5e6886-8c39-a7d2-ff6a-3c6dc05c7ceb" executionId="636b1541-f6ad-47ac-9f22-b30c3923d686" testListId="8c84fa94-04c1-424b-9868-57a2d4851a1d" />
    <TestEntry testId="9eac4a56-2588-08f3-91fd-3b31eef74ab2" executionId="4850c40d-3bf1-4c56-b003-121645b382f4" testListId="8c84fa94-04c1-424b-9868-57a2d4851a1d" />
    <TestEntry testId="d3f12eb3-2156-49f8-0f61-d26a528302aa" executionId="31cdac55-50cb-4d1b-a9a4-700b50105202" testListId="8c84fa94-04c1-424b-9868-57a2d4851a1d" />
    <TestEntry testId="5c7888d1-b281-8fcb-c189-fbea0ca00aa9" executionId="e5678069-4937-4d46-90b2-79b5ab5c72c6" testListId="8c84fa94-04c1-424b-9868-57a2d4851a1d" />
    <TestEntry testId="85ccf025-c604-8335-7c1d-f710c17ffc31" executionId="a98b01bd-c2a6-4b88-8b69-db1cba3068b5" testListId="8c84fa94-04c1-424b-9868-57a2d4851a1d" />
    <TestEntry testId="7b6109a3-a6b2-41c9-d972-cbf8ecb399c0" executionId="02082040-3def-4b72-8ee9-d3cf3e29fc10" testListId="8c84fa94-04c1-424b-9868-57a2d4851a1d" />
    <TestEntry testId="72908cd7-a3b5-ccb1-0e04-d0de3b62c049" executionId="46cae868-e037-404e-a681-8eff4b234a15" testListId="8c84fa94-04c1-424b-9868-57a2d4851a1d" />
    <TestEntry testId="b0d2dfb1-e810-5a7a-3758-c5edbb87e635" executionId="c6879769-6f41-4b5b-aa56-686c66ea0d59" testListId="8c84fa94-04c1-424b-9868-57a2d4851a1d" />
    <TestEntry testId="f9d5e7f6-d058-d011-aa80-ce1453a58a95" executionId="1c5ca7be-a4dd-46cc-9f31-6cf4f5efb0d3" testListId="8c84fa94-04c1-424b-9868-57a2d4851a1d" />
    <TestEntry testId="53bdd07c-9920-8f1d-7d24-85a910515f92" executionId="f885da3b-2097-45a6-9705-76eead52b423" testListId="8c84fa94-04c1-424b-9868-57a2d4851a1d" />
    <TestEntry testId="894e1005-9efe-2489-6cb4-f498b4820c18" executionId="4e8e5db8-abaf-47fe-b385-58049c8e35ab" testListId="8c84fa94-04c1-424b-9868-57a2d4851a1d" />
    <TestEntry testId="a834afdf-e2a5-6916-b881-4edd77a5d49f" executionId="7f584e41-e839-4f8a-9833-50188e73a68f" testListId="8c84fa94-04c1-424b-9868-57a2d4851a1d" />
    <TestEntry testId="f0aab23d-0edd-0a9d-10d0-91aeda6fcb56" executionId="9fd7291f-bf6e-4a90-8275-a9821d0225bb" testListId="8c84fa94-04c1-424b-9868-57a2d4851a1d" />
    <TestEntry testId="8e1e7fc0-1dc0-926f-9f77-4ea168b7ca4e" executionId="f1ef2e69-98bb-498a-8894-56860947b422" testListId="8c84fa94-04c1-424b-9868-57a2d4851a1d" />
    <TestEntry testId="3b36278d-efcd-7929-7327-430b65af9759" executionId="01358d57-2111-4245-a1f1-8d4cd417959f" testListId="8c84fa94-04c1-424b-9868-57a2d4851a1d" />
    <TestEntry testId="22873938-9955-e331-2647-46c891003c5d" executionId="b479fc5e-2bfe-4c5b-996b-9829d1d21760" testListId="8c84fa94-04c1-424b-9868-57a2d4851a1d" />
    <TestEntry testId="d8b07776-5638-c219-ba12-e3a9dd2de624" executionId="8e6795b6-ef87-4c14-a036-953167afd8e9" testListId="8c84fa94-04c1-424b-9868-57a2d4851a1d" />
    <TestEntry testId="356977a9-a7c8-28c7-d6bf-c517b2e7f381" executionId="1c14b609-d4cc-415b-a306-bfc1a296b240" testListId="8c84fa94-04c1-424b-9868-57a2d4851a1d" />
    <TestEntry testId="25804d11-3d3f-3f66-210e-f65db598142f" executionId="7b10ace0-35db-4267-9cb1-b6af8f33090a" testListId="8c84fa94-04c1-424b-9868-57a2d4851a1d" />
    <TestEntry testId="b16dcec7-756f-0a76-923b-07ae52e9767f" executionId="f6e91397-0b8d-4a19-a999-291c4d98d2d8" testListId="8c84fa94-04c1-424b-9868-57a2d4851a1d" />
    <TestEntry testId="22987bd6-0938-a737-436f-38ba523cce04" executionId="484e0b5c-57dd-4478-aca6-56a1e140c5e8" testListId="8c84fa94-04c1-424b-9868-57a2d4851a1d" />
    <TestEntry testId="44bb145b-ccb9-98f6-eab3-3e311c5c72b3" executionId="0e08f04a-30fe-49c2-9a35-b7d81821a371" testListId="8c84fa94-04c1-424b-9868-57a2d4851a1d" />
    <TestEntry testId="6e3cac5e-43b9-9fc5-0cd8-bc05ed4297bc" executionId="2a637ac4-5a08-4d32-89f6-c0e7a8329f27" testListId="8c84fa94-04c1-424b-9868-57a2d4851a1d" />
    <TestEntry testId="a7a877f5-10ed-992a-e899-bc6ea9d2aa43" executionId="aece629b-7f82-4409-aea8-27a5d8790fc3" testListId="8c84fa94-04c1-424b-9868-57a2d4851a1d" />
    <TestEntry testId="3d7b37e4-6bce-7da7-9f5a-f02bce0527a6" executionId="27728229-1b04-4779-88a4-74bfc8913f76" testListId="8c84fa94-04c1-424b-9868-57a2d4851a1d" />
    <TestEntry testId="6ec5790f-59ce-f6cf-5779-fe00caf970f2" executionId="96980f68-b719-4036-9e04-d75dca8208fb" testListId="8c84fa94-04c1-424b-9868-57a2d4851a1d" />
    <TestEntry testId="ae6ae0e9-3405-0ebb-8a49-3d8156fb044d" executionId="a8642aec-0be3-4f7c-a1a5-9a736ce0b6f1" testListId="8c84fa94-04c1-424b-9868-57a2d4851a1d" />
    <TestEntry testId="66dd591e-1c18-1819-37be-13c5d0b9975f" executionId="7f5df4cd-1242-451b-8251-4a17552a24ab" testListId="8c84fa94-04c1-424b-9868-57a2d4851a1d" />
    <TestEntry testId="46b1c5fa-858a-e14d-f75c-b205bba935e2" executionId="14365e6c-c141-43b3-9ea4-58921089d9c5" testListId="8c84fa94-04c1-424b-9868-57a2d4851a1d" />
    <TestEntry testId="3e2293a9-52d0-2ef3-d91f-c411519370c6" executionId="70a41186-daac-4726-88a2-21619672a3fe" testListId="8c84fa94-04c1-424b-9868-57a2d4851a1d" />
    <TestEntry testId="f8993179-fc43-ae9d-c3a0-bb0cc9e9bc98" executionId="24cce7dd-d066-45a4-b0e8-f0a5a491d169" testListId="8c84fa94-04c1-424b-9868-57a2d4851a1d" />
    <TestEntry testId="223659a9-8207-fd7f-c767-85dc694ae767" executionId="03745c4e-5c53-4e69-b1b6-b54db1daf20c" testListId="8c84fa94-04c1-424b-9868-57a2d4851a1d" />
    <TestEntry testId="7bbe251b-b5ac-5fc5-a3c3-176aff58a099" executionId="3074b3c4-392c-471c-9c07-fb500574060c" testListId="8c84fa94-04c1-424b-9868-57a2d4851a1d" />
    <TestEntry testId="60260335-b789-1d16-55d7-b349e8c55200" executionId="11ea8190-49d4-47c7-aaed-ca4e4e5b0b36" testListId="8c84fa94-04c1-424b-9868-57a2d4851a1d" />
    <TestEntry testId="1a22e1f6-ac6b-5d51-116a-eeddc8a85c5d" executionId="0e4e0fea-ad0a-4175-a51c-bed69ac503ec" testListId="8c84fa94-04c1-424b-9868-57a2d4851a1d" />
    <TestEntry testId="f815d742-3680-ce60-44e6-a4e0badc8bc6" executionId="987b8916-7053-4378-9b05-503f46688b64" testListId="8c84fa94-04c1-424b-9868-57a2d4851a1d" />
    <TestEntry testId="05aacd61-87ee-94ae-da3c-dcde792a2d35" executionId="a32f6cf1-b7c1-40e5-9aef-9c22f912f35f" testListId="8c84fa94-04c1-424b-9868-57a2d4851a1d" />
    <TestEntry testId="1f175a04-2ef2-68ac-7de7-e6fb8eb4674e" executionId="93bae056-9914-48f7-a8db-0100f660fc8b" testListId="8c84fa94-04c1-424b-9868-57a2d4851a1d" />
    <TestEntry testId="8b9d20b7-9910-1e0c-2ec6-81b41392c20a" executionId="0928c4bc-217c-4eaa-8905-9dca6152e456" testListId="8c84fa94-04c1-424b-9868-57a2d4851a1d" />
    <TestEntry testId="ce62874c-78cc-ba33-83e0-3c2f7e85bf48" executionId="99c46554-d899-4166-b6bb-8fb42f6b0d5b" testListId="8c84fa94-04c1-424b-9868-57a2d4851a1d" />
    <TestEntry testId="f06e185d-e545-1144-27f9-799880d40c43" executionId="24531106-638b-4aff-b7b4-17492e54caa9" testListId="8c84fa94-04c1-424b-9868-57a2d4851a1d" />
    <TestEntry testId="0d0d9f7f-1c9b-cc17-313a-be22a3ec9bd3" executionId="ad5ea54e-f460-42e0-b36a-5acfa1c3ea1f" testListId="8c84fa94-04c1-424b-9868-57a2d4851a1d" />
    <TestEntry testId="b567c390-826a-c213-39fa-78fa85e8672d" executionId="2eea0331-3941-4443-8935-071c702ea3da" testListId="8c84fa94-04c1-424b-9868-57a2d4851a1d" />
    <TestEntry testId="9111a2d4-bd7b-db8b-e78c-0783b3673c37" executionId="fed16d5e-f84d-46c5-a677-60b84745d06a" testListId="8c84fa94-04c1-424b-9868-57a2d4851a1d" />
    <TestEntry testId="1b9a68ff-50eb-9f50-8827-4e09e9288153" executionId="4f3ee251-52c3-4016-99c8-46ed9098ef7a" testListId="8c84fa94-04c1-424b-9868-57a2d4851a1d" />
    <TestEntry testId="85734924-eb2c-c8a2-a2d9-a2d7899ebdbb" executionId="e0aa5f3a-332d-4893-a1d6-b4dde95afb59" testListId="8c84fa94-04c1-424b-9868-57a2d4851a1d" />
    <TestEntry testId="8bbc1aa7-edf9-6d25-c0a8-3bd0a7b17b2b" executionId="f4bfc479-65fe-4cd4-9608-aea293bf3ca0" testListId="8c84fa94-04c1-424b-9868-57a2d4851a1d" />
    <TestEntry testId="ee75aa05-5cea-4834-656c-65e4f57e30e5" executionId="1c3fbdb1-c527-4370-98bd-72ec17973e2d" testListId="8c84fa94-04c1-424b-9868-57a2d4851a1d" />
    <TestEntry testId="e35b5f94-258d-4c09-4828-57e7af4469ab" executionId="8523b3a1-817b-4bc8-a5ee-1bd6b51c6e03" testListId="8c84fa94-04c1-424b-9868-57a2d4851a1d" />
    <TestEntry testId="481d79e1-36e9-4547-074f-58c83372740f" executionId="8d88082b-19a8-4ab3-89ce-7504d6646233" testListId="8c84fa94-04c1-424b-9868-57a2d4851a1d" />
    <TestEntry testId="5b5604fd-d337-2d48-3b67-6b492e1319c2" executionId="3da797da-97ac-4be4-b396-46b5c793d947" testListId="8c84fa94-04c1-424b-9868-57a2d4851a1d" />
    <TestEntry testId="452cb117-3f10-9a7e-6994-ce02ecfd0cc4" executionId="a75bf3be-3ff9-4fa8-bac1-da9709526624" testListId="8c84fa94-04c1-424b-9868-57a2d4851a1d" />
    <TestEntry testId="0367f31d-a02d-6b24-4f52-114699790b71" executionId="4b39b2fe-cc11-4a98-80b7-20074319aaa5" testListId="8c84fa94-04c1-424b-9868-57a2d4851a1d" />
    <TestEntry testId="2b3bfb13-2824-2b16-871b-6d213bd298d3" executionId="96a0120e-ef3e-4d40-acd5-68083f839931" testListId="8c84fa94-04c1-424b-9868-57a2d4851a1d" />
    <TestEntry testId="3fc25000-983f-2753-7cc3-399c3bc6cfe3" executionId="3f008c10-57d3-4154-a2a1-f9020e01f853" testListId="8c84fa94-04c1-424b-9868-57a2d4851a1d" />
    <TestEntry testId="167da569-5edb-8ed2-e50a-198b199b5930" executionId="b291451b-7503-4e60-9176-56e3fd3b7dd3" testListId="8c84fa94-04c1-424b-9868-57a2d4851a1d" />
    <TestEntry testId="8e2043dc-4fc0-2f85-ab9f-db2f3df54506" executionId="4840111c-5a60-4d98-bf12-1922cccd9473" testListId="8c84fa94-04c1-424b-9868-57a2d4851a1d" />
    <TestEntry testId="722bdce0-68e8-2b8b-0d16-b623b8166de9" executionId="4993263f-622d-4647-9d26-584babdc00a9" testListId="8c84fa94-04c1-424b-9868-57a2d4851a1d" />
    <TestEntry testId="9aa9ccdd-d185-e4cc-b135-082694f18504" executionId="9b2e8ee2-1c35-4aee-ab93-85196d2036cf" testListId="8c84fa94-04c1-424b-9868-57a2d4851a1d" />
    <TestEntry testId="a7d18129-47d6-464e-f3cb-af0270a665b8" executionId="427ed543-ce95-4f6c-90be-e79f92ba21f9" testListId="8c84fa94-04c1-424b-9868-57a2d4851a1d" />
    <TestEntry testId="0b1af393-a587-b46e-4dca-07787b25f333" executionId="080e6dcc-d9e4-431c-a430-67e4ee680aca" testListId="8c84fa94-04c1-424b-9868-57a2d4851a1d" />
    <TestEntry testId="45c652d6-94a5-5e3e-35ea-b7bc22a3457a" executionId="2b0788dc-8d5f-423f-8b7c-000e4d888fae" testListId="8c84fa94-04c1-424b-9868-57a2d4851a1d" />
    <TestEntry testId="96b95d07-f1ab-281d-548a-7d9634d663e8" executionId="6d49dec0-81e0-4fbe-8f29-2430c8ca10b4" testListId="8c84fa94-04c1-424b-9868-57a2d4851a1d" />
    <TestEntry testId="9a60eaf3-ffc2-fd20-0999-bb2e6cfcc592" executionId="da0d6bbe-bb15-4d0e-8f39-a2b34b4a90f0" testListId="8c84fa94-04c1-424b-9868-57a2d4851a1d" />
    <TestEntry testId="3a16aaf9-9f7b-e2a1-2ee4-2225643cab32" executionId="73736e92-3a50-4ad9-80e1-93b64ac5c5db" testListId="8c84fa94-04c1-424b-9868-57a2d4851a1d" />
    <TestEntry testId="a9a7e763-8035-633b-c578-a032e67b6840" executionId="4050461c-78e7-4d10-9147-f84701cef137" testListId="8c84fa94-04c1-424b-9868-57a2d4851a1d" />
    <TestEntry testId="f96598ae-20d3-9ad3-8cd4-f5af86c72747" executionId="8368578b-3292-468a-a2e0-d99b789c611a" testListId="8c84fa94-04c1-424b-9868-57a2d4851a1d" />
    <TestEntry testId="c46ddaf7-24db-e08c-b5e0-66f0f0f06f20" executionId="0a7a91ed-fa8d-45ea-91bd-a3fd3449e53e" testListId="8c84fa94-04c1-424b-9868-57a2d4851a1d" />
    <TestEntry testId="0beb748f-45ba-c15c-ec6d-d38c7e0ca78d" executionId="e7177917-a301-4555-8d75-26e87cbd2e17" testListId="8c84fa94-04c1-424b-9868-57a2d4851a1d" />
    <TestEntry testId="a51cf29d-602c-607a-3a7b-19a8a401434b" executionId="e1220297-cc2d-4d8a-af0d-0a448ab9ea3c" testListId="8c84fa94-04c1-424b-9868-57a2d4851a1d" />
    <TestEntry testId="f225b951-1a01-7b06-a310-88f3b210469e" executionId="2b35c9b1-66a8-4f63-a8ef-ab97b93ed2e2" testListId="8c84fa94-04c1-424b-9868-57a2d4851a1d" />
    <TestEntry testId="5184bc3f-d89d-1803-ff50-bec3bff521b1" executionId="572a4475-5b35-400d-a55e-a802abc64a23" testListId="8c84fa94-04c1-424b-9868-57a2d4851a1d" />
    <TestEntry testId="979f37f1-304c-ed6b-89bf-dcb55df03f57" executionId="ac14bb75-53ae-462f-bfd7-1cf126147b1e" testListId="8c84fa94-04c1-424b-9868-57a2d4851a1d" />
    <TestEntry testId="48a4ad0b-e905-3835-c580-985b997b9011" executionId="a651b3e8-68ae-41c7-9d11-8aff55201954" testListId="8c84fa94-04c1-424b-9868-57a2d4851a1d" />
    <TestEntry testId="c41e44b5-34c8-4003-6d5f-5b91d52b9c30" executionId="bc9238f1-f837-4e1d-9f7f-ac7b9c38a0ee" testListId="8c84fa94-04c1-424b-9868-57a2d4851a1d" />
    <TestEntry testId="dc38ecb9-8f5e-9d6b-1a69-064e0f969ab8" executionId="a73cf2a8-73da-48ba-b4ce-2d36824c59db" testListId="8c84fa94-04c1-424b-9868-57a2d4851a1d" />
    <TestEntry testId="18c14b45-0bac-873a-dc20-5cb6c0354881" executionId="74d45bf7-0027-45f8-ab6c-0b58717a5670" testListId="8c84fa94-04c1-424b-9868-57a2d4851a1d" />
    <TestEntry testId="ba13f1da-6e27-1706-7dc9-636aec322f7a" executionId="714f967c-2307-4d0f-b196-429e599d1ae9" testListId="8c84fa94-04c1-424b-9868-57a2d4851a1d" />
    <TestEntry testId="a5b732dc-fae6-90a4-6921-140d662a4241" executionId="886c104b-0188-4688-9aef-17c4ff18c481" testListId="8c84fa94-04c1-424b-9868-57a2d4851a1d" />
    <TestEntry testId="fe199e1a-f66b-2e56-007a-259e4461f00f" executionId="1a9fb9e8-3ab4-4751-a8e3-2cd009eb6c65" testListId="8c84fa94-04c1-424b-9868-57a2d4851a1d" />
    <TestEntry testId="efcc7a50-00f9-438a-3394-626f8e33ef13" executionId="0ac12070-b373-42ff-8b70-b4784671c7c5" testListId="8c84fa94-04c1-424b-9868-57a2d4851a1d" />
    <TestEntry testId="557c23bc-8b39-81dc-3eaa-021bd76aa937" executionId="03885759-0e05-426b-bc70-adf1146f67f1" testListId="8c84fa94-04c1-424b-9868-57a2d4851a1d" />
    <TestEntry testId="70355f0f-dbe8-4382-8f08-ffc907ffe35e" executionId="31da14ee-d3a6-4592-9578-acbbbd7c0254" testListId="8c84fa94-04c1-424b-9868-57a2d4851a1d" />
    <TestEntry testId="febbed5c-6aca-d7ef-4ab9-db376e27449c" executionId="6e1c2e61-e348-4e53-bfc9-eb9f90b73754" testListId="8c84fa94-04c1-424b-9868-57a2d4851a1d" />
    <TestEntry testId="dfe65cb1-7d2d-dc6b-f99c-461645d0a6a9" executionId="04bbf816-0758-4d22-b7a1-ba250bb56f22" testListId="8c84fa94-04c1-424b-9868-57a2d4851a1d" />
    <TestEntry testId="bdb0eb0c-5367-3d67-a55e-f4be523cd1ad" executionId="6fcc7a0a-b6a5-49b6-9eab-b93b9a6bbce3" testListId="8c84fa94-04c1-424b-9868-57a2d4851a1d" />
    <TestEntry testId="92a171e9-9e27-8916-9d0d-d683f81d6f4e" executionId="97a4e12e-364d-41eb-9e3a-c6e3a525b694" testListId="8c84fa94-04c1-424b-9868-57a2d4851a1d" />
    <TestEntry testId="2c2436f0-9bdc-edd7-5421-c21c039f5c56" executionId="9307c398-5066-471d-94a4-d6f09cb770c6" testListId="8c84fa94-04c1-424b-9868-57a2d4851a1d" />
    <TestEntry testId="01a27ed2-fe99-0c64-e3bb-f938b5494161" executionId="c23aa7ea-2f31-49bc-9a93-80f10c71bf35" testListId="8c84fa94-04c1-424b-9868-57a2d4851a1d" />
    <TestEntry testId="1b2e56d0-23b7-f16e-3bad-1b5d69634dea" executionId="d0bd0cdd-0185-4ab4-8f02-f6c14457f9c1" testListId="8c84fa94-04c1-424b-9868-57a2d4851a1d" />
    <TestEntry testId="149b0bf4-abd8-35a2-8078-97c0d4912281" executionId="915a1684-0a56-414b-b553-7670544caff0" testListId="8c84fa94-04c1-424b-9868-57a2d4851a1d" />
    <TestEntry testId="7a7c4940-2274-a95b-696a-b6e52636112e" executionId="fa456f76-56a0-408e-9c39-b536dd63fac5" testListId="8c84fa94-04c1-424b-9868-57a2d4851a1d" />
    <TestEntry testId="5260bf72-a697-4987-f679-6778e151d3cf" executionId="7256229a-f020-4009-bff0-37b23f7dade9" testListId="8c84fa94-04c1-424b-9868-57a2d4851a1d" />
    <TestEntry testId="bbc0e239-45a8-7070-cb16-866c4b866b01" executionId="9d1655d5-5321-4ffa-9656-414cb92f90b3" testListId="8c84fa94-04c1-424b-9868-57a2d4851a1d" />
    <TestEntry testId="41cd5dd6-908f-93d1-b403-a0cd2d1c65c2" executionId="7a906420-2627-4eb1-b6c4-694b33e5a184" testListId="8c84fa94-04c1-424b-9868-57a2d4851a1d" />
    <TestEntry testId="33a55f3c-09c3-ded3-cd1d-31d06229d778" executionId="86a2c613-9df9-47af-be4a-b848c957f890" testListId="8c84fa94-04c1-424b-9868-57a2d4851a1d" />
    <TestEntry testId="1f9d7569-8914-6a75-b000-f55c65ca760e" executionId="8a9b4243-575e-434f-8c5b-bd45ab2db111" testListId="8c84fa94-04c1-424b-9868-57a2d4851a1d" />
    <TestEntry testId="dc3ba7b3-35f3-aac5-228e-cfee730251c9" executionId="d67417cd-3875-4cb9-a040-30c3559ca520" testListId="8c84fa94-04c1-424b-9868-57a2d4851a1d" />
  </TestEntries>
  <Results>
    <UnitTestResult executionId="df4fda27-ab57-4c8f-8160-80050f4ff1a5" testId="f2268c6d-a84e-f63d-fde0-fe6ac64df356" testName="DimensionTimeEventIncompatibleWithTimeVisit" computerName="BDXBLD003" duration="00:00:03.3960410" startTime="2015-07-23T12:26:53.3735059+02:00" endTime="2015-07-23T12:26:56.8295725+02:00" testType="13cdc9d9-ddb5-4fa4-a97d-d965ccfc6d4b" outcome="Passed" testListId="8c84fa94-04c1-424b-9868-57a2d4851a1d" relativeResultsDirectory="df4fda27-ab57-4c8f-8160-80050f4ff1a5">
    </UnitTestResult>
    <UnitTestResult executionId="378e3347-40c5-4c57-b96c-ea3e268bfe9b" testId="87b2ab98-5953-407f-b2cb-de7a07cda1f3" testName="IncompatibleDimensionAndMetric" computerName="BDXBLD003" duration="00:00:05.8350647" startTime="2015-07-23T12:26:53.3775062+02:00" endTime="2015-07-23T12:26:59.2656208+02:00" testType="13cdc9d9-ddb5-4fa4-a97d-d965ccfc6d4b" outcome="Passed" testListId="8c84fa94-04c1-424b-9868-57a2d4851a1d" relativeResultsDirectory="378e3347-40c5-4c57-b96c-ea3e268bfe9b">
    </UnitTestResult>
    <UnitTestResult executionId="d1f081d4-3fe3-4fd3-b015-90204374a51f" testId="0a05bc37-7508-66d6-f904-f939c6a3940c" testName="IncorrectDimensionNameInSub" computerName="BDXBLD003" duration="00:00:03.3843026" startTime="2015-07-23T12:26:53.3885050+02:00" endTime="2015-07-23T12:26:56.8205722+02:00" testType="13cdc9d9-ddb5-4fa4-a97d-d965ccfc6d4b" outcome="Passed" testListId="8c84fa94-04c1-424b-9868-57a2d4851a1d" relativeResultsDirectory="d1f081d4-3fe3-4fd3-b015-90204374a51f">
    </UnitTestResult>
    <UnitTestResult executionId="2de68b83-ff00-4e2d-bcb3-cba03b766afd" testId="64e03300-a354-f35e-817b-d2839b112241" testName="IncorrectDimensionOrMetricNameInColumns" computerName="BDXBLD003" duration="00:00:02.8648721" startTime="2015-07-23T12:26:53.3935054+02:00" endTime="2015-07-23T12:26:56.3095622+02:00" testType="13cdc9d9-ddb5-4fa4-a97d-d965ccfc6d4b" outcome="Passed" testListId="8c84fa94-04c1-424b-9868-57a2d4851a1d" relativeResultsDirectory="2de68b83-ff00-4e2d-bcb3-cba03b766afd">
    </UnitTestResult>
    <UnitTestResult executionId="cdfcbb3d-f3e8-4070-a25f-a68b634c1f5b" testId="d0911bd2-c23e-32a5-9478-9537f1914819" testName="IncorrectSyntaxInSub" computerName="BDXBLD003" duration="00:00:00.5542690" startTime="2015-07-23T12:26:56.3105628+02:00" endTime="2015-07-23T12:26:56.8705734+02:00" testType="13cdc9d9-ddb5-4fa4-a97d-d965ccfc6d4b" outcome="Passed" testListId="8c84fa94-04c1-424b-9868-57a2d4851a1d" relativeResultsDirectory="cdfcbb3d-f3e8-4070-a25f-a68b634c1f5b">
    </UnitTestResult>
    <UnitTestResult executionId="dfbc24c1-39b7-4267-9b08-dfd84e262bcb" testId="531c29ab-4756-6f3d-118e-44ee85b64c5f" testName="LevelIsStandalone" computerName="BDXBLD003" duration="00:00:00.6828328" startTime="2015-07-23T12:26:56.8315731+02:00" endTime="2015-07-23T12:26:57.5585863+02:00" testType="13cdc9d9-ddb5-4fa4-a97d-d965ccfc6d4b" outcome="Passed" testListId="8c84fa94-04c1-424b-9868-57a2d4851a1d" relativeResultsDirectory="dfbc24c1-39b7-4267-9b08-dfd84e262bcb">
    </UnitTestResult>
    <UnitTestResult executionId="f7e03494-9a6f-43b0-a9e8-382d74c0aa7c" testId="f0358ea5-202e-8884-35b8-140db2bd18f6" testName="MaxResultsLimitedTo30Elements" computerName="BDXBLD003" duration="00:00:00.6263992" startTime="2015-07-23T12:26:56.8785736+02:00" endTime="2015-07-23T12:26:57.5315876+02:00" testType="13cdc9d9-ddb5-4fa4-a97d-d965ccfc6d4b" outcome="Passed" testListId="8c84fa94-04c1-424b-9868-57a2d4851a1d" relativeResultsDirectory="f7e03494-9a6f-43b0-a9e8-382d74c0aa7c">
    </UnitTestResult>
    <UnitTestResult executionId="008c4f17-c1c1-4694-a352-38be6cecd68d" testId="38c0f502-8aa1-d823-2e86-8ea30f5f5cfc" testName="MultiPeriodIncompatibleWithEvolution" computerName="BDXBLD003" duration="00:00:00.1565793" startTime="2015-07-23T12:26:56.9075744+02:00" endTime="2015-07-23T12:26:57.0645795+02:00" testType="13cdc9d9-ddb5-4fa4-a97d-d965ccfc6d4b" outcome="Passed" testListId="8c84fa94-04c1-424b-9868-57a2d4851a1d" relativeResultsDirectory="008c4f17-c1c1-4694-a352-38be6cecd68d">
    </UnitTestResult>
    <UnitTestResult executionId="35606039-d62e-4c82-9055-e62336d5db29" testId="08ec5391-602f-28f5-1d2e-eaa595ceff18" testName="NoInterlinkedSub" computerName="BDXBLD003" duration="00:00:00.7442964" startTime="2015-07-23T12:26:57.0645795+02:00" endTime="2015-07-23T12:26:57.8135919+02:00" testType="13cdc9d9-ddb5-4fa4-a97d-d965ccfc6d4b" outcome="Passed" testListId="8c84fa94-04c1-424b-9868-57a2d4851a1d" relativeResultsDirectory="35606039-d62e-4c82-9055-e62336d5db29">
    </UnitTestResult>
    <UnitTestResult executionId="8c02d92b-18fa-45e6-8bd9-8909bb9200c8" testId="5a3f1b9c-fe7d-024e-f7cb-316cff660443" testName="NumberOfSubElementsLimitedTo10080" computerName="BDXBLD003" duration="00:00:25.1327062" startTime="2015-07-23T12:26:57.5455866+02:00" endTime="2015-07-23T12:27:22.6860708+02:00" testType="13cdc9d9-ddb5-4fa4-a97d-d965ccfc6d4b" outcome="Passed" testListId="8c84fa94-04c1-424b-9868-57a2d4851a1d" relativeResultsDirectory="8c02d92b-18fa-45e6-8bd9-8909bb9200c8">
    </UnitTestResult>
    <UnitTestResult executionId="1855d353-e3ee-4a4d-add0-9d083534f5be" testId="5c218b62-f342-2b59-9a4c-9ec032d8a0f4" testName="OnlyOneAttributeOutsideSub" computerName="BDXBLD003" duration="00:00:00.9938442" startTime="2015-07-23T12:26:57.5615864+02:00" endTime="2015-07-23T12:26:58.5566059+02:00" testType="13cdc9d9-ddb5-4fa4-a97d-d965ccfc6d4b" outcome="Passed" testListId="8c84fa94-04c1-424b-9868-57a2d4851a1d" relativeResultsDirectory="1855d353-e3ee-4a4d-add0-9d083534f5be">
    </UnitTestResult>
    <UnitTestResult executionId="875c25c5-c902-4a33-a634-2ad247717d7a" testId="fc435077-5744-fc6a-aed8-20269a69fda5" testName="OnlyOneSubInColumns" computerName="BDXBLD003" duration="00:00:00.7493228" startTime="2015-07-23T12:26:57.8265915+02:00" endTime="2015-07-23T12:26:58.5886088+02:00" testType="13cdc9d9-ddb5-4fa4-a97d-d965ccfc6d4b" outcome="Passed" testListId="8c84fa94-04c1-424b-9868-57a2d4851a1d" relativeResultsDirectory="875c25c5-c902-4a33-a634-2ad247717d7a">
    </UnitTestResult>
    <UnitTestResult executionId="38a0b995-0599-40c9-a005-b2ffebc00586" testId="ce137e69-3f1f-9bb6-a2ec-a9b419995dae" testName="OnlyTimeAttributesInSub" computerName="BDXBLD003" duration="00:00:00.7835447" startTime="2015-07-23T12:26:58.5686061+02:00" endTime="2015-07-23T12:26:59.3526207+02:00" testType="13cdc9d9-ddb5-4fa4-a97d-d965ccfc6d4b" outcome="Passed" testListId="8c84fa94-04c1-424b-9868-57a2d4851a1d" relativeResultsDirectory="38a0b995-0599-40c9-a005-b2ffebc00586">
    </UnitTestResult>
    <UnitTestResult executionId="1ad822e5-31b8-4e97-b7fb-4ce2c526c995" testId="72e25aed-760b-de8b-99d4-8bd38f410fb7" testName="P1DeclaredButNoMetricPrefixedWithP1" computerName="BDXBLD003" duration="00:00:00.7927949" startTime="2015-07-23T12:26:58.5916045+02:00" endTime="2015-07-23T12:26:59.3866220+02:00" testType="13cdc9d9-ddb5-4fa4-a97d-d965ccfc6d4b" outcome="Passed" testListId="8c84fa94-04c1-424b-9868-57a2d4851a1d" relativeResultsDirectory="1ad822e5-31b8-4e97-b7fb-4ce2c526c995">
    </UnitTestResult>
    <UnitTestResult executionId="a8d8373b-2f89-4f7e-97ad-720a1d7e4547" testId="12e54c86-aca3-df88-b414-f4e15f4730bf" testName="SortOnDimensionNotSelectedInSub" computerName="BDXBLD003" duration="00:00:00.9593600" startTime="2015-07-23T12:26:59.2666222+02:00" endTime="2015-07-23T12:27:00.2309362+02:00" testType="13cdc9d9-ddb5-4fa4-a97d-d965ccfc6d4b" outcome="Passed" testListId="8c84fa94-04c1-424b-9868-57a2d4851a1d" relativeResultsDirectory="a8d8373b-2f89-4f7e-97ad-720a1d7e4547">
    </UnitTestResult>
    <UnitTestResult executionId="6dba2065-0cb9-485e-a772-f8a794203193" testId="fb59568b-04bd-c54d-79a5-a1a27bbaf236" testName="TestComplexArbo" computerName="BDXBLD003" duration="00:00:09.3495458" startTime="2015-07-23T12:26:59.3636213+02:00" endTime="2015-07-23T12:27:08.7208021+02:00" testType="13cdc9d9-ddb5-4fa4-a97d-d965ccfc6d4b" outcome="Passed" testListId="8c84fa94-04c1-424b-9868-57a2d4851a1d" relativeResultsDirectory="6dba2065-0cb9-485e-a772-f8a794203193">
    </UnitTestResult>
    <UnitTestResult executionId="ff903441-d0c8-46a4-8fd9-76b63f99f09c" testId="c44f50cf-7430-ef75-a2e6-49c919451362" testName="TestOrderAscTimeMonth" computerName="BDXBLD003" duration="00:00:02.4943516" startTime="2015-07-23T12:26:59.3986223+02:00" endTime="2015-07-23T12:27:01.8947105+02:00" testType="13cdc9d9-ddb5-4fa4-a97d-d965ccfc6d4b" outcome="Passed" testListId="8c84fa94-04c1-424b-9868-57a2d4851a1d" relativeResultsDirectory="ff903441-d0c8-46a4-8fd9-76b63f99f09c">
    </UnitTestResult>
    <UnitTestResult executionId="2142c980-8cb6-4807-909f-ced180a9a6bc" testId="bc67a766-c9cc-0030-e38c-8bffd37b37f1" testName="TestOrderDescTimeMonth" computerName="BDXBLD003" duration="00:00:06.8773926" startTime="2015-07-23T12:27:00.2316376+02:00" endTime="2015-07-23T12:27:07.1117694+02:00" testType="13cdc9d9-ddb5-4fa4-a97d-d965ccfc6d4b" outcome="Passed" testListId="8c84fa94-04c1-424b-9868-57a2d4851a1d" relativeResultsDirectory="2142c980-8cb6-4807-909f-ced180a9a6bc">
    </UnitTestResult>
    <UnitTestResult executionId="6e6c37c7-c31e-4fb3-a829-07be0cd8d468" testId="bf2e9d03-a74c-872f-4e13-0a60e11af46c" testName="TestSimpleArbo" computerName="BDXBLD003" duration="00:00:06.7593005" startTime="2015-07-23T12:27:01.8976689+02:00" endTime="2015-07-23T12:27:08.6578015+02:00" testType="13cdc9d9-ddb5-4fa4-a97d-d965ccfc6d4b" outcome="Passed" testListId="8c84fa94-04c1-424b-9868-57a2d4851a1d" relativeResultsDirectory="6e6c37c7-c31e-4fb3-a829-07be0cd8d468">
    </UnitTestResult>
    <UnitTestResult executionId="d19c2576-aea8-4693-9451-c9e70b6350cc" testId="39734adb-8ab4-a401-c964-114d38d746c8" testName="WrongSyntaxInSub" computerName="BDXBLD003" duration="00:00:01.5751141" startTime="2015-07-23T12:27:07.1167708+02:00" endTime="2015-07-23T12:27:08.6928018+02:00" testType="13cdc9d9-ddb5-4fa4-a97d-d965ccfc6d4b" outcome="Passed" testListId="8c84fa94-04c1-424b-9868-57a2d4851a1d" relativeResultsDirectory="d19c2576-aea8-4693-9451-c9e70b6350cc">
    </UnitTestResult>
    <UnitTestResult executionId="575c5314-a730-44cd-aba3-9f3bf1cacac1" testId="a387ff47-27cb-752e-eaa2-1b0bfca9340c" testName="ErrorColumnHidden" computerName="BDXBLD003" duration="00:00:00.3371104" startTime="2015-07-23T12:27:08.6648006+02:00" endTime="2015-07-23T12:27:09.0108075+02:00" testType="13cdc9d9-ddb5-4fa4-a97d-d965ccfc6d4b" outcome="Passed" testListId="8c84fa94-04c1-424b-9868-57a2d4851a1d" relativeResultsDirectory="575c5314-a730-44cd-aba3-9f3bf1cacac1">
    </UnitTestResult>
    <UnitTestResult executionId="a74a681a-1026-4312-a697-8f0fc45aceb6" testId="dd5981ee-f03a-5b71-e3ff-ba3a5eb81a0c" testName="EvoColumnHidden" computerName="BDXBLD003" duration="00:00:09.5669552" startTime="2015-07-23T12:27:08.7018017+02:00" endTime="2015-07-23T12:27:18.2759846+02:00" testType="13cdc9d9-ddb5-4fa4-a97d-d965ccfc6d4b" outcome="Failed" testListId="8c84fa94-04c1-424b-9868-57a2d4851a1d" relativeResultsDirectory="a74a681a-1026-4312-a697-8f0fc45aceb6">
      <Output>
        <ErrorInfo>
          <Message>Test method DATAFEED.Tests.ColumnHidden.EvoColumnHidden threw exception: 
System.Exception: AT-REQUEST:3f97b3f7-6114-427a-b281-dbb9534022f3
&lt;ErrorDetail&gt;
  &lt;ErrorCode&gt;1&lt;/ErrorCode&gt;
  &lt;ErrorMessage&gt;Unexpected Error&lt;/ErrorMessage&gt;
&lt;/ErrorDetail&gt;
 ---&gt; System.InvalidOperationException: There is an error in XML document (1, 2). ---&gt; System.InvalidOperationException: &lt;ErrorDetail xmlns=''&gt; was not expected.</Message>
          <StackTrace>    at Microsoft.Xml.Serialization.GeneratedAssembly.XmlSerializationReaderXmlDataFeedV1.Read14_DataFeed()
 --- End of inner exception stack trace ---
    at System.Xml.Serialization.XmlSerializer.Deserialize(XmlReader xmlReader, String encodingStyle, XmlDeserializationEvents events)
   at System.Xml.Serialization.XmlSerializer.Deserialize(Stream stream)
   at DATAFEED.Tests.HttpRequestHelper.XmlDeserialize[T]() in e:\Jenkins\workspace\DataEngine\DATAFEED.Tests\DATAFEED.Tests\Helper\HttpRequestHelper.cs:line 240
 --- End of inner exception stack trace ---
    at DATAFEED.Tests.HttpRequestHelper.XmlDeserialize[T]() in e:\Jenkins\workspace\DataEngine\DATAFEED.Tests\DATAFEED.Tests\Helper\HttpRequestHelper.cs:line 244
   at DATAFEED.Tests.ColumnHidden.EvoColumnHidden() in e:\Jenkins\workspace\DataEngine\DATAFEED.Tests\DATAFEED.Tests\ColumnHidden.cs:line 52
</StackTrace>
        </ErrorInfo>
      </Output>
    </UnitTestResult>
    <UnitTestResult executionId="628e0edc-f80d-43ee-863c-e09f5698e1ab" testId="de843814-d2db-4786-615d-1b02e88b107e" testName="MultiPeriodColumnHidden" computerName="BDXBLD003" duration="00:00:07.9410089" startTime="2015-07-23T12:27:08.7308009+02:00" endTime="2015-07-23T12:27:16.6809539+02:00" testType="13cdc9d9-ddb5-4fa4-a97d-d965ccfc6d4b" outcome="Passed" testListId="8c84fa94-04c1-424b-9868-57a2d4851a1d" relativeResultsDirectory="628e0edc-f80d-43ee-863c-e09f5698e1ab">
    </UnitTestResult>
    <UnitTestResult executionId="5395be4f-be0f-400b-a492-9ac6463aeb6d" testId="53a6f3ed-c1b8-affe-0cfc-2c6543fde1ae" testName="SimpleColumnHidden" computerName="BDXBLD003" duration="00:00:04.6692829" startTime="2015-07-23T12:27:09.0218070+02:00" endTime="2015-07-23T12:27:13.6918972+02:00" testType="13cdc9d9-ddb5-4fa4-a97d-d965ccfc6d4b" outcome="Passed" testListId="8c84fa94-04c1-424b-9868-57a2d4851a1d" relativeResultsDirectory="5395be4f-be0f-400b-a492-9ac6463aeb6d">
    </UnitTestResult>
    <UnitTestResult executionId="e7776928-4334-4083-b9bf-09ae0ff6b54e" testId="6263cef9-64ea-70ee-d9ba-c24eef453389" testName="InvalidAccessHeaderAccessOKUrlApiUser" computerName="BDXBLD003" duration="00:00:04.0991338" startTime="2015-07-23T12:27:13.6938968+02:00" endTime="2015-07-23T12:27:17.7989746+02:00" testType="13cdc9d9-ddb5-4fa4-a97d-d965ccfc6d4b" outcome="Failed" testListId="8c84fa94-04c1-424b-9868-57a2d4851a1d" relativeResultsDirectory="e7776928-4334-4083-b9bf-09ae0ff6b54e">
      <Output>
        <ErrorInfo>
          <Message>Test method DATAFEED.Tests.CompteApi.InvalidAccessHeaderAccessOKUrlApiUser threw exception: 
System.Net.WebException: AT-REQUEST:d4df104b-c7f7-41c9-917d-30796dc8b021
&lt;ErrorDetail&gt;
  &lt;ErrorCode&gt;1&lt;/ErrorCode&gt;
  &lt;ErrorMessage&gt;Unexpected Error&lt;/ErrorMessage&gt;
&lt;/ErrorDetail&gt;
</Message>
          <StackTrace>    at DATAFEED.Tests.HttpRequestHelper.EnsureStatusIsSuccessful() in e:\Jenkins\workspace\DataEngine\DATAFEED.Tests\DATAFEED.Tests\Helper\HttpRequestHelper.cs:line 78
   at DATAFEED.Tests.CompteApi.InvalidAccessHeaderAccessOKUrlApiUser() in e:\Jenkins\workspace\DataEngine\DATAFEED.Tests\DATAFEED.Tests\CompteApi.cs:line 61
</StackTrace>
        </ErrorInfo>
      </Output>
    </UnitTestResult>
    <UnitTestResult executionId="48aefbc4-fe7c-4464-af5e-a0cd1f9a8fb1" testId="7f28319d-9ae2-b41e-4fe4-0525e1f1ce11" testName="InvalidAccessUrlApiUser" computerName="BDXBLD003" duration="00:00:04.0805737" startTime="2015-07-23T12:27:16.6879546+02:00" endTime="2015-07-23T12:27:20.7760331+02:00" testType="13cdc9d9-ddb5-4fa4-a97d-d965ccfc6d4b" outcome="Failed" testListId="8c84fa94-04c1-424b-9868-57a2d4851a1d" relativeResultsDirectory="48aefbc4-fe7c-4464-af5e-a0cd1f9a8fb1">
      <Output>
        <ErrorInfo>
          <Message>Test method DATAFEED.Tests.CompteApi.InvalidAccessUrlApiUser threw exception: 
System.Exception: AT-REQUEST:4488d649-813d-4075-99b7-fd1b5f9c0935</Message>
          <StackTrace>    at DATAFEED.Tests.HttpRequestHelper.IsErrorCode(String p_sErrorCode) in e:\Jenkins\workspace\DataEngine\DATAFEED.Tests\DATAFEED.Tests\Helper\HttpRequestHelper.cs:line 307
   at DATAFEED.Tests.CompteApi.InvalidAccessUrlApiUser() in e:\Jenkins\workspace\DataEngine\DATAFEED.Tests\DATAFEED.Tests\CompteApi.cs:line 50
</StackTrace>
        </ErrorInfo>
      </Output>
    </UnitTestResult>
    <UnitTestResult executionId="eaf77892-b909-4eaa-a1f2-9374f2e62ddd" testId="337fd2c9-59a0-57c1-91a2-c1c4b5329257" testName="InvalidAPIUser" computerName="BDXBLD003" duration="00:00:02.1254484" startTime="2015-07-23T12:27:17.8089742+02:00" endTime="2015-07-23T12:27:19.9350172+02:00" testType="13cdc9d9-ddb5-4fa4-a97d-d965ccfc6d4b" outcome="Failed" testListId="8c84fa94-04c1-424b-9868-57a2d4851a1d" relativeResultsDirectory="eaf77892-b909-4eaa-a1f2-9374f2e62ddd">
      <Output>
        <ErrorInfo>
          <Message>Assert.IsTrue failed. </Message>
          <StackTrace>   at DATAFEED.Tests.CompteApi.InvalidAPIUser() in e:\Jenkins\workspace\DataEngine\DATAFEED.Tests\DATAFEED.Tests\CompteApi.cs:line 43
</StackTrace>
        </ErrorInfo>
      </Output>
    </UnitTestResult>
    <UnitTestResult executionId="99c9ea23-03f8-410f-8f83-e2eaca050ab3" testId="0ddec494-5eac-96c5-7aa0-6d7836376ecb" testName="OverrideAbsolutePathApiUser" computerName="BDXBLD003" duration="00:00:02.0557917" startTime="2015-07-23T12:27:18.2789850+02:00" endTime="2015-07-23T12:27:20.3360255+02:00" testType="13cdc9d9-ddb5-4fa4-a97d-d965ccfc6d4b" outcome="Failed" testListId="8c84fa94-04c1-424b-9868-57a2d4851a1d" relativeResultsDirectory="99c9ea23-03f8-410f-8f83-e2eaca050ab3">
      <Output>
        <ErrorInfo>
          <Message>Assert.IsTrue failed. </Message>
          <StackTrace>   at DATAFEED.Tests.CompteApi.OverrideAbsolutePathApiUser() in e:\Jenkins\workspace\DataEngine\DATAFEED.Tests\DATAFEED.Tests\CompteApi.cs:line 96
</StackTrace>
        </ErrorInfo>
      </Output>
    </UnitTestResult>
    <UnitTestResult executionId="68def0f8-7f88-4fb7-abdb-2bcbc823c85f" testId="bf547122-6d88-c2e3-2805-5a65d8cb8909" testName="OverrideBadParameterUrlApiUser" computerName="BDXBLD003" duration="00:00:10.1326689" startTime="2015-07-23T12:27:19.9410177+02:00" endTime="2015-07-23T12:27:30.0822510+02:00" testType="13cdc9d9-ddb5-4fa4-a97d-d965ccfc6d4b" outcome="Failed" testListId="8c84fa94-04c1-424b-9868-57a2d4851a1d" relativeResultsDirectory="68def0f8-7f88-4fb7-abdb-2bcbc823c85f">
      <Output>
        <ErrorInfo>
          <Message>Assert.IsTrue failed. </Message>
          <StackTrace>   at DATAFEED.Tests.CompteApi.OverrideBadParameterUrlApiUser() in e:\Jenkins\workspace\DataEngine\DATAFEED.Tests\DATAFEED.Tests\CompteApi.cs:line 85
</StackTrace>
        </ErrorInfo>
      </Output>
    </UnitTestResult>
    <UnitTestResult executionId="6a26a8a7-cf45-45f0-a14a-c0efde978104" testId="dfacecdb-c191-9477-5a10-e5f38450b75d" testName="OverrideUrlApiUser" computerName="BDXBLD003" duration="00:00:10.1940823" startTime="2015-07-23T12:27:20.3420261+02:00" endTime="2015-07-23T12:27:30.5372617+02:00" testType="13cdc9d9-ddb5-4fa4-a97d-d965ccfc6d4b" outcome="Failed" testListId="8c84fa94-04c1-424b-9868-57a2d4851a1d" relativeResultsDirectory="6a26a8a7-cf45-45f0-a14a-c0efde978104">
      <Output>
        <ErrorInfo>
          <Message>Test method DATAFEED.Tests.CompteApi.OverrideUrlApiUser threw exception: 
System.Net.WebException: AT-REQUEST:fde0d442-2cfb-4562-8b0a-0c9c0bc4d829
{"ErrorCode":1,"ErrorMessage":"Unexpected Error"}
</Message>
          <StackTrace>    at DATAFEED.Tests.HttpRequestHelper.EnsureStatusIsSuccessful() in e:\Jenkins\workspace\DataEngine\DATAFEED.Tests\DATAFEED.Tests\Helper\HttpRequestHelper.cs:line 78
   at DATAFEED.Tests.CompteApi.OverrideUrlApiUser() in e:\Jenkins\workspace\DataEngine\DATAFEED.Tests\DATAFEED.Tests\CompteApi.cs:line 72
</StackTrace>
        </ErrorInfo>
      </Output>
    </UnitTestResult>
    <UnitTestResult executionId="30d7f264-09ea-4b21-9cd7-0750ee9133d9" testId="2ee48829-9bdf-6ec4-2d09-6c0b5dc565a2" testName="TestApiUser" computerName="BDXBLD003" duration="00:00:02.0790949" startTime="2015-07-23T12:27:20.7850336+02:00" endTime="2015-07-23T12:27:22.8660731+02:00" testType="13cdc9d9-ddb5-4fa4-a97d-d965ccfc6d4b" outcome="Failed" testListId="8c84fa94-04c1-424b-9868-57a2d4851a1d" relativeResultsDirectory="30d7f264-09ea-4b21-9cd7-0750ee9133d9">
      <Output>
        <ErrorInfo>
          <Message>Test method DATAFEED.Tests.CompteApi.TestApiUser threw exception: 
System.Net.WebException: AT-REQUEST:542c8cc5-ef2e-49fb-b761-e1ed7e576675
{"ErrorCode":1,"ErrorMessage":"Unexpected Error"}
</Message>
          <StackTrace>    at DATAFEED.Tests.HttpRequestHelper.EnsureStatusIsSuccessful() in e:\Jenkins\workspace\DataEngine\DATAFEED.Tests\DATAFEED.Tests\Helper\HttpRequestHelper.cs:line 78
   at DATAFEED.Tests.CompteApi.TestApiUser() in e:\Jenkins\workspace\DataEngine\DATAFEED.Tests\DATAFEED.Tests\CompteApi.cs:line 27
</StackTrace>
        </ErrorInfo>
      </Output>
    </UnitTestResult>
    <UnitTestResult executionId="fb5d602a-6b31-4407-a0ab-e9ddae0e4fff" testId="35ac2435-d5ca-5eb4-49be-722325b570e8" testName="FrontV2GetSegmentPerf" computerName="BDXBLD003" duration="00:00:25.7652168" startTime="2015-07-23T12:27:22.6870706+02:00" endTime="2015-07-23T12:27:48.4636661+02:00" testType="13cdc9d9-ddb5-4fa4-a97d-d965ccfc6d4b" outcome="Failed" testListId="8c84fa94-04c1-424b-9868-57a2d4851a1d" relativeResultsDirectory="fb5d602a-6b31-4407-a0ab-e9ddae0e4fff">
      <Output>
        <ErrorInfo>
          <Message>Test method DATAFEED.Tests.ConfigPerf.FrontV2GetSegmentPerf threw exception: 
System.Net.WebException: The operation has timed out</Message>
          <StackTrace>    at DATAFEED.Tests.HttpRequestHelper.Send(String url, Int32 p_iMaxRetry, String method, String body) in e:\Jenkins\workspace\DataEngine\DATAFEED.Tests\DATAFEED.Tests\Helper\HttpRequestHelper.cs:line 106
   at DATAFEED.Tests.ConfigPerf.FrontV2GetSegmentPerf() in e:\Jenkins\workspace\DataEngine\DATAFEED.Tests\DATAFEED.Tests\ConfigPerf.cs:line 59
</StackTrace>
        </ErrorInfo>
      </Output>
    </UnitTestResult>
    <UnitTestResult executionId="63a2597d-674a-4909-9b76-f41f50d2fd46" testId="4f791661-725d-5d16-61af-df2035483fdb" testName="PlatformGetMultiSitePerf" computerName="BDXBLD003" duration="00:00:15.9612479" startTime="2015-07-23T12:27:22.8700732+02:00" endTime="2015-07-23T12:27:38.8354748+02:00" testType="13cdc9d9-ddb5-4fa4-a97d-d965ccfc6d4b" outcome="Failed" testListId="8c84fa94-04c1-424b-9868-57a2d4851a1d" relativeResultsDirectory="63a2597d-674a-4909-9b76-f41f50d2fd46">
      <Output>
        <ErrorInfo>
          <Message>Test method DATAFEED.Tests.ConfigPerf.PlatformGetMultiSitePerf threw exception: 
System.Net.WebException: The operation has timed out</Message>
          <StackTrace>    at DATAFEED.Tests.HttpRequestHelper.Send(String url, Int32 p_iMaxRetry, String method, String body) in e:\Jenkins\workspace\DataEngine\DATAFEED.Tests\DATAFEED.Tests\Helper\HttpRequestHelper.cs:line 106
   at DATAFEED.Tests.ConfigPerf.PlatformGetMultiSitePerf() in e:\Jenkins\workspace\DataEngine\DATAFEED.Tests\DATAFEED.Tests\ConfigPerf.cs:line 20
</StackTrace>
        </ErrorInfo>
      </Output>
    </UnitTestResult>
    <UnitTestResult executionId="c14948dc-a568-4166-bea5-8aa8e338210c" testId="2a4b3150-5540-ff7e-48fe-2c8012d0679a" testName="ContextTagInFirstPosition" computerName="BDXBLD003" duration="00:00:04.0720605" startTime="2015-07-23T12:27:30.0902495+02:00" endTime="2015-07-23T12:27:34.1633531+02:00" testType="13cdc9d9-ddb5-4fa4-a97d-d965ccfc6d4b" outcome="Failed" testListId="8c84fa94-04c1-424b-9868-57a2d4851a1d" relativeResultsDirectory="c14948dc-a568-4166-bea5-8aa8e338210c">
      <Output>
        <ErrorInfo>
          <Message>Assert.AreEqual failed. Expected:&lt;-1&gt;. Actual:&lt;157&gt;. </Message>
          <StackTrace>   at DATAFEED.Tests.Context.ContextTagInFirstPosition() in e:\Jenkins\workspace\DataEngine\DATAFEED.Tests\DATAFEED.Tests\Context.cs:line 26
</StackTrace>
        </ErrorInfo>
      </Output>
    </UnitTestResult>
    <UnitTestResult executionId="9451f686-852c-41fc-989c-f4bc5035d31d" testId="eec20346-9231-2511-fe1f-7642ad8cfbb9" testName="IncludeDescriptionStandard" computerName="BDXBLD003" duration="00:00:12.2226019" startTime="2015-07-23T12:27:30.5482627+02:00" endTime="2015-07-23T12:27:42.7775573+02:00" testType="13cdc9d9-ddb5-4fa4-a97d-d965ccfc6d4b" outcome="Failed" testListId="8c84fa94-04c1-424b-9868-57a2d4851a1d" relativeResultsDirectory="9451f686-852c-41fc-989c-f4bc5035d31d">
      <Output>
        <ErrorInfo>
          <Message>Test method DATAFEED.Tests.Context.IncludeDescriptionStandard threw exception: 
System.Net.WebException: AT-REQUEST:550b4d2c-50da-487d-9719-2b8ea34ef835
&lt;ErrorDetail&gt;
  &lt;ErrorCode&gt;1&lt;/ErrorCode&gt;
  &lt;ErrorMessage&gt;Unexpected Error&lt;/ErrorMessage&gt;
&lt;/ErrorDetail&gt;
</Message>
          <StackTrace>    at DATAFEED.Tests.HttpRequestHelper.EnsureStatusIsSuccessful() in e:\Jenkins\workspace\DataEngine\DATAFEED.Tests\DATAFEED.Tests\Helper\HttpRequestHelper.cs:line 78
   at DATAFEED.Tests.Context.IncludeDescriptionStandard() in e:\Jenkins\workspace\DataEngine\DATAFEED.Tests\DATAFEED.Tests\Context.cs:line 98
</StackTrace>
        </ErrorInfo>
      </Output>
    </UnitTestResult>
    <UnitTestResult executionId="0272feb3-6ca4-40e0-bf44-24bcea791e2f" testId="eb522b65-35a1-5556-b740-08bb09467170" testName="IncludeDescriptionStandardMultiPeriod" computerName="BDXBLD003" duration="00:00:12.1740581" startTime="2015-07-23T12:27:34.1633531+02:00" endTime="2015-07-23T12:27:46.3386263+02:00" testType="13cdc9d9-ddb5-4fa4-a97d-d965ccfc6d4b" outcome="Failed" testListId="8c84fa94-04c1-424b-9868-57a2d4851a1d" relativeResultsDirectory="0272feb3-6ca4-40e0-bf44-24bcea791e2f">
      <Output>
        <ErrorInfo>
          <Message>Test method DATAFEED.Tests.Context.IncludeDescriptionStandardMultiPeriod threw exception: 
System.Net.WebException: AT-REQUEST:88287ce7-16ef-4804-8931-519a9a0d4a1f
&lt;ErrorDetail&gt;
  &lt;ErrorCode&gt;1&lt;/ErrorCode&gt;
  &lt;ErrorMessage&gt;Unexpected Error&lt;/ErrorMessage&gt;
&lt;/ErrorDetail&gt;
</Message>
          <StackTrace>    at DATAFEED.Tests.HttpRequestHelper.EnsureStatusIsSuccessful() in e:\Jenkins\workspace\DataEngine\DATAFEED.Tests\DATAFEED.Tests\Helper\HttpRequestHelper.cs:line 78
   at DATAFEED.Tests.Context.IncludeDescriptionStandardMultiPeriod() in e:\Jenkins\workspace\DataEngine\DATAFEED.Tests\DATAFEED.Tests\Context.cs:line 134
</StackTrace>
        </ErrorInfo>
      </Output>
    </UnitTestResult>
    <UnitTestResult executionId="4db60e73-24ed-4e08-a462-cfc0594f5499" testId="01465045-36ca-46b6-e1ad-426bce6a9151" testName="IncludeParent" computerName="BDXBLD003" duration="00:00:04.1075777" startTime="2015-07-23T12:27:38.8394740+02:00" endTime="2015-07-23T12:27:42.9485598+02:00" testType="13cdc9d9-ddb5-4fa4-a97d-d965ccfc6d4b" outcome="Failed" testListId="8c84fa94-04c1-424b-9868-57a2d4851a1d" relativeResultsDirectory="4db60e73-24ed-4e08-a462-cfc0594f5499">
      <Output>
        <ErrorInfo>
          <Message>Test method DATAFEED.Tests.Context.IncludeParent threw exception: 
System.Net.WebException: AT-REQUEST:933dc8ee-dfb0-49fb-a8b9-38a9fc31e4d2
&lt;ErrorDetail&gt;
  &lt;ErrorCode&gt;1&lt;/ErrorCode&gt;
  &lt;ErrorMessage&gt;Unexpected Error&lt;/ErrorMessage&gt;
&lt;/ErrorDetail&gt;
</Message>
          <StackTrace>    at DATAFEED.Tests.HttpRequestHelper.EnsureStatusIsSuccessful() in e:\Jenkins\workspace\DataEngine\DATAFEED.Tests\DATAFEED.Tests\Helper\HttpRequestHelper.cs:line 78
   at DATAFEED.Tests.Context.IncludeParent() in e:\Jenkins\workspace\DataEngine\DATAFEED.Tests\DATAFEED.Tests\Context.cs:line 79
</StackTrace>
        </ErrorInfo>
      </Output>
    </UnitTestResult>
    <UnitTestResult executionId="6df19612-a5c9-49eb-9b75-d3a1d7a4a60b" testId="44aa225d-5ad6-7aaa-ebc0-85925333574b" testName="IncorrectIncludeContextSyntax" computerName="BDXBLD003" duration="00:00:04.1136343" startTime="2015-07-23T12:27:42.7805568+02:00" endTime="2015-07-23T12:27:46.8966368+02:00" testType="13cdc9d9-ddb5-4fa4-a97d-d965ccfc6d4b" outcome="Failed" testListId="8c84fa94-04c1-424b-9868-57a2d4851a1d" relativeResultsDirectory="6df19612-a5c9-49eb-9b75-d3a1d7a4a60b">
      <Output>
        <ErrorInfo>
          <Message>Test method DATAFEED.Tests.Context.IncorrectIncludeContextSyntax threw exception: 
System.Exception: AT-REQUEST:402c704f-d110-4240-a863-a453822f8107</Message>
          <StackTrace>    at DATAFEED.Tests.HttpRequestHelper.IsErrorCode(String p_sErrorCode) in e:\Jenkins\workspace\DataEngine\DATAFEED.Tests\DATAFEED.Tests\Helper\HttpRequestHelper.cs:line 307
   at DATAFEED.Tests.Context.IncorrectIncludeContextSyntax() in e:\Jenkins\workspace\DataEngine\DATAFEED.Tests\DATAFEED.Tests\Context.cs:line 67
</StackTrace>
        </ErrorInfo>
      </Output>
    </UnitTestResult>
    <UnitTestResult executionId="01816b29-20a8-466e-8c6c-4dce5a8fd117" testId="666194c2-b3a1-15c0-a107-15ef45ce556a" testName="MultiPeriodInContext" computerName="BDXBLD003" duration="00:00:04.0650490" startTime="2015-07-23T12:27:42.9515613+02:00" endTime="2015-07-23T12:27:47.0266394+02:00" testType="13cdc9d9-ddb5-4fa4-a97d-d965ccfc6d4b" outcome="Failed" testListId="8c84fa94-04c1-424b-9868-57a2d4851a1d" relativeResultsDirectory="01816b29-20a8-466e-8c6c-4dce5a8fd117">
      <Output>
        <ErrorInfo>
          <Message>Test method DATAFEED.Tests.Context.MultiPeriodInContext threw exception: 
System.Exception: AT-REQUEST:fc1259e7-cb49-47b6-a90c-d8de4a0308fe
&lt;ErrorDetail&gt;
  &lt;ErrorCode&gt;1&lt;/ErrorCode&gt;
  &lt;ErrorMessage&gt;Unexpected Error&lt;/ErrorMessage&gt;
&lt;/ErrorDetail&gt;
 ---&gt; System.InvalidOperationException: There is an error in XML document (1, 2). ---&gt; System.InvalidOperationException: &lt;ErrorDetail xmlns=''&gt; was not expected.</Message>
          <StackTrace>    at Microsoft.Xml.Serialization.GeneratedAssembly.XmlSerializationReaderXmlDataFeedV1.Read14_DataFeed()
 --- End of inner exception stack trace ---
    at System.Xml.Serialization.XmlSerializer.Deserialize(XmlReader xmlReader, String encodingStyle, XmlDeserializationEvents events)
   at System.Xml.Serialization.XmlSerializer.Deserialize(Stream stream)
   at DATAFEED.Tests.HttpRequestHelper.XmlDeserialize[T]() in e:\Jenkins\workspace\DataEngine\DATAFEED.Tests\DATAFEED.Tests\Helper\HttpRequestHelper.cs:line 240
 --- End of inner exception stack trace ---
    at DATAFEED.Tests.HttpRequestHelper.XmlDeserialize[T]() in e:\Jenkins\workspace\DataEngine\DATAFEED.Tests\DATAFEED.Tests\Helper\HttpRequestHelper.cs:line 244
   at DATAFEED.Tests.Context.MultiPeriodInContext() in e:\Jenkins\workspace\DataEngine\DATAFEED.Tests\DATAFEED.Tests\Context.cs:line 51
</StackTrace>
        </ErrorInfo>
      </Output>
    </UnitTestResult>
    <UnitTestResult executionId="9139c35b-d27b-4ced-8efe-c512ead74ad6" testId="d7c00d3b-e737-887a-7ec3-450110c2affe" testName="NonConsecutivePeriodInContext" computerName="BDXBLD003" duration="00:00:04.0660212" startTime="2015-07-23T12:27:46.3496265+02:00" endTime="2015-07-23T12:27:50.4167043+02:00" testType="13cdc9d9-ddb5-4fa4-a97d-d965ccfc6d4b" outcome="Failed" testListId="8c84fa94-04c1-424b-9868-57a2d4851a1d" relativeResultsDirectory="9139c35b-d27b-4ced-8efe-c512ead74ad6">
      <Output>
        <ErrorInfo>
          <Message>Test method DATAFEED.Tests.Context.NonConsecutivePeriodInContext threw exception: 
System.Exception: AT-REQUEST:0f61681e-9c8d-4b9c-9209-bf49ce80485b
&lt;ErrorDetail&gt;
  &lt;ErrorCode&gt;1&lt;/ErrorCode&gt;
  &lt;ErrorMessage&gt;Unexpected Error&lt;/ErrorMessage&gt;
&lt;/ErrorDetail&gt;
 ---&gt; System.InvalidOperationException: There is an error in XML document (1, 2). ---&gt; System.InvalidOperationException: &lt;ErrorDetail xmlns=''&gt; was not expected.</Message>
          <StackTrace>    at Microsoft.Xml.Serialization.GeneratedAssembly.XmlSerializationReaderXmlDataFeedV1.Read14_DataFeed()
 --- End of inner exception stack trace ---
    at System.Xml.Serialization.XmlSerializer.Deserialize(XmlReader xmlReader, String encodingStyle, XmlDeserializationEvents events)
   at System.Xml.Serialization.XmlSerializer.Deserialize(Stream stream)
   at DATAFEED.Tests.HttpRequestHelper.XmlDeserialize[T]() in e:\Jenkins\workspace\DataEngine\DATAFEED.Tests\DATAFEED.Tests\Helper\HttpRequestHelper.cs:line 240
 --- End of inner exception stack trace ---
    at DATAFEED.Tests.HttpRequestHelper.XmlDeserialize[T]() in e:\Jenkins\workspace\DataEngine\DATAFEED.Tests\DATAFEED.Tests\Helper\HttpRequestHelper.cs:line 244
   at DATAFEED.Tests.Context.NonConsecutivePeriodInContext() in e:\Jenkins\workspace\DataEngine\DATAFEED.Tests\DATAFEED.Tests\Context.cs:line 36
</StackTrace>
        </ErrorInfo>
      </Output>
    </UnitTestResult>
    <UnitTestResult executionId="4fc66476-6e00-48ae-adea-a9f6fa171a36" testId="806036cd-8f04-6f3d-8dfb-217c3c6fca87" testName="CustomerTypeBoolean" computerName="BDXBLD003" duration="00:00:04.1216993" startTime="2015-07-23T12:27:46.9006369+02:00" endTime="2015-07-23T12:27:51.0247156+02:00" testType="13cdc9d9-ddb5-4fa4-a97d-d965ccfc6d4b" outcome="Failed" testListId="8c84fa94-04c1-424b-9868-57a2d4851a1d" relativeResultsDirectory="4fc66476-6e00-48ae-adea-a9f6fa171a36">
      <Output>
        <ErrorInfo>
          <Message>Test method DATAFEED.Tests.CustomerType.CustomerTypeBoolean threw exception: 
System.Exception: AT-REQUEST:d33f3dac-3d60-42aa-9403-934066874516
&lt;ErrorDetail&gt;
  &lt;ErrorCode&gt;1&lt;/ErrorCode&gt;
  &lt;ErrorMessage&gt;Unexpected Error&lt;/ErrorMessage&gt;
&lt;/ErrorDetail&gt;
 ---&gt; System.InvalidOperationException: There is an error in XML document (1, 2). ---&gt; System.InvalidOperationException: &lt;ErrorDetail xmlns=''&gt; was not expected.</Message>
          <StackTrace>    at Microsoft.Xml.Serialization.GeneratedAssembly.XmlSerializationReaderXmlDataFeedV1.Read14_DataFeed()
 --- End of inner exception stack trace ---
    at System.Xml.Serialization.XmlSerializer.Deserialize(XmlReader xmlReader, String encodingStyle, XmlDeserializationEvents events)
   at System.Xml.Serialization.XmlSerializer.Deserialize(Stream stream)
   at DATAFEED.Tests.HttpRequestHelper.XmlDeserialize[T]() in e:\Jenkins\workspace\DataEngine\DATAFEED.Tests\DATAFEED.Tests\Helper\HttpRequestHelper.cs:line 240
 --- End of inner exception stack trace ---
    at DATAFEED.Tests.HttpRequestHelper.XmlDeserialize[T]() in e:\Jenkins\workspace\DataEngine\DATAFEED.Tests\DATAFEED.Tests\Helper\HttpRequestHelper.cs:line 244
   at DATAFEED.Tests.CustomerType.CustomerTypeBoolean() in e:\Jenkins\workspace\DataEngine\DATAFEED.Tests\DATAFEED.Tests\CustomerType.cs:line 164
</StackTrace>
        </ErrorInfo>
      </Output>
    </UnitTestResult>
    <UnitTestResult executionId="1e782a50-2b50-489b-8374-0f9f88508f0e" testId="f60ef96e-8ac6-7d9e-8438-2ff284b8d284" testName="CustomerTypeDate" computerName="BDXBLD003" duration="00:00:04.1149908" startTime="2015-07-23T12:27:47.0296396+02:00" endTime="2015-07-23T12:27:51.1457159+02:00" testType="13cdc9d9-ddb5-4fa4-a97d-d965ccfc6d4b" outcome="Failed" testListId="8c84fa94-04c1-424b-9868-57a2d4851a1d" relativeResultsDirectory="1e782a50-2b50-489b-8374-0f9f88508f0e">
      <Output>
        <ErrorInfo>
          <Message>Test method DATAFEED.Tests.CustomerType.CustomerTypeDate threw exception: 
System.Exception: AT-REQUEST:7ac15a5a-75ad-4058-b479-c918debb4c13
&lt;ErrorDetail&gt;
  &lt;ErrorCode&gt;1&lt;/ErrorCode&gt;
  &lt;ErrorMessage&gt;Unexpected Error&lt;/ErrorMessage&gt;
&lt;/ErrorDetail&gt;
 ---&gt; System.InvalidOperationException: There is an error in XML document (1, 2). ---&gt; System.InvalidOperationException: &lt;ErrorDetail xmlns=''&gt; was not expected.</Message>
          <StackTrace>    at Microsoft.Xml.Serialization.GeneratedAssembly.XmlSerializationReaderXmlDataFeedV1.Read14_DataFeed()
 --- End of inner exception stack trace ---
    at System.Xml.Serialization.XmlSerializer.Deserialize(XmlReader xmlReader, String encodingStyle, XmlDeserializationEvents events)
   at System.Xml.Serialization.XmlSerializer.Deserialize(Stream stream)
   at DATAFEED.Tests.HttpRequestHelper.XmlDeserialize[T]() in e:\Jenkins\workspace\DataEngine\DATAFEED.Tests\DATAFEED.Tests\Helper\HttpRequestHelper.cs:line 240
 --- End of inner exception stack trace ---
    at DATAFEED.Tests.HttpRequestHelper.XmlDeserialize[T]() in e:\Jenkins\workspace\DataEngine\DATAFEED.Tests\DATAFEED.Tests\Helper\HttpRequestHelper.cs:line 244
   at DATAFEED.Tests.CustomerType.CustomerTypeDate() in e:\Jenkins\workspace\DataEngine\DATAFEED.Tests\DATAFEED.Tests\CustomerType.cs:line 21
</StackTrace>
        </ErrorInfo>
      </Output>
    </UnitTestResult>
    <UnitTestResult executionId="c2eb6e28-b4c2-4295-8d5a-c0650cdf7926" testId="2d80e955-ff75-c376-22a2-dff39d23a75c" testName="CustomerTypeDecimal" computerName="BDXBLD003" duration="00:00:04.0960919" startTime="2015-07-23T12:27:48.4716653+02:00" endTime="2015-07-23T12:27:52.5687459+02:00" testType="13cdc9d9-ddb5-4fa4-a97d-d965ccfc6d4b" outcome="Failed" testListId="8c84fa94-04c1-424b-9868-57a2d4851a1d" relativeResultsDirectory="c2eb6e28-b4c2-4295-8d5a-c0650cdf7926">
      <Output>
        <ErrorInfo>
          <Message>Test method DATAFEED.Tests.CustomerType.CustomerTypeDecimal threw exception: 
System.Exception: AT-REQUEST:aa5eb81c-6ec7-418f-b96e-e5b430f908c5
&lt;ErrorDetail&gt;
  &lt;ErrorCode&gt;1&lt;/ErrorCode&gt;
  &lt;ErrorMessage&gt;Unexpected Error&lt;/ErrorMessage&gt;
&lt;/ErrorDetail&gt;
 ---&gt; System.InvalidOperationException: There is an error in XML document (1, 2). ---&gt; System.InvalidOperationException: &lt;ErrorDetail xmlns=''&gt; was not expected.</Message>
          <StackTrace>    at Microsoft.Xml.Serialization.GeneratedAssembly.XmlSerializationReaderXmlDataFeedV1.Read14_DataFeed()
 --- End of inner exception stack trace ---
    at System.Xml.Serialization.XmlSerializer.Deserialize(XmlReader xmlReader, String encodingStyle, XmlDeserializationEvents events)
   at System.Xml.Serialization.XmlSerializer.Deserialize(Stream stream)
   at DATAFEED.Tests.HttpRequestHelper.XmlDeserialize[T]() in e:\Jenkins\workspace\DataEngine\DATAFEED.Tests\DATAFEED.Tests\Helper\HttpRequestHelper.cs:line 240
 --- End of inner exception stack trace ---
    at DATAFEED.Tests.HttpRequestHelper.XmlDeserialize[T]() in e:\Jenkins\workspace\DataEngine\DATAFEED.Tests\DATAFEED.Tests\Helper\HttpRequestHelper.cs:line 244
   at DATAFEED.Tests.CustomerType.CustomerTypeDecimal() in e:\Jenkins\workspace\DataEngine\DATAFEED.Tests\DATAFEED.Tests\CustomerType.cs:line 86
</StackTrace>
        </ErrorInfo>
      </Output>
    </UnitTestResult>
    <UnitTestResult executionId="f5808381-de35-4265-a0e2-62045e205543" testId="e8851701-56c5-9fb1-77a8-5ef3e1f54f96" testName="CustomerTypeEvo" computerName="BDXBLD003" duration="00:00:04.1183641" startTime="2015-07-23T12:27:50.4277062+02:00" endTime="2015-07-23T12:27:54.5537827+02:00" testType="13cdc9d9-ddb5-4fa4-a97d-d965ccfc6d4b" outcome="Failed" testListId="8c84fa94-04c1-424b-9868-57a2d4851a1d" relativeResultsDirectory="f5808381-de35-4265-a0e2-62045e205543">
      <Output>
        <ErrorInfo>
          <Message>Test method DATAFEED.Tests.CustomerType.CustomerTypeEvo threw exception: 
System.Exception: AT-REQUEST:6f2fc8e6-ede3-4777-abdc-15f8f8e685bd
&lt;ErrorDetail&gt;
  &lt;ErrorCode&gt;1&lt;/ErrorCode&gt;
  &lt;ErrorMessage&gt;Unexpected Error&lt;/ErrorMessage&gt;
&lt;/ErrorDetail&gt;
 ---&gt; System.InvalidOperationException: There is an error in XML document (1, 2). ---&gt; System.InvalidOperationException: &lt;ErrorDetail xmlns=''&gt; was not expected.</Message>
          <StackTrace>    at Microsoft.Xml.Serialization.GeneratedAssembly.XmlSerializationReaderXmlDataFeedV1.Read14_DataFeed()
 --- End of inner exception stack trace ---
    at System.Xml.Serialization.XmlSerializer.Deserialize(XmlReader xmlReader, String encodingStyle, XmlDeserializationEvents events)
   at System.Xml.Serialization.XmlSerializer.Deserialize(Stream stream)
   at DATAFEED.Tests.HttpRequestHelper.XmlDeserialize[T]() in e:\Jenkins\workspace\DataEngine\DATAFEED.Tests\DATAFEED.Tests\Helper\HttpRequestHelper.cs:line 240
 --- End of inner exception stack trace ---
    at DATAFEED.Tests.HttpRequestHelper.XmlDeserialize[T]() in e:\Jenkins\workspace\DataEngine\DATAFEED.Tests\DATAFEED.Tests\Helper\HttpRequestHelper.cs:line 244
   at DATAFEED.Tests.CustomerType.CustomerTypeEvo() in e:\Jenkins\workspace\DataEngine\DATAFEED.Tests\DATAFEED.Tests\CustomerType.cs:line 180
</StackTrace>
        </ErrorInfo>
      </Output>
    </UnitTestResult>
    <UnitTestResult executionId="4c0a5c6b-6e2f-41f6-a550-6848f6c872be" testId="36c9071a-3250-77e5-5582-07f967c7f6db" testName="CustomerTypeInt" computerName="BDXBLD003" duration="00:00:04.0533241" startTime="2015-07-23T12:27:51.0277162+02:00" endTime="2015-07-23T12:27:55.0827939+02:00" testType="13cdc9d9-ddb5-4fa4-a97d-d965ccfc6d4b" outcome="Failed" testListId="8c84fa94-04c1-424b-9868-57a2d4851a1d" relativeResultsDirectory="4c0a5c6b-6e2f-41f6-a550-6848f6c872be">
      <Output>
        <ErrorInfo>
          <Message>Test method DATAFEED.Tests.CustomerType.CustomerTypeInt threw exception: 
System.Exception: AT-REQUEST:079586c9-515c-44ff-bb25-863fd79de65e
&lt;ErrorDetail&gt;
  &lt;ErrorCode&gt;1&lt;/ErrorCode&gt;
  &lt;ErrorMessage&gt;Unexpected Error&lt;/ErrorMessage&gt;
&lt;/ErrorDetail&gt;
 ---&gt; System.InvalidOperationException: There is an error in XML document (1, 2). ---&gt; System.InvalidOperationException: &lt;ErrorDetail xmlns=''&gt; was not expected.</Message>
          <StackTrace>    at Microsoft.Xml.Serialization.GeneratedAssembly.XmlSerializationReaderXmlDataFeedV1.Read14_DataFeed()
 --- End of inner exception stack trace ---
    at System.Xml.Serialization.XmlSerializer.Deserialize(XmlReader xmlReader, String encodingStyle, XmlDeserializationEvents events)
   at System.Xml.Serialization.XmlSerializer.Deserialize(Stream stream)
   at DATAFEED.Tests.HttpRequestHelper.XmlDeserialize[T]() in e:\Jenkins\workspace\DataEngine\DATAFEED.Tests\DATAFEED.Tests\Helper\HttpRequestHelper.cs:line 240
 --- End of inner exception stack trace ---
    at DATAFEED.Tests.HttpRequestHelper.XmlDeserialize[T]() in e:\Jenkins\workspace\DataEngine\DATAFEED.Tests\DATAFEED.Tests\Helper\HttpRequestHelper.cs:line 244
   at DATAFEED.Tests.CustomerType.CustomerTypeInt() in e:\Jenkins\workspace\DataEngine\DATAFEED.Tests\DATAFEED.Tests\CustomerType.cs:line 42
</StackTrace>
        </ErrorInfo>
      </Output>
    </UnitTestResult>
    <UnitTestResult executionId="e002d75f-945f-4660-80b7-f3c08270e897" testId="7c985780-82aa-019a-b3c5-bd33726f950b" testName="CustomerTypeString" computerName="BDXBLD003" duration="00:00:04.1183543" startTime="2015-07-23T12:27:51.1547162+02:00" endTime="2015-07-23T12:27:55.2737978+02:00" testType="13cdc9d9-ddb5-4fa4-a97d-d965ccfc6d4b" outcome="Failed" testListId="8c84fa94-04c1-424b-9868-57a2d4851a1d" relativeResultsDirectory="e002d75f-945f-4660-80b7-f3c08270e897">
      <Output>
        <ErrorInfo>
          <Message>Test method DATAFEED.Tests.CustomerType.CustomerTypeString threw exception: 
System.Exception: AT-REQUEST:93f56cf4-6934-4e62-8289-1a28e0f266b1
&lt;ErrorDetail&gt;
  &lt;ErrorCode&gt;1&lt;/ErrorCode&gt;
  &lt;ErrorMessage&gt;Unexpected Error&lt;/ErrorMessage&gt;
&lt;/ErrorDetail&gt;
 ---&gt; System.InvalidOperationException: There is an error in XML document (1, 2). ---&gt; System.InvalidOperationException: &lt;ErrorDetail xmlns=''&gt; was not expected.</Message>
          <StackTrace>    at Microsoft.Xml.Serialization.GeneratedAssembly.XmlSerializationReaderXmlDataFeedV1.Read14_DataFeed()
 --- End of inner exception stack trace ---
    at System.Xml.Serialization.XmlSerializer.Deserialize(XmlReader xmlReader, String encodingStyle, XmlDeserializationEvents events)
   at System.Xml.Serialization.XmlSerializer.Deserialize(Stream stream)
   at DATAFEED.Tests.HttpRequestHelper.XmlDeserialize[T]() in e:\Jenkins\workspace\DataEngine\DATAFEED.Tests\DATAFEED.Tests\Helper\HttpRequestHelper.cs:line 240
 --- End of inner exception stack trace ---
    at DATAFEED.Tests.HttpRequestHelper.XmlDeserialize[T]() in e:\Jenkins\workspace\DataEngine\DATAFEED.Tests\DATAFEED.Tests\Helper\HttpRequestHelper.cs:line 244
   at DATAFEED.Tests.CustomerType.CustomerTypeString() in e:\Jenkins\workspace\DataEngine\DATAFEED.Tests\DATAFEED.Tests\CustomerType.cs:line 138
</StackTrace>
        </ErrorInfo>
      </Output>
    </UnitTestResult>
    <UnitTestResult executionId="7efeb2eb-9a8e-40df-9aba-0e491703aafa" testId="8480940d-bdac-3375-e704-5c8ab3d5bf84" testName="LevelTimestamp" computerName="BDXBLD003" duration="00:00:04.0864165" startTime="2015-07-23T12:27:52.5727460+02:00" endTime="2015-07-23T12:27:56.6608250+02:00" testType="13cdc9d9-ddb5-4fa4-a97d-d965ccfc6d4b" outcome="Failed" testListId="8c84fa94-04c1-424b-9868-57a2d4851a1d" relativeResultsDirectory="7efeb2eb-9a8e-40df-9aba-0e491703aafa">
      <Output>
        <ErrorInfo>
          <Message>Test method DATAFEED.Tests.CustomerType.LevelTimestamp threw exception: 
System.Exception: AT-REQUEST:8e4902d0-2c2e-44b8-9f8d-0d0fb8905bdf
&lt;ErrorDetail&gt;
  &lt;ErrorCode&gt;1&lt;/ErrorCode&gt;
  &lt;ErrorMessage&gt;Unexpected Error&lt;/ErrorMessage&gt;
&lt;/ErrorDetail&gt;
 ---&gt; System.InvalidOperationException: There is an error in XML document (1, 2). ---&gt; System.InvalidOperationException: &lt;ErrorDetail xmlns=''&gt; was not expected.</Message>
          <StackTrace>    at Microsoft.Xml.Serialization.GeneratedAssembly.XmlSerializationReaderXmlDataFeedV1.Read14_DataFeed()
 --- End of inner exception stack trace ---
    at System.Xml.Serialization.XmlSerializer.Deserialize(XmlReader xmlReader, String encodingStyle, XmlDeserializationEvents events)
   at System.Xml.Serialization.XmlSerializer.Deserialize(Stream stream)
   at DATAFEED.Tests.HttpRequestHelper.XmlDeserialize[T]() in e:\Jenkins\workspace\DataEngine\DATAFEED.Tests\DATAFEED.Tests\Helper\HttpRequestHelper.cs:line 240
 --- End of inner exception stack trace ---
    at DATAFEED.Tests.HttpRequestHelper.XmlDeserialize[T]() in e:\Jenkins\workspace\DataEngine\DATAFEED.Tests\DATAFEED.Tests\Helper\HttpRequestHelper.cs:line 244
   at DATAFEED.Tests.CustomerType.LevelTimestamp() in e:\Jenkins\workspace\DataEngine\DATAFEED.Tests\DATAFEED.Tests\CustomerType.cs:line 195
</StackTrace>
        </ErrorInfo>
      </Output>
    </UnitTestResult>
    <UnitTestResult executionId="c00c49da-eaa4-4558-a3ab-74a1f21ef1b1" testId="833106c1-ea61-df16-873b-09a2b6807dc0" testName="MetricContainsSegmentFalse" computerName="BDXBLD003" duration="00:00:04.1021397" startTime="2015-07-23T12:27:54.5587843+02:00" endTime="2015-07-23T12:27:58.6618614+02:00" testType="13cdc9d9-ddb5-4fa4-a97d-d965ccfc6d4b" outcome="Failed" testListId="8c84fa94-04c1-424b-9868-57a2d4851a1d" relativeResultsDirectory="c00c49da-eaa4-4558-a3ab-74a1f21ef1b1">
      <Output>
        <ErrorInfo>
          <Message>Test method DATAFEED.Tests.CustomMetric.MetricContainsSegmentFalse threw exception: 
System.Net.WebException: AT-REQUEST:216335e4-f43a-4f3d-b4a9-1e09e89d8131
&lt;ErrorDetail&gt;
  &lt;ErrorCode&gt;1&lt;/ErrorCode&gt;
  &lt;ErrorMessage&gt;Unexpected Error&lt;/ErrorMessage&gt;
&lt;/ErrorDetail&gt;
</Message>
          <StackTrace>    at DATAFEED.Tests.HttpRequestHelper.EnsureStatusIsSuccessful() in e:\Jenkins\workspace\DataEngine\DATAFEED.Tests\DATAFEED.Tests\Helper\HttpRequestHelper.cs:line 78
   at DATAFEED.Tests.CustomMetric.MetricContainsSegmentFalse() in e:\Jenkins\workspace\DataEngine\DATAFEED.Tests\DATAFEED.Tests\CustomMetric.cs:line 34
</StackTrace>
        </ErrorInfo>
      </Output>
    </UnitTestResult>
    <UnitTestResult executionId="9342620f-4540-4dda-ab0e-c4eb7286b837" testId="dd2fcd1a-6c72-d3ee-1772-fa112d80f751" testName="MetricContainsSegmentTrue" computerName="BDXBLD003" duration="00:00:04.0754171" startTime="2015-07-23T12:27:55.0868052+02:00" endTime="2015-07-23T12:27:59.1648731+02:00" testType="13cdc9d9-ddb5-4fa4-a97d-d965ccfc6d4b" outcome="Failed" testListId="8c84fa94-04c1-424b-9868-57a2d4851a1d" relativeResultsDirectory="9342620f-4540-4dda-ab0e-c4eb7286b837">
      <Output>
        <ErrorInfo>
          <Message>Test method DATAFEED.Tests.CustomMetric.MetricContainsSegmentTrue threw exception: 
System.Exception: AT-REQUEST:9e5fa21d-1898-41d0-b62f-793a775c0162</Message>
          <StackTrace>    at DATAFEED.Tests.HttpRequestHelper.IsErrorCode(String p_sErrorCode) in e:\Jenkins\workspace\DataEngine\DATAFEED.Tests\DATAFEED.Tests\Helper\HttpRequestHelper.cs:line 307
   at DATAFEED.Tests.CustomMetric.MetricContainsSegmentTrue() in e:\Jenkins\workspace\DataEngine\DATAFEED.Tests\DATAFEED.Tests\CustomMetric.cs:line 20
</StackTrace>
        </ErrorInfo>
      </Output>
    </UnitTestResult>
    <UnitTestResult executionId="e3a3a079-0112-443b-adad-125dbed79bbe" testId="189dac28-8db3-5085-30ff-f78c0b1105f3" testName="ColumnMax50IgnoreLevelId" computerName="BDXBLD003" duration="00:00:04.1650597" startTime="2015-07-23T12:27:55.2787978+02:00" endTime="2015-07-23T12:27:59.4538780+02:00" testType="13cdc9d9-ddb5-4fa4-a97d-d965ccfc6d4b" outcome="Failed" testListId="8c84fa94-04c1-424b-9868-57a2d4851a1d" relativeResultsDirectory="e3a3a079-0112-443b-adad-125dbed79bbe">
      <Output>
        <ErrorInfo>
          <Message>Test method DATAFEED.Tests.Evolution.ColumnMax50IgnoreLevelId threw exception: 
System.Net.WebException: AT-REQUEST:d336cbc9-0127-4795-8bd5-39dde1e2cdce
&lt;ErrorDetail&gt;
  &lt;ErrorCode&gt;1&lt;/ErrorCode&gt;
  &lt;ErrorMessage&gt;Unexpected Error&lt;/ErrorMessage&gt;
&lt;/ErrorDetail&gt;
</Message>
          <StackTrace>    at DATAFEED.Tests.HttpRequestHelper.EnsureStatusIsSuccessful() in e:\Jenkins\workspace\DataEngine\DATAFEED.Tests\DATAFEED.Tests\Helper\HttpRequestHelper.cs:line 78
   at DATAFEED.Tests.Evolution.ColumnMax50IgnoreLevelId() in e:\Jenkins\workspace\DataEngine\DATAFEED.Tests\DATAFEED.Tests\Evolution.cs:line 1022
</StackTrace>
        </ErrorInfo>
      </Output>
    </UnitTestResult>
    <UnitTestResult executionId="bbbbd462-2879-4111-b497-906dab59af5c" testId="587a971c-50d0-529b-b4a1-65a8a8ede49e" testName="EvoB100Mode" computerName="BDXBLD003" duration="00:00:04.1081634" startTime="2015-07-23T12:27:56.6618246+02:00" endTime="2015-07-23T12:28:00.7709029+02:00" testType="13cdc9d9-ddb5-4fa4-a97d-d965ccfc6d4b" outcome="Failed" testListId="8c84fa94-04c1-424b-9868-57a2d4851a1d" relativeResultsDirectory="bbbbd462-2879-4111-b497-906dab59af5c">
      <Output>
        <ErrorInfo>
          <Message>Test method DATAFEED.Tests.Evolution.EvoB100Mode threw exception: 
System.Exception: AT-REQUEST:9b9c9bb8-4c54-438b-a6f9-ff9b63747a5f
&lt;ErrorDetail&gt;
  &lt;ErrorCode&gt;1&lt;/ErrorCode&gt;
  &lt;ErrorMessage&gt;Unexpected Error&lt;/ErrorMessage&gt;
&lt;/ErrorDetail&gt;
 ---&gt; System.InvalidOperationException: There is an error in XML document (1, 2). ---&gt; System.InvalidOperationException: &lt;ErrorDetail xmlns=''&gt; was not expected.</Message>
          <StackTrace>    at Microsoft.Xml.Serialization.GeneratedAssembly.XmlSerializationReaderXmlDataFeedV1.Read14_DataFeed()
 --- End of inner exception stack trace ---
    at System.Xml.Serialization.XmlSerializer.Deserialize(XmlReader xmlReader, String encodingStyle, XmlDeserializationEvents events)
   at System.Xml.Serialization.XmlSerializer.Deserialize(Stream stream)
   at DATAFEED.Tests.HttpRequestHelper.XmlDeserialize[T]() in e:\Jenkins\workspace\DataEngine\DATAFEED.Tests\DATAFEED.Tests\Helper\HttpRequestHelper.cs:line 240
 --- End of inner exception stack trace ---
    at DATAFEED.Tests.HttpRequestHelper.XmlDeserialize[T]() in e:\Jenkins\workspace\DataEngine\DATAFEED.Tests\DATAFEED.Tests\Helper\HttpRequestHelper.cs:line 244
   at DATAFEED.Tests.Evolution.EvoB100Mode() in e:\Jenkins\workspace\DataEngine\DATAFEED.Tests\DATAFEED.Tests\Evolution.cs:line 888
</StackTrace>
        </ErrorInfo>
      </Output>
    </UnitTestResult>
    <UnitTestResult executionId="cc0697fc-e2fc-4d6d-bebc-03062fd7bc37" testId="5656cfd2-8efe-bf66-cff9-f9189873b0db" testName="EvoBadMode" computerName="BDXBLD003" duration="00:00:04.0949977" startTime="2015-07-23T12:27:58.6688604+02:00" endTime="2015-07-23T12:28:02.7789414+02:00" testType="13cdc9d9-ddb5-4fa4-a97d-d965ccfc6d4b" outcome="Failed" testListId="8c84fa94-04c1-424b-9868-57a2d4851a1d" relativeResultsDirectory="cc0697fc-e2fc-4d6d-bebc-03062fd7bc37">
      <Output>
        <ErrorInfo>
          <Message>Test method DATAFEED.Tests.Evolution.EvoBadMode threw exception: 
System.Exception: AT-REQUEST:4428b278-1dcd-4753-93ed-cf56afb03131</Message>
          <StackTrace>    at DATAFEED.Tests.HttpRequestHelper.IsErrorCode(String p_sErrorCode) in e:\Jenkins\workspace\DataEngine\DATAFEED.Tests\DATAFEED.Tests\Helper\HttpRequestHelper.cs:line 307
   at DATAFEED.Tests.Evolution.EvoBadMode() in e:\Jenkins\workspace\DataEngine\DATAFEED.Tests\DATAFEED.Tests\Evolution.cs:line 784
</StackTrace>
        </ErrorInfo>
      </Output>
    </UnitTestResult>
    <UnitTestResult executionId="6867859b-2cbb-4270-9c75-cac56514c376" testId="5c07433b-8dd1-23ee-2366-4784a5d84087" testName="EvoModeKeyWithoutPeriodKey" computerName="BDXBLD003" duration="00:00:04.1124026" startTime="2015-07-23T12:27:59.1708739+02:00" endTime="2015-07-23T12:28:03.2879522+02:00" testType="13cdc9d9-ddb5-4fa4-a97d-d965ccfc6d4b" outcome="Failed" testListId="8c84fa94-04c1-424b-9868-57a2d4851a1d" relativeResultsDirectory="6867859b-2cbb-4270-9c75-cac56514c376">
      <Output>
        <ErrorInfo>
          <Message>Test method DATAFEED.Tests.Evolution.EvoModeKeyWithoutPeriodKey threw exception: 
System.Exception: AT-REQUEST:3e5a077c-e311-462a-ac7c-4c4f1e9b5e92</Message>
          <StackTrace>    at DATAFEED.Tests.HttpRequestHelper.IsErrorCode(String p_sErrorCode) in e:\Jenkins\workspace\DataEngine\DATAFEED.Tests\DATAFEED.Tests\Helper\HttpRequestHelper.cs:line 307
   at DATAFEED.Tests.Evolution.EvoModeKeyWithoutPeriodKey() in e:\Jenkins\workspace\DataEngine\DATAFEED.Tests\DATAFEED.Tests\Evolution.cs:line 796
</StackTrace>
        </ErrorInfo>
      </Output>
    </UnitTestResult>
    <UnitTestResult executionId="6584b1ad-70b1-4001-824d-1c9ebdaa4ed4" testId="1cf1e78d-abf9-748c-7ebc-3e54dcbd05f8" testName="EvoMultiDimWithFilterHidden" computerName="BDXBLD003" duration="00:00:04.0612522" startTime="2015-07-23T12:27:59.4598794+02:00" endTime="2015-07-23T12:28:03.5229563+02:00" testType="13cdc9d9-ddb5-4fa4-a97d-d965ccfc6d4b" outcome="Failed" testListId="8c84fa94-04c1-424b-9868-57a2d4851a1d" relativeResultsDirectory="6584b1ad-70b1-4001-824d-1c9ebdaa4ed4">
      <Output>
        <ErrorInfo>
          <Message>Test method DATAFEED.Tests.Evolution.EvoMultiDimWithFilterHidden threw exception: 
System.Exception: AT-REQUEST:0f439a8e-5ec8-4991-b9af-ba97efb29f67
&lt;ErrorDetail&gt;
  &lt;ErrorCode&gt;1&lt;/ErrorCode&gt;
  &lt;ErrorMessage&gt;Unexpected Error&lt;/ErrorMessage&gt;
&lt;/ErrorDetail&gt;
 ---&gt; System.InvalidOperationException: There is an error in XML document (1, 2). ---&gt; System.InvalidOperationException: &lt;ErrorDetail xmlns=''&gt; was not expected.</Message>
          <StackTrace>    at Microsoft.Xml.Serialization.GeneratedAssembly.XmlSerializationReaderXmlDataFeedV1.Read14_DataFeed()
 --- End of inner exception stack trace ---
    at System.Xml.Serialization.XmlSerializer.Deserialize(XmlReader xmlReader, String encodingStyle, XmlDeserializationEvents events)
   at System.Xml.Serialization.XmlSerializer.Deserialize(Stream stream)
   at DATAFEED.Tests.HttpRequestHelper.XmlDeserialize[T]() in e:\Jenkins\workspace\DataEngine\DATAFEED.Tests\DATAFEED.Tests\Helper\HttpRequestHelper.cs:line 240
 --- End of inner exception stack trace ---
    at DATAFEED.Tests.HttpRequestHelper.XmlDeserialize[T]() in e:\Jenkins\workspace\DataEngine\DATAFEED.Tests\DATAFEED.Tests\Helper\HttpRequestHelper.cs:line 244
   at DATAFEED.Tests.Evolution.EvoMultiDimWithFilterHidden() in e:\Jenkins\workspace\DataEngine\DATAFEED.Tests\DATAFEED.Tests\Evolution.cs:line 966
</StackTrace>
        </ErrorInfo>
      </Output>
    </UnitTestResult>
    <UnitTestResult executionId="e8f5ce19-0206-4b81-9ddd-113561ecd5aa" testId="8b432ed4-1366-0d1a-dcce-fd3adfb65417" testName="EvoPercentMode" computerName="BDXBLD003" duration="00:00:04.0903763" startTime="2015-07-23T12:28:00.7749036+02:00" endTime="2015-07-23T12:28:04.8669820+02:00" testType="13cdc9d9-ddb5-4fa4-a97d-d965ccfc6d4b" outcome="Failed" testListId="8c84fa94-04c1-424b-9868-57a2d4851a1d" relativeResultsDirectory="e8f5ce19-0206-4b81-9ddd-113561ecd5aa">
      <Output>
        <ErrorInfo>
          <Message>Test method DATAFEED.Tests.Evolution.EvoPercentMode threw exception: 
System.Exception: AT-REQUEST:b5531599-1a30-4101-8432-72e60b04779a
&lt;ErrorDetail&gt;
  &lt;ErrorCode&gt;1&lt;/ErrorCode&gt;
  &lt;ErrorMessage&gt;Unexpected Error&lt;/ErrorMessage&gt;
&lt;/ErrorDetail&gt;
 ---&gt; System.InvalidOperationException: There is an error in XML document (1, 2). ---&gt; System.InvalidOperationException: &lt;ErrorDetail xmlns=''&gt; was not expected.</Message>
          <StackTrace>    at Microsoft.Xml.Serialization.GeneratedAssembly.XmlSerializationReaderXmlDataFeedV1.Read14_DataFeed()
 --- End of inner exception stack trace ---
    at System.Xml.Serialization.XmlSerializer.Deserialize(XmlReader xmlReader, String encodingStyle, XmlDeserializationEvents events)
   at System.Xml.Serialization.XmlSerializer.Deserialize(Stream stream)
   at DATAFEED.Tests.HttpRequestHelper.XmlDeserialize[T]() in e:\Jenkins\workspace\DataEngine\DATAFEED.Tests\DATAFEED.Tests\Helper\HttpRequestHelper.cs:line 240
 --- End of inner exception stack trace ---
    at DATAFEED.Tests.HttpRequestHelper.XmlDeserialize[T]() in e:\Jenkins\workspace\DataEngine\DATAFEED.Tests\DATAFEED.Tests\Helper\HttpRequestHelper.cs:line 244
   at DATAFEED.Tests.Evolution.EvoPercentMode() in e:\Jenkins\workspace\DataEngine\DATAFEED.Tests\DATAFEED.Tests\Evolution.cs:line 808
</StackTrace>
        </ErrorInfo>
      </Output>
    </UnitTestResult>
    <UnitTestResult executionId="86d0255c-5702-4e8c-98fe-3c59f0b090bf" testId="2f29ecd7-c49b-206b-f37e-443df2e1e86e" testName="EvoPercentModeMultiDim" computerName="BDXBLD003" duration="00:00:04.1146096" startTime="2015-07-23T12:28:02.7829418+02:00" endTime="2015-07-23T12:28:06.9099444+02:00" testType="13cdc9d9-ddb5-4fa4-a97d-d965ccfc6d4b" outcome="Failed" testListId="8c84fa94-04c1-424b-9868-57a2d4851a1d" relativeResultsDirectory="86d0255c-5702-4e8c-98fe-3c59f0b090bf">
      <Output>
        <ErrorInfo>
          <Message>Test method DATAFEED.Tests.Evolution.EvoPercentModeMultiDim threw exception: 
System.Exception: AT-REQUEST:4336ecab-8b61-4548-909c-b3ff92898854
&lt;ErrorDetail&gt;
  &lt;ErrorCode&gt;1&lt;/ErrorCode&gt;
  &lt;ErrorMessage&gt;Unexpected Error&lt;/ErrorMessage&gt;
&lt;/ErrorDetail&gt;
 ---&gt; System.InvalidOperationException: There is an error in XML document (1, 2). ---&gt; System.InvalidOperationException: &lt;ErrorDetail xmlns=''&gt; was not expected.</Message>
          <StackTrace>    at Microsoft.Xml.Serialization.GeneratedAssembly.XmlSerializationReaderXmlDataFeedV1.Read14_DataFeed()
 --- End of inner exception stack trace ---
    at System.Xml.Serialization.XmlSerializer.Deserialize(XmlReader xmlReader, String encodingStyle, XmlDeserializationEvents events)
   at System.Xml.Serialization.XmlSerializer.Deserialize(Stream stream)
   at DATAFEED.Tests.HttpRequestHelper.XmlDeserialize[T]() in e:\Jenkins\workspace\DataEngine\DATAFEED.Tests\DATAFEED.Tests\Helper\HttpRequestHelper.cs:line 240
 --- End of inner exception stack trace ---
    at DATAFEED.Tests.HttpRequestHelper.XmlDeserialize[T]() in e:\Jenkins\workspace\DataEngine\DATAFEED.Tests\DATAFEED.Tests\Helper\HttpRequestHelper.cs:line 244
   at DATAFEED.Tests.Evolution.EvoPercentModeMultiDim() in e:\Jenkins\workspace\DataEngine\DATAFEED.Tests\DATAFEED.Tests\Evolution.cs:line 847
</StackTrace>
        </ErrorInfo>
      </Output>
    </UnitTestResult>
    <UnitTestResult executionId="d9ff3002-87f6-4041-9633-4309ac133d12" testId="93523e6e-cf1e-bcaa-6c18-4dfc4dc790d4" testName="EvoRatioMode" computerName="BDXBLD003" duration="00:00:04.0962516" startTime="2015-07-23T12:28:03.2889519+02:00" endTime="2015-07-23T12:28:07.3870270+02:00" testType="13cdc9d9-ddb5-4fa4-a97d-d965ccfc6d4b" outcome="Failed" testListId="8c84fa94-04c1-424b-9868-57a2d4851a1d" relativeResultsDirectory="d9ff3002-87f6-4041-9633-4309ac133d12">
      <Output>
        <ErrorInfo>
          <Message>Test method DATAFEED.Tests.Evolution.EvoRatioMode threw exception: 
System.Exception: AT-REQUEST:284ed814-22e7-44c3-b9d3-a88a971c3fc8
&lt;ErrorDetail&gt;
  &lt;ErrorCode&gt;1&lt;/ErrorCode&gt;
  &lt;ErrorMessage&gt;Unexpected Error&lt;/ErrorMessage&gt;
&lt;/ErrorDetail&gt;
 ---&gt; System.InvalidOperationException: There is an error in XML document (1, 2). ---&gt; System.InvalidOperationException: &lt;ErrorDetail xmlns=''&gt; was not expected.</Message>
          <StackTrace>    at Microsoft.Xml.Serialization.GeneratedAssembly.XmlSerializationReaderXmlDataFeedV1.Read14_DataFeed()
 --- End of inner exception stack trace ---
    at System.Xml.Serialization.XmlSerializer.Deserialize(XmlReader xmlReader, String encodingStyle, XmlDeserializationEvents events)
   at System.Xml.Serialization.XmlSerializer.Deserialize(Stream stream)
   at DATAFEED.Tests.HttpRequestHelper.XmlDeserialize[T]() in e:\Jenkins\workspace\DataEngine\DATAFEED.Tests\DATAFEED.Tests\Helper\HttpRequestHelper.cs:line 240
 --- End of inner exception stack trace ---
    at DATAFEED.Tests.HttpRequestHelper.XmlDeserialize[T]() in e:\Jenkins\workspace\DataEngine\DATAFEED.Tests\DATAFEED.Tests\Helper\HttpRequestHelper.cs:line 244
   at DATAFEED.Tests.Evolution.EvoRatioMode() in e:\Jenkins\workspace\DataEngine\DATAFEED.Tests\DATAFEED.Tests\Evolution.cs:line 927
</StackTrace>
        </ErrorInfo>
      </Output>
    </UnitTestResult>
    <UnitTestResult executionId="bd695a0d-2a86-4299-a6ba-bb16042dde0b" testId="461d0b08-45e9-5ce8-a150-05a6313a3d79" testName="LevelIsStandalone" computerName="BDXBLD003" duration="00:00:04.1044434" startTime="2015-07-23T12:28:03.5269561+02:00" endTime="2015-07-23T12:28:07.6339662+02:00" testType="13cdc9d9-ddb5-4fa4-a97d-d965ccfc6d4b" outcome="Failed" testListId="8c84fa94-04c1-424b-9868-57a2d4851a1d" relativeResultsDirectory="bd695a0d-2a86-4299-a6ba-bb16042dde0b">
      <Output>
        <ErrorInfo>
          <Message>Test method DATAFEED.Tests.Evolution.LevelIsStandalone threw exception: 
System.Exception: AT-REQUEST:fabbcf1b-b06c-4d0b-80d2-b71fde5b6db9
&lt;ErrorDetail&gt;
  &lt;ErrorCode&gt;1&lt;/ErrorCode&gt;
  &lt;ErrorMessage&gt;Unexpected Error&lt;/ErrorMessage&gt;
&lt;/ErrorDetail&gt;
 ---&gt; System.InvalidOperationException: There is an error in XML document (1, 2). ---&gt; System.InvalidOperationException: &lt;ErrorDetail xmlns=''&gt; was not expected.</Message>
          <StackTrace>    at Microsoft.Xml.Serialization.GeneratedAssembly.XmlSerializationReaderXmlDataFeedV1.Read14_DataFeed()
 --- End of inner exception stack trace ---
    at System.Xml.Serialization.XmlSerializer.Deserialize(XmlReader xmlReader, String encodingStyle, XmlDeserializationEvents events)
   at System.Xml.Serialization.XmlSerializer.Deserialize(Stream stream)
   at DATAFEED.Tests.HttpRequestHelper.XmlDeserialize[T]() in e:\Jenkins\workspace\DataEngine\DATAFEED.Tests\DATAFEED.Tests\Helper\HttpRequestHelper.cs:line 240
 --- End of inner exception stack trace ---
    at DATAFEED.Tests.HttpRequestHelper.XmlDeserialize[T]() in e:\Jenkins\workspace\DataEngine\DATAFEED.Tests\DATAFEED.Tests\Helper\HttpRequestHelper.cs:line 244
   at DATAFEED.Tests.Evolution.LevelIsStandalone() in e:\Jenkins\workspace\DataEngine\DATAFEED.Tests\DATAFEED.Tests\Evolution.cs:line 998
</StackTrace>
        </ErrorInfo>
      </Output>
    </UnitTestResult>
    <UnitTestResult executionId="87cce4d0-ac74-4163-aee1-9d67cc8f6c2a" testId="24a703f6-dbd8-5188-1e4d-76ef6006d67f" testName="TestAutoAttribut" computerName="BDXBLD003" duration="00:00:04.1300693" startTime="2015-07-23T12:28:04.8709819+02:00" endTime="2015-07-23T12:28:09.0029847+02:00" testType="13cdc9d9-ddb5-4fa4-a97d-d965ccfc6d4b" outcome="Failed" testListId="8c84fa94-04c1-424b-9868-57a2d4851a1d" relativeResultsDirectory="87cce4d0-ac74-4163-aee1-9d67cc8f6c2a">
      <Output>
        <ErrorInfo>
          <Message>Test method DATAFEED.Tests.Evolution.TestAutoAttribut threw exception: 
System.Exception: AT-REQUEST:f2be91de-c1b2-4c15-94f8-9bd50baaadb2
&lt;ErrorDetail&gt;
  &lt;ErrorCode&gt;1&lt;/ErrorCode&gt;
  &lt;ErrorMessage&gt;Unexpected Error&lt;/ErrorMessage&gt;
&lt;/ErrorDetail&gt;
 ---&gt; System.InvalidOperationException: There is an error in XML document (1, 2). ---&gt; System.InvalidOperationException: &lt;ErrorDetail xmlns=''&gt; was not expected.</Message>
          <StackTrace>    at Microsoft.Xml.Serialization.GeneratedAssembly.XmlSerializationReaderXmlDataFeedV1.Read14_DataFeed()
 --- End of inner exception stack trace ---
    at System.Xml.Serialization.XmlSerializer.Deserialize(XmlReader xmlReader, String encodingStyle, XmlDeserializationEvents events)
   at System.Xml.Serialization.XmlSerializer.Deserialize(Stream stream)
   at DATAFEED.Tests.HttpRequestHelper.XmlDeserialize[T]() in e:\Jenkins\workspace\DataEngine\DATAFEED.Tests\DATAFEED.Tests\Helper\HttpRequestHelper.cs:line 240
 --- End of inner exception stack trace ---
    at DATAFEED.Tests.HttpRequestHelper.XmlDeserialize[T]() in e:\Jenkins\workspace\DataEngine\DATAFEED.Tests\DATAFEED.Tests\Helper\HttpRequestHelper.cs:line 244
   at DATAFEED.Tests.Evolution.TestAutoAttribut() in e:\Jenkins\workspace\DataEngine\DATAFEED.Tests\DATAFEED.Tests\Evolution.cs:line 766
</StackTrace>
        </ErrorInfo>
      </Output>
    </UnitTestResult>
    <UnitTestResult executionId="8f4bef16-e60d-4c68-b924-bb8b807496d9" testId="1f1fd834-84fc-7f32-e705-770301c80ce5" testName="TestBoucheTrou" computerName="BDXBLD003" duration="00:00:02.0668008" startTime="2015-07-23T12:28:06.9319441+02:00" endTime="2015-07-23T12:28:09.0019833+02:00" testType="13cdc9d9-ddb5-4fa4-a97d-d965ccfc6d4b" outcome="Failed" testListId="8c84fa94-04c1-424b-9868-57a2d4851a1d" relativeResultsDirectory="8f4bef16-e60d-4c68-b924-bb8b807496d9">
      <Output>
        <ErrorInfo>
          <Message>Test method DATAFEED.Tests.Evolution.TestBoucheTrou threw exception: 
System.Exception: AT-REQUEST:c478cae0-b98b-4c6f-bba4-2b05d4073c30
&lt;ErrorDetail&gt;
  &lt;ErrorCode&gt;1&lt;/ErrorCode&gt;
  &lt;ErrorMessage&gt;Unexpected Error&lt;/ErrorMessage&gt;
&lt;/ErrorDetail&gt;
 ---&gt; System.InvalidOperationException: There is an error in XML document (1, 2). ---&gt; System.InvalidOperationException: &lt;ErrorDetail xmlns=''&gt; was not expected.</Message>
          <StackTrace>    at Microsoft.Xml.Serialization.GeneratedAssembly.XmlSerializationReaderXmlDataFeedV1.Read14_DataFeed()
 --- End of inner exception stack trace ---
    at System.Xml.Serialization.XmlSerializer.Deserialize(XmlReader xmlReader, String encodingStyle, XmlDeserializationEvents events)
   at System.Xml.Serialization.XmlSerializer.Deserialize(Stream stream)
   at DATAFEED.Tests.HttpRequestHelper.XmlDeserialize[T]() in e:\Jenkins\workspace\DataEngine\DATAFEED.Tests\DATAFEED.Tests\Helper\HttpRequestHelper.cs:line 240
 --- End of inner exception stack trace ---
    at DATAFEED.Tests.HttpRequestHelper.XmlDeserialize[T]() in e:\Jenkins\workspace\DataEngine\DATAFEED.Tests\DATAFEED.Tests\Helper\HttpRequestHelper.cs:line 244
   at DATAFEED.Tests.Evolution.TestBoucheTrou() in e:\Jenkins\workspace\DataEngine\DATAFEED.Tests\DATAFEED.Tests\Evolution.cs:line 406
</StackTrace>
        </ErrorInfo>
      </Output>
    </UnitTestResult>
    <UnitTestResult executionId="907aab2c-7e2e-415a-8350-d7af05fe34ab" testId="69278bbe-7d95-0c52-ffa0-28db5f553c5d" testName="TestColumnsMetadata" computerName="BDXBLD003" duration="00:00:04.1015346" startTime="2015-07-23T12:28:07.3909534+02:00" endTime="2015-07-23T12:28:11.4940318+02:00" testType="13cdc9d9-ddb5-4fa4-a97d-d965ccfc6d4b" outcome="Failed" testListId="8c84fa94-04c1-424b-9868-57a2d4851a1d" relativeResultsDirectory="907aab2c-7e2e-415a-8350-d7af05fe34ab">
      <Output>
        <ErrorInfo>
          <Message>Test method DATAFEED.Tests.Evolution.TestColumnsMetadata threw exception: 
System.Exception: AT-REQUEST:a237f623-7e29-426c-8832-2c3715bc4b3e
&lt;ErrorDetail&gt;
  &lt;ErrorCode&gt;1&lt;/ErrorCode&gt;
  &lt;ErrorMessage&gt;Unexpected Error&lt;/ErrorMessage&gt;
&lt;/ErrorDetail&gt;
 ---&gt; System.InvalidOperationException: There is an error in XML document (1, 2). ---&gt; System.InvalidOperationException: &lt;ErrorDetail xmlns=''&gt; was not expected.</Message>
          <StackTrace>    at Microsoft.Xml.Serialization.GeneratedAssembly.XmlSerializationReaderXmlDataFeedV1.Read14_DataFeed()
 --- End of inner exception stack trace ---
    at System.Xml.Serialization.XmlSerializer.Deserialize(XmlReader xmlReader, String encodingStyle, XmlDeserializationEvents events)
   at System.Xml.Serialization.XmlSerializer.Deserialize(Stream stream)
   at DATAFEED.Tests.HttpRequestHelper.XmlDeserialize[T]() in e:\Jenkins\workspace\DataEngine\DATAFEED.Tests\DATAFEED.Tests\Helper\HttpRequestHelper.cs:line 240
 --- End of inner exception stack trace ---
    at DATAFEED.Tests.HttpRequestHelper.XmlDeserialize[T]() in e:\Jenkins\workspace\DataEngine\DATAFEED.Tests\DATAFEED.Tests\Helper\HttpRequestHelper.cs:line 244
   at DATAFEED.Tests.Evolution.TestColumnsMetadata() in e:\Jenkins\workspace\DataEngine\DATAFEED.Tests\DATAFEED.Tests\Evolution.cs:line 679
</StackTrace>
        </ErrorInfo>
      </Output>
    </UnitTestResult>
    <UnitTestResult executionId="b9a1adf0-6b9a-4185-9ac1-0fec3511020b" testId="20cda9ff-7520-702a-8d6a-ae691f6c7bd3" testName="TestEvoCase1" computerName="BDXBLD003" duration="00:00:04.1464310" startTime="2015-07-23T12:28:07.6369583+02:00" endTime="2015-07-23T12:28:11.7840380+02:00" testType="13cdc9d9-ddb5-4fa4-a97d-d965ccfc6d4b" outcome="Failed" testListId="8c84fa94-04c1-424b-9868-57a2d4851a1d" relativeResultsDirectory="b9a1adf0-6b9a-4185-9ac1-0fec3511020b">
      <Output>
        <ErrorInfo>
          <Message>Test method DATAFEED.Tests.Evolution.TestEvoCase1 threw exception: 
System.Exception: AT-REQUEST:63997f7d-5d16-4dad-981a-842df6216435</Message>
          <StackTrace>    at DATAFEED.Tests.HttpRequestHelper.IsErrorCode(String p_sErrorCode) in e:\Jenkins\workspace\DataEngine\DATAFEED.Tests\DATAFEED.Tests\Helper\HttpRequestHelper.cs:line 307
   at DATAFEED.Tests.Evolution.TestEvoCase1() in e:\Jenkins\workspace\DataEngine\DATAFEED.Tests\DATAFEED.Tests\Evolution.cs:line 346
</StackTrace>
        </ErrorInfo>
      </Output>
    </UnitTestResult>
    <UnitTestResult executionId="7607d8aa-7c3c-46b7-94fc-1bdab4ec82b6" testId="cdfef5fa-1dc7-abfc-b877-082dca0f5d5d" testName="TestEvoCase2_3" computerName="BDXBLD003" duration="00:00:02.0973871" startTime="2015-07-23T12:28:09.0049837+02:00" endTime="2015-07-23T12:28:11.1060260+02:00" testType="13cdc9d9-ddb5-4fa4-a97d-d965ccfc6d4b" outcome="Failed" testListId="8c84fa94-04c1-424b-9868-57a2d4851a1d" relativeResultsDirectory="7607d8aa-7c3c-46b7-94fc-1bdab4ec82b6">
      <Output>
        <ErrorInfo>
          <Message>Test method DATAFEED.Tests.Evolution.TestEvoCase2_3 threw exception: 
System.Exception: AT-REQUEST:6bfc1cee-30db-4336-a188-98b925980fcb
&lt;ErrorDetail&gt;
  &lt;ErrorCode&gt;1&lt;/ErrorCode&gt;
  &lt;ErrorMessage&gt;Unexpected Error&lt;/ErrorMessage&gt;
&lt;/ErrorDetail&gt;
 ---&gt; System.InvalidOperationException: There is an error in XML document (1, 2). ---&gt; System.InvalidOperationException: &lt;ErrorDetail xmlns=''&gt; was not expected.</Message>
          <StackTrace>    at Microsoft.Xml.Serialization.GeneratedAssembly.XmlSerializationReaderXmlDataFeedV1.Read14_DataFeed()
 --- End of inner exception stack trace ---
    at System.Xml.Serialization.XmlSerializer.Deserialize(XmlReader xmlReader, String encodingStyle, XmlDeserializationEvents events)
   at System.Xml.Serialization.XmlSerializer.Deserialize(Stream stream)
   at DATAFEED.Tests.HttpRequestHelper.XmlDeserialize[T]() in e:\Jenkins\workspace\DataEngine\DATAFEED.Tests\DATAFEED.Tests\Helper\HttpRequestHelper.cs:line 240
 --- End of inner exception stack trace ---
    at DATAFEED.Tests.HttpRequestHelper.XmlDeserialize[T]() in e:\Jenkins\workspace\DataEngine\DATAFEED.Tests\DATAFEED.Tests\Helper\HttpRequestHelper.cs:line 244
   at DATAFEED.Tests.Evolution.TestEvoCase2_3() in e:\Jenkins\workspace\DataEngine\DATAFEED.Tests\DATAFEED.Tests\Evolution.cs:line 361
</StackTrace>
        </ErrorInfo>
      </Output>
    </UnitTestResult>
    <UnitTestResult executionId="848c4250-e2ab-4dd8-bb34-94dcc6904ab7" testId="98335660-a248-606d-470c-6a3196b10e65" testName="TestEvoCase4" computerName="BDXBLD003" duration="00:00:02.1072701" startTime="2015-07-23T12:28:09.0099836+02:00" endTime="2015-07-23T12:28:11.1220302+02:00" testType="13cdc9d9-ddb5-4fa4-a97d-d965ccfc6d4b" outcome="Failed" testListId="8c84fa94-04c1-424b-9868-57a2d4851a1d" relativeResultsDirectory="848c4250-e2ab-4dd8-bb34-94dcc6904ab7">
      <Output>
        <ErrorInfo>
          <Message>Test method DATAFEED.Tests.Evolution.TestEvoCase4 threw exception: 
System.Exception: AT-REQUEST:a5eb9aa3-0423-4165-aaeb-adf8f253a5c3</Message>
          <StackTrace>    at DATAFEED.Tests.HttpRequestHelper.IsErrorCode(String p_sErrorCode) in e:\Jenkins\workspace\DataEngine\DATAFEED.Tests\DATAFEED.Tests\Helper\HttpRequestHelper.cs:line 307
   at DATAFEED.Tests.Evolution.TestEvoCase4() in e:\Jenkins\workspace\DataEngine\DATAFEED.Tests\DATAFEED.Tests\Evolution.cs:line 376
</StackTrace>
        </ErrorInfo>
      </Output>
    </UnitTestResult>
    <UnitTestResult executionId="c387b07c-ea90-4dd3-8c1e-54ef4bc9a180" testId="54b2617f-b617-8a95-04e9-7efbae61cb20" testName="TestEvoCase5" computerName="BDXBLD003" duration="00:00:04.1448485" startTime="2015-07-23T12:28:11.1090262+02:00" endTime="2015-07-23T12:28:15.2558782+02:00" testType="13cdc9d9-ddb5-4fa4-a97d-d965ccfc6d4b" outcome="Failed" testListId="8c84fa94-04c1-424b-9868-57a2d4851a1d" relativeResultsDirectory="c387b07c-ea90-4dd3-8c1e-54ef4bc9a180">
      <Output>
        <ErrorInfo>
          <Message>Test method DATAFEED.Tests.Evolution.TestEvoCase5 threw exception: 
System.Exception: AT-REQUEST:b38e42fe-c367-4b01-8486-5c322d4b9c6e
&lt;ErrorDetail&gt;
  &lt;ErrorCode&gt;1&lt;/ErrorCode&gt;
  &lt;ErrorMessage&gt;Unexpected Error&lt;/ErrorMessage&gt;
&lt;/ErrorDetail&gt;
 ---&gt; System.InvalidOperationException: There is an error in XML document (1, 2). ---&gt; System.InvalidOperationException: &lt;ErrorDetail xmlns=''&gt; was not expected.</Message>
          <StackTrace>    at Microsoft.Xml.Serialization.GeneratedAssembly.XmlSerializationReaderXmlDataFeedV1.Read14_DataFeed()
 --- End of inner exception stack trace ---
    at System.Xml.Serialization.XmlSerializer.Deserialize(XmlReader xmlReader, String encodingStyle, XmlDeserializationEvents events)
   at System.Xml.Serialization.XmlSerializer.Deserialize(Stream stream)
   at DATAFEED.Tests.HttpRequestHelper.XmlDeserialize[T]() in e:\Jenkins\workspace\DataEngine\DATAFEED.Tests\DATAFEED.Tests\Helper\HttpRequestHelper.cs:line 240
 --- End of inner exception stack trace ---
    at DATAFEED.Tests.HttpRequestHelper.XmlDeserialize[T]() in e:\Jenkins\workspace\DataEngine\DATAFEED.Tests\DATAFEED.Tests\Helper\HttpRequestHelper.cs:line 244
   at DATAFEED.Tests.Evolution.TestEvoCase5() in e:\Jenkins\workspace\DataEngine\DATAFEED.Tests\DATAFEED.Tests\Evolution.cs:line 391
</StackTrace>
        </ErrorInfo>
      </Output>
    </UnitTestResult>
    <UnitTestResult executionId="fef58ca2-ca66-4a2f-b634-89cd30657038" testId="5c46ee07-eec8-a5b3-11bb-e0fd7d391209" testName="TestEvoGranularityGreaterThanPeriodGranularity" computerName="BDXBLD003" duration="00:00:04.1304540" startTime="2015-07-23T12:28:11.1230260+02:00" endTime="2015-07-23T12:28:15.2548784+02:00" testType="13cdc9d9-ddb5-4fa4-a97d-d965ccfc6d4b" outcome="Failed" testListId="8c84fa94-04c1-424b-9868-57a2d4851a1d" relativeResultsDirectory="fef58ca2-ca66-4a2f-b634-89cd30657038">
      <Output>
        <ErrorInfo>
          <Message>Test method DATAFEED.Tests.Evolution.TestEvoGranularityGreaterThanPeriodGranularity threw exception: 
System.Exception: AT-REQUEST:7659bbfc-a97f-43b1-a03f-501b14a23ad6
&lt;ErrorDetail&gt;
  &lt;ErrorCode&gt;1&lt;/ErrorCode&gt;
  &lt;ErrorMessage&gt;Unexpected Error&lt;/ErrorMessage&gt;
&lt;/ErrorDetail&gt;
 ---&gt; System.InvalidOperationException: There is an error in XML document (1, 2). ---&gt; System.InvalidOperationException: &lt;ErrorDetail xmlns=''&gt; was not expected.</Message>
          <StackTrace>    at Microsoft.Xml.Serialization.GeneratedAssembly.XmlSerializationReaderXmlDataFeedV1.Read14_DataFeed()
 --- End of inner exception stack trace ---
    at System.Xml.Serialization.XmlSerializer.Deserialize(XmlReader xmlReader, String encodingStyle, XmlDeserializationEvents events)
   at System.Xml.Serialization.XmlSerializer.Deserialize(Stream stream)
   at DATAFEED.Tests.HttpRequestHelper.XmlDeserialize[T]() in e:\Jenkins\workspace\DataEngine\DATAFEED.Tests\DATAFEED.Tests\Helper\HttpRequestHelper.cs:line 240
 --- End of inner exception stack trace ---
    at DATAFEED.Tests.HttpRequestHelper.XmlDeserialize[T]() in e:\Jenkins\workspace\DataEngine\DATAFEED.Tests\DATAFEED.Tests\Helper\HttpRequestHelper.cs:line 244
   at DATAFEED.Tests.Evolution.TestEvoGranularityGreaterThanPeriodGranularity() in e:\Jenkins\workspace\DataEngine\DATAFEED.Tests\DATAFEED.Tests\Evolution.cs:line 316
</StackTrace>
        </ErrorInfo>
      </Output>
    </UnitTestResult>
    <UnitTestResult executionId="d6d54fbd-3310-45a8-84ff-a0189014ced5" testId="0db083b8-6461-ac82-f349-75d46c1f205f" testName="TestEvoHourEvent" computerName="BDXBLD003" duration="00:00:02.0893953" startTime="2015-07-23T12:28:11.4960323+02:00" endTime="2015-07-23T12:28:13.5880721+02:00" testType="13cdc9d9-ddb5-4fa4-a97d-d965ccfc6d4b" outcome="Failed" testListId="8c84fa94-04c1-424b-9868-57a2d4851a1d" relativeResultsDirectory="d6d54fbd-3310-45a8-84ff-a0189014ced5">
      <Output>
        <ErrorInfo>
          <Message>Test method DATAFEED.Tests.Evolution.TestEvoHourEvent threw exception: 
System.Exception: AT-REQUEST:52b59334-cd53-435b-95ae-f0c6f68bd2c1
&lt;ErrorDetail&gt;
  &lt;ErrorCode&gt;1&lt;/ErrorCode&gt;
  &lt;ErrorMessage&gt;Unexpected Error&lt;/ErrorMessage&gt;
&lt;/ErrorDetail&gt;
 ---&gt; System.InvalidOperationException: There is an error in XML document (1, 2). ---&gt; System.InvalidOperationException: &lt;ErrorDetail xmlns=''&gt; was not expected.</Message>
          <StackTrace>    at Microsoft.Xml.Serialization.GeneratedAssembly.XmlSerializationReaderXmlDataFeedV1.Read14_DataFeed()
 --- End of inner exception stack trace ---
    at System.Xml.Serialization.XmlSerializer.Deserialize(XmlReader xmlReader, String encodingStyle, XmlDeserializationEvents events)
   at System.Xml.Serialization.XmlSerializer.Deserialize(Stream stream)
   at DATAFEED.Tests.HttpRequestHelper.XmlDeserialize[T]() in e:\Jenkins\workspace\DataEngine\DATAFEED.Tests\DATAFEED.Tests\Helper\HttpRequestHelper.cs:line 240
 --- End of inner exception stack trace ---
    at DATAFEED.Tests.HttpRequestHelper.XmlDeserialize[T]() in e:\Jenkins\workspace\DataEngine\DATAFEED.Tests\DATAFEED.Tests\Helper\HttpRequestHelper.cs:line 244
   at DATAFEED.Tests.Evolution.TestEvoHourEvent() in e:\Jenkins\workspace\DataEngine\DATAFEED.Tests\DATAFEED.Tests\Evolution.cs:line 701
</StackTrace>
        </ErrorInfo>
      </Output>
    </UnitTestResult>
    <UnitTestResult executionId="e2a5cb70-f1c1-4bab-a5f3-9b8175fe5181" testId="2c27f219-a081-99ba-a0e2-980dc3f60ffb" testName="TestEvoInMultiPeriod" computerName="BDXBLD003" duration="00:00:02.0630005" startTime="2015-07-23T12:28:11.7880381+02:00" endTime="2015-07-23T12:28:13.8540766+02:00" testType="13cdc9d9-ddb5-4fa4-a97d-d965ccfc6d4b" outcome="Failed" testListId="8c84fa94-04c1-424b-9868-57a2d4851a1d" relativeResultsDirectory="e2a5cb70-f1c1-4bab-a5f3-9b8175fe5181">
      <Output>
        <ErrorInfo>
          <Message>Test method DATAFEED.Tests.Evolution.TestEvoInMultiPeriod threw exception: 
System.Exception: AT-REQUEST:35c47656-41fa-4c95-932d-4f84d105cc06
&lt;ErrorDetail&gt;
  &lt;ErrorCode&gt;1&lt;/ErrorCode&gt;
  &lt;ErrorMessage&gt;Unexpected Error&lt;/ErrorMessage&gt;
&lt;/ErrorDetail&gt;
 ---&gt; System.InvalidOperationException: There is an error in XML document (1, 2). ---&gt; System.InvalidOperationException: &lt;ErrorDetail xmlns=''&gt; was not expected.</Message>
          <StackTrace>    at Microsoft.Xml.Serialization.GeneratedAssembly.XmlSerializationReaderXmlDataFeedV1.Read14_DataFeed()
 --- End of inner exception stack trace ---
    at System.Xml.Serialization.XmlSerializer.Deserialize(XmlReader xmlReader, String encodingStyle, XmlDeserializationEvents events)
   at System.Xml.Serialization.XmlSerializer.Deserialize(Stream stream)
   at DATAFEED.Tests.HttpRequestHelper.XmlDeserialize[T]() in e:\Jenkins\workspace\DataEngine\DATAFEED.Tests\DATAFEED.Tests\Helper\HttpRequestHelper.cs:line 240
 --- End of inner exception stack trace ---
    at DATAFEED.Tests.HttpRequestHelper.XmlDeserialize[T]() in e:\Jenkins\workspace\DataEngine\DATAFEED.Tests\DATAFEED.Tests\Helper\HttpRequestHelper.cs:line 244
   at DATAFEED.Tests.Evolution.TestEvoInMultiPeriod() in e:\Jenkins\workspace\DataEngine\DATAFEED.Tests\DATAFEED.Tests\Evolution.cs:line 577
</StackTrace>
        </ErrorInfo>
      </Output>
    </UnitTestResult>
    <UnitTestResult executionId="5dc27d65-2f0c-4122-bc1c-062911d44044" testId="c9a06dac-bded-a6e0-da6a-404d2d98794a" testName="TestEvoInMultiPeriodMultiDim" computerName="BDXBLD003" duration="00:00:04.0729664" startTime="2015-07-23T12:28:13.5910716+02:00" endTime="2015-07-23T12:28:17.6649247+02:00" testType="13cdc9d9-ddb5-4fa4-a97d-d965ccfc6d4b" outcome="Failed" testListId="8c84fa94-04c1-424b-9868-57a2d4851a1d" relativeResultsDirectory="5dc27d65-2f0c-4122-bc1c-062911d44044">
      <Output>
        <ErrorInfo>
          <Message>Test method DATAFEED.Tests.Evolution.TestEvoInMultiPeriodMultiDim threw exception: 
System.Exception: AT-REQUEST:a7fc668e-3284-492d-8931-8646323b0fb1
&lt;ErrorDetail&gt;
  &lt;ErrorCode&gt;1&lt;/ErrorCode&gt;
  &lt;ErrorMessage&gt;Unexpected Error&lt;/ErrorMessage&gt;
&lt;/ErrorDetail&gt;
 ---&gt; System.InvalidOperationException: There is an error in XML document (1, 2). ---&gt; System.InvalidOperationException: &lt;ErrorDetail xmlns=''&gt; was not expected.</Message>
          <StackTrace>    at Microsoft.Xml.Serialization.GeneratedAssembly.XmlSerializationReaderXmlDataFeedV1.Read14_DataFeed()
 --- End of inner exception stack trace ---
    at System.Xml.Serialization.XmlSerializer.Deserialize(XmlReader xmlReader, String encodingStyle, XmlDeserializationEvents events)
   at System.Xml.Serialization.XmlSerializer.Deserialize(Stream stream)
   at DATAFEED.Tests.HttpRequestHelper.XmlDeserialize[T]() in e:\Jenkins\workspace\DataEngine\DATAFEED.Tests\DATAFEED.Tests\Helper\HttpRequestHelper.cs:line 240
 --- End of inner exception stack trace ---
    at DATAFEED.Tests.HttpRequestHelper.XmlDeserialize[T]() in e:\Jenkins\workspace\DataEngine\DATAFEED.Tests\DATAFEED.Tests\Helper\HttpRequestHelper.cs:line 244
   at DATAFEED.Tests.Evolution.TestEvoInMultiPeriodMultiDim() in e:\Jenkins\workspace\DataEngine\DATAFEED.Tests\DATAFEED.Tests\Evolution.cs:line 609
</StackTrace>
        </ErrorInfo>
      </Output>
    </UnitTestResult>
    <UnitTestResult executionId="7bb563c0-c126-4427-9d77-5a0b5bbfc4e5" testId="f4530dd6-62b5-4bf5-9c3a-976af2d83646" testName="TestEvoMetricsEvoNotAllInColumns" computerName="BDXBLD003" duration="00:00:04.1296733" startTime="2015-07-23T12:28:13.8660777+02:00" endTime="2015-07-23T12:28:17.9959298+02:00" testType="13cdc9d9-ddb5-4fa4-a97d-d965ccfc6d4b" outcome="Failed" testListId="8c84fa94-04c1-424b-9868-57a2d4851a1d" relativeResultsDirectory="7bb563c0-c126-4427-9d77-5a0b5bbfc4e5">
      <Output>
        <ErrorInfo>
          <Message>Test method DATAFEED.Tests.Evolution.TestEvoMetricsEvoNotAllInColumns threw exception: 
System.Exception: AT-REQUEST:7c710057-e226-47d1-a97d-d839ab0bc62e</Message>
          <StackTrace>    at DATAFEED.Tests.HttpRequestHelper.IsErrorCode(String p_sErrorCode) in e:\Jenkins\workspace\DataEngine\DATAFEED.Tests\DATAFEED.Tests\Helper\HttpRequestHelper.cs:line 307
   at DATAFEED.Tests.Evolution.TestEvoMetricsEvoNotAllInColumns() in e:\Jenkins\workspace\DataEngine\DATAFEED.Tests\DATAFEED.Tests\Evolution.cs:line 286
</StackTrace>
        </ErrorInfo>
      </Output>
    </UnitTestResult>
    <UnitTestResult executionId="562329ff-2e4c-4138-9ad9-f0d2f6e43fae" testId="323b224d-b5ce-6b98-101a-a32aef609c29" testName="TestEvoMultiPeriodSimple" computerName="BDXBLD003" duration="00:00:02.0998091" startTime="2015-07-23T12:28:15.2558782+02:00" endTime="2015-07-23T12:28:17.3629179+02:00" testType="13cdc9d9-ddb5-4fa4-a97d-d965ccfc6d4b" outcome="Failed" testListId="8c84fa94-04c1-424b-9868-57a2d4851a1d" relativeResultsDirectory="562329ff-2e4c-4138-9ad9-f0d2f6e43fae">
      <Output>
        <ErrorInfo>
          <Message>Test method DATAFEED.Tests.Evolution.TestEvoMultiPeriodSimple threw exception: 
System.Exception: AT-REQUEST:57583c98-80ac-4ec5-baef-4d7c8ca020d9
&lt;ErrorDetail&gt;
  &lt;ErrorCode&gt;1&lt;/ErrorCode&gt;
  &lt;ErrorMessage&gt;Unexpected Error&lt;/ErrorMessage&gt;
&lt;/ErrorDetail&gt;
 ---&gt; System.InvalidOperationException: There is an error in XML document (1, 2). ---&gt; System.InvalidOperationException: &lt;ErrorDetail xmlns=''&gt; was not expected.</Message>
          <StackTrace>    at Microsoft.Xml.Serialization.GeneratedAssembly.XmlSerializationReaderXmlDataFeedV1.Read14_DataFeed()
 --- End of inner exception stack trace ---
    at System.Xml.Serialization.XmlSerializer.Deserialize(XmlReader xmlReader, String encodingStyle, XmlDeserializationEvents events)
   at System.Xml.Serialization.XmlSerializer.Deserialize(Stream stream)
   at DATAFEED.Tests.HttpRequestHelper.XmlDeserialize[T]() in e:\Jenkins\workspace\DataEngine\DATAFEED.Tests\DATAFEED.Tests\Helper\HttpRequestHelper.cs:line 240
 --- End of inner exception stack trace ---
    at DATAFEED.Tests.HttpRequestHelper.XmlDeserialize[T]() in e:\Jenkins\workspace\DataEngine\DATAFEED.Tests\DATAFEED.Tests\Helper\HttpRequestHelper.cs:line 244
   at DATAFEED.Tests.Evolution.TestEvoMultiPeriodSimple() in e:\Jenkins\workspace\DataEngine\DATAFEED.Tests\DATAFEED.Tests\Evolution.cs:line 160
</StackTrace>
        </ErrorInfo>
      </Output>
    </UnitTestResult>
    <UnitTestResult executionId="a2619870-e014-4a4c-83cd-45d7ae326582" testId="f654e391-d5dd-4076-48ba-01e5282fba3d" testName="TestEvoMultiPeriodSimpleMultiDim" computerName="BDXBLD003" duration="00:00:02.1044075" startTime="2015-07-23T12:28:15.2578781+02:00" endTime="2015-07-23T12:28:17.3629179+02:00" testType="13cdc9d9-ddb5-4fa4-a97d-d965ccfc6d4b" outcome="Failed" testListId="8c84fa94-04c1-424b-9868-57a2d4851a1d" relativeResultsDirectory="a2619870-e014-4a4c-83cd-45d7ae326582">
      <Output>
        <ErrorInfo>
          <Message>Test method DATAFEED.Tests.Evolution.TestEvoMultiPeriodSimpleMultiDim threw exception: 
System.Exception: AT-REQUEST:da7028b5-7c19-4760-884f-7bd504b23492
&lt;ErrorDetail&gt;
  &lt;ErrorCode&gt;1&lt;/ErrorCode&gt;
  &lt;ErrorMessage&gt;Unexpected Error&lt;/ErrorMessage&gt;
&lt;/ErrorDetail&gt;
 ---&gt; System.InvalidOperationException: There is an error in XML document (1, 2). ---&gt; System.InvalidOperationException: &lt;ErrorDetail xmlns=''&gt; was not expected.</Message>
          <StackTrace>    at Microsoft.Xml.Serialization.GeneratedAssembly.XmlSerializationReaderXmlDataFeedV1.Read14_DataFeed()
 --- End of inner exception stack trace ---
    at System.Xml.Serialization.XmlSerializer.Deserialize(XmlReader xmlReader, String encodingStyle, XmlDeserializationEvents events)
   at System.Xml.Serialization.XmlSerializer.Deserialize(Stream stream)
   at DATAFEED.Tests.HttpRequestHelper.XmlDeserialize[T]() in e:\Jenkins\workspace\DataEngine\DATAFEED.Tests\DATAFEED.Tests\Helper\HttpRequestHelper.cs:line 240
 --- End of inner exception stack trace ---
    at DATAFEED.Tests.HttpRequestHelper.XmlDeserialize[T]() in e:\Jenkins\workspace\DataEngine\DATAFEED.Tests\DATAFEED.Tests\Helper\HttpRequestHelper.cs:line 244
   at DATAFEED.Tests.Evolution.TestEvoMultiPeriodSimpleMultiDim() in e:\Jenkins\workspace\DataEngine\DATAFEED.Tests\DATAFEED.Tests\Evolution.cs:line 181
</StackTrace>
        </ErrorInfo>
      </Output>
    </UnitTestResult>
    <UnitTestResult executionId="f8eafe10-ca15-42a3-bf3f-da1fa8b7ae22" testId="7433aa83-542a-e880-1560-b1582181c81b" testName="TestEvoNotStandalone" computerName="BDXBLD003" duration="00:00:04.1200590" startTime="2015-07-23T12:28:17.3789189+02:00" endTime="2015-07-23T12:28:21.5069977+02:00" testType="13cdc9d9-ddb5-4fa4-a97d-d965ccfc6d4b" outcome="Failed" testListId="8c84fa94-04c1-424b-9868-57a2d4851a1d" relativeResultsDirectory="f8eafe10-ca15-42a3-bf3f-da1fa8b7ae22">
      <Output>
        <ErrorInfo>
          <Message>Test method DATAFEED.Tests.Evolution.TestEvoNotStandalone threw exception: 
System.Exception: AT-REQUEST:3bf3c2c1-55e0-49d4-bf74-95a956af1536
&lt;ErrorDetail&gt;
  &lt;ErrorCode&gt;1&lt;/ErrorCode&gt;
  &lt;ErrorMessage&gt;Unexpected Error&lt;/ErrorMessage&gt;
&lt;/ErrorDetail&gt;
 ---&gt; System.InvalidOperationException: There is an error in XML document (1, 2). ---&gt; System.InvalidOperationException: &lt;ErrorDetail xmlns=''&gt; was not expected.</Message>
          <StackTrace>    at Microsoft.Xml.Serialization.GeneratedAssembly.XmlSerializationReaderXmlDataFeedV1.Read14_DataFeed()
 --- End of inner exception stack trace ---
    at System.Xml.Serialization.XmlSerializer.Deserialize(XmlReader xmlReader, String encodingStyle, XmlDeserializationEvents events)
   at System.Xml.Serialization.XmlSerializer.Deserialize(Stream stream)
   at DATAFEED.Tests.HttpRequestHelper.XmlDeserialize[T]() in e:\Jenkins\workspace\DataEngine\DATAFEED.Tests\DATAFEED.Tests\Helper\HttpRequestHelper.cs:line 240
 --- End of inner exception stack trace ---
    at DATAFEED.Tests.HttpRequestHelper.XmlDeserialize[T]() in e:\Jenkins\workspace\DataEngine\DATAFEED.Tests\DATAFEED.Tests\Helper\HttpRequestHelper.cs:line 244
   at DATAFEED.Tests.Evolution.TestEvoNotStandalone() in e:\Jenkins\workspace\DataEngine\DATAFEED.Tests\DATAFEED.Tests\Evolution.cs:line 229
</StackTrace>
        </ErrorInfo>
      </Output>
    </UnitTestResult>
    <UnitTestResult executionId="b2d66e3e-3c09-4ffe-8189-91ec2a8891e0" testId="3f801a9c-05b4-e08c-af14-5297e55cab95" testName="TestEvoP1NotObligatory" computerName="BDXBLD003" duration="00:00:04.1121728" startTime="2015-07-23T12:28:17.3869180+02:00" endTime="2015-07-23T12:28:21.5059981+02:00" testType="13cdc9d9-ddb5-4fa4-a97d-d965ccfc6d4b" outcome="Failed" testListId="8c84fa94-04c1-424b-9868-57a2d4851a1d" relativeResultsDirectory="b2d66e3e-3c09-4ffe-8189-91ec2a8891e0">
      <Output>
        <ErrorInfo>
          <Message>Test method DATAFEED.Tests.Evolution.TestEvoP1NotObligatory threw exception: 
System.Exception: AT-REQUEST:3d0d3167-bf55-40c6-b5fe-bd3598937a11
&lt;ErrorDetail&gt;
  &lt;ErrorCode&gt;1&lt;/ErrorCode&gt;
  &lt;ErrorMessage&gt;Unexpected Error&lt;/ErrorMessage&gt;
&lt;/ErrorDetail&gt;
 ---&gt; System.InvalidOperationException: There is an error in XML document (1, 2). ---&gt; System.InvalidOperationException: &lt;ErrorDetail xmlns=''&gt; was not expected.</Message>
          <StackTrace>    at Microsoft.Xml.Serialization.GeneratedAssembly.XmlSerializationReaderXmlDataFeedV1.Read14_DataFeed()
 --- End of inner exception stack trace ---
    at System.Xml.Serialization.XmlSerializer.Deserialize(XmlReader xmlReader, String encodingStyle, XmlDeserializationEvents events)
   at System.Xml.Serialization.XmlSerializer.Deserialize(Stream stream)
   at DATAFEED.Tests.HttpRequestHelper.XmlDeserialize[T]() in e:\Jenkins\workspace\DataEngine\DATAFEED.Tests\DATAFEED.Tests\Helper\HttpRequestHelper.cs:line 240
 --- End of inner exception stack trace ---
    at DATAFEED.Tests.HttpRequestHelper.XmlDeserialize[T]() in e:\Jenkins\workspace\DataEngine\DATAFEED.Tests\DATAFEED.Tests\Helper\HttpRequestHelper.cs:line 244
   at DATAFEED.Tests.Evolution.TestEvoP1NotObligatory() in e:\Jenkins\workspace\DataEngine\DATAFEED.Tests\DATAFEED.Tests\Evolution.cs:line 265
</StackTrace>
        </ErrorInfo>
      </Output>
    </UnitTestResult>
    <UnitTestResult executionId="466216a0-38b3-4f8f-8f2b-820108999759" testId="0e3bf825-e3c4-f233-cb73-cc0b68192b01" testName="TestEvoPeriodNotContinue" computerName="BDXBLD003" duration="00:00:02.0843384" startTime="2015-07-23T12:28:17.6789248+02:00" endTime="2015-07-23T12:28:19.7739654+02:00" testType="13cdc9d9-ddb5-4fa4-a97d-d965ccfc6d4b" outcome="Failed" testListId="8c84fa94-04c1-424b-9868-57a2d4851a1d" relativeResultsDirectory="466216a0-38b3-4f8f-8f2b-820108999759">
      <Output>
        <ErrorInfo>
          <Message>Test method DATAFEED.Tests.Evolution.TestEvoPeriodNotContinue threw exception: 
System.Exception: AT-REQUEST:feb092ab-5fcf-43ef-9bc1-da7c0cbc81a8</Message>
          <StackTrace>    at DATAFEED.Tests.HttpRequestHelper.IsErrorCode(String p_sErrorCode) in e:\Jenkins\workspace\DataEngine\DATAFEED.Tests\DATAFEED.Tests\Helper\HttpRequestHelper.cs:line 307
   at DATAFEED.Tests.Evolution.TestEvoPeriodNotContinue() in e:\Jenkins\workspace\DataEngine\DATAFEED.Tests\DATAFEED.Tests\Evolution.cs:line 301
</StackTrace>
        </ErrorInfo>
      </Output>
    </UnitTestResult>
    <UnitTestResult executionId="74321ca1-3254-4817-8adc-41122e8812cf" testId="b4c08a20-293c-3f98-85f7-1c615b54967a" testName="TestEvoPeriodNotDefined" computerName="BDXBLD003" duration="00:00:02.0859930" startTime="2015-07-23T12:28:17.9989301+02:00" endTime="2015-07-23T12:28:20.0869688+02:00" testType="13cdc9d9-ddb5-4fa4-a97d-d965ccfc6d4b" outcome="Failed" testListId="8c84fa94-04c1-424b-9868-57a2d4851a1d" relativeResultsDirectory="74321ca1-3254-4817-8adc-41122e8812cf">
      <Output>
        <ErrorInfo>
          <Message>Test method DATAFEED.Tests.Evolution.TestEvoPeriodNotDefined threw exception: 
System.Exception: AT-REQUEST:fac06503-f61b-4c9d-abe6-d3f0554fd61c</Message>
          <StackTrace>    at DATAFEED.Tests.HttpRequestHelper.IsErrorCode(String p_sErrorCode) in e:\Jenkins\workspace\DataEngine\DATAFEED.Tests\DATAFEED.Tests\Helper\HttpRequestHelper.cs:line 307
   at DATAFEED.Tests.Evolution.TestEvoPeriodNotDefined() in e:\Jenkins\workspace\DataEngine\DATAFEED.Tests\DATAFEED.Tests\Evolution.cs:line 145
</StackTrace>
        </ErrorInfo>
      </Output>
    </UnitTestResult>
    <UnitTestResult executionId="5129ce4b-39dc-4a0e-9f93-3c9328c8941f" testId="7de44b7e-e87a-3cbe-d4cd-7b24ecb1330c" testName="TestEvoSimpleNotStandalone" computerName="BDXBLD003" duration="00:00:04.0758095" startTime="2015-07-23T12:28:19.7779649+02:00" endTime="2015-07-23T12:28:23.8549145+02:00" testType="13cdc9d9-ddb5-4fa4-a97d-d965ccfc6d4b" outcome="Failed" testListId="8c84fa94-04c1-424b-9868-57a2d4851a1d" relativeResultsDirectory="5129ce4b-39dc-4a0e-9f93-3c9328c8941f">
      <Output>
        <ErrorInfo>
          <Message>Test method DATAFEED.Tests.Evolution.TestEvoSimpleNotStandalone threw exception: 
System.Exception: AT-REQUEST:af370c04-4ec7-4fc1-ae4b-a7d76741b937
&lt;ErrorDetail&gt;
  &lt;ErrorCode&gt;1&lt;/ErrorCode&gt;
  &lt;ErrorMessage&gt;Unexpected Error&lt;/ErrorMessage&gt;
&lt;/ErrorDetail&gt;
 ---&gt; System.InvalidOperationException: There is an error in XML document (1, 2). ---&gt; System.InvalidOperationException: &lt;ErrorDetail xmlns=''&gt; was not expected.</Message>
          <StackTrace>    at Microsoft.Xml.Serialization.GeneratedAssembly.XmlSerializationReaderXmlDataFeedV1.Read14_DataFeed()
 --- End of inner exception stack trace ---
    at System.Xml.Serialization.XmlSerializer.Deserialize(XmlReader xmlReader, String encodingStyle, XmlDeserializationEvents events)
   at System.Xml.Serialization.XmlSerializer.Deserialize(Stream stream)
   at DATAFEED.Tests.HttpRequestHelper.XmlDeserialize[T]() in e:\Jenkins\workspace\DataEngine\DATAFEED.Tests\DATAFEED.Tests\Helper\HttpRequestHelper.cs:line 240
 --- End of inner exception stack trace ---
    at DATAFEED.Tests.HttpRequestHelper.XmlDeserialize[T]() in e:\Jenkins\workspace\DataEngine\DATAFEED.Tests\DATAFEED.Tests\Helper\HttpRequestHelper.cs:line 244
   at DATAFEED.Tests.Evolution.TestEvoSimpleNotStandalone() in e:\Jenkins\workspace\DataEngine\DATAFEED.Tests\DATAFEED.Tests\Evolution.cs:line 205
</StackTrace>
        </ErrorInfo>
      </Output>
    </UnitTestResult>
    <UnitTestResult executionId="de9b7568-2648-40d8-8ba0-801559d0e7b8" testId="89b41b69-9754-24a4-f058-9dcca87440c9" testName="TestEvoSubForbidden" computerName="BDXBLD003" duration="00:00:04.0609325" startTime="2015-07-23T12:28:20.0899711+02:00" endTime="2015-07-23T12:28:24.1639208+02:00" testType="13cdc9d9-ddb5-4fa4-a97d-d965ccfc6d4b" outcome="Failed" testListId="8c84fa94-04c1-424b-9868-57a2d4851a1d" relativeResultsDirectory="de9b7568-2648-40d8-8ba0-801559d0e7b8">
      <Output>
        <ErrorInfo>
          <Message>Test method DATAFEED.Tests.Evolution.TestEvoSubForbidden threw exception: 
System.Exception: AT-REQUEST:aec3a2cf-0e61-4b3f-ba80-8772a295c1fb</Message>
          <StackTrace>    at DATAFEED.Tests.HttpRequestHelper.IsErrorCode(String p_sErrorCode) in e:\Jenkins\workspace\DataEngine\DATAFEED.Tests\DATAFEED.Tests\Helper\HttpRequestHelper.cs:line 307
   at DATAFEED.Tests.Evolution.TestEvoSubForbidden() in e:\Jenkins\workspace\DataEngine\DATAFEED.Tests\DATAFEED.Tests\Evolution.cs:line 331
</StackTrace>
        </ErrorInfo>
      </Output>
    </UnitTestResult>
    <UnitTestResult executionId="f71f07d6-9ee1-47c8-b217-67db92162a4c" testId="f6a7704f-ce5d-7ea6-6b19-7b8ea6c09f8c" testName="TestFirstParamGranularity" computerName="BDXBLD003" duration="00:00:04.1211585" startTime="2015-07-23T12:28:21.5139980+02:00" endTime="2015-07-23T12:28:25.6369467+02:00" testType="13cdc9d9-ddb5-4fa4-a97d-d965ccfc6d4b" outcome="Failed" testListId="8c84fa94-04c1-424b-9868-57a2d4851a1d" relativeResultsDirectory="f71f07d6-9ee1-47c8-b217-67db92162a4c">
      <Output>
        <ErrorInfo>
          <Message>Test method DATAFEED.Tests.Evolution.TestFirstParamGranularity threw exception: 
System.Exception: AT-REQUEST:764f27d5-9066-4685-9645-3543c523cbf4</Message>
          <StackTrace>    at DATAFEED.Tests.HttpRequestHelper.IsErrorCode(String p_sErrorCode) in e:\Jenkins\workspace\DataEngine\DATAFEED.Tests\DATAFEED.Tests\Helper\HttpRequestHelper.cs:line 307
   at DATAFEED.Tests.Evolution.TestFirstParamGranularity() in e:\Jenkins\workspace\DataEngine\DATAFEED.Tests\DATAFEED.Tests\Evolution.cs:line 100
</StackTrace>
        </ErrorInfo>
      </Output>
    </UnitTestResult>
    <UnitTestResult executionId="3d4594b5-6916-4afd-878c-87fa63e60176" testId="f3ca7c1b-48a5-b4ec-6a59-dc2629c27ced" testName="TestHourForPeriodLessThan1Year" computerName="BDXBLD003" duration="00:00:02.0820794" startTime="2015-07-23T12:28:21.5249960+02:00" endTime="2015-07-23T12:28:23.6089092+02:00" testType="13cdc9d9-ddb5-4fa4-a97d-d965ccfc6d4b" outcome="Failed" testListId="8c84fa94-04c1-424b-9868-57a2d4851a1d" relativeResultsDirectory="3d4594b5-6916-4afd-878c-87fa63e60176">
      <Output>
        <ErrorInfo>
          <Message>Test method DATAFEED.Tests.Evolution.TestHourForPeriodLessThan1Year threw exception: 
System.Exception: AT-REQUEST:a08f8c87-5b45-463d-82e9-1a1db33c80e5</Message>
          <StackTrace>    at DATAFEED.Tests.HttpRequestHelper.IsErrorCode(String p_sErrorCode) in e:\Jenkins\workspace\DataEngine\DATAFEED.Tests\DATAFEED.Tests\Helper\HttpRequestHelper.cs:line 307
   at DATAFEED.Tests.Evolution.TestHourForPeriodLessThan1Year() in e:\Jenkins\workspace\DataEngine\DATAFEED.Tests\DATAFEED.Tests\Evolution.cs:line 115
</StackTrace>
        </ErrorInfo>
      </Output>
    </UnitTestResult>
    <UnitTestResult executionId="0e3ae4a6-bbd1-4a1f-b216-a8fcd7a4ed4b" testId="ab1aa686-878d-31ea-63d4-eb727cc5348c" testName="TestMaxResultLimit" computerName="BDXBLD003" duration="00:00:04.0687650" startTime="2015-07-23T12:28:23.6349104+02:00" endTime="2015-07-23T12:28:27.7339890+02:00" testType="13cdc9d9-ddb5-4fa4-a97d-d965ccfc6d4b" outcome="Failed" testListId="8c84fa94-04c1-424b-9868-57a2d4851a1d" relativeResultsDirectory="0e3ae4a6-bbd1-4a1f-b216-a8fcd7a4ed4b">
      <Output>
        <ErrorInfo>
          <Message>Test method DATAFEED.Tests.Evolution.TestMaxResultLimit threw exception: 
System.Exception: AT-REQUEST:b0239957-db4a-41c5-bdb0-bcbbd60185a5</Message>
          <StackTrace>    at DATAFEED.Tests.HttpRequestHelper.IsErrorCode(String p_sErrorCode) in e:\Jenkins\workspace\DataEngine\DATAFEED.Tests\DATAFEED.Tests\Helper\HttpRequestHelper.cs:line 307
   at DATAFEED.Tests.Evolution.TestMaxResultLimit() in e:\Jenkins\workspace\DataEngine\DATAFEED.Tests\DATAFEED.Tests\Evolution.cs:line 422
</StackTrace>
        </ErrorInfo>
      </Output>
    </UnitTestResult>
    <UnitTestResult executionId="6d91b466-5bca-4c3b-8196-17fc149197c0" testId="820128c6-6578-9a75-a5e1-b18db2d40346" testName="TestMinuteEvent" computerName="BDXBLD003" duration="00:00:02.0801278" startTime="2015-07-23T12:28:23.8649130+02:00" endTime="2015-07-23T12:28:25.9469542+02:00" testType="13cdc9d9-ddb5-4fa4-a97d-d965ccfc6d4b" outcome="Failed" testListId="8c84fa94-04c1-424b-9868-57a2d4851a1d" relativeResultsDirectory="6d91b466-5bca-4c3b-8196-17fc149197c0">
      <Output>
        <ErrorInfo>
          <Message>Test method DATAFEED.Tests.Evolution.TestMinuteEvent threw exception: 
System.Net.WebException: AT-REQUEST:77c55db1-8b5a-4600-ab79-9bb0bda9b415
&lt;ErrorDetail&gt;
  &lt;ErrorCode&gt;1&lt;/ErrorCode&gt;
  &lt;ErrorMessage&gt;Unexpected Error&lt;/ErrorMessage&gt;
&lt;/ErrorDetail&gt;
</Message>
          <StackTrace>    at DATAFEED.Tests.HttpRequestHelper.EnsureStatusIsSuccessful() in e:\Jenkins\workspace\DataEngine\DATAFEED.Tests\DATAFEED.Tests\Helper\HttpRequestHelper.cs:line 78
   at DATAFEED.Tests.Evolution.TestMinuteEvent() in e:\Jenkins\workspace\DataEngine\DATAFEED.Tests\DATAFEED.Tests\Evolution.cs:line 723
</StackTrace>
        </ErrorInfo>
      </Output>
    </UnitTestResult>
    <UnitTestResult executionId="b64df25a-a837-483f-bcd9-df9c4e731d01" testId="549aeafa-0419-e1e9-b386-ebab1cfcd028" testName="TestMinuteForPeriodLessThan1Week" computerName="BDXBLD003" duration="00:00:02.0751359" startTime="2015-07-23T12:28:24.1659199+02:00" endTime="2015-07-23T12:28:26.2439604+02:00" testType="13cdc9d9-ddb5-4fa4-a97d-d965ccfc6d4b" outcome="Failed" testListId="8c84fa94-04c1-424b-9868-57a2d4851a1d" relativeResultsDirectory="b64df25a-a837-483f-bcd9-df9c4e731d01">
      <Output>
        <ErrorInfo>
          <Message>Test method DATAFEED.Tests.Evolution.TestMinuteForPeriodLessThan1Week threw exception: 
System.Exception: AT-REQUEST:2e0ea7eb-4575-4a14-904d-6cfd0509f8ba</Message>
          <StackTrace>    at DATAFEED.Tests.HttpRequestHelper.IsErrorCode(String p_sErrorCode) in e:\Jenkins\workspace\DataEngine\DATAFEED.Tests\DATAFEED.Tests\Helper\HttpRequestHelper.cs:line 307
   at DATAFEED.Tests.Evolution.TestMinuteForPeriodLessThan1Week() in e:\Jenkins\workspace\DataEngine\DATAFEED.Tests\DATAFEED.Tests\Evolution.cs:line 130
</StackTrace>
        </ErrorInfo>
      </Output>
    </UnitTestResult>
    <UnitTestResult executionId="f628800c-5b1b-4a39-9b07-357fcaf4f879" testId="14d68c8c-898f-0446-f554-9492cf904e94" testName="TestPeriod_D_Evo_MN" computerName="BDXBLD003" duration="00:00:02.0691129" startTime="2015-07-23T12:28:25.6400347+02:00" endTime="2015-07-23T12:28:27.7129888+02:00" testType="13cdc9d9-ddb5-4fa4-a97d-d965ccfc6d4b" outcome="Failed" testListId="8c84fa94-04c1-424b-9868-57a2d4851a1d" relativeResultsDirectory="f628800c-5b1b-4a39-9b07-357fcaf4f879">
      <Output>
        <ErrorInfo>
          <Message>Test method DATAFEED.Tests.Evolution.TestPeriod_D_Evo_MN threw exception: 
System.Exception: AT-REQUEST:0caa5808-4c80-4f40-9fce-c3b9bf57643f
&lt;ErrorDetail&gt;
  &lt;ErrorCode&gt;1&lt;/ErrorCode&gt;
  &lt;ErrorMessage&gt;Unexpected Error&lt;/ErrorMessage&gt;
&lt;/ErrorDetail&gt;
 ---&gt; System.InvalidOperationException: There is an error in XML document (1, 2). ---&gt; System.InvalidOperationException: &lt;ErrorDetail xmlns=''&gt; was not expected.</Message>
          <StackTrace>    at Microsoft.Xml.Serialization.GeneratedAssembly.XmlSerializationReaderXmlDataFeedV1.Read14_DataFeed()
 --- End of inner exception stack trace ---
    at System.Xml.Serialization.XmlSerializer.Deserialize(XmlReader xmlReader, String encodingStyle, XmlDeserializationEvents events)
   at System.Xml.Serialization.XmlSerializer.Deserialize(Stream stream)
   at DATAFEED.Tests.HttpRequestHelper.XmlDeserialize[T]() in e:\Jenkins\workspace\DataEngine\DATAFEED.Tests\DATAFEED.Tests\Helper\HttpRequestHelper.cs:line 240
 --- End of inner exception stack trace ---
    at DATAFEED.Tests.HttpRequestHelper.XmlDeserialize[T]() in e:\Jenkins\workspace\DataEngine\DATAFEED.Tests\DATAFEED.Tests\Helper\HttpRequestHelper.cs:line 244
   at DATAFEED.Tests.Evolution.TestPeriod_D_Evo_MN() in e:\Jenkins\workspace\DataEngine\DATAFEED.Tests\DATAFEED.Tests\Evolution.cs:line 554
</StackTrace>
        </ErrorInfo>
      </Output>
    </UnitTestResult>
    <UnitTestResult executionId="9a5d0e5b-c68e-4337-a29e-38a6d8679782" testId="45b7f4ae-2db6-7a2b-dae8-abb40584d8b4" testName="TestPeriod_M_Evo_D" computerName="BDXBLD003" duration="00:00:04.0720870" startTime="2015-07-23T12:28:25.9509538+02:00" endTime="2015-07-23T12:28:30.0245993+02:00" testType="13cdc9d9-ddb5-4fa4-a97d-d965ccfc6d4b" outcome="Failed" testListId="8c84fa94-04c1-424b-9868-57a2d4851a1d" relativeResultsDirectory="9a5d0e5b-c68e-4337-a29e-38a6d8679782">
      <Output>
        <ErrorInfo>
          <Message>Test method DATAFEED.Tests.Evolution.TestPeriod_M_Evo_D threw exception: 
System.Exception: AT-REQUEST:5a5ab089-be72-4824-b4d2-f71662f57ea5
&lt;ErrorDetail&gt;
  &lt;ErrorCode&gt;1&lt;/ErrorCode&gt;
  &lt;ErrorMessage&gt;Unexpected Error&lt;/ErrorMessage&gt;
&lt;/ErrorDetail&gt;
 ---&gt; System.InvalidOperationException: There is an error in XML document (1, 2). ---&gt; System.InvalidOperationException: &lt;ErrorDetail xmlns=''&gt; was not expected.</Message>
          <StackTrace>    at Microsoft.Xml.Serialization.GeneratedAssembly.XmlSerializationReaderXmlDataFeedV1.Read14_DataFeed()
 --- End of inner exception stack trace ---
    at System.Xml.Serialization.XmlSerializer.Deserialize(XmlReader xmlReader, String encodingStyle, XmlDeserializationEvents events)
   at System.Xml.Serialization.XmlSerializer.Deserialize(Stream stream)
   at DATAFEED.Tests.HttpRequestHelper.XmlDeserialize[T]() in e:\Jenkins\workspace\DataEngine\DATAFEED.Tests\DATAFEED.Tests\Helper\HttpRequestHelper.cs:line 240
 --- End of inner exception stack trace ---
    at DATAFEED.Tests.HttpRequestHelper.XmlDeserialize[T]() in e:\Jenkins\workspace\DataEngine\DATAFEED.Tests\DATAFEED.Tests\Helper\HttpRequestHelper.cs:line 244
   at DATAFEED.Tests.Evolution.TestPeriod_M_Evo_D() in e:\Jenkins\workspace\DataEngine\DATAFEED.Tests\DATAFEED.Tests\Evolution.cs:line 496
</StackTrace>
        </ErrorInfo>
      </Output>
    </UnitTestResult>
    <UnitTestResult executionId="47961899-67d3-4ebe-abc8-d1fc2a77a786" testId="496dbfed-21f1-e29a-5ec0-6c79c9b2f830" testName="TestPeriod_M_Evo_M" computerName="BDXBLD003" duration="00:00:04.1263381" startTime="2015-07-23T12:28:26.2479595+02:00" endTime="2015-07-23T12:28:30.3846056+02:00" testType="13cdc9d9-ddb5-4fa4-a97d-d965ccfc6d4b" outcome="Failed" testListId="8c84fa94-04c1-424b-9868-57a2d4851a1d" relativeResultsDirectory="47961899-67d3-4ebe-abc8-d1fc2a77a786">
      <Output>
        <ErrorInfo>
          <Message>Test method DATAFEED.Tests.Evolution.TestPeriod_M_Evo_M threw exception: 
System.Exception: AT-REQUEST:7f43125d-8c68-4c0c-90c9-e8cf38e1bba6
&lt;ErrorDetail&gt;
  &lt;ErrorCode&gt;1&lt;/ErrorCode&gt;
  &lt;ErrorMessage&gt;Unexpected Error&lt;/ErrorMessage&gt;
&lt;/ErrorDetail&gt;
 ---&gt; System.InvalidOperationException: There is an error in XML document (1, 2). ---&gt; System.InvalidOperationException: &lt;ErrorDetail xmlns=''&gt; was not expected.</Message>
          <StackTrace>    at Microsoft.Xml.Serialization.GeneratedAssembly.XmlSerializationReaderXmlDataFeedV1.Read14_DataFeed()
 --- End of inner exception stack trace ---
    at System.Xml.Serialization.XmlSerializer.Deserialize(XmlReader xmlReader, String encodingStyle, XmlDeserializationEvents events)
   at System.Xml.Serialization.XmlSerializer.Deserialize(Stream stream)
   at DATAFEED.Tests.HttpRequestHelper.XmlDeserialize[T]() in e:\Jenkins\workspace\DataEngine\DATAFEED.Tests\DATAFEED.Tests\Helper\HttpRequestHelper.cs:line 240
 --- End of inner exception stack trace ---
    at DATAFEED.Tests.HttpRequestHelper.XmlDeserialize[T]() in e:\Jenkins\workspace\DataEngine\DATAFEED.Tests\DATAFEED.Tests\Helper\HttpRequestHelper.cs:line 244
   at DATAFEED.Tests.Evolution.TestPeriod_M_Evo_M() in e:\Jenkins\workspace\DataEngine\DATAFEED.Tests\DATAFEED.Tests\Evolution.cs:line 452
</StackTrace>
        </ErrorInfo>
      </Output>
    </UnitTestResult>
    <UnitTestResult executionId="598adfb4-07fa-429a-9248-811649cb5b5a" testId="ba20b277-715d-1607-0d20-0f8dca3933ee" testName="TestPeriod_M_Evo_MN" computerName="BDXBLD003" duration="00:00:02.1048677" startTime="2015-07-23T12:28:27.7249882+02:00" endTime="2015-07-23T12:28:29.8385956+02:00" testType="13cdc9d9-ddb5-4fa4-a97d-d965ccfc6d4b" outcome="Failed" testListId="8c84fa94-04c1-424b-9868-57a2d4851a1d" relativeResultsDirectory="598adfb4-07fa-429a-9248-811649cb5b5a">
      <Output>
        <ErrorInfo>
          <Message>Test method DATAFEED.Tests.Evolution.TestPeriod_M_Evo_MN threw exception: 
System.Exception: AT-REQUEST:fc23418d-8fb9-4172-a656-87a5220c9061</Message>
          <StackTrace>    at DATAFEED.Tests.HttpRequestHelper.IsErrorCode(String p_sErrorCode) in e:\Jenkins\workspace\DataEngine\DATAFEED.Tests\DATAFEED.Tests\Helper\HttpRequestHelper.cs:line 307
   at DATAFEED.Tests.Evolution.TestPeriod_M_Evo_MN() in e:\Jenkins\workspace\DataEngine\DATAFEED.Tests\DATAFEED.Tests\Evolution.cs:line 539
</StackTrace>
        </ErrorInfo>
      </Output>
    </UnitTestResult>
    <UnitTestResult executionId="50131270-3081-4991-a40c-cf65f31bdb13" testId="6559948f-30c2-a3a2-0879-c602e4eeae53" testName="TestPeriod_M_Evo_W" computerName="BDXBLD003" duration="00:00:02.1015031" startTime="2015-07-23T12:28:27.7379890+02:00" endTime="2015-07-23T12:28:29.8455962+02:00" testType="13cdc9d9-ddb5-4fa4-a97d-d965ccfc6d4b" outcome="Failed" testListId="8c84fa94-04c1-424b-9868-57a2d4851a1d" relativeResultsDirectory="50131270-3081-4991-a40c-cf65f31bdb13">
      <Output>
        <ErrorInfo>
          <Message>Test method DATAFEED.Tests.Evolution.TestPeriod_M_Evo_W threw exception: 
System.Exception: AT-REQUEST:9d52e6d4-a9a5-41ac-9ee7-00011e183640
&lt;ErrorDetail&gt;
  &lt;ErrorCode&gt;1&lt;/ErrorCode&gt;
  &lt;ErrorMessage&gt;Unexpected Error&lt;/ErrorMessage&gt;
&lt;/ErrorDetail&gt;
 ---&gt; System.InvalidOperationException: There is an error in XML document (1, 2). ---&gt; System.InvalidOperationException: &lt;ErrorDetail xmlns=''&gt; was not expected.</Message>
          <StackTrace>    at Microsoft.Xml.Serialization.GeneratedAssembly.XmlSerializationReaderXmlDataFeedV1.Read14_DataFeed()
 --- End of inner exception stack trace ---
    at System.Xml.Serialization.XmlSerializer.Deserialize(XmlReader xmlReader, String encodingStyle, XmlDeserializationEvents events)
   at System.Xml.Serialization.XmlSerializer.Deserialize(Stream stream)
   at DATAFEED.Tests.HttpRequestHelper.XmlDeserialize[T]() in e:\Jenkins\workspace\DataEngine\DATAFEED.Tests\DATAFEED.Tests\Helper\HttpRequestHelper.cs:line 240
 --- End of inner exception stack trace ---
    at DATAFEED.Tests.HttpRequestHelper.XmlDeserialize[T]() in e:\Jenkins\workspace\DataEngine\DATAFEED.Tests\DATAFEED.Tests\Helper\HttpRequestHelper.cs:line 244
   at DATAFEED.Tests.Evolution.TestPeriod_M_Evo_W() in e:\Jenkins\workspace\DataEngine\DATAFEED.Tests\DATAFEED.Tests\Evolution.cs:line 474
</StackTrace>
        </ErrorInfo>
      </Output>
    </UnitTestResult>
    <UnitTestResult executionId="4e87cdc7-ef8a-4c5e-b054-0f8e6efd124e" testId="85f9bb35-b0ce-5d90-0ae5-0476aaf77b19" testName="TestPeriod_M_Evo_Y" computerName="BDXBLD003" duration="00:00:04.0640575" startTime="2015-07-23T12:28:29.8435958+02:00" endTime="2015-07-23T12:28:33.9186742+02:00" testType="13cdc9d9-ddb5-4fa4-a97d-d965ccfc6d4b" outcome="Failed" testListId="8c84fa94-04c1-424b-9868-57a2d4851a1d" relativeResultsDirectory="4e87cdc7-ef8a-4c5e-b054-0f8e6efd124e">
      <Output>
        <ErrorInfo>
          <Message>Test method DATAFEED.Tests.Evolution.TestPeriod_M_Evo_Y threw exception: 
System.Exception: AT-REQUEST:2370e80d-0591-447e-bb16-8e93706a7a9f</Message>
          <StackTrace>    at DATAFEED.Tests.HttpRequestHelper.IsErrorCode(String p_sErrorCode) in e:\Jenkins\workspace\DataEngine\DATAFEED.Tests\DATAFEED.Tests\Helper\HttpRequestHelper.cs:line 307
   at DATAFEED.Tests.Evolution.TestPeriod_M_Evo_Y() in e:\Jenkins\workspace\DataEngine\DATAFEED.Tests\DATAFEED.Tests\Evolution.cs:line 437
</StackTrace>
        </ErrorInfo>
      </Output>
    </UnitTestResult>
    <UnitTestResult executionId="c7c810d9-bfdf-43aa-8087-0f3c9fbab100" testId="c7fdb0d5-256b-b71c-4fc2-46c15a8eed11" testName="TestPeriod_W_Evo_H" computerName="BDXBLD003" duration="00:00:04.0723287" startTime="2015-07-23T12:28:29.8485953+02:00" endTime="2015-07-23T12:28:33.9216737+02:00" testType="13cdc9d9-ddb5-4fa4-a97d-d965ccfc6d4b" outcome="Failed" testListId="8c84fa94-04c1-424b-9868-57a2d4851a1d" relativeResultsDirectory="c7c810d9-bfdf-43aa-8087-0f3c9fbab100">
      <Output>
        <ErrorInfo>
          <Message>Test method DATAFEED.Tests.Evolution.TestPeriod_W_Evo_H threw exception: 
System.Exception: AT-REQUEST:0ec73a99-4e55-4703-8d86-094c70fe2cc9
&lt;ErrorDetail&gt;
  &lt;ErrorCode&gt;1&lt;/ErrorCode&gt;
  &lt;ErrorMessage&gt;Unexpected Error&lt;/ErrorMessage&gt;
&lt;/ErrorDetail&gt;
 ---&gt; System.InvalidOperationException: There is an error in XML document (1, 2). ---&gt; System.InvalidOperationException: &lt;ErrorDetail xmlns=''&gt; was not expected.</Message>
          <StackTrace>    at Microsoft.Xml.Serialization.GeneratedAssembly.XmlSerializationReaderXmlDataFeedV1.Read14_DataFeed()
 --- End of inner exception stack trace ---
    at System.Xml.Serialization.XmlSerializer.Deserialize(XmlReader xmlReader, String encodingStyle, XmlDeserializationEvents events)
   at System.Xml.Serialization.XmlSerializer.Deserialize(Stream stream)
   at DATAFEED.Tests.HttpRequestHelper.XmlDeserialize[T]() in e:\Jenkins\workspace\DataEngine\DATAFEED.Tests\DATAFEED.Tests\Helper\HttpRequestHelper.cs:line 240
 --- End of inner exception stack trace ---
    at DATAFEED.Tests.HttpRequestHelper.XmlDeserialize[T]() in e:\Jenkins\workspace\DataEngine\DATAFEED.Tests\DATAFEED.Tests\Helper\HttpRequestHelper.cs:line 244
   at DATAFEED.Tests.Evolution.TestPeriod_W_Evo_H() in e:\Jenkins\workspace\DataEngine\DATAFEED.Tests\DATAFEED.Tests\Evolution.cs:line 517
</StackTrace>
        </ErrorInfo>
      </Output>
    </UnitTestResult>
    <UnitTestResult executionId="ce9f214a-83d1-437c-a84c-cc72316ecb46" testId="1e6a2098-fa53-c6f5-26fd-a96333e23cca" testName="TestPeriodComplex" computerName="BDXBLD003" duration="00:00:02.0928578" startTime="2015-07-23T12:28:30.0255991+02:00" endTime="2015-07-23T12:28:32.1226405+02:00" testType="13cdc9d9-ddb5-4fa4-a97d-d965ccfc6d4b" outcome="Failed" testListId="8c84fa94-04c1-424b-9868-57a2d4851a1d" relativeResultsDirectory="ce9f214a-83d1-437c-a84c-cc72316ecb46">
      <Output>
        <ErrorInfo>
          <Message>Test method DATAFEED.Tests.Evolution.TestPeriodComplex threw exception: 
System.Exception: AT-REQUEST:9f8ba449-24c4-40ba-bd4b-298232d1a322
&lt;ErrorDetail&gt;
  &lt;ErrorCode&gt;1&lt;/ErrorCode&gt;
  &lt;ErrorMessage&gt;Unexpected Error&lt;/ErrorMessage&gt;
&lt;/ErrorDetail&gt;
 ---&gt; System.InvalidOperationException: There is an error in XML document (1, 2). ---&gt; System.InvalidOperationException: &lt;ErrorDetail xmlns=''&gt; was not expected.</Message>
          <StackTrace>    at Microsoft.Xml.Serialization.GeneratedAssembly.XmlSerializationReaderXmlDataFeedV1.Read14_DataFeed()
 --- End of inner exception stack trace ---
    at System.Xml.Serialization.XmlSerializer.Deserialize(XmlReader xmlReader, String encodingStyle, XmlDeserializationEvents events)
   at System.Xml.Serialization.XmlSerializer.Deserialize(Stream stream)
   at DATAFEED.Tests.HttpRequestHelper.XmlDeserialize[T]() in e:\Jenkins\workspace\DataEngine\DATAFEED.Tests\DATAFEED.Tests\Helper\HttpRequestHelper.cs:line 240
 --- End of inner exception stack trace ---
    at DATAFEED.Tests.HttpRequestHelper.XmlDeserialize[T]() in e:\Jenkins\workspace\DataEngine\DATAFEED.Tests\DATAFEED.Tests\Helper\HttpRequestHelper.cs:line 244
   at DATAFEED.Tests.Evolution.TestPeriodComplex() in e:\Jenkins\workspace\DataEngine\DATAFEED.Tests\DATAFEED.Tests\Evolution.cs:line 664
</StackTrace>
        </ErrorInfo>
      </Output>
    </UnitTestResult>
    <UnitTestResult executionId="a54b9d0d-5828-4c69-88c7-92aa76f9e8a9" testId="7b67232a-f063-3eff-5699-da74704b7a02" testName="TestSimpleEvolution" computerName="BDXBLD003" duration="00:00:02.0906214" startTime="2015-07-23T12:28:30.3946069+02:00" endTime="2015-07-23T12:28:32.4936465+02:00" testType="13cdc9d9-ddb5-4fa4-a97d-d965ccfc6d4b" outcome="Failed" testListId="8c84fa94-04c1-424b-9868-57a2d4851a1d" relativeResultsDirectory="a54b9d0d-5828-4c69-88c7-92aa76f9e8a9">
      <Output>
        <ErrorInfo>
          <Message>Test method DATAFEED.Tests.Evolution.TestSimpleEvolution threw exception: 
System.Exception: AT-REQUEST:40d41a6c-77b1-4171-b86e-4d270babfcfc
&lt;ErrorDetail&gt;
  &lt;ErrorCode&gt;1&lt;/ErrorCode&gt;
  &lt;ErrorMessage&gt;Unexpected Error&lt;/ErrorMessage&gt;
&lt;/ErrorDetail&gt;
 ---&gt; System.InvalidOperationException: There is an error in XML document (1, 2). ---&gt; System.InvalidOperationException: &lt;ErrorDetail xmlns=''&gt; was not expected.</Message>
          <StackTrace>    at Microsoft.Xml.Serialization.GeneratedAssembly.XmlSerializationReaderXmlDataFeedV1.Read14_DataFeed()
 --- End of inner exception stack trace ---
    at System.Xml.Serialization.XmlSerializer.Deserialize(XmlReader xmlReader, String encodingStyle, XmlDeserializationEvents events)
   at System.Xml.Serialization.XmlSerializer.Deserialize(Stream stream)
   at DATAFEED.Tests.HttpRequestHelper.XmlDeserialize[T]() in e:\Jenkins\workspace\DataEngine\DATAFEED.Tests\DATAFEED.Tests\Helper\HttpRequestHelper.cs:line 240
 --- End of inner exception stack trace ---
    at DATAFEED.Tests.HttpRequestHelper.XmlDeserialize[T]() in e:\Jenkins\workspace\DataEngine\DATAFEED.Tests\DATAFEED.Tests\Helper\HttpRequestHelper.cs:line 244
   at DATAFEED.Tests.Evolution.TestSimpleEvolution() in e:\Jenkins\workspace\DataEngine\DATAFEED.Tests\DATAFEED.Tests\Evolution.cs:line 24
</StackTrace>
        </ErrorInfo>
      </Output>
    </UnitTestResult>
    <UnitTestResult executionId="ba9054cb-a711-4233-a1d7-e8ea2d6e4d5e" testId="95cce3c2-8304-e505-93ea-5f2dc9b745db" testName="TestSimpleEvolutionMultiDim" computerName="BDXBLD003" duration="00:00:04.1138207" startTime="2015-07-23T12:28:32.1256399+02:00" endTime="2015-07-23T12:28:36.2409212+02:00" testType="13cdc9d9-ddb5-4fa4-a97d-d965ccfc6d4b" outcome="Failed" testListId="8c84fa94-04c1-424b-9868-57a2d4851a1d" relativeResultsDirectory="ba9054cb-a711-4233-a1d7-e8ea2d6e4d5e">
      <Output>
        <ErrorInfo>
          <Message>Test method DATAFEED.Tests.Evolution.TestSimpleEvolutionMultiDim threw exception: 
System.Exception: AT-REQUEST:8d4dc3a4-83f8-4fb7-9098-f45967a0e1d0
&lt;ErrorDetail&gt;
  &lt;ErrorCode&gt;1&lt;/ErrorCode&gt;
  &lt;ErrorMessage&gt;Unexpected Error&lt;/ErrorMessage&gt;
&lt;/ErrorDetail&gt;
 ---&gt; System.InvalidOperationException: There is an error in XML document (1, 2). ---&gt; System.InvalidOperationException: &lt;ErrorDetail xmlns=''&gt; was not expected.</Message>
          <StackTrace>    at Microsoft.Xml.Serialization.GeneratedAssembly.XmlSerializationReaderXmlDataFeedV1.Read14_DataFeed()
 --- End of inner exception stack trace ---
    at System.Xml.Serialization.XmlSerializer.Deserialize(XmlReader xmlReader, String encodingStyle, XmlDeserializationEvents events)
   at System.Xml.Serialization.XmlSerializer.Deserialize(Stream stream)
   at DATAFEED.Tests.HttpRequestHelper.XmlDeserialize[T]() in e:\Jenkins\workspace\DataEngine\DATAFEED.Tests\DATAFEED.Tests\Helper\HttpRequestHelper.cs:line 240
 --- End of inner exception stack trace ---
    at DATAFEED.Tests.HttpRequestHelper.XmlDeserialize[T]() in e:\Jenkins\workspace\DataEngine\DATAFEED.Tests\DATAFEED.Tests\Helper\HttpRequestHelper.cs:line 244
   at DATAFEED.Tests.Evolution.TestSimpleEvolutionMultiDim() in e:\Jenkins\workspace\DataEngine\DATAFEED.Tests\DATAFEED.Tests\Evolution.cs:line 59
</StackTrace>
        </ErrorInfo>
      </Output>
    </UnitTestResult>
    <UnitTestResult executionId="0e52d3f3-9039-48a2-a6a9-3bbd1312e635" testId="c93de0f4-0bbe-c80f-47ec-36eca2d691cd" testName="ExtractArbo" computerName="BDXBLD003" duration="00:00:04.1208746" startTime="2015-07-23T12:28:32.4976462+02:00" endTime="2015-07-23T12:28:36.6189272+02:00" testType="13cdc9d9-ddb5-4fa4-a97d-d965ccfc6d4b" outcome="Failed" testListId="8c84fa94-04c1-424b-9868-57a2d4851a1d" relativeResultsDirectory="0e52d3f3-9039-48a2-a6a9-3bbd1312e635">
      <Output>
        <ErrorInfo>
          <Message>Test method DATAFEED.Tests.Extract.ExtractArbo threw exception: 
System.Exception: AT-REQUEST:2504e8ed-e52a-4386-99e4-531ce3e91997
&lt;ErrorDetail&gt;
  &lt;ErrorCode&gt;1&lt;/ErrorCode&gt;
  &lt;ErrorMessage&gt;Unexpected Error&lt;/ErrorMessage&gt;
&lt;/ErrorDetail&gt;
 ---&gt; System.InvalidOperationException: There is an error in XML document (1, 2). ---&gt; System.InvalidOperationException: &lt;ErrorDetail xmlns=''&gt; was not expected.</Message>
          <StackTrace>    at Microsoft.Xml.Serialization.GeneratedAssembly.XmlSerializationReaderXmlDataFeedV1.Read14_DataFeed()
 --- End of inner exception stack trace ---
    at System.Xml.Serialization.XmlSerializer.Deserialize(XmlReader xmlReader, String encodingStyle, XmlDeserializationEvents events)
   at System.Xml.Serialization.XmlSerializer.Deserialize(Stream stream)
   at DATAFEED.Tests.HttpRequestHelper.XmlDeserialize[T]() in e:\Jenkins\workspace\DataEngine\DATAFEED.Tests\DATAFEED.Tests\Helper\HttpRequestHelper.cs:line 240
 --- End of inner exception stack trace ---
    at DATAFEED.Tests.HttpRequestHelper.XmlDeserialize[T]() in e:\Jenkins\workspace\DataEngine\DATAFEED.Tests\DATAFEED.Tests\Helper\HttpRequestHelper.cs:line 244
   at DATAFEED.Tests.Extract.ExtractArbo() in e:\Jenkins\workspace\DataEngine\DATAFEED.Tests\DATAFEED.Tests\Extract.cs:line 131
</StackTrace>
        </ErrorInfo>
      </Output>
    </UnitTestResult>
    <UnitTestResult executionId="25f410dc-ef22-4420-be0c-9a5e7e006e90" testId="ff89072a-9491-6ce8-f2a3-4154781a2c10" testName="ExtractError" computerName="BDXBLD003" duration="00:00:02.0909315" startTime="2015-07-23T12:28:33.9336737+02:00" endTime="2015-07-23T12:28:36.0359157+02:00" testType="13cdc9d9-ddb5-4fa4-a97d-d965ccfc6d4b" outcome="Failed" testListId="8c84fa94-04c1-424b-9868-57a2d4851a1d" relativeResultsDirectory="25f410dc-ef22-4420-be0c-9a5e7e006e90">
      <Output>
        <ErrorInfo>
          <Message>Test method DATAFEED.Tests.Extract.ExtractError threw exception: 
System.Exception: AT-REQUEST:aed9cca0-566f-4261-9972-a544036eae19</Message>
          <StackTrace>    at DATAFEED.Tests.HttpRequestHelper.IsErrorCode(String p_sErrorCode) in e:\Jenkins\workspace\DataEngine\DATAFEED.Tests\DATAFEED.Tests\Helper\HttpRequestHelper.cs:line 307
   at DATAFEED.Tests.Extract.ExtractError() in e:\Jenkins\workspace\DataEngine\DATAFEED.Tests\DATAFEED.Tests\Extract.cs:line 16
</StackTrace>
        </ErrorInfo>
      </Output>
    </UnitTestResult>
    <UnitTestResult executionId="781b6f3c-f839-4f8d-995e-9d4e584ae8b3" testId="caff8f24-e4cb-bb3a-be34-e688b11ca443" testName="ExtractEvo" computerName="BDXBLD003" duration="00:00:04.0800506" startTime="2015-07-23T12:28:33.9466750+02:00" endTime="2015-07-23T12:28:38.0309551+02:00" testType="13cdc9d9-ddb5-4fa4-a97d-d965ccfc6d4b" outcome="Failed" testListId="8c84fa94-04c1-424b-9868-57a2d4851a1d" relativeResultsDirectory="781b6f3c-f839-4f8d-995e-9d4e584ae8b3">
      <Output>
        <ErrorInfo>
          <Message>Test method DATAFEED.Tests.Extract.ExtractEvo threw exception: 
System.Exception: AT-REQUEST:bce086fb-3c91-476e-8da0-f32aadae2b84
&lt;ErrorDetail&gt;
  &lt;ErrorCode&gt;1&lt;/ErrorCode&gt;
  &lt;ErrorMessage&gt;Unexpected Error&lt;/ErrorMessage&gt;
&lt;/ErrorDetail&gt;
 ---&gt; System.InvalidOperationException: There is an error in XML document (1, 2). ---&gt; System.InvalidOperationException: &lt;ErrorDetail xmlns=''&gt; was not expected.</Message>
          <StackTrace>    at Microsoft.Xml.Serialization.GeneratedAssembly.XmlSerializationReaderXmlDataFeedV1.Read14_DataFeed()
 --- End of inner exception stack trace ---
    at System.Xml.Serialization.XmlSerializer.Deserialize(XmlReader xmlReader, String encodingStyle, XmlDeserializationEvents events)
   at System.Xml.Serialization.XmlSerializer.Deserialize(Stream stream)
   at DATAFEED.Tests.HttpRequestHelper.XmlDeserialize[T]() in e:\Jenkins\workspace\DataEngine\DATAFEED.Tests\DATAFEED.Tests\Helper\HttpRequestHelper.cs:line 240
 --- End of inner exception stack trace ---
    at DATAFEED.Tests.HttpRequestHelper.XmlDeserialize[T]() in e:\Jenkins\workspace\DataEngine\DATAFEED.Tests\DATAFEED.Tests\Helper\HttpRequestHelper.cs:line 244
   at DATAFEED.Tests.Extract.ExtractEvo() in e:\Jenkins\workspace\DataEngine\DATAFEED.Tests\DATAFEED.Tests\Extract.cs:line 52
</StackTrace>
        </ErrorInfo>
      </Output>
    </UnitTestResult>
    <UnitTestResult executionId="3fe91afc-fa9d-4efc-876e-f0b2a750c19f" testId="0224e810-b215-34a9-b79c-236891da8aca" testName="ExtractMultiPeriod" computerName="BDXBLD003" duration="00:00:04.1034884" startTime="2015-07-23T12:28:36.0399169+02:00" endTime="2015-07-23T12:28:40.1493691+02:00" testType="13cdc9d9-ddb5-4fa4-a97d-d965ccfc6d4b" outcome="Failed" testListId="8c84fa94-04c1-424b-9868-57a2d4851a1d" relativeResultsDirectory="3fe91afc-fa9d-4efc-876e-f0b2a750c19f">
      <Output>
        <ErrorInfo>
          <Message>Test method DATAFEED.Tests.Extract.ExtractMultiPeriod threw exception: 
System.Exception: AT-REQUEST:c334f1e6-51e6-48f3-9a2e-9c8313d26e52
&lt;ErrorDetail&gt;
  &lt;ErrorCode&gt;1&lt;/ErrorCode&gt;
  &lt;ErrorMessage&gt;Unexpected Error&lt;/ErrorMessage&gt;
&lt;/ErrorDetail&gt;
 ---&gt; System.InvalidOperationException: There is an error in XML document (1, 2). ---&gt; System.InvalidOperationException: &lt;ErrorDetail xmlns=''&gt; was not expected.</Message>
          <StackTrace>    at Microsoft.Xml.Serialization.GeneratedAssembly.XmlSerializationReaderXmlDataFeedV1.Read14_DataFeed()
 --- End of inner exception stack trace ---
    at System.Xml.Serialization.XmlSerializer.Deserialize(XmlReader xmlReader, String encodingStyle, XmlDeserializationEvents events)
   at System.Xml.Serialization.XmlSerializer.Deserialize(Stream stream)
   at DATAFEED.Tests.HttpRequestHelper.XmlDeserialize[T]() in e:\Jenkins\workspace\DataEngine\DATAFEED.Tests\DATAFEED.Tests\Helper\HttpRequestHelper.cs:line 240
 --- End of inner exception stack trace ---
    at DATAFEED.Tests.HttpRequestHelper.XmlDeserialize[T]() in e:\Jenkins\workspace\DataEngine\DATAFEED.Tests\DATAFEED.Tests\Helper\HttpRequestHelper.cs:line 244
   at DATAFEED.Tests.Extract.ExtractMultiPeriod() in e:\Jenkins\workspace\DataEngine\DATAFEED.Tests\DATAFEED.Tests\Extract.cs:line 71
</StackTrace>
        </ErrorInfo>
      </Output>
    </UnitTestResult>
    <UnitTestResult executionId="8ec942a8-93be-4e56-a2ab-7ed06bbc1039" testId="e266222c-8314-2d2a-3959-cb93e1f8b78a" testName="ExtractMultiSpace" computerName="BDXBLD003" duration="00:00:02.0910103" startTime="2015-07-23T12:28:36.2449208+02:00" endTime="2015-07-23T12:28:38.3379604+02:00" testType="13cdc9d9-ddb5-4fa4-a97d-d965ccfc6d4b" outcome="Failed" testListId="8c84fa94-04c1-424b-9868-57a2d4851a1d" relativeResultsDirectory="8ec942a8-93be-4e56-a2ab-7ed06bbc1039">
      <Output>
        <ErrorInfo>
          <Message>Test method DATAFEED.Tests.Extract.ExtractMultiSpace threw exception: 
System.Exception: AT-REQUEST:feaa3190-97c1-4f1b-9b05-3be55e5d4d7b
&lt;ErrorDetail&gt;
  &lt;ErrorCode&gt;1&lt;/ErrorCode&gt;
  &lt;ErrorMessage&gt;Unexpected Error&lt;/ErrorMessage&gt;
&lt;/ErrorDetail&gt;
 ---&gt; System.InvalidOperationException: There is an error in XML document (1, 2). ---&gt; System.InvalidOperationException: &lt;ErrorDetail xmlns=''&gt; was not expected.</Message>
          <StackTrace>    at Microsoft.Xml.Serialization.GeneratedAssembly.XmlSerializationReaderXmlDataFeedV1.Read14_DataFeed()
 --- End of inner exception stack trace ---
    at System.Xml.Serialization.XmlSerializer.Deserialize(XmlReader xmlReader, String encodingStyle, XmlDeserializationEvents events)
   at System.Xml.Serialization.XmlSerializer.Deserialize(Stream stream)
   at DATAFEED.Tests.HttpRequestHelper.XmlDeserialize[T]() in e:\Jenkins\workspace\DataEngine\DATAFEED.Tests\DATAFEED.Tests\Helper\HttpRequestHelper.cs:line 240
 --- End of inner exception stack trace ---
    at DATAFEED.Tests.HttpRequestHelper.XmlDeserialize[T]() in e:\Jenkins\workspace\DataEngine\DATAFEED.Tests\DATAFEED.Tests\Helper\HttpRequestHelper.cs:line 244
   at DATAFEED.Tests.Extract.ExtractMultiSpace() in e:\Jenkins\workspace\DataEngine\DATAFEED.Tests\DATAFEED.Tests\Extract.cs:line 101
</StackTrace>
        </ErrorInfo>
      </Output>
    </UnitTestResult>
    <UnitTestResult executionId="c1307726-a8b8-4e54-895d-41d1729c6ac8" testId="9694e284-ef79-0425-9447-f4b76386e9f5" testName="ExtractSimple" computerName="BDXBLD003" duration="00:00:02.0898145" startTime="2015-07-23T12:28:36.6229273+02:00" endTime="2015-07-23T12:28:38.7139690+02:00" testType="13cdc9d9-ddb5-4fa4-a97d-d965ccfc6d4b" outcome="Failed" testListId="8c84fa94-04c1-424b-9868-57a2d4851a1d" relativeResultsDirectory="c1307726-a8b8-4e54-895d-41d1729c6ac8">
      <Output>
        <ErrorInfo>
          <Message>Test method DATAFEED.Tests.Extract.ExtractSimple threw exception: 
System.Exception: AT-REQUEST:6a63615d-8fe0-4212-9819-c5c7c6e3354d
&lt;ErrorDetail&gt;
  &lt;ErrorCode&gt;1&lt;/ErrorCode&gt;
  &lt;ErrorMessage&gt;Unexpected Error&lt;/ErrorMessage&gt;
&lt;/ErrorDetail&gt;
 ---&gt; System.InvalidOperationException: There is an error in XML document (1, 2). ---&gt; System.InvalidOperationException: &lt;ErrorDetail xmlns=''&gt; was not expected.</Message>
          <StackTrace>    at Microsoft.Xml.Serialization.GeneratedAssembly.XmlSerializationReaderXmlDataFeedV1.Read14_DataFeed()
 --- End of inner exception stack trace ---
    at System.Xml.Serialization.XmlSerializer.Deserialize(XmlReader xmlReader, String encodingStyle, XmlDeserializationEvents events)
   at System.Xml.Serialization.XmlSerializer.Deserialize(Stream stream)
   at DATAFEED.Tests.HttpRequestHelper.XmlDeserialize[T]() in e:\Jenkins\workspace\DataEngine\DATAFEED.Tests\DATAFEED.Tests\Helper\HttpRequestHelper.cs:line 240
 --- End of inner exception stack trace ---
    at DATAFEED.Tests.HttpRequestHelper.XmlDeserialize[T]() in e:\Jenkins\workspace\DataEngine\DATAFEED.Tests\DATAFEED.Tests\Helper\HttpRequestHelper.cs:line 244
   at DATAFEED.Tests.Extract.ExtractSimple() in e:\Jenkins\workspace\DataEngine\DATAFEED.Tests\DATAFEED.Tests\Extract.cs:line 28
</StackTrace>
        </ErrorInfo>
      </Output>
    </UnitTestResult>
    <UnitTestResult executionId="88d79607-7d74-454e-8b7d-086eabc21a0b" testId="8ae49fe0-a3ba-6daa-0c71-60938466cf4a" testName="ExtractTotaux" computerName="BDXBLD003" duration="00:00:02.0981755" startTime="2015-07-23T12:28:38.0329549+02:00" endTime="2015-07-23T12:28:40.1323694+02:00" testType="13cdc9d9-ddb5-4fa4-a97d-d965ccfc6d4b" outcome="Failed" testListId="8c84fa94-04c1-424b-9868-57a2d4851a1d" relativeResultsDirectory="88d79607-7d74-454e-8b7d-086eabc21a0b">
      <Output>
        <ErrorInfo>
          <Message>Assert.AreEqual failed. Expected:&lt;106&gt;. Actual:&lt;1001&gt;. </Message>
          <StackTrace>   at DATAFEED.Tests.Extract.ExtractTotaux() in e:\Jenkins\workspace\DataEngine\DATAFEED.Tests\DATAFEED.Tests\Extract.cs:line 155
</StackTrace>
        </ErrorInfo>
      </Output>
    </UnitTestResult>
    <UnitTestResult executionId="f789da31-45f4-4b05-9890-8e766c3623e0" testId="c7b2cd4a-a9b2-ce15-337d-e5c99d5fc04c" testName="CheckFilterDate" computerName="BDXBLD003" duration="00:00:04.0597447" startTime="2015-07-23T12:28:38.3479608+02:00" endTime="2015-07-23T12:28:42.4169186+02:00" testType="13cdc9d9-ddb5-4fa4-a97d-d965ccfc6d4b" outcome="Failed" testListId="8c84fa94-04c1-424b-9868-57a2d4851a1d" relativeResultsDirectory="f789da31-45f4-4b05-9890-8e766c3623e0">
      <Output>
        <ErrorInfo>
          <Message>Test method DATAFEED.Tests.Filter.CheckFilterDate threw exception: 
System.Exception: AT-REQUEST:3b3acc30-5dbd-46d8-8eee-27c93d66b21f</Message>
          <StackTrace>    at DATAFEED.Tests.HttpRequestHelper.IsErrorCode(String p_sErrorCode) in e:\Jenkins\workspace\DataEngine\DATAFEED.Tests\DATAFEED.Tests\Helper\HttpRequestHelper.cs:line 307
   at DATAFEED.Tests.Filter.CheckFilterDate() in e:\Jenkins\workspace\DataEngine\DATAFEED.Tests\DATAFEED.Tests\Filter.cs:line 498
</StackTrace>
        </ErrorInfo>
      </Output>
    </UnitTestResult>
    <UnitTestResult executionId="c6a8d7c7-9483-4808-abce-07b3db64bd5a" testId="8fbf95f6-d78c-ebce-ea6d-483a7dfaac3a" testName="CheckFilterLevelTypeInt" computerName="BDXBLD003" duration="00:00:04.1018528" startTime="2015-07-23T12:28:38.7189680+02:00" endTime="2015-07-23T12:28:42.8219255+02:00" testType="13cdc9d9-ddb5-4fa4-a97d-d965ccfc6d4b" outcome="Failed" testListId="8c84fa94-04c1-424b-9868-57a2d4851a1d" relativeResultsDirectory="c6a8d7c7-9483-4808-abce-07b3db64bd5a">
      <Output>
        <ErrorInfo>
          <Message>Test method DATAFEED.Tests.Filter.CheckFilterLevelTypeInt threw exception: 
System.Exception: AT-REQUEST:caf444e9-c854-405f-8150-083aa8d8c272
&lt;ErrorDetail&gt;
  &lt;ErrorCode&gt;1&lt;/ErrorCode&gt;
  &lt;ErrorMessage&gt;Unexpected Error&lt;/ErrorMessage&gt;
&lt;/ErrorDetail&gt;
 ---&gt; System.InvalidOperationException: There is an error in XML document (1, 2). ---&gt; System.InvalidOperationException: &lt;ErrorDetail xmlns=''&gt; was not expected.</Message>
          <StackTrace>    at Microsoft.Xml.Serialization.GeneratedAssembly.XmlSerializationReaderXmlDataFeedV1.Read14_DataFeed()
 --- End of inner exception stack trace ---
    at System.Xml.Serialization.XmlSerializer.Deserialize(XmlReader xmlReader, String encodingStyle, XmlDeserializationEvents events)
   at System.Xml.Serialization.XmlSerializer.Deserialize(Stream stream)
   at DATAFEED.Tests.HttpRequestHelper.XmlDeserialize[T]() in e:\Jenkins\workspace\DataEngine\DATAFEED.Tests\DATAFEED.Tests\Helper\HttpRequestHelper.cs:line 240
 --- End of inner exception stack trace ---
    at DATAFEED.Tests.HttpRequestHelper.XmlDeserialize[T]() in e:\Jenkins\workspace\DataEngine\DATAFEED.Tests\DATAFEED.Tests\Helper\HttpRequestHelper.cs:line 244
   at DATAFEED.Tests.Filter.CheckFilterLevelTypeInt() in e:\Jenkins\workspace\DataEngine\DATAFEED.Tests\DATAFEED.Tests\Filter.cs:line 435
</StackTrace>
        </ErrorInfo>
      </Output>
    </UnitTestResult>
    <UnitTestResult executionId="1046bae4-4a29-45de-b7f5-1c8c7b10ae4c" testId="a687aa15-7e9a-1081-d5a6-f17b2a27a31a" testName="EmptyOperator" computerName="BDXBLD003" duration="00:00:02.0913454" startTime="2015-07-23T12:28:40.1363686+02:00" endTime="2015-07-23T12:28:42.2329153+02:00" testType="13cdc9d9-ddb5-4fa4-a97d-d965ccfc6d4b" outcome="Failed" testListId="8c84fa94-04c1-424b-9868-57a2d4851a1d" relativeResultsDirectory="1046bae4-4a29-45de-b7f5-1c8c7b10ae4c">
      <Output>
        <ErrorInfo>
          <Message>Test method DATAFEED.Tests.Filter.EmptyOperator threw exception: 
System.Exception: AT-REQUEST:fbde4d94-b0d9-4a99-acf3-edfa03496081
&lt;ErrorDetail&gt;
  &lt;ErrorCode&gt;1&lt;/ErrorCode&gt;
  &lt;ErrorMessage&gt;Unexpected Error&lt;/ErrorMessage&gt;
&lt;/ErrorDetail&gt;
 ---&gt; System.InvalidOperationException: There is an error in XML document (1, 2). ---&gt; System.InvalidOperationException: &lt;ErrorDetail xmlns=''&gt; was not expected.</Message>
          <StackTrace>    at Microsoft.Xml.Serialization.GeneratedAssembly.XmlSerializationReaderXmlDataFeedV1.Read14_DataFeed()
 --- End of inner exception stack trace ---
    at System.Xml.Serialization.XmlSerializer.Deserialize(XmlReader xmlReader, String encodingStyle, XmlDeserializationEvents events)
   at System.Xml.Serialization.XmlSerializer.Deserialize(Stream stream)
   at DATAFEED.Tests.HttpRequestHelper.XmlDeserialize[T]() in e:\Jenkins\workspace\DataEngine\DATAFEED.Tests\DATAFEED.Tests\Helper\HttpRequestHelper.cs:line 240
 --- End of inner exception stack trace ---
    at DATAFEED.Tests.HttpRequestHelper.XmlDeserialize[T]() in e:\Jenkins\workspace\DataEngine\DATAFEED.Tests\DATAFEED.Tests\Helper\HttpRequestHelper.cs:line 244
   at DATAFEED.Tests.Filter.EmptyOperator() in e:\Jenkins\workspace\DataEngine\DATAFEED.Tests\DATAFEED.Tests\Filter.cs:line 21
</StackTrace>
        </ErrorInfo>
      </Output>
    </UnitTestResult>
    <UnitTestResult executionId="7a0ec6e0-6dfa-42ae-8504-4bde5ee10c42" testId="1b59abb5-08ba-1d64-431d-bfea755efd3b" testName="EqualOperator" computerName="BDXBLD003" duration="00:00:08.1983506" startTime="2015-07-23T12:28:40.1523694+02:00" endTime="2015-07-23T12:28:48.3550325+02:00" testType="13cdc9d9-ddb5-4fa4-a97d-d965ccfc6d4b" outcome="Failed" testListId="8c84fa94-04c1-424b-9868-57a2d4851a1d" relativeResultsDirectory="7a0ec6e0-6dfa-42ae-8504-4bde5ee10c42">
      <Output>
        <ErrorInfo>
          <Message>Test method DATAFEED.Tests.Filter.EqualOperator threw exception: 
System.Exception: AT-REQUEST:c44a6e08-3ed2-4082-bfd7-3a044e9a7a84
&lt;ErrorDetail&gt;
  &lt;ErrorCode&gt;1&lt;/ErrorCode&gt;
  &lt;ErrorMessage&gt;Unexpected Error&lt;/ErrorMessage&gt;
&lt;/ErrorDetail&gt;
 ---&gt; System.InvalidOperationException: There is an error in XML document (1, 2). ---&gt; System.InvalidOperationException: &lt;ErrorDetail xmlns=''&gt; was not expected.</Message>
          <StackTrace>    at Microsoft.Xml.Serialization.GeneratedAssembly.XmlSerializationReaderXmlDataFeedV1.Read14_DataFeed()
 --- End of inner exception stack trace ---
    at System.Xml.Serialization.XmlSerializer.Deserialize(XmlReader xmlReader, String encodingStyle, XmlDeserializationEvents events)
   at System.Xml.Serialization.XmlSerializer.Deserialize(Stream stream)
   at DATAFEED.Tests.HttpRequestHelper.XmlDeserialize[T]() in e:\Jenkins\workspace\DataEngine\DATAFEED.Tests\DATAFEED.Tests\Helper\HttpRequestHelper.cs:line 240
 --- End of inner exception stack trace ---
    at DATAFEED.Tests.HttpRequestHelper.XmlDeserialize[T]() in e:\Jenkins\workspace\DataEngine\DATAFEED.Tests\DATAFEED.Tests\Helper\HttpRequestHelper.cs:line 244
   at DATAFEED.Tests.Filter.EqualOperator() in e:\Jenkins\workspace\DataEngine\DATAFEED.Tests\DATAFEED.Tests\Filter.cs:line 50
</StackTrace>
        </ErrorInfo>
      </Output>
    </UnitTestResult>
    <UnitTestResult executionId="229a94a4-f5f4-4299-89fd-6c9742de8333" testId="ef653afe-589e-9087-076e-6f6f4230af35" testName="ErrorGteOperator" computerName="BDXBLD003" duration="00:00:04.1065354" startTime="2015-07-23T12:28:42.2459150+02:00" endTime="2015-07-23T12:28:46.3529930+02:00" testType="13cdc9d9-ddb5-4fa4-a97d-d965ccfc6d4b" outcome="Failed" testListId="8c84fa94-04c1-424b-9868-57a2d4851a1d" relativeResultsDirectory="229a94a4-f5f4-4299-89fd-6c9742de8333">
      <Output>
        <ErrorInfo>
          <Message>Test method DATAFEED.Tests.Filter.ErrorGteOperator threw exception: 
System.Exception: AT-REQUEST:6402e16e-73e2-4ed0-80de-c0f47bdc91e5</Message>
          <StackTrace>    at DATAFEED.Tests.HttpRequestHelper.IsErrorCode(String p_sErrorCode) in e:\Jenkins\workspace\DataEngine\DATAFEED.Tests\DATAFEED.Tests\Helper\HttpRequestHelper.cs:line 307
   at DATAFEED.Tests.Filter.ErrorGteOperator() in e:\Jenkins\workspace\DataEngine\DATAFEED.Tests\DATAFEED.Tests\Filter.cs:line 269
</StackTrace>
        </ErrorInfo>
      </Output>
    </UnitTestResult>
    <UnitTestResult executionId="9e9b9454-e899-4088-a327-ad3682353081" testId="190c29d2-c58c-6eef-da12-e274c40ce17a" testName="ErrorGtOperator" computerName="BDXBLD003" duration="00:00:02.0947312" startTime="2015-07-23T12:28:42.4279180+02:00" endTime="2015-07-23T12:28:44.5239588+02:00" testType="13cdc9d9-ddb5-4fa4-a97d-d965ccfc6d4b" outcome="Failed" testListId="8c84fa94-04c1-424b-9868-57a2d4851a1d" relativeResultsDirectory="9e9b9454-e899-4088-a327-ad3682353081">
      <Output>
        <ErrorInfo>
          <Message>Test method DATAFEED.Tests.Filter.ErrorGtOperator threw exception: 
System.Exception: AT-REQUEST:516cf54d-5b3a-492e-bb42-4655d54a49a1</Message>
          <StackTrace>    at DATAFEED.Tests.HttpRequestHelper.IsErrorCode(String p_sErrorCode) in e:\Jenkins\workspace\DataEngine\DATAFEED.Tests\DATAFEED.Tests\Helper\HttpRequestHelper.cs:line 307
   at DATAFEED.Tests.Filter.ErrorGtOperator() in e:\Jenkins\workspace\DataEngine\DATAFEED.Tests\DATAFEED.Tests\Filter.cs:line 221
</StackTrace>
        </ErrorInfo>
      </Output>
    </UnitTestResult>
    <UnitTestResult executionId="095ce777-e3a2-49ca-bba4-84c68d713dfa" testId="bfccc932-e2d3-11c7-f805-59c6e39cc0a7" testName="ErrorLteOperator" computerName="BDXBLD003" duration="00:00:02.0566392" startTime="2015-07-23T12:28:42.8249261+02:00" endTime="2015-07-23T12:28:44.8839644+02:00" testType="13cdc9d9-ddb5-4fa4-a97d-d965ccfc6d4b" outcome="Failed" testListId="8c84fa94-04c1-424b-9868-57a2d4851a1d" relativeResultsDirectory="095ce777-e3a2-49ca-bba4-84c68d713dfa">
      <Output>
        <ErrorInfo>
          <Message>Test method DATAFEED.Tests.Filter.ErrorLteOperator threw exception: 
System.Exception: AT-REQUEST:884ba19c-d68b-4bc8-98a5-88828093c5e0</Message>
          <StackTrace>    at DATAFEED.Tests.HttpRequestHelper.IsErrorCode(String p_sErrorCode) in e:\Jenkins\workspace\DataEngine\DATAFEED.Tests\DATAFEED.Tests\Helper\HttpRequestHelper.cs:line 307
   at DATAFEED.Tests.Filter.ErrorLteOperator() in e:\Jenkins\workspace\DataEngine\DATAFEED.Tests\DATAFEED.Tests\Filter.cs:line 253
</StackTrace>
        </ErrorInfo>
      </Output>
    </UnitTestResult>
    <UnitTestResult executionId="cd8e8061-eea9-4fc0-9073-3ca8fbc86df5" testId="2b6d9dc8-0ffc-2d12-00ae-bacbec22bde1" testName="ErrorLtOperator" computerName="BDXBLD003" duration="00:00:04.0968807" startTime="2015-07-23T12:28:44.5349604+02:00" endTime="2015-07-23T12:28:48.6350363+02:00" testType="13cdc9d9-ddb5-4fa4-a97d-d965ccfc6d4b" outcome="Failed" testListId="8c84fa94-04c1-424b-9868-57a2d4851a1d" relativeResultsDirectory="cd8e8061-eea9-4fc0-9073-3ca8fbc86df5">
      <Output>
        <ErrorInfo>
          <Message>Test method DATAFEED.Tests.Filter.ErrorLtOperator threw exception: 
System.Exception: AT-REQUEST:f546c7c5-3334-48df-9c61-32b5d2ec182a</Message>
          <StackTrace>    at DATAFEED.Tests.HttpRequestHelper.IsErrorCode(String p_sErrorCode) in e:\Jenkins\workspace\DataEngine\DATAFEED.Tests\DATAFEED.Tests\Helper\HttpRequestHelper.cs:line 307
   at DATAFEED.Tests.Filter.ErrorLtOperator() in e:\Jenkins\workspace\DataEngine\DATAFEED.Tests\DATAFEED.Tests\Filter.cs:line 237
</StackTrace>
        </ErrorInfo>
      </Output>
    </UnitTestResult>
    <UnitTestResult executionId="5819b47a-64da-484f-ac6b-c3ce3d8a6787" testId="dc42c9e7-4d9a-57bf-693e-09af640d32cf" testName="FilterCyrilic" computerName="BDXBLD003" duration="00:00:04.0659366" startTime="2015-07-23T12:28:44.8909656+02:00" endTime="2015-07-23T12:28:48.9610431+02:00" testType="13cdc9d9-ddb5-4fa4-a97d-d965ccfc6d4b" outcome="Failed" testListId="8c84fa94-04c1-424b-9868-57a2d4851a1d" relativeResultsDirectory="5819b47a-64da-484f-ac6b-c3ce3d8a6787">
      <Output>
        <ErrorInfo>
          <Message>Test method DATAFEED.Tests.Filter.FilterCyrilic threw exception: 
System.Net.WebException: AT-REQUEST:a2163237-a286-4e8d-9ff3-fc4ad39deef6
&lt;ErrorDetail&gt;
  &lt;ErrorCode&gt;1&lt;/ErrorCode&gt;
  &lt;ErrorMessage&gt;Unexpected Error&lt;/ErrorMessage&gt;
&lt;/ErrorDetail&gt;
</Message>
          <StackTrace>    at DATAFEED.Tests.HttpRequestHelper.EnsureStatusIsSuccessful() in e:\Jenkins\workspace\DataEngine\DATAFEED.Tests\DATAFEED.Tests\Helper\HttpRequestHelper.cs:line 78
   at DATAFEED.Tests.Filter.FilterCyrilic() in e:\Jenkins\workspace\DataEngine\DATAFEED.Tests\DATAFEED.Tests\Filter.cs:line 482
</StackTrace>
        </ErrorInfo>
      </Output>
    </UnitTestResult>
    <UnitTestResult executionId="ba43e679-d4da-4558-b805-25cc9f188e76" testId="943a5592-8b2f-eb73-f5ad-a0cf858839bf" testName="FilterDoubleQuote" computerName="BDXBLD003" duration="00:00:02.0604449" startTime="2015-07-23T12:28:46.3549940+02:00" endTime="2015-07-23T12:28:48.4170335+02:00" testType="13cdc9d9-ddb5-4fa4-a97d-d965ccfc6d4b" outcome="Failed" testListId="8c84fa94-04c1-424b-9868-57a2d4851a1d" relativeResultsDirectory="ba43e679-d4da-4558-b805-25cc9f188e76">
      <Output>
        <ErrorInfo>
          <Message>Test method DATAFEED.Tests.Filter.FilterDoubleQuote threw exception: 
System.Exception: AT-REQUEST:1a339cc5-81dc-40c0-80ad-d5e24107f785
&lt;ErrorDetail&gt;
  &lt;ErrorCode&gt;1&lt;/ErrorCode&gt;
  &lt;ErrorMessage&gt;Unexpected Error&lt;/ErrorMessage&gt;
&lt;/ErrorDetail&gt;
 ---&gt; System.InvalidOperationException: There is an error in XML document (1, 2). ---&gt; System.InvalidOperationException: &lt;ErrorDetail xmlns=''&gt; was not expected.</Message>
          <StackTrace>    at Microsoft.Xml.Serialization.GeneratedAssembly.XmlSerializationReaderXmlDataFeedV1.Read14_DataFeed()
 --- End of inner exception stack trace ---
    at System.Xml.Serialization.XmlSerializer.Deserialize(XmlReader xmlReader, String encodingStyle, XmlDeserializationEvents events)
   at System.Xml.Serialization.XmlSerializer.Deserialize(Stream stream)
   at DATAFEED.Tests.HttpRequestHelper.XmlDeserialize[T]() in e:\Jenkins\workspace\DataEngine\DATAFEED.Tests\DATAFEED.Tests\Helper\HttpRequestHelper.cs:line 240
 --- End of inner exception stack trace ---
    at DATAFEED.Tests.HttpRequestHelper.XmlDeserialize[T]() in e:\Jenkins\workspace\DataEngine\DATAFEED.Tests\DATAFEED.Tests\Helper\HttpRequestHelper.cs:line 244
   at DATAFEED.Tests.Filter.FilterDoubleQuote() in e:\Jenkins\workspace\DataEngine\DATAFEED.Tests\DATAFEED.Tests\Filter.cs:line 598
</StackTrace>
        </ErrorInfo>
      </Output>
    </UnitTestResult>
    <UnitTestResult executionId="f401629e-63dd-48da-8138-0f938fe2df65" testId="aeffcafc-eaab-f887-292d-4621130e6d06" testName="FilterEmpty" computerName="BDXBLD003" duration="00:00:04.1311479" startTime="2015-07-23T12:28:48.3690315+02:00" endTime="2015-07-23T12:28:52.5021117+02:00" testType="13cdc9d9-ddb5-4fa4-a97d-d965ccfc6d4b" outcome="Failed" testListId="8c84fa94-04c1-424b-9868-57a2d4851a1d" relativeResultsDirectory="f401629e-63dd-48da-8138-0f938fe2df65">
      <Output>
        <ErrorInfo>
          <Message>Test method DATAFEED.Tests.Filter.FilterEmpty threw exception: 
System.Net.WebException: AT-REQUEST:68162bc8-6751-4705-af02-19950ee45463
&lt;ErrorDetail&gt;
  &lt;ErrorCode&gt;1&lt;/ErrorCode&gt;
  &lt;ErrorMessage&gt;Unexpected Error&lt;/ErrorMessage&gt;
&lt;/ErrorDetail&gt;
</Message>
          <StackTrace>    at DATAFEED.Tests.HttpRequestHelper.EnsureStatusIsSuccessful() in e:\Jenkins\workspace\DataEngine\DATAFEED.Tests\DATAFEED.Tests\Helper\HttpRequestHelper.cs:line 78
   at DATAFEED.Tests.Filter.FilterEmpty() in e:\Jenkins\workspace\DataEngine\DATAFEED.Tests\DATAFEED.Tests\Filter.cs:line 556
</StackTrace>
        </ErrorInfo>
      </Output>
    </UnitTestResult>
    <UnitTestResult executionId="cb595243-c690-474a-889c-4d790e810c26" testId="47fd3023-08ab-489a-570b-8b7bef20e7bb" testName="FilterMetricRegex" computerName="BDXBLD003" duration="00:00:04.0983812" startTime="2015-07-23T12:28:48.4210329+02:00" endTime="2015-07-23T12:28:52.5301117+02:00" testType="13cdc9d9-ddb5-4fa4-a97d-d965ccfc6d4b" outcome="Failed" testListId="8c84fa94-04c1-424b-9868-57a2d4851a1d" relativeResultsDirectory="cb595243-c690-474a-889c-4d790e810c26">
      <Output>
        <ErrorInfo>
          <Message>Test method DATAFEED.Tests.Filter.FilterMetricRegex threw exception: 
System.Net.WebException: AT-REQUEST:49f2f4a2-75f2-4b9e-be59-af51aeb19bab
&lt;ErrorDetail&gt;
  &lt;ErrorCode&gt;1&lt;/ErrorCode&gt;
  &lt;ErrorMessage&gt;Unexpected Error&lt;/ErrorMessage&gt;
&lt;/ErrorDetail&gt;
</Message>
          <StackTrace>    at DATAFEED.Tests.HttpRequestHelper.EnsureStatusIsSuccessful() in e:\Jenkins\workspace\DataEngine\DATAFEED.Tests\DATAFEED.Tests\Helper\HttpRequestHelper.cs:line 78
   at DATAFEED.Tests.Filter.FilterMetricRegex() in e:\Jenkins\workspace\DataEngine\DATAFEED.Tests\DATAFEED.Tests\Filter.cs:line 466
</StackTrace>
        </ErrorInfo>
      </Output>
    </UnitTestResult>
    <UnitTestResult executionId="6d78508c-519e-4b04-af3f-f4abf294ed45" testId="ebef976f-c681-a80d-4459-0699a255c44b" testName="FilterSingleQuote" computerName="BDXBLD003" duration="00:00:02.0673826" startTime="2015-07-23T12:28:48.6450371+02:00" endTime="2015-07-23T12:28:50.7140780+02:00" testType="13cdc9d9-ddb5-4fa4-a97d-d965ccfc6d4b" outcome="Failed" testListId="8c84fa94-04c1-424b-9868-57a2d4851a1d" relativeResultsDirectory="6d78508c-519e-4b04-af3f-f4abf294ed45">
      <Output>
        <ErrorInfo>
          <Message>Test method DATAFEED.Tests.Filter.FilterSingleQuote threw exception: 
System.Exception: AT-REQUEST:5dc3deb8-2266-45d5-a958-d35df839962c
&lt;ErrorDetail&gt;
  &lt;ErrorCode&gt;1&lt;/ErrorCode&gt;
  &lt;ErrorMessage&gt;Unexpected Error&lt;/ErrorMessage&gt;
&lt;/ErrorDetail&gt;
 ---&gt; System.InvalidOperationException: There is an error in XML document (1, 2). ---&gt; System.InvalidOperationException: &lt;ErrorDetail xmlns=''&gt; was not expected.</Message>
          <StackTrace>    at Microsoft.Xml.Serialization.GeneratedAssembly.XmlSerializationReaderXmlDataFeedV1.Read14_DataFeed()
 --- End of inner exception stack trace ---
    at System.Xml.Serialization.XmlSerializer.Deserialize(XmlReader xmlReader, String encodingStyle, XmlDeserializationEvents events)
   at System.Xml.Serialization.XmlSerializer.Deserialize(Stream stream)
   at DATAFEED.Tests.HttpRequestHelper.XmlDeserialize[T]() in e:\Jenkins\workspace\DataEngine\DATAFEED.Tests\DATAFEED.Tests\Helper\HttpRequestHelper.cs:line 240
 --- End of inner exception stack trace ---
    at DATAFEED.Tests.HttpRequestHelper.XmlDeserialize[T]() in e:\Jenkins\workspace\DataEngine\DATAFEED.Tests\DATAFEED.Tests\Helper\HttpRequestHelper.cs:line 244
   at DATAFEED.Tests.Filter.FilterSingleQuote() in e:\Jenkins\workspace\DataEngine\DATAFEED.Tests\DATAFEED.Tests\Filter.cs:line 583
</StackTrace>
        </ErrorInfo>
      </Output>
    </UnitTestResult>
    <UnitTestResult executionId="f8f60748-6867-4e8a-9b6c-8504ec5fcd4b" testId="73e915cf-4a05-d1b4-c236-a278c89aa0f5" testName="FilterWithQuote" computerName="BDXBLD003" duration="00:00:02.0980534" startTime="2015-07-23T12:28:48.9650441+02:00" endTime="2015-07-23T12:28:51.0740855+02:00" testType="13cdc9d9-ddb5-4fa4-a97d-d965ccfc6d4b" outcome="Failed" testListId="8c84fa94-04c1-424b-9868-57a2d4851a1d" relativeResultsDirectory="f8f60748-6867-4e8a-9b6c-8504ec5fcd4b">
      <Output>
        <ErrorInfo>
          <Message>Test method DATAFEED.Tests.Filter.FilterWithQuote threw exception: 
System.Exception: AT-REQUEST:133f6c52-ac42-477e-8de0-0c20febd777d
&lt;ErrorDetail&gt;
  &lt;ErrorCode&gt;1&lt;/ErrorCode&gt;
  &lt;ErrorMessage&gt;Unexpected Error&lt;/ErrorMessage&gt;
&lt;/ErrorDetail&gt;
 ---&gt; System.InvalidOperationException: There is an error in XML document (1, 2). ---&gt; System.InvalidOperationException: &lt;ErrorDetail xmlns=''&gt; was not expected.</Message>
          <StackTrace>    at Microsoft.Xml.Serialization.GeneratedAssembly.XmlSerializationReaderXmlDataFeedV1.Read14_DataFeed()
 --- End of inner exception stack trace ---
    at System.Xml.Serialization.XmlSerializer.Deserialize(XmlReader xmlReader, String encodingStyle, XmlDeserializationEvents events)
   at System.Xml.Serialization.XmlSerializer.Deserialize(Stream stream)
   at DATAFEED.Tests.HttpRequestHelper.XmlDeserialize[T]() in e:\Jenkins\workspace\DataEngine\DATAFEED.Tests\DATAFEED.Tests\Helper\HttpRequestHelper.cs:line 240
 --- End of inner exception stack trace ---
    at DATAFEED.Tests.HttpRequestHelper.XmlDeserialize[T]() in e:\Jenkins\workspace\DataEngine\DATAFEED.Tests\DATAFEED.Tests\Helper\HttpRequestHelper.cs:line 244
   at DATAFEED.Tests.Filter.FilterWithQuote() in e:\Jenkins\workspace\DataEngine\DATAFEED.Tests\DATAFEED.Tests\Filter.cs:line 568
</StackTrace>
        </ErrorInfo>
      </Output>
    </UnitTestResult>
    <UnitTestResult executionId="20163d90-534b-49f8-9605-40958ba3fa9c" testId="8cc32e1f-79a3-4229-8259-0ecc134826dc" testName="GtOperator" computerName="BDXBLD003" duration="00:00:04.0781919" startTime="2015-07-23T12:28:50.7170784+02:00" endTime="2015-07-23T12:28:54.7971564+02:00" testType="13cdc9d9-ddb5-4fa4-a97d-d965ccfc6d4b" outcome="Failed" testListId="8c84fa94-04c1-424b-9868-57a2d4851a1d" relativeResultsDirectory="20163d90-534b-49f8-9605-40958ba3fa9c">
      <Output>
        <ErrorInfo>
          <Message>Test method DATAFEED.Tests.Filter.GtOperator threw exception: 
System.Exception: AT-REQUEST:065bf909-eaca-44af-b562-f3f4500dad0e
&lt;ErrorDetail&gt;
  &lt;ErrorCode&gt;1&lt;/ErrorCode&gt;
  &lt;ErrorMessage&gt;Unexpected Error&lt;/ErrorMessage&gt;
&lt;/ErrorDetail&gt;
 ---&gt; System.InvalidOperationException: There is an error in XML document (1, 2). ---&gt; System.InvalidOperationException: &lt;ErrorDetail xmlns=''&gt; was not expected.</Message>
          <StackTrace>    at Microsoft.Xml.Serialization.GeneratedAssembly.XmlSerializationReaderXmlDataFeedV1.Read14_DataFeed()
 --- End of inner exception stack trace ---
    at System.Xml.Serialization.XmlSerializer.Deserialize(XmlReader xmlReader, String encodingStyle, XmlDeserializationEvents events)
   at System.Xml.Serialization.XmlSerializer.Deserialize(Stream stream)
   at DATAFEED.Tests.HttpRequestHelper.XmlDeserialize[T]() in e:\Jenkins\workspace\DataEngine\DATAFEED.Tests\DATAFEED.Tests\Helper\HttpRequestHelper.cs:line 240
 --- End of inner exception stack trace ---
    at DATAFEED.Tests.HttpRequestHelper.XmlDeserialize[T]() in e:\Jenkins\workspace\DataEngine\DATAFEED.Tests\DATAFEED.Tests\Helper\HttpRequestHelper.cs:line 244
   at DATAFEED.Tests.Filter.GtOperator() in e:\Jenkins\workspace\DataEngine\DATAFEED.Tests\DATAFEED.Tests\Filter.cs:line 66
</StackTrace>
        </ErrorInfo>
      </Output>
    </UnitTestResult>
    <UnitTestResult executionId="e62a7fe2-5c0e-44ce-8d2c-9e2f06f44cb0" testId="be299b7d-9ab2-a80f-2788-97dab1e98fca" testName="IdOperator" computerName="BDXBLD003" duration="00:00:04.0756609" startTime="2015-07-23T12:28:51.0910856+02:00" endTime="2015-07-23T12:28:55.1681629+02:00" testType="13cdc9d9-ddb5-4fa4-a97d-d965ccfc6d4b" outcome="Failed" testListId="8c84fa94-04c1-424b-9868-57a2d4851a1d" relativeResultsDirectory="e62a7fe2-5c0e-44ce-8d2c-9e2f06f44cb0">
      <Output>
        <ErrorInfo>
          <Message>Test method DATAFEED.Tests.Filter.IdOperator threw exception: 
System.Exception: AT-REQUEST:21e09898-95c0-4c38-93b0-5997920d3367
&lt;ErrorDetail&gt;
  &lt;ErrorCode&gt;1&lt;/ErrorCode&gt;
  &lt;ErrorMessage&gt;Unexpected Error&lt;/ErrorMessage&gt;
&lt;/ErrorDetail&gt;
 ---&gt; System.InvalidOperationException: There is an error in XML document (1, 2). ---&gt; System.InvalidOperationException: &lt;ErrorDetail xmlns=''&gt; was not expected.</Message>
          <StackTrace>    at Microsoft.Xml.Serialization.GeneratedAssembly.XmlSerializationReaderXmlDataFeedV1.Read14_DataFeed()
 --- End of inner exception stack trace ---
    at System.Xml.Serialization.XmlSerializer.Deserialize(XmlReader xmlReader, String encodingStyle, XmlDeserializationEvents events)
   at System.Xml.Serialization.XmlSerializer.Deserialize(Stream stream)
   at DATAFEED.Tests.HttpRequestHelper.XmlDeserialize[T]() in e:\Jenkins\workspace\DataEngine\DATAFEED.Tests\DATAFEED.Tests\Helper\HttpRequestHelper.cs:line 240
 --- End of inner exception stack trace ---
    at DATAFEED.Tests.HttpRequestHelper.XmlDeserialize[T]() in e:\Jenkins\workspace\DataEngine\DATAFEED.Tests\DATAFEED.Tests\Helper\HttpRequestHelper.cs:line 244
   at DATAFEED.Tests.Filter.IdOperator() in e:\Jenkins\workspace\DataEngine\DATAFEED.Tests\DATAFEED.Tests\Filter.cs:line 188
</StackTrace>
        </ErrorInfo>
      </Output>
    </UnitTestResult>
    <UnitTestResult executionId="4ca20039-6953-4823-ac20-e3f32fc3050b" testId="07cbb391-0232-63f1-95ee-edc1e4f33a95" testName="InLkOperator" computerName="BDXBLD003" duration="00:00:02.0996571" startTime="2015-07-23T12:28:52.5064609+02:00" endTime="2015-07-23T12:28:54.6071531+02:00" testType="13cdc9d9-ddb5-4fa4-a97d-d965ccfc6d4b" outcome="Failed" testListId="8c84fa94-04c1-424b-9868-57a2d4851a1d" relativeResultsDirectory="4ca20039-6953-4823-ac20-e3f32fc3050b">
      <Output>
        <ErrorInfo>
          <Message>Test method DATAFEED.Tests.Filter.InLkOperator threw exception: 
System.Exception: AT-REQUEST:d847098f-775b-4bab-aa95-82756250963a
&lt;ErrorDetail&gt;
  &lt;ErrorCode&gt;1&lt;/ErrorCode&gt;
  &lt;ErrorMessage&gt;Unexpected Error&lt;/ErrorMessage&gt;
&lt;/ErrorDetail&gt;
 ---&gt; System.InvalidOperationException: There is an error in XML document (1, 2). ---&gt; System.InvalidOperationException: &lt;ErrorDetail xmlns=''&gt; was not expected.</Message>
          <StackTrace>    at Microsoft.Xml.Serialization.GeneratedAssembly.XmlSerializationReaderXmlDataFeedV1.Read14_DataFeed()
 --- End of inner exception stack trace ---
    at System.Xml.Serialization.XmlSerializer.Deserialize(XmlReader xmlReader, String encodingStyle, XmlDeserializationEvents events)
   at System.Xml.Serialization.XmlSerializer.Deserialize(Stream stream)
   at DATAFEED.Tests.HttpRequestHelper.XmlDeserialize[T]() in e:\Jenkins\workspace\DataEngine\DATAFEED.Tests\DATAFEED.Tests\Helper\HttpRequestHelper.cs:line 240
 --- End of inner exception stack trace ---
    at DATAFEED.Tests.HttpRequestHelper.XmlDeserialize[T]() in e:\Jenkins\workspace\DataEngine\DATAFEED.Tests\DATAFEED.Tests\Helper\HttpRequestHelper.cs:line 244
   at DATAFEED.Tests.Filter.InLkOperator() in e:\Jenkins\workspace\DataEngine\DATAFEED.Tests\DATAFEED.Tests\Filter.cs:line 313
</StackTrace>
        </ErrorInfo>
      </Output>
    </UnitTestResult>
    <UnitTestResult executionId="989e2552-6159-487b-8395-41f47f02643c" testId="81736839-ff99-3d1d-4749-2546dd4b8e28" testName="InLkwOperator" computerName="BDXBLD003" duration="00:00:02.0886183" startTime="2015-07-23T12:28:52.5331119+02:00" endTime="2015-07-23T12:28:54.6231540+02:00" testType="13cdc9d9-ddb5-4fa4-a97d-d965ccfc6d4b" outcome="Failed" testListId="8c84fa94-04c1-424b-9868-57a2d4851a1d" relativeResultsDirectory="989e2552-6159-487b-8395-41f47f02643c">
      <Output>
        <ErrorInfo>
          <Message>Test method DATAFEED.Tests.Filter.InLkwOperator threw exception: 
System.Exception: AT-REQUEST:2730923f-14a1-4cdc-9d19-a5da55f0683d
&lt;ErrorDetail&gt;
  &lt;ErrorCode&gt;1&lt;/ErrorCode&gt;
  &lt;ErrorMessage&gt;Unexpected Error&lt;/ErrorMessage&gt;
&lt;/ErrorDetail&gt;
 ---&gt; System.InvalidOperationException: There is an error in XML document (1, 2). ---&gt; System.InvalidOperationException: &lt;ErrorDetail xmlns=''&gt; was not expected.</Message>
          <StackTrace>    at Microsoft.Xml.Serialization.GeneratedAssembly.XmlSerializationReaderXmlDataFeedV1.Read14_DataFeed()
 --- End of inner exception stack trace ---
    at System.Xml.Serialization.XmlSerializer.Deserialize(XmlReader xmlReader, String encodingStyle, XmlDeserializationEvents events)
   at System.Xml.Serialization.XmlSerializer.Deserialize(Stream stream)
   at DATAFEED.Tests.HttpRequestHelper.XmlDeserialize[T]() in e:\Jenkins\workspace\DataEngine\DATAFEED.Tests\DATAFEED.Tests\Helper\HttpRequestHelper.cs:line 240
 --- End of inner exception stack trace ---
    at DATAFEED.Tests.HttpRequestHelper.XmlDeserialize[T]() in e:\Jenkins\workspace\DataEngine\DATAFEED.Tests\DATAFEED.Tests\Helper\HttpRequestHelper.cs:line 244
   at DATAFEED.Tests.Filter.InLkwOperator() in e:\Jenkins\workspace\DataEngine\DATAFEED.Tests\DATAFEED.Tests\Filter.cs:line 377
</StackTrace>
        </ErrorInfo>
      </Output>
    </UnitTestResult>
    <UnitTestResult executionId="83973b18-ad05-420e-ba3d-791ca9c5ff41" testId="1b37fb7c-273b-aa21-d126-191b0b5e2266" testName="InOperator" computerName="BDXBLD003" duration="00:00:04.1789159" startTime="2015-07-23T12:28:54.6291531+02:00" endTime="2015-07-23T12:28:58.8232336+02:00" testType="13cdc9d9-ddb5-4fa4-a97d-d965ccfc6d4b" outcome="Failed" testListId="8c84fa94-04c1-424b-9868-57a2d4851a1d" relativeResultsDirectory="83973b18-ad05-420e-ba3d-791ca9c5ff41">
      <Output>
        <ErrorInfo>
          <Message>Test method DATAFEED.Tests.Filter.InOperator threw exception: 
System.Exception: AT-REQUEST:f06fd000-99c4-4d20-a57b-06669700e00a
&lt;ErrorDetail&gt;
  &lt;ErrorCode&gt;1&lt;/ErrorCode&gt;
  &lt;ErrorMessage&gt;Unexpected Error&lt;/ErrorMessage&gt;
&lt;/ErrorDetail&gt;
 ---&gt; System.InvalidOperationException: There is an error in XML document (1, 2). ---&gt; System.InvalidOperationException: &lt;ErrorDetail xmlns=''&gt; was not expected.</Message>
          <StackTrace>    at Microsoft.Xml.Serialization.GeneratedAssembly.XmlSerializationReaderXmlDataFeedV1.Read14_DataFeed()
 --- End of inner exception stack trace ---
    at System.Xml.Serialization.XmlSerializer.Deserialize(XmlReader xmlReader, String encodingStyle, XmlDeserializationEvents events)
   at System.Xml.Serialization.XmlSerializer.Deserialize(Stream stream)
   at DATAFEED.Tests.HttpRequestHelper.XmlDeserialize[T]() in e:\Jenkins\workspace\DataEngine\DATAFEED.Tests\DATAFEED.Tests\Helper\HttpRequestHelper.cs:line 240
 --- End of inner exception stack trace ---
    at DATAFEED.Tests.HttpRequestHelper.XmlDeserialize[T]() in e:\Jenkins\workspace\DataEngine\DATAFEED.Tests\DATAFEED.Tests\Helper\HttpRequestHelper.cs:line 244
   at DATAFEED.Tests.Filter.InOperator() in e:\Jenkins\workspace\DataEngine\DATAFEED.Tests\DATAFEED.Tests\Filter.cs:line 282
</StackTrace>
        </ErrorInfo>
      </Output>
    </UnitTestResult>
    <UnitTestResult executionId="0291a395-6e0f-4f9c-81a2-1bf274f43724" testId="abe14308-036b-736c-67bc-a358d64efb3d" testName="LkAndNeqOperator" computerName="BDXBLD003" duration="00:00:10.2612588" startTime="2015-07-23T12:28:54.6481537+02:00" endTime="2015-07-23T12:29:04.9175957+02:00" testType="13cdc9d9-ddb5-4fa4-a97d-d965ccfc6d4b" outcome="Failed" testListId="8c84fa94-04c1-424b-9868-57a2d4851a1d" relativeResultsDirectory="0291a395-6e0f-4f9c-81a2-1bf274f43724">
      <Output>
        <ErrorInfo>
          <Message>Test method DATAFEED.Tests.Filter.LkAndNeqOperator threw exception: 
System.Exception: AT-REQUEST:d181b5f2-5090-4be5-a50c-8245bdf7aecb
&lt;ErrorDetail&gt;
  &lt;ErrorCode&gt;1&lt;/ErrorCode&gt;
  &lt;ErrorMessage&gt;Unexpected Error&lt;/ErrorMessage&gt;
&lt;/ErrorDetail&gt;
 ---&gt; System.InvalidOperationException: There is an error in XML document (1, 2). ---&gt; System.InvalidOperationException: &lt;ErrorDetail xmlns=''&gt; was not expected.</Message>
          <StackTrace>    at Microsoft.Xml.Serialization.GeneratedAssembly.XmlSerializationReaderXmlDataFeedV1.Read14_DataFeed()
 --- End of inner exception stack trace ---
    at System.Xml.Serialization.XmlSerializer.Deserialize(XmlReader xmlReader, String encodingStyle, XmlDeserializationEvents events)
   at System.Xml.Serialization.XmlSerializer.Deserialize(Stream stream)
   at DATAFEED.Tests.HttpRequestHelper.XmlDeserialize[T]() in e:\Jenkins\workspace\DataEngine\DATAFEED.Tests\DATAFEED.Tests\Helper\HttpRequestHelper.cs:line 240
 --- End of inner exception stack trace ---
    at DATAFEED.Tests.HttpRequestHelper.XmlDeserialize[T]() in e:\Jenkins\workspace\DataEngine\DATAFEED.Tests\DATAFEED.Tests\Helper\HttpRequestHelper.cs:line 244
   at DATAFEED.Tests.Filter.LkAndNeqOperator() in e:\Jenkins\workspace\DataEngine\DATAFEED.Tests\DATAFEED.Tests\Filter.cs:line 137
</StackTrace>
        </ErrorInfo>
      </Output>
    </UnitTestResult>
    <UnitTestResult executionId="65080f2d-7452-4a5a-bb8a-db6bb9ee151a" testId="39d04455-b7bb-467f-ca5d-7f1f4ea1608a" testName="LkwOperator" computerName="BDXBLD003" duration="00:00:02.0647315" startTime="2015-07-23T12:28:54.8071539+02:00" endTime="2015-07-23T12:28:56.8851964+02:00" testType="13cdc9d9-ddb5-4fa4-a97d-d965ccfc6d4b" outcome="Failed" testListId="8c84fa94-04c1-424b-9868-57a2d4851a1d" relativeResultsDirectory="65080f2d-7452-4a5a-bb8a-db6bb9ee151a">
      <Output>
        <ErrorInfo>
          <Message>Test method DATAFEED.Tests.Filter.LkwOperator threw exception: 
System.Exception: AT-REQUEST:9208081d-b9eb-435f-ae0a-9e208c05e8a0
&lt;ErrorDetail&gt;
  &lt;ErrorCode&gt;1&lt;/ErrorCode&gt;
  &lt;ErrorMessage&gt;Unexpected Error&lt;/ErrorMessage&gt;
&lt;/ErrorDetail&gt;
 ---&gt; System.InvalidOperationException: There is an error in XML document (1, 2). ---&gt; System.InvalidOperationException: &lt;ErrorDetail xmlns=''&gt; was not expected.</Message>
          <StackTrace>    at Microsoft.Xml.Serialization.GeneratedAssembly.XmlSerializationReaderXmlDataFeedV1.Read14_DataFeed()
 --- End of inner exception stack trace ---
    at System.Xml.Serialization.XmlSerializer.Deserialize(XmlReader xmlReader, String encodingStyle, XmlDeserializationEvents events)
   at System.Xml.Serialization.XmlSerializer.Deserialize(Stream stream)
   at DATAFEED.Tests.HttpRequestHelper.XmlDeserialize[T]() in e:\Jenkins\workspace\DataEngine\DATAFEED.Tests\DATAFEED.Tests\Helper\HttpRequestHelper.cs:line 240
 --- End of inner exception stack trace ---
    at DATAFEED.Tests.HttpRequestHelper.XmlDeserialize[T]() in e:\Jenkins\workspace\DataEngine\DATAFEED.Tests\DATAFEED.Tests\Helper\HttpRequestHelper.cs:line 244
   at DATAFEED.Tests.Filter.LkwOperator() in e:\Jenkins\workspace\DataEngine\DATAFEED.Tests\DATAFEED.Tests\Filter.cs:line 344
</StackTrace>
        </ErrorInfo>
      </Output>
    </UnitTestResult>
    <UnitTestResult executionId="219001ff-11d6-4267-ba6f-088a82675cdf" testId="20a795f1-225c-a7ba-3cb4-d40d991476f2" testName="LtAndGteOperator" computerName="BDXBLD003" duration="00:00:02.0945855" startTime="2015-07-23T12:28:55.1991633+02:00" endTime="2015-07-23T12:28:57.3302050+02:00" testType="13cdc9d9-ddb5-4fa4-a97d-d965ccfc6d4b" outcome="Failed" testListId="8c84fa94-04c1-424b-9868-57a2d4851a1d" relativeResultsDirectory="219001ff-11d6-4267-ba6f-088a82675cdf">
      <Output>
        <ErrorInfo>
          <Message>Test method DATAFEED.Tests.Filter.LtAndGteOperator threw exception: 
System.Exception: AT-REQUEST:d391d3a9-1331-4499-97e8-28e12ec7679e
&lt;ErrorDetail&gt;
  &lt;ErrorCode&gt;1&lt;/ErrorCode&gt;
  &lt;ErrorMessage&gt;Unexpected Error&lt;/ErrorMessage&gt;
&lt;/ErrorDetail&gt;
 ---&gt; System.InvalidOperationException: There is an error in XML document (1, 2). ---&gt; System.InvalidOperationException: &lt;ErrorDetail xmlns=''&gt; was not expected.</Message>
          <StackTrace>    at Microsoft.Xml.Serialization.GeneratedAssembly.XmlSerializationReaderXmlDataFeedV1.Read14_DataFeed()
 --- End of inner exception stack trace ---
    at System.Xml.Serialization.XmlSerializer.Deserialize(XmlReader xmlReader, String encodingStyle, XmlDeserializationEvents events)
   at System.Xml.Serialization.XmlSerializer.Deserialize(Stream stream)
   at DATAFEED.Tests.HttpRequestHelper.XmlDeserialize[T]() in e:\Jenkins\workspace\DataEngine\DATAFEED.Tests\DATAFEED.Tests\Helper\HttpRequestHelper.cs:line 240
 --- End of inner exception stack trace ---
    at DATAFEED.Tests.HttpRequestHelper.XmlDeserialize[T]() in e:\Jenkins\workspace\DataEngine\DATAFEED.Tests\DATAFEED.Tests\Helper\HttpRequestHelper.cs:line 244
   at DATAFEED.Tests.Filter.LtAndGteOperator() in e:\Jenkins\workspace\DataEngine\DATAFEED.Tests\DATAFEED.Tests\Filter.cs:line 82
</StackTrace>
        </ErrorInfo>
      </Output>
    </UnitTestResult>
    <UnitTestResult executionId="c064cf0d-1455-45f2-ae5b-6d1f06647833" testId="e53eb1be-9138-7f07-e34d-94c2078063cd" testName="LteOperator" computerName="BDXBLD003" duration="00:00:04.1121999" startTime="2015-07-23T12:28:56.8861959+02:00" endTime="2015-07-23T12:29:01.0002767+02:00" testType="13cdc9d9-ddb5-4fa4-a97d-d965ccfc6d4b" outcome="Failed" testListId="8c84fa94-04c1-424b-9868-57a2d4851a1d" relativeResultsDirectory="c064cf0d-1455-45f2-ae5b-6d1f06647833">
      <Output>
        <ErrorInfo>
          <Message>Test method DATAFEED.Tests.Filter.LteOperator threw exception: 
System.Exception: AT-REQUEST:e67d4e39-5dcb-413d-a897-c328197b099e
&lt;ErrorDetail&gt;
  &lt;ErrorCode&gt;1&lt;/ErrorCode&gt;
  &lt;ErrorMessage&gt;Unexpected Error&lt;/ErrorMessage&gt;
&lt;/ErrorDetail&gt;
 ---&gt; System.InvalidOperationException: There is an error in XML document (1, 2). ---&gt; System.InvalidOperationException: &lt;ErrorDetail xmlns=''&gt; was not expected.</Message>
          <StackTrace>    at Microsoft.Xml.Serialization.GeneratedAssembly.XmlSerializationReaderXmlDataFeedV1.Read14_DataFeed()
 --- End of inner exception stack trace ---
    at System.Xml.Serialization.XmlSerializer.Deserialize(XmlReader xmlReader, String encodingStyle, XmlDeserializationEvents events)
   at System.Xml.Serialization.XmlSerializer.Deserialize(Stream stream)
   at DATAFEED.Tests.HttpRequestHelper.XmlDeserialize[T]() in e:\Jenkins\workspace\DataEngine\DATAFEED.Tests\DATAFEED.Tests\Helper\HttpRequestHelper.cs:line 240
 --- End of inner exception stack trace ---
    at DATAFEED.Tests.HttpRequestHelper.XmlDeserialize[T]() in e:\Jenkins\workspace\DataEngine\DATAFEED.Tests\DATAFEED.Tests\Helper\HttpRequestHelper.cs:line 244
   at DATAFEED.Tests.Filter.LteOperator() in e:\Jenkins\workspace\DataEngine\DATAFEED.Tests\DATAFEED.Tests\Filter.cs:line 103
</StackTrace>
        </ErrorInfo>
      </Output>
    </UnitTestResult>
    <UnitTestResult executionId="7a269f44-3aa0-4005-8180-235c0d18e822" testId="8029eea1-13ff-2382-9560-8a9df3d15deb" testName="MultiPeriodFilterBlacklist" computerName="BDXBLD003" duration="00:00:04.0871326" startTime="2015-07-23T12:28:57.3342037+02:00" endTime="2015-07-23T12:29:01.4222816+02:00" testType="13cdc9d9-ddb5-4fa4-a97d-d965ccfc6d4b" outcome="Failed" testListId="8c84fa94-04c1-424b-9868-57a2d4851a1d" relativeResultsDirectory="7a269f44-3aa0-4005-8180-235c0d18e822">
      <Output>
        <ErrorInfo>
          <Message>Test method DATAFEED.Tests.Filter.MultiPeriodFilterBlacklist threw exception: 
System.Net.WebException: AT-REQUEST:029d35aa-78f5-47c8-989a-5e3bf3bbadd5
&lt;ErrorDetail&gt;
  &lt;ErrorCode&gt;1&lt;/ErrorCode&gt;
  &lt;ErrorMessage&gt;Unexpected Error&lt;/ErrorMessage&gt;
&lt;/ErrorDetail&gt;
</Message>
          <StackTrace>    at DATAFEED.Tests.HttpRequestHelper.EnsureStatusIsSuccessful() in e:\Jenkins\workspace\DataEngine\DATAFEED.Tests\DATAFEED.Tests\Helper\HttpRequestHelper.cs:line 78
   at DATAFEED.Tests.Filter.MultiPeriodFilterBlacklist() in e:\Jenkins\workspace\DataEngine\DATAFEED.Tests\DATAFEED.Tests\Filter.cs:line 528
</StackTrace>
        </ErrorInfo>
      </Output>
    </UnitTestResult>
    <UnitTestResult executionId="62c02013-3612-4cdf-96e3-ee7165fef4a8" testId="c0e45f2d-80d6-9077-c695-7fb471e84566" testName="NidOperator" computerName="BDXBLD003" duration="00:00:02.0834341" startTime="2015-07-23T12:28:58.8332331+02:00" endTime="2015-07-23T12:29:00.9252733+02:00" testType="13cdc9d9-ddb5-4fa4-a97d-d965ccfc6d4b" outcome="Failed" testListId="8c84fa94-04c1-424b-9868-57a2d4851a1d" relativeResultsDirectory="62c02013-3612-4cdf-96e3-ee7165fef4a8">
      <Output>
        <ErrorInfo>
          <Message>Test method DATAFEED.Tests.Filter.NidOperator threw exception: 
System.Exception: AT-REQUEST:5ec6c6d7-4e0a-492f-911e-15a7f4e40476
&lt;ErrorDetail&gt;
  &lt;ErrorCode&gt;1&lt;/ErrorCode&gt;
  &lt;ErrorMessage&gt;Unexpected Error&lt;/ErrorMessage&gt;
&lt;/ErrorDetail&gt;
 ---&gt; System.InvalidOperationException: There is an error in XML document (1, 2). ---&gt; System.InvalidOperationException: &lt;ErrorDetail xmlns=''&gt; was not expected.</Message>
          <StackTrace>    at Microsoft.Xml.Serialization.GeneratedAssembly.XmlSerializationReaderXmlDataFeedV1.Read14_DataFeed()
 --- End of inner exception stack trace ---
    at System.Xml.Serialization.XmlSerializer.Deserialize(XmlReader xmlReader, String encodingStyle, XmlDeserializationEvents events)
   at System.Xml.Serialization.XmlSerializer.Deserialize(Stream stream)
   at DATAFEED.Tests.HttpRequestHelper.XmlDeserialize[T]() in e:\Jenkins\workspace\DataEngine\DATAFEED.Tests\DATAFEED.Tests\Helper\HttpRequestHelper.cs:line 240
 --- End of inner exception stack trace ---
    at DATAFEED.Tests.HttpRequestHelper.XmlDeserialize[T]() in e:\Jenkins\workspace\DataEngine\DATAFEED.Tests\DATAFEED.Tests\Helper\HttpRequestHelper.cs:line 244
   at DATAFEED.Tests.Filter.NidOperator() in e:\Jenkins\workspace\DataEngine\DATAFEED.Tests\DATAFEED.Tests\Filter.cs:line 204
</StackTrace>
        </ErrorInfo>
      </Output>
    </UnitTestResult>
    <UnitTestResult executionId="78b468ae-93e7-423f-8fb7-8e01e719e43e" testId="b721ea4d-3a38-726e-51ce-d9cc81e3ff58" testName="NlkAndNeqOperator" computerName="BDXBLD003" duration="00:00:08.2623712" startTime="2015-07-23T12:29:00.9402739+02:00" endTime="2015-07-23T12:29:09.2046789+02:00" testType="13cdc9d9-ddb5-4fa4-a97d-d965ccfc6d4b" outcome="Failed" testListId="8c84fa94-04c1-424b-9868-57a2d4851a1d" relativeResultsDirectory="78b468ae-93e7-423f-8fb7-8e01e719e43e">
      <Output>
        <ErrorInfo>
          <Message>Test method DATAFEED.Tests.Filter.NlkAndNeqOperator threw exception: 
System.Exception: AT-REQUEST:8f29cc4e-b2c1-4a28-89ad-c33b7ee8fa47
&lt;ErrorDetail&gt;
  &lt;ErrorCode&gt;1&lt;/ErrorCode&gt;
  &lt;ErrorMessage&gt;Unexpected Error&lt;/ErrorMessage&gt;
&lt;/ErrorDetail&gt;
 ---&gt; System.InvalidOperationException: There is an error in XML document (1, 2). ---&gt; System.InvalidOperationException: &lt;ErrorDetail xmlns=''&gt; was not expected.</Message>
          <StackTrace>    at Microsoft.Xml.Serialization.GeneratedAssembly.XmlSerializationReaderXmlDataFeedV1.Read14_DataFeed()
 --- End of inner exception stack trace ---
    at System.Xml.Serialization.XmlSerializer.Deserialize(XmlReader xmlReader, String encodingStyle, XmlDeserializationEvents events)
   at System.Xml.Serialization.XmlSerializer.Deserialize(Stream stream)
   at DATAFEED.Tests.HttpRequestHelper.XmlDeserialize[T]() in e:\Jenkins\workspace\DataEngine\DATAFEED.Tests\DATAFEED.Tests\Helper\HttpRequestHelper.cs:line 240
 --- End of inner exception stack trace ---
    at DATAFEED.Tests.HttpRequestHelper.XmlDeserialize[T]() in e:\Jenkins\workspace\DataEngine\DATAFEED.Tests\DATAFEED.Tests\Helper\HttpRequestHelper.cs:line 244
   at DATAFEED.Tests.Filter.NlkAndNeqOperator() in e:\Jenkins\workspace\DataEngine\DATAFEED.Tests\DATAFEED.Tests\Filter.cs:line 153
</StackTrace>
        </ErrorInfo>
      </Output>
    </UnitTestResult>
    <UnitTestResult executionId="d8ab2a4e-a4d8-4b39-98df-e443b7779bee" testId="79d5a100-6bff-dfac-a54d-088851aea2b9" testName="NotEmptyOperator" computerName="BDXBLD003" duration="00:00:02.0607618" startTime="2015-07-23T12:29:01.0112751+02:00" endTime="2015-07-23T12:29:03.0803178+02:00" testType="13cdc9d9-ddb5-4fa4-a97d-d965ccfc6d4b" outcome="Failed" testListId="8c84fa94-04c1-424b-9868-57a2d4851a1d" relativeResultsDirectory="d8ab2a4e-a4d8-4b39-98df-e443b7779bee">
      <Output>
        <ErrorInfo>
          <Message>Test method DATAFEED.Tests.Filter.NotEmptyOperator threw exception: 
System.Exception: AT-REQUEST:e3c07eb3-a341-4ef7-9e20-4cdc372c1bbb
&lt;ErrorDetail&gt;
  &lt;ErrorCode&gt;1&lt;/ErrorCode&gt;
  &lt;ErrorMessage&gt;Unexpected Error&lt;/ErrorMessage&gt;
&lt;/ErrorDetail&gt;
 ---&gt; System.InvalidOperationException: There is an error in XML document (1, 2). ---&gt; System.InvalidOperationException: &lt;ErrorDetail xmlns=''&gt; was not expected.</Message>
          <StackTrace>    at Microsoft.Xml.Serialization.GeneratedAssembly.XmlSerializationReaderXmlDataFeedV1.Read14_DataFeed()
 --- End of inner exception stack trace ---
    at System.Xml.Serialization.XmlSerializer.Deserialize(XmlReader xmlReader, String encodingStyle, XmlDeserializationEvents events)
   at System.Xml.Serialization.XmlSerializer.Deserialize(Stream stream)
   at DATAFEED.Tests.HttpRequestHelper.XmlDeserialize[T]() in e:\Jenkins\workspace\DataEngine\DATAFEED.Tests\DATAFEED.Tests\Helper\HttpRequestHelper.cs:line 240
 --- End of inner exception stack trace ---
    at DATAFEED.Tests.HttpRequestHelper.XmlDeserialize[T]() in e:\Jenkins\workspace\DataEngine\DATAFEED.Tests\DATAFEED.Tests\Helper\HttpRequestHelper.cs:line 244
   at DATAFEED.Tests.Filter.NotEmptyOperator() in e:\Jenkins\workspace\DataEngine\DATAFEED.Tests\DATAFEED.Tests\Filter.cs:line 33
</StackTrace>
        </ErrorInfo>
      </Output>
    </UnitTestResult>
    <UnitTestResult executionId="4337f233-b7df-475d-9d28-93381e63dbb3" testId="22dc393b-1b76-4a32-303c-2fec9610249c" testName="NotEndOperator" computerName="BDXBLD003" duration="00:00:08.1540830" startTime="2015-07-23T12:29:01.4222816+02:00" endTime="2015-07-23T12:29:09.5776857+02:00" testType="13cdc9d9-ddb5-4fa4-a97d-d965ccfc6d4b" outcome="Failed" testListId="8c84fa94-04c1-424b-9868-57a2d4851a1d" relativeResultsDirectory="4337f233-b7df-475d-9d28-93381e63dbb3">
      <Output>
        <ErrorInfo>
          <Message>Test method DATAFEED.Tests.Filter.NotEndOperator threw exception: 
System.Exception: AT-REQUEST:73c97490-7466-4c09-bafe-12f685272954
&lt;ErrorDetail&gt;
  &lt;ErrorCode&gt;1&lt;/ErrorCode&gt;
  &lt;ErrorMessage&gt;Unexpected Error&lt;/ErrorMessage&gt;
&lt;/ErrorDetail&gt;
 ---&gt; System.InvalidOperationException: There is an error in XML document (1, 2). ---&gt; System.InvalidOperationException: &lt;ErrorDetail xmlns=''&gt; was not expected.</Message>
          <StackTrace>    at Microsoft.Xml.Serialization.GeneratedAssembly.XmlSerializationReaderXmlDataFeedV1.Read14_DataFeed()
 --- End of inner exception stack trace ---
    at System.Xml.Serialization.XmlSerializer.Deserialize(XmlReader xmlReader, String encodingStyle, XmlDeserializationEvents events)
   at System.Xml.Serialization.XmlSerializer.Deserialize(Stream stream)
   at DATAFEED.Tests.HttpRequestHelper.XmlDeserialize[T]() in e:\Jenkins\workspace\DataEngine\DATAFEED.Tests\DATAFEED.Tests\Helper\HttpRequestHelper.cs:line 240
 --- End of inner exception stack trace ---
    at DATAFEED.Tests.HttpRequestHelper.XmlDeserialize[T]() in e:\Jenkins\workspace\DataEngine\DATAFEED.Tests\DATAFEED.Tests\Helper\HttpRequestHelper.cs:line 244
   at DATAFEED.Tests.Filter.NotEndOperator() in e:\Jenkins\workspace\DataEngine\DATAFEED.Tests\DATAFEED.Tests\Filter.cs:line 420
</StackTrace>
        </ErrorInfo>
      </Output>
    </UnitTestResult>
    <UnitTestResult executionId="2e7fee87-c279-4801-9d64-2c53a2b25a71" testId="389d4bc8-2dc8-b1e1-aec4-de2b40489262" testName="NotEqualOperator" computerName="BDXBLD003" duration="00:00:04.1014524" startTime="2015-07-23T12:29:03.0813152+02:00" endTime="2015-07-23T12:29:07.1886391+02:00" testType="13cdc9d9-ddb5-4fa4-a97d-d965ccfc6d4b" outcome="Failed" testListId="8c84fa94-04c1-424b-9868-57a2d4851a1d" relativeResultsDirectory="2e7fee87-c279-4801-9d64-2c53a2b25a71">
      <Output>
        <ErrorInfo>
          <Message>Test method DATAFEED.Tests.Filter.NotEqualOperator threw exception: 
System.Exception: AT-REQUEST:c3f852fd-b1f1-435a-9abd-1f43b11c0522
&lt;ErrorDetail&gt;
  &lt;ErrorCode&gt;1&lt;/ErrorCode&gt;
  &lt;ErrorMessage&gt;Unexpected Error&lt;/ErrorMessage&gt;
&lt;/ErrorDetail&gt;
 ---&gt; System.InvalidOperationException: There is an error in XML document (1, 2). ---&gt; System.InvalidOperationException: &lt;ErrorDetail xmlns=''&gt; was not expected.</Message>
          <StackTrace>    at Microsoft.Xml.Serialization.GeneratedAssembly.XmlSerializationReaderXmlDataFeedV1.Read14_DataFeed()
 --- End of inner exception stack trace ---
    at System.Xml.Serialization.XmlSerializer.Deserialize(XmlReader xmlReader, String encodingStyle, XmlDeserializationEvents events)
   at System.Xml.Serialization.XmlSerializer.Deserialize(Stream stream)
   at DATAFEED.Tests.HttpRequestHelper.XmlDeserialize[T]() in e:\Jenkins\workspace\DataEngine\DATAFEED.Tests\DATAFEED.Tests\Helper\HttpRequestHelper.cs:line 240
 --- End of inner exception stack trace ---
    at DATAFEED.Tests.HttpRequestHelper.XmlDeserialize[T]() in e:\Jenkins\workspace\DataEngine\DATAFEED.Tests\DATAFEED.Tests\Helper\HttpRequestHelper.cs:line 244
   at DATAFEED.Tests.Filter.NotEqualOperator() in e:\Jenkins\workspace\DataEngine\DATAFEED.Tests\DATAFEED.Tests\Filter.cs:line 121
</StackTrace>
        </ErrorInfo>
      </Output>
    </UnitTestResult>
    <UnitTestResult executionId="dc109709-b62a-4101-99e2-a322c3e9ec20" testId="2268a7b5-638d-ce47-badf-14496e6c223c" testName="NotInLkOperator" computerName="BDXBLD003" duration="00:00:08.1945362" startTime="2015-07-23T12:29:04.9195952+02:00" endTime="2015-07-23T12:29:13.1274983+02:00" testType="13cdc9d9-ddb5-4fa4-a97d-d965ccfc6d4b" outcome="Failed" testListId="8c84fa94-04c1-424b-9868-57a2d4851a1d" relativeResultsDirectory="dc109709-b62a-4101-99e2-a322c3e9ec20">
      <Output>
        <ErrorInfo>
          <Message>Test method DATAFEED.Tests.Filter.NotInLkOperator threw exception: 
System.Exception: AT-REQUEST:6cd0c3cc-6c93-40d1-9880-e65559bc3dff
&lt;ErrorDetail&gt;
  &lt;ErrorCode&gt;1&lt;/ErrorCode&gt;
  &lt;ErrorMessage&gt;Unexpected Error&lt;/ErrorMessage&gt;
&lt;/ErrorDetail&gt;
 ---&gt; System.InvalidOperationException: There is an error in XML document (1, 2). ---&gt; System.InvalidOperationException: &lt;ErrorDetail xmlns=''&gt; was not expected.</Message>
          <StackTrace>    at Microsoft.Xml.Serialization.GeneratedAssembly.XmlSerializationReaderXmlDataFeedV1.Read14_DataFeed()
 --- End of inner exception stack trace ---
    at System.Xml.Serialization.XmlSerializer.Deserialize(XmlReader xmlReader, String encodingStyle, XmlDeserializationEvents events)
   at System.Xml.Serialization.XmlSerializer.Deserialize(Stream stream)
   at DATAFEED.Tests.HttpRequestHelper.XmlDeserialize[T]() in e:\Jenkins\workspace\DataEngine\DATAFEED.Tests\DATAFEED.Tests\Helper\HttpRequestHelper.cs:line 240
 --- End of inner exception stack trace ---
    at DATAFEED.Tests.HttpRequestHelper.XmlDeserialize[T]() in e:\Jenkins\workspace\DataEngine\DATAFEED.Tests\DATAFEED.Tests\Helper\HttpRequestHelper.cs:line 244
   at DATAFEED.Tests.Filter.NotInLkOperator() in e:\Jenkins\workspace\DataEngine\DATAFEED.Tests\DATAFEED.Tests\Filter.cs:line 330
</StackTrace>
        </ErrorInfo>
      </Output>
    </UnitTestResult>
    <UnitTestResult executionId="9abf8e4b-d788-427a-ac42-01b017d597a9" testId="2ac3de9c-c153-bd87-9f02-775d4a41f3ee" testName="NotInlkwOperator" computerName="BDXBLD003" duration="00:00:02.0596907" startTime="2015-07-23T12:29:07.1896391+02:00" endTime="2015-07-23T12:29:09.2506779+02:00" testType="13cdc9d9-ddb5-4fa4-a97d-d965ccfc6d4b" outcome="Failed" testListId="8c84fa94-04c1-424b-9868-57a2d4851a1d" relativeResultsDirectory="9abf8e4b-d788-427a-ac42-01b017d597a9">
      <Output>
        <ErrorInfo>
          <Message>Test method DATAFEED.Tests.Filter.NotInlkwOperator threw exception: 
System.Exception: AT-REQUEST:e7f0df53-679a-434f-8a04-051b87a88511</Message>
          <StackTrace>    at DATAFEED.Tests.HttpRequestHelper.IsErrorCode(String p_sErrorCode) in e:\Jenkins\workspace\DataEngine\DATAFEED.Tests\DATAFEED.Tests\Helper\HttpRequestHelper.cs:line 307
   at DATAFEED.Tests.Filter.NotInlkwOperator() in e:\Jenkins\workspace\DataEngine\DATAFEED.Tests\DATAFEED.Tests\Filter.cs:line 393
</StackTrace>
        </ErrorInfo>
      </Output>
    </UnitTestResult>
    <UnitTestResult executionId="18ee3961-cef6-4f34-8841-ae00eb3cbc79" testId="22703790-a01f-ff42-50b4-ebbd296e7061" testName="NotInOperator" computerName="BDXBLD003" duration="00:00:04.1070994" startTime="2015-07-23T12:29:09.2186787+02:00" endTime="2015-07-23T12:29:13.3335010+02:00" testType="13cdc9d9-ddb5-4fa4-a97d-d965ccfc6d4b" outcome="Failed" testListId="8c84fa94-04c1-424b-9868-57a2d4851a1d" relativeResultsDirectory="18ee3961-cef6-4f34-8841-ae00eb3cbc79">
      <Output>
        <ErrorInfo>
          <Message>Test method DATAFEED.Tests.Filter.NotInOperator threw exception: 
System.Exception: AT-REQUEST:d973a314-0b2c-4b82-ada1-ddda4f3e52ef
&lt;ErrorDetail&gt;
  &lt;ErrorCode&gt;1&lt;/ErrorCode&gt;
  &lt;ErrorMessage&gt;Unexpected Error&lt;/ErrorMessage&gt;
&lt;/ErrorDetail&gt;
 ---&gt; System.InvalidOperationException: There is an error in XML document (1, 2). ---&gt; System.InvalidOperationException: &lt;ErrorDetail xmlns=''&gt; was not expected.</Message>
          <StackTrace>    at Microsoft.Xml.Serialization.GeneratedAssembly.XmlSerializationReaderXmlDataFeedV1.Read14_DataFeed()
 --- End of inner exception stack trace ---
    at System.Xml.Serialization.XmlSerializer.Deserialize(XmlReader xmlReader, String encodingStyle, XmlDeserializationEvents events)
   at System.Xml.Serialization.XmlSerializer.Deserialize(Stream stream)
   at DATAFEED.Tests.HttpRequestHelper.XmlDeserialize[T]() in e:\Jenkins\workspace\DataEngine\DATAFEED.Tests\DATAFEED.Tests\Helper\HttpRequestHelper.cs:line 240
 --- End of inner exception stack trace ---
    at DATAFEED.Tests.HttpRequestHelper.XmlDeserialize[T]() in e:\Jenkins\workspace\DataEngine\DATAFEED.Tests\DATAFEED.Tests\Helper\HttpRequestHelper.cs:line 244
   at DATAFEED.Tests.Filter.NotInOperator() in e:\Jenkins\workspace\DataEngine\DATAFEED.Tests\DATAFEED.Tests\Filter.cs:line 299
</StackTrace>
        </ErrorInfo>
      </Output>
    </UnitTestResult>
    <UnitTestResult executionId="aeca41c4-0227-4523-8994-7401b48337c8" testId="f18e72f2-d050-19ca-a06a-066528f417cd" testName="NotlkwOperator" computerName="BDXBLD003" duration="00:00:04.0759933" startTime="2015-07-23T12:29:09.2506779+02:00" endTime="2015-07-23T12:29:13.3315020+02:00" testType="13cdc9d9-ddb5-4fa4-a97d-d965ccfc6d4b" outcome="Failed" testListId="8c84fa94-04c1-424b-9868-57a2d4851a1d" relativeResultsDirectory="aeca41c4-0227-4523-8994-7401b48337c8">
      <Output>
        <ErrorInfo>
          <Message>Test method DATAFEED.Tests.Filter.NotlkwOperator threw exception: 
System.Exception: AT-REQUEST:b06b07bb-c5e2-4a4c-8414-4142f916f8c6
&lt;ErrorDetail&gt;
  &lt;ErrorCode&gt;1&lt;/ErrorCode&gt;
  &lt;ErrorMessage&gt;Unexpected Error&lt;/ErrorMessage&gt;
&lt;/ErrorDetail&gt;
 ---&gt; System.InvalidOperationException: There is an error in XML document (1, 2). ---&gt; System.InvalidOperationException: &lt;ErrorDetail xmlns=''&gt; was not expected.</Message>
          <StackTrace>    at Microsoft.Xml.Serialization.GeneratedAssembly.XmlSerializationReaderXmlDataFeedV1.Read14_DataFeed()
 --- End of inner exception stack trace ---
    at System.Xml.Serialization.XmlSerializer.Deserialize(XmlReader xmlReader, String encodingStyle, XmlDeserializationEvents events)
   at System.Xml.Serialization.XmlSerializer.Deserialize(Stream stream)
   at DATAFEED.Tests.HttpRequestHelper.XmlDeserialize[T]() in e:\Jenkins\workspace\DataEngine\DATAFEED.Tests\DATAFEED.Tests\Helper\HttpRequestHelper.cs:line 240
 --- End of inner exception stack trace ---
    at DATAFEED.Tests.HttpRequestHelper.XmlDeserialize[T]() in e:\Jenkins\workspace\DataEngine\DATAFEED.Tests\DATAFEED.Tests\Helper\HttpRequestHelper.cs:line 244
   at DATAFEED.Tests.Filter.NotlkwOperator() in e:\Jenkins\workspace\DataEngine\DATAFEED.Tests\DATAFEED.Tests\Filter.cs:line 363
</StackTrace>
        </ErrorInfo>
      </Output>
    </UnitTestResult>
    <UnitTestResult executionId="d4e75404-a094-4077-b579-7812ab4049bd" testId="25510a2d-44bd-f2bd-db4a-71038c4a7f76" testName="NotStartOperator" computerName="BDXBLD003" duration="00:00:15.5687420" startTime="2015-07-23T12:29:09.5866855+02:00" endTime="2015-07-23T12:29:25.1558608+02:00" testType="13cdc9d9-ddb5-4fa4-a97d-d965ccfc6d4b" outcome="Failed" testListId="8c84fa94-04c1-424b-9868-57a2d4851a1d" relativeResultsDirectory="d4e75404-a094-4077-b579-7812ab4049bd">
      <Output>
        <ErrorInfo>
          <Message>Test method DATAFEED.Tests.Filter.NotStartOperator threw exception: 
System.Exception: AT-REQUEST:c18afe7a-3864-4dba-89e1-b822f2f171c9
&lt;ErrorDetail&gt;
  &lt;ErrorCode&gt;1&lt;/ErrorCode&gt;
  &lt;ErrorMessage&gt;Unknown error&lt;/ErrorMessage&gt;
&lt;/ErrorDetail&gt;
 ---&gt; System.InvalidOperationException: There is an error in XML document (1, 2). ---&gt; System.InvalidOperationException: &lt;ErrorDetail xmlns=''&gt; was not expected.</Message>
          <StackTrace>    at Microsoft.Xml.Serialization.GeneratedAssembly.XmlSerializationReaderXmlDataFeedV1.Read14_DataFeed()
 --- End of inner exception stack trace ---
    at System.Xml.Serialization.XmlSerializer.Deserialize(XmlReader xmlReader, String encodingStyle, XmlDeserializationEvents events)
   at System.Xml.Serialization.XmlSerializer.Deserialize(Stream stream)
   at DATAFEED.Tests.HttpRequestHelper.XmlDeserialize[T]() in e:\Jenkins\workspace\DataEngine\DATAFEED.Tests\DATAFEED.Tests\Helper\HttpRequestHelper.cs:line 240
 --- End of inner exception stack trace ---
    at DATAFEED.Tests.HttpRequestHelper.XmlDeserialize[T]() in e:\Jenkins\workspace\DataEngine\DATAFEED.Tests\DATAFEED.Tests\Helper\HttpRequestHelper.cs:line 244
   at DATAFEED.Tests.Filter.NotStartOperator() in e:\Jenkins\workspace\DataEngine\DATAFEED.Tests\DATAFEED.Tests\Filter.cs:line 406
</StackTrace>
        </ErrorInfo>
      </Output>
    </UnitTestResult>
    <UnitTestResult executionId="4bfde114-ae28-4d7e-96e6-56a39f71ff7f" testId="b1e5fdd1-baee-8824-7633-8b18d2bf85cb" testName="StartOrEndOperator" computerName="BDXBLD003" duration="00:00:04.1044584" startTime="2015-07-23T12:29:13.1294971+02:00" endTime="2015-07-23T12:29:17.2355766+02:00" testType="13cdc9d9-ddb5-4fa4-a97d-d965ccfc6d4b" outcome="Failed" testListId="8c84fa94-04c1-424b-9868-57a2d4851a1d" relativeResultsDirectory="4bfde114-ae28-4d7e-96e6-56a39f71ff7f">
      <Output>
        <ErrorInfo>
          <Message>Test method DATAFEED.Tests.Filter.StartOrEndOperator threw exception: 
System.Exception: AT-REQUEST:6a5cc229-3d5d-499a-98e1-bd61b217fb53
&lt;ErrorDetail&gt;
  &lt;ErrorCode&gt;1&lt;/ErrorCode&gt;
  &lt;ErrorMessage&gt;Unexpected Error&lt;/ErrorMessage&gt;
&lt;/ErrorDetail&gt;
 ---&gt; System.InvalidOperationException: There is an error in XML document (1, 2). ---&gt; System.InvalidOperationException: &lt;ErrorDetail xmlns=''&gt; was not expected.</Message>
          <StackTrace>    at Microsoft.Xml.Serialization.GeneratedAssembly.XmlSerializationReaderXmlDataFeedV1.Read14_DataFeed()
 --- End of inner exception stack trace ---
    at System.Xml.Serialization.XmlSerializer.Deserialize(XmlReader xmlReader, String encodingStyle, XmlDeserializationEvents events)
   at System.Xml.Serialization.XmlSerializer.Deserialize(Stream stream)
   at DATAFEED.Tests.HttpRequestHelper.XmlDeserialize[T]() in e:\Jenkins\workspace\DataEngine\DATAFEED.Tests\DATAFEED.Tests\Helper\HttpRequestHelper.cs:line 240
 --- End of inner exception stack trace ---
    at DATAFEED.Tests.HttpRequestHelper.XmlDeserialize[T]() in e:\Jenkins\workspace\DataEngine\DATAFEED.Tests\DATAFEED.Tests\Helper\HttpRequestHelper.cs:line 244
   at DATAFEED.Tests.Filter.StartOrEndOperator() in e:\Jenkins\workspace\DataEngine\DATAFEED.Tests\DATAFEED.Tests\Filter.cs:line 172
</StackTrace>
        </ErrorInfo>
      </Output>
    </UnitTestResult>
    <UnitTestResult executionId="6cf96dfe-c4cb-43eb-8df1-18709965500d" testId="09f8dd0d-bcc8-a275-f047-9d207c5ecd14" testName="HtmlRowCountArbo" computerName="BDXBLD003" duration="00:00:02.1033565" startTime="2015-07-23T12:29:13.3375021+02:00" endTime="2015-07-23T12:29:15.4418227+02:00" testType="13cdc9d9-ddb5-4fa4-a97d-d965ccfc6d4b" outcome="Failed" testListId="8c84fa94-04c1-424b-9868-57a2d4851a1d" relativeResultsDirectory="6cf96dfe-c4cb-43eb-8df1-18709965500d">
      <Output>
        <ErrorInfo>
          <Message>Assert.AreNotEqual failed. Expected any value except:&lt;-1&gt;. Actual:&lt;-1&gt;. </Message>
          <StackTrace>   at DATAFEED.Tests.GetRowCount.&lt;&gt;c__DisplayClass36.&lt;HtmlRowCountArbo&gt;b__34() in e:\Jenkins\workspace\DataEngine\DATAFEED.Tests\DATAFEED.Tests\GetRowCount.cs:line 336
   at DATAFEED.Tests.Randomizer.Invoke() in e:\Jenkins\workspace\DataEngine\DATAFEED.Tests\DATAFEED.Tests\Helper\Randomizer.cs:line 30
   at DATAFEED.Tests.GetRowCount.HtmlRowCountArbo() in e:\Jenkins\workspace\DataEngine\DATAFEED.Tests\DATAFEED.Tests\GetRowCount.cs:line 322
</StackTrace>
        </ErrorInfo>
      </Output>
    </UnitTestResult>
    <UnitTestResult executionId="3f52b3e9-8d7f-43ae-9f58-70d9aac5ea50" testId="64fbf9db-503d-34c0-fcb5-0f828c5eba99" testName="HtmlRowCountEvo" computerName="BDXBLD003" duration="00:00:02.0663136" startTime="2015-07-23T12:29:13.3405024+02:00" endTime="2015-07-23T12:29:15.4105427+02:00" testType="13cdc9d9-ddb5-4fa4-a97d-d965ccfc6d4b" outcome="Failed" testListId="8c84fa94-04c1-424b-9868-57a2d4851a1d" relativeResultsDirectory="3f52b3e9-8d7f-43ae-9f58-70d9aac5ea50">
      <Output>
        <ErrorInfo>
          <Message>Assert.AreNotEqual failed. Expected any value except:&lt;-1&gt;. Actual:&lt;-1&gt;. </Message>
          <StackTrace>   at DATAFEED.Tests.GetRowCount.&lt;&gt;c__DisplayClass2a.&lt;HtmlRowCountEvo&gt;b__28() in e:\Jenkins\workspace\DataEngine\DATAFEED.Tests\DATAFEED.Tests\GetRowCount.cs:line 269
   at DATAFEED.Tests.Randomizer.Invoke() in e:\Jenkins\workspace\DataEngine\DATAFEED.Tests\DATAFEED.Tests\Helper\Randomizer.cs:line 30
   at DATAFEED.Tests.GetRowCount.HtmlRowCountEvo() in e:\Jenkins\workspace\DataEngine\DATAFEED.Tests\DATAFEED.Tests\GetRowCount.cs:line 255
</StackTrace>
        </ErrorInfo>
      </Output>
    </UnitTestResult>
    <UnitTestResult executionId="485b9b7f-53f3-4b12-8411-472135542152" testId="07e0b58d-c91c-41c6-36d5-5ba2c25f4d3c" testName="HtmlRowCountMultiperiod" computerName="BDXBLD003" duration="00:00:13.1163800" startTime="2015-07-23T12:29:15.4125418+02:00" endTime="2015-07-23T12:29:28.5309271+02:00" testType="13cdc9d9-ddb5-4fa4-a97d-d965ccfc6d4b" outcome="Passed" testListId="8c84fa94-04c1-424b-9868-57a2d4851a1d" relativeResultsDirectory="485b9b7f-53f3-4b12-8411-472135542152">
    </UnitTestResult>
    <UnitTestResult executionId="7c74c9c8-3d31-4d3f-a149-e162cc7db83a" testId="9dda66a7-6ac0-9158-acaf-9640df9de8da" testName="HtmlRowCountMultispace" computerName="BDXBLD003" duration="00:00:13.8386983" startTime="2015-07-23T12:29:15.4455439+02:00" endTime="2015-07-23T12:29:29.2858139+02:00" testType="13cdc9d9-ddb5-4fa4-a97d-d965ccfc6d4b" outcome="Passed" testListId="8c84fa94-04c1-424b-9868-57a2d4851a1d" relativeResultsDirectory="7c74c9c8-3d31-4d3f-a149-e162cc7db83a">
    </UnitTestResult>
    <UnitTestResult executionId="5a3a82fb-0493-4ba6-adbd-700b5a589d23" testId="3a605200-d75b-9c26-a9c7-1979f50ed360" testName="HtmlRowCountSampleFirst" computerName="BDXBLD003" duration="00:00:12.0074884" startTime="2015-07-23T12:29:17.2369377+02:00" endTime="2015-07-23T12:29:29.2458160+02:00" testType="13cdc9d9-ddb5-4fa4-a97d-d965ccfc6d4b" outcome="Passed" testListId="8c84fa94-04c1-424b-9868-57a2d4851a1d" relativeResultsDirectory="5a3a82fb-0493-4ba6-adbd-700b5a589d23">
    </UnitTestResult>
    <UnitTestResult executionId="bb8e74fa-f48f-4e2f-be1d-42da0e6dc672" testId="d8144bd1-4625-c5b1-01c0-0c013af5c9a5" testName="HtmlRowCountSimple" computerName="BDXBLD003" duration="00:00:04.1765501" startTime="2015-07-23T12:29:25.1578605+02:00" endTime="2015-07-23T12:29:29.3368141+02:00" testType="13cdc9d9-ddb5-4fa4-a97d-d965ccfc6d4b" outcome="Passed" testListId="8c84fa94-04c1-424b-9868-57a2d4851a1d" relativeResultsDirectory="bb8e74fa-f48f-4e2f-be1d-42da0e6dc672">
    </UnitTestResult>
    <UnitTestResult executionId="dd38056e-a99d-43af-b211-759af9c31c01" testId="60b6c8ba-6a7d-fadf-3d4c-7bd31886a8cf" testName="JsonRowCountArbo" computerName="BDXBLD003" duration="00:00:01.0336410" startTime="2015-07-23T12:29:28.5329253+02:00" endTime="2015-07-23T12:29:29.5668195+02:00" testType="13cdc9d9-ddb5-4fa4-a97d-d965ccfc6d4b" outcome="Passed" testListId="8c84fa94-04c1-424b-9868-57a2d4851a1d" relativeResultsDirectory="dd38056e-a99d-43af-b211-759af9c31c01">
    </UnitTestResult>
    <UnitTestResult executionId="1d3a6dbd-c395-44cc-af6a-39e93f253fa9" testId="ba720b2f-4e75-8819-b338-170d40f1c5b9" testName="JsonRowCountEvo" computerName="BDXBLD003" duration="00:00:00.9065604" startTime="2015-07-23T12:29:29.2648138+02:00" endTime="2015-07-23T12:29:30.1728311+02:00" testType="13cdc9d9-ddb5-4fa4-a97d-d965ccfc6d4b" outcome="Passed" testListId="8c84fa94-04c1-424b-9868-57a2d4851a1d" relativeResultsDirectory="1d3a6dbd-c395-44cc-af6a-39e93f253fa9">
    </UnitTestResult>
    <UnitTestResult executionId="bdc87a30-d3b1-4214-8be9-ef31db38d68f" testId="925ed78b-5e82-1960-ecaf-7bf13652871c" testName="JsonRowCountMultiperiod" computerName="BDXBLD003" duration="00:00:06.3994588" startTime="2015-07-23T12:29:29.2868142+02:00" endTime="2015-07-23T12:29:35.6869380+02:00" testType="13cdc9d9-ddb5-4fa4-a97d-d965ccfc6d4b" outcome="Passed" testListId="8c84fa94-04c1-424b-9868-57a2d4851a1d" relativeResultsDirectory="bdc87a30-d3b1-4214-8be9-ef31db38d68f">
    </UnitTestResult>
    <UnitTestResult executionId="a3f01b88-03cf-4672-bf9a-f7a40f8dc369" testId="797b8d35-add3-c61f-f864-631afc21df8c" testName="JsonRowCountMultispace" computerName="BDXBLD003" duration="00:00:00.9048359" startTime="2015-07-23T12:29:29.3368141+02:00" endTime="2015-07-23T12:29:30.2438317+02:00" testType="13cdc9d9-ddb5-4fa4-a97d-d965ccfc6d4b" outcome="Passed" testListId="8c84fa94-04c1-424b-9868-57a2d4851a1d" relativeResultsDirectory="a3f01b88-03cf-4672-bf9a-f7a40f8dc369">
    </UnitTestResult>
    <UnitTestResult executionId="5828691d-58aa-4772-94a6-fd6ea1438a57" testId="b1e3b06d-8661-9ebb-522f-fe3658261d52" testName="JsonRowCountSampleFirst" computerName="BDXBLD003" duration="00:00:00.4342335" startTime="2015-07-23T12:29:29.5718195+02:00" endTime="2015-07-23T12:29:30.0068297+02:00" testType="13cdc9d9-ddb5-4fa4-a97d-d965ccfc6d4b" outcome="Passed" testListId="8c84fa94-04c1-424b-9868-57a2d4851a1d" relativeResultsDirectory="5828691d-58aa-4772-94a6-fd6ea1438a57">
    </UnitTestResult>
    <UnitTestResult executionId="3ccd93fe-b4e0-4734-b8b2-14a443f3e27f" testId="7fb6d605-2ce6-011b-fea3-624ce2af580f" testName="JsonRowCountSimple" computerName="BDXBLD003" duration="00:00:00.4295026" startTime="2015-07-23T12:29:30.0088283+02:00" endTime="2015-07-23T12:29:30.4408366+02:00" testType="13cdc9d9-ddb5-4fa4-a97d-d965ccfc6d4b" outcome="Passed" testListId="8c84fa94-04c1-424b-9868-57a2d4851a1d" relativeResultsDirectory="3ccd93fe-b4e0-4734-b8b2-14a443f3e27f">
    </UnitTestResult>
    <UnitTestResult executionId="2ba810bc-28e1-4455-8b12-d33d7a8accb2" testId="a49ff3c2-5b00-10e0-3dfe-350d32d5284d" testName="XmlRowCountArbo" computerName="BDXBLD003" duration="00:00:00.7159868" startTime="2015-07-23T12:29:30.1738311+02:00" endTime="2015-07-23T12:29:30.8918495+02:00" testType="13cdc9d9-ddb5-4fa4-a97d-d965ccfc6d4b" outcome="Passed" testListId="8c84fa94-04c1-424b-9868-57a2d4851a1d" relativeResultsDirectory="2ba810bc-28e1-4455-8b12-d33d7a8accb2">
    </UnitTestResult>
    <UnitTestResult executionId="4ef2f111-bdf6-43b3-8ec6-da22b05386d4" testId="4494fe87-f4c5-9e3f-9a57-bcce2dc7dc7d" testName="XmlRowCountEvo" computerName="BDXBLD003" duration="00:00:00.6874455" startTime="2015-07-23T12:29:30.2541855+02:00" endTime="2015-07-23T12:29:30.9468536+02:00" testType="13cdc9d9-ddb5-4fa4-a97d-d965ccfc6d4b" outcome="Passed" testListId="8c84fa94-04c1-424b-9868-57a2d4851a1d" relativeResultsDirectory="4ef2f111-bdf6-43b3-8ec6-da22b05386d4">
    </UnitTestResult>
    <UnitTestResult executionId="016a2f74-dd06-46d0-909d-87eec5c29e16" testId="33066257-2b3a-0e09-77a8-04d072dd696b" testName="XmlRowCountMultiperiod" computerName="BDXBLD003" duration="00:00:05.2188683" startTime="2015-07-23T12:29:30.4468360+02:00" endTime="2015-07-23T12:29:35.6669392+02:00" testType="13cdc9d9-ddb5-4fa4-a97d-d965ccfc6d4b" outcome="Passed" testListId="8c84fa94-04c1-424b-9868-57a2d4851a1d" relativeResultsDirectory="016a2f74-dd06-46d0-909d-87eec5c29e16">
    </UnitTestResult>
    <UnitTestResult executionId="a29672a2-4d29-4be0-8fed-a7a92304cc67" testId="78ddfa7d-dd21-76fb-30e5-1dada229a2d4" testName="XmlRowCountMultispace" computerName="BDXBLD003" duration="00:00:06.0293162" startTime="2015-07-23T12:29:30.8958446+02:00" endTime="2015-07-23T12:29:36.9269615+02:00" testType="13cdc9d9-ddb5-4fa4-a97d-d965ccfc6d4b" outcome="Passed" testListId="8c84fa94-04c1-424b-9868-57a2d4851a1d" relativeResultsDirectory="a29672a2-4d29-4be0-8fed-a7a92304cc67">
    </UnitTestResult>
    <UnitTestResult executionId="5cd1f41b-42cf-4371-afca-c458f4f75f0c" testId="0bc68b00-da37-6508-4e68-38becb05635b" testName="XmlRowCountSampleFirst" computerName="BDXBLD003" duration="00:00:00.3864585" startTime="2015-07-23T12:29:30.9508459+02:00" endTime="2015-07-23T12:29:31.3378580+02:00" testType="13cdc9d9-ddb5-4fa4-a97d-d965ccfc6d4b" outcome="Passed" testListId="8c84fa94-04c1-424b-9868-57a2d4851a1d" relativeResultsDirectory="5cd1f41b-42cf-4371-afca-c458f4f75f0c">
    </UnitTestResult>
    <UnitTestResult executionId="1d85b308-7679-403e-b31e-e6b27e065c5b" testId="97b14384-0eb3-ab64-a839-fafba39998db" testName="XmlRowCountSimple" computerName="BDXBLD003" duration="00:00:00.7554126" startTime="2015-07-23T12:29:31.3528538+02:00" endTime="2015-07-23T12:29:32.1098686+02:00" testType="13cdc9d9-ddb5-4fa4-a97d-d965ccfc6d4b" outcome="Passed" testListId="8c84fa94-04c1-424b-9868-57a2d4851a1d" relativeResultsDirectory="1d85b308-7679-403e-b31e-e6b27e065c5b">
    </UnitTestResult>
    <UnitTestResult executionId="74017cc4-abaf-4d56-a4d3-40bd803dcf5a" testId="309f9171-f4ae-fa0f-8c17-75d4d6978756" testName="GetMediumAsync" computerName="BDXBLD003" duration="00:00:07.1978113" startTime="2015-07-23T12:29:32.1108684+02:00" endTime="2015-07-23T12:29:39.3160079+02:00" testType="13cdc9d9-ddb5-4fa4-a97d-d965ccfc6d4b" outcome="Passed" testListId="8c84fa94-04c1-424b-9868-57a2d4851a1d" relativeResultsDirectory="74017cc4-abaf-4d56-a4d3-40bd803dcf5a">
    </UnitTestResult>
    <UnitTestResult executionId="54911fda-e46a-447b-8d0d-076122c1d3ce" testId="ff6029f9-fca5-2a2c-b9d8-66f315702a5c" testName="GetSmallAsync" computerName="BDXBLD003" duration="00:00:01.9501699" startTime="2015-07-23T12:29:35.6679378+02:00" endTime="2015-07-23T12:29:37.6199735+02:00" testType="13cdc9d9-ddb5-4fa4-a97d-d965ccfc6d4b" outcome="Passed" testListId="8c84fa94-04c1-424b-9868-57a2d4851a1d" relativeResultsDirectory="54911fda-e46a-447b-8d0d-076122c1d3ce">
    </UnitTestResult>
    <UnitTestResult executionId="ca13e60e-2a90-439d-bb40-235e143d7cf5" testId="18c62a9c-05b4-637d-5299-f33684f9a9c5" testName="DefaultAccept" computerName="BDXBLD003" duration="00:00:00.3852475" startTime="2015-07-23T12:29:35.6879386+02:00" endTime="2015-07-23T12:29:36.0749437+02:00" testType="13cdc9d9-ddb5-4fa4-a97d-d965ccfc6d4b" outcome="Passed" testListId="8c84fa94-04c1-424b-9868-57a2d4851a1d" relativeResultsDirectory="ca13e60e-2a90-439d-bb40-235e143d7cf5">
    </UnitTestResult>
    <UnitTestResult executionId="708b6d3b-8d8b-4c58-b205-6a08c7ba41b8" testId="f7c65aa7-6092-eadc-2de8-d2171507dce7" testName="ExcelAccept" computerName="BDXBLD003" duration="00:00:00.3313584" startTime="2015-07-23T12:29:36.0959443+02:00" endTime="2015-07-23T12:29:36.4299651+02:00" testType="13cdc9d9-ddb5-4fa4-a97d-d965ccfc6d4b" outcome="Passed" testListId="8c84fa94-04c1-424b-9868-57a2d4851a1d" relativeResultsDirectory="708b6d3b-8d8b-4c58-b205-6a08c7ba41b8">
    </UnitTestResult>
    <UnitTestResult executionId="30762880-e1d3-41e3-8321-ac0e33488030" testId="210104b2-a616-921e-2afb-452e885def58" testName="HtmlAccept" computerName="BDXBLD003" duration="00:00:00.3131251" startTime="2015-07-23T12:29:36.4299651+02:00" endTime="2015-07-23T12:29:36.7439588+02:00" testType="13cdc9d9-ddb5-4fa4-a97d-d965ccfc6d4b" outcome="Passed" testListId="8c84fa94-04c1-424b-9868-57a2d4851a1d" relativeResultsDirectory="30762880-e1d3-41e3-8321-ac0e33488030">
    </UnitTestResult>
    <UnitTestResult executionId="3f6d77b6-bb17-47a9-8223-223de5e49e34" testId="9ada7e1f-13b3-587b-d9ed-b6bd07dcfe28" testName="JsonAccept" computerName="BDXBLD003" duration="00:00:00.3334340" startTime="2015-07-23T12:29:36.7459581+02:00" endTime="2015-07-23T12:29:37.0799650+02:00" testType="13cdc9d9-ddb5-4fa4-a97d-d965ccfc6d4b" outcome="Passed" testListId="8c84fa94-04c1-424b-9868-57a2d4851a1d" relativeResultsDirectory="3f6d77b6-bb17-47a9-8223-223de5e49e34">
    </UnitTestResult>
    <UnitTestResult executionId="f9773364-de91-4759-9083-0d6cd5bb2318" testId="a6ff9f4f-0e04-3546-5b70-3cf806bfb4a1" testName="XmlAccept" computerName="BDXBLD003" duration="00:00:00.3199787" startTime="2015-07-23T12:29:36.9289610+02:00" endTime="2015-07-23T12:29:37.2499673+02:00" testType="13cdc9d9-ddb5-4fa4-a97d-d965ccfc6d4b" outcome="Passed" testListId="8c84fa94-04c1-424b-9868-57a2d4851a1d" relativeResultsDirectory="f9773364-de91-4759-9083-0d6cd5bb2318">
    </UnitTestResult>
    <UnitTestResult executionId="47f59c5e-9480-4345-ba9d-7bfc4769dce4" testId="df22f09a-d529-ba42-2b2b-84d248cb2449" testName="DisableCacheFromQuerystring" computerName="BDXBLD003" duration="00:00:00.4098711" startTime="2015-07-23T12:29:37.0949635+02:00" endTime="2015-07-23T12:29:37.5089747+02:00" testType="13cdc9d9-ddb5-4fa4-a97d-d965ccfc6d4b" outcome="Passed" testListId="8c84fa94-04c1-424b-9868-57a2d4851a1d" relativeResultsDirectory="47f59c5e-9480-4345-ba9d-7bfc4769dce4">
    </UnitTestResult>
    <UnitTestResult executionId="d893ec0a-02af-43f8-b521-2cbff3b9851d" testId="56cab7b6-fc36-2c4b-d549-c1438489041d" testName="TimeoutFromQuerystring" computerName="BDXBLD003" duration="00:00:03.1193089" startTime="2015-07-23T12:29:37.2509673+02:00" endTime="2015-07-23T12:29:40.3722915+02:00" testType="13cdc9d9-ddb5-4fa4-a97d-d965ccfc6d4b" outcome="Passed" testListId="8c84fa94-04c1-424b-9868-57a2d4851a1d" relativeResultsDirectory="d893ec0a-02af-43f8-b521-2cbff3b9851d">
    </UnitTestResult>
    <UnitTestResult executionId="5a0b54ea-f9c2-4f55-a5dd-7020ef9f57a6" testId="d7f5520e-7fbc-f953-79e4-071e3e8a5364" testName="TimeoutSmartcacheFromQuerystring" computerName="BDXBLD003" duration="00:00:05.5805298" startTime="2015-07-23T12:29:37.5209712+02:00" endTime="2015-07-23T12:29:43.1022303+02:00" testType="13cdc9d9-ddb5-4fa4-a97d-d965ccfc6d4b" outcome="Passed" testListId="8c84fa94-04c1-424b-9868-57a2d4851a1d" relativeResultsDirectory="5a0b54ea-f9c2-4f55-a5dd-7020ef9f57a6">
    </UnitTestResult>
    <UnitTestResult executionId="ddcdb030-f529-465d-a727-b4ae2509ba80" testId="0a0e1ed0-9b63-71fc-728f-3bfac7672832" testName="BridgeIqy" computerName="BDXBLD003" duration="00:00:21.2203776" startTime="2015-07-23T12:29:37.6289732+02:00" endTime="2015-07-23T12:29:58.8596390+02:00" testType="13cdc9d9-ddb5-4fa4-a97d-d965ccfc6d4b" outcome="Passed" testListId="8c84fa94-04c1-424b-9868-57a2d4851a1d" relativeResultsDirectory="ddcdb030-f529-465d-a727-b4ae2509ba80">
    </UnitTestResult>
    <UnitTestResult executionId="c0cce2a6-68cd-42a9-a9e4-56e819ce1ef0" testId="90a9ff16-81e2-2b83-813e-4d54a776405d" testName="ErrorIqy" computerName="BDXBLD003" duration="00:00:00.3196794" startTime="2015-07-23T12:29:39.3180061+02:00" endTime="2015-07-23T12:29:39.6420113+02:00" testType="13cdc9d9-ddb5-4fa4-a97d-d965ccfc6d4b" outcome="Passed" testListId="8c84fa94-04c1-424b-9868-57a2d4851a1d" relativeResultsDirectory="c0cce2a6-68cd-42a9-a9e4-56e819ce1ef0">
    </UnitTestResult>
    <UnitTestResult executionId="eaee9daa-8a72-42f8-8a44-5a10a71b1708" testId="9e4c7621-51c6-3396-7f88-9d6415d32b71" testName="EvoIqy" computerName="BDXBLD003" duration="00:00:00.8198870" startTime="2015-07-23T12:29:39.6460127+02:00" endTime="2015-07-23T12:29:40.4702931+02:00" testType="13cdc9d9-ddb5-4fa4-a97d-d965ccfc6d4b" outcome="Passed" testListId="8c84fa94-04c1-424b-9868-57a2d4851a1d" relativeResultsDirectory="eaee9daa-8a72-42f8-8a44-5a10a71b1708">
    </UnitTestResult>
    <UnitTestResult executionId="e4d8b82f-4ee6-4389-9b6a-670a5f2b9550" testId="d22e7869-ce10-549f-45aa-c2ade73fa433" testName="MultiPeriodIqy" computerName="BDXBLD003" duration="00:00:17.1478923" startTime="2015-07-23T12:29:40.3762920+02:00" endTime="2015-07-23T12:29:57.5266176+02:00" testType="13cdc9d9-ddb5-4fa4-a97d-d965ccfc6d4b" outcome="Passed" testListId="8c84fa94-04c1-424b-9868-57a2d4851a1d" relativeResultsDirectory="e4d8b82f-4ee6-4389-9b6a-670a5f2b9550">
    </UnitTestResult>
    <UnitTestResult executionId="902d9e08-780f-42d1-bbd3-9679351e43a8" testId="1d31c14f-9f71-7dd9-34fc-c31a2e6e2111" testName="MultiSpaceIqy" computerName="BDXBLD003" duration="00:00:23.2201067" startTime="2015-07-23T12:29:40.4712926+02:00" endTime="2015-07-23T12:30:03.6936652+02:00" testType="13cdc9d9-ddb5-4fa4-a97d-d965ccfc6d4b" outcome="Passed" testListId="8c84fa94-04c1-424b-9868-57a2d4851a1d" relativeResultsDirectory="902d9e08-780f-42d1-bbd3-9679351e43a8">
    </UnitTestResult>
    <UnitTestResult executionId="8dbc610e-959b-4e11-a1dc-0194cad69116" testId="1e99aa4f-0051-a999-09e4-d88ea6ec8e41" testName="ShortcodeIqy" computerName="BDXBLD003" duration="00:00:04.0347221" startTime="2015-07-23T12:29:43.1042304+02:00" endTime="2015-07-23T12:29:47.1435830+02:00" testType="13cdc9d9-ddb5-4fa4-a97d-d965ccfc6d4b" outcome="Passed" testListId="8c84fa94-04c1-424b-9868-57a2d4851a1d" relativeResultsDirectory="8dbc610e-959b-4e11-a1dc-0194cad69116">
    </UnitTestResult>
    <UnitTestResult executionId="f1864579-d795-415d-b9a3-c562d6cf2af7" testId="5d65a267-6223-97cf-1c7f-3cd8a7e75388" testName="SimpleIqy" computerName="BDXBLD003" duration="00:00:00.3356054" startTime="2015-07-23T12:29:47.1465825+02:00" endTime="2015-07-23T12:29:47.4825940+02:00" testType="13cdc9d9-ddb5-4fa4-a97d-d965ccfc6d4b" outcome="Passed" testListId="8c84fa94-04c1-424b-9868-57a2d4851a1d" relativeResultsDirectory="f1864579-d795-415d-b9a3-c562d6cf2af7">
    </UnitTestResult>
    <UnitTestResult executionId="6b83fcff-c59d-4ab6-8be9-c75fc536fc2b" testId="ec046add-9f9f-9810-a25c-7a248e218df5" testName="Deutsch" computerName="BDXBLD003" duration="00:00:02.6636675" startTime="2015-07-23T12:29:47.4835907+02:00" endTime="2015-07-23T12:29:50.1486277+02:00" testType="13cdc9d9-ddb5-4fa4-a97d-d965ccfc6d4b" outcome="Passed" testListId="8c84fa94-04c1-424b-9868-57a2d4851a1d" relativeResultsDirectory="6b83fcff-c59d-4ab6-8be9-c75fc536fc2b">
    </UnitTestResult>
    <UnitTestResult executionId="fa4f93ef-c542-4716-9691-eeb925768b5f" testId="61716488-f988-2969-b204-118bfd6b5fd9" testName="English" computerName="BDXBLD003" duration="00:00:00.3315297" startTime="2015-07-23T12:29:50.1536281+02:00" endTime="2015-07-23T12:29:50.4866326+02:00" testType="13cdc9d9-ddb5-4fa4-a97d-d965ccfc6d4b" outcome="Passed" testListId="8c84fa94-04c1-424b-9868-57a2d4851a1d" relativeResultsDirectory="fa4f93ef-c542-4716-9691-eeb925768b5f">
    </UnitTestResult>
    <UnitTestResult executionId="d09725f2-e659-44c9-ba63-44cfb01afd8d" testId="f05de893-5efe-50dd-c37d-656fc7e3d8f9" testName="Espanol" computerName="BDXBLD003" duration="00:00:00.3222704" startTime="2015-07-23T12:29:50.4876322+02:00" endTime="2015-07-23T12:29:50.8126364+02:00" testType="13cdc9d9-ddb5-4fa4-a97d-d965ccfc6d4b" outcome="Passed" testListId="8c84fa94-04c1-424b-9868-57a2d4851a1d" relativeResultsDirectory="d09725f2-e659-44c9-ba63-44cfb01afd8d">
    </UnitTestResult>
    <UnitTestResult executionId="556f5a9f-5797-4ef9-98e2-bbf1a4f959fb" testId="3b1ba1d5-cf72-adb4-761b-8c473b8b31c3" testName="Portugues" computerName="BDXBLD003" duration="00:00:00.3062827" startTime="2015-07-23T12:29:50.8246344+02:00" endTime="2015-07-23T12:29:51.1326398+02:00" testType="13cdc9d9-ddb5-4fa4-a97d-d965ccfc6d4b" outcome="Passed" testListId="8c84fa94-04c1-424b-9868-57a2d4851a1d" relativeResultsDirectory="556f5a9f-5797-4ef9-98e2-bbf1a4f959fb">
    </UnitTestResult>
    <UnitTestResult executionId="3be26e1e-e3ee-4bd2-8e0a-f775447419bc" testId="fb0214fc-0f9a-9064-ffe4-2dc95e36afbd" testName="Russe" computerName="BDXBLD003" duration="00:00:00.3192790" startTime="2015-07-23T12:29:51.1356394+02:00" endTime="2015-07-23T12:29:51.4556432+02:00" testType="13cdc9d9-ddb5-4fa4-a97d-d965ccfc6d4b" outcome="Passed" testListId="8c84fa94-04c1-424b-9868-57a2d4851a1d" relativeResultsDirectory="3be26e1e-e3ee-4bd2-8e0a-f775447419bc">
    </UnitTestResult>
    <UnitTestResult executionId="52e91a5d-7307-4970-894c-d022cd1a9734" testId="aa948ef9-19d5-b5ec-b95f-cd600bdfc8ce" testName="GetMaxDateHtml" computerName="BDXBLD003" duration="00:00:00.1333596" startTime="2015-07-23T12:29:51.4566443+02:00" endTime="2015-07-23T12:29:51.5916459+02:00" testType="13cdc9d9-ddb5-4fa4-a97d-d965ccfc6d4b" outcome="Passed" testListId="8c84fa94-04c1-424b-9868-57a2d4851a1d" relativeResultsDirectory="52e91a5d-7307-4970-894c-d022cd1a9734">
    </UnitTestResult>
    <UnitTestResult executionId="ef325423-ef23-405d-aee1-253a0948a9b3" testId="cc722193-a944-ab05-a8a1-0695a8c84dea" testName="GetMaxDateJson" computerName="BDXBLD003" duration="00:00:00.1151186" startTime="2015-07-23T12:29:51.5926442+02:00" endTime="2015-07-23T12:29:51.7084627+02:00" testType="13cdc9d9-ddb5-4fa4-a97d-d965ccfc6d4b" outcome="Passed" testListId="8c84fa94-04c1-424b-9868-57a2d4851a1d" relativeResultsDirectory="ef325423-ef23-405d-aee1-253a0948a9b3">
    </UnitTestResult>
    <UnitTestResult executionId="d39abce9-f216-44c4-9d94-898fc4bd6fef" testId="fa5705f6-211a-e436-c6d6-90da2ac615aa" testName="GetMaxDateXML" computerName="BDXBLD003" duration="00:00:00.1332223" startTime="2015-07-23T12:29:51.7194619+02:00" endTime="2015-07-23T12:29:51.8544651+02:00" testType="13cdc9d9-ddb5-4fa4-a97d-d965ccfc6d4b" outcome="Passed" testListId="8c84fa94-04c1-424b-9868-57a2d4851a1d" relativeResultsDirectory="d39abce9-f216-44c4-9d94-898fc4bd6fef">
    </UnitTestResult>
    <UnitTestResult executionId="274fcffd-3b6d-4569-afa8-5423cc1364ca" testId="0ac18853-b835-137c-01c3-11c74eda6288" testName="GroupForbidden" computerName="BDXBLD003" duration="00:00:00.1308654" startTime="2015-07-23T12:29:51.8554648+02:00" endTime="2015-07-23T12:29:51.9874670+02:00" testType="13cdc9d9-ddb5-4fa4-a97d-d965ccfc6d4b" outcome="Passed" testListId="8c84fa94-04c1-424b-9868-57a2d4851a1d" relativeResultsDirectory="274fcffd-3b6d-4569-afa8-5423cc1364ca">
    </UnitTestResult>
    <UnitTestResult executionId="741ef22e-fef7-4abc-9dcc-a9b87453f8c5" testId="3930fb37-d105-013c-7b15-08f305ce357d" testName="OnlyOneSite" computerName="BDXBLD003" duration="00:00:00.1223665" startTime="2015-07-23T12:29:51.9884662+02:00" endTime="2015-07-23T12:29:52.1117611+02:00" testType="13cdc9d9-ddb5-4fa4-a97d-d965ccfc6d4b" outcome="Passed" testListId="8c84fa94-04c1-424b-9868-57a2d4851a1d" relativeResultsDirectory="741ef22e-fef7-4abc-9dcc-a9b87453f8c5">
    </UnitTestResult>
    <UnitTestResult executionId="8fa6697f-65d6-4cf4-ac41-3f2b78fe3999" testId="5ca02af6-2bbd-5fc9-8bac-58a8a4c3329b" testName="SiteNoAccess" computerName="BDXBLD003" duration="00:00:00.1456216" startTime="2015-07-23T12:29:52.1127608+02:00" endTime="2015-07-23T12:29:52.2586041+02:00" testType="13cdc9d9-ddb5-4fa4-a97d-d965ccfc6d4b" outcome="Passed" testListId="8c84fa94-04c1-424b-9868-57a2d4851a1d" relativeResultsDirectory="8fa6697f-65d6-4cf4-ac41-3f2b78fe3999">
    </UnitTestResult>
    <UnitTestResult executionId="679ca73e-f897-41d7-9b0f-a949c4c79f08" testId="3c0db3db-7f61-ea66-653f-0fc0da8ea045" testName="ArboMaxResultsZero" computerName="BDXBLD003" duration="00:00:04.0894604" startTime="2015-07-23T12:29:52.2666033+02:00" endTime="2015-07-23T12:29:56.3586015+02:00" testType="13cdc9d9-ddb5-4fa4-a97d-d965ccfc6d4b" outcome="Passed" testListId="8c84fa94-04c1-424b-9868-57a2d4851a1d" relativeResultsDirectory="679ca73e-f897-41d7-9b0f-a949c4c79f08">
    </UnitTestResult>
    <UnitTestResult executionId="12e029fe-1744-4e72-9232-003404c137c5" testId="324ebee9-6b37-3192-46bc-9926ee5acf10" testName="DataMaxResultsZero" computerName="BDXBLD003" duration="00:00:00.3029750" startTime="2015-07-23T12:29:56.3686010+02:00" endTime="2015-07-23T12:29:56.6816076+02:00" testType="13cdc9d9-ddb5-4fa4-a97d-d965ccfc6d4b" outcome="Passed" testListId="8c84fa94-04c1-424b-9868-57a2d4851a1d" relativeResultsDirectory="12e029fe-1744-4e72-9232-003404c137c5">
    </UnitTestResult>
    <UnitTestResult executionId="3d0d34da-dbf2-43d2-84a7-2fd38920f9cd" testId="01c3ded9-849a-e678-db9b-0ee4c6301cfc" testName="MaxResultsDefault100" computerName="BDXBLD003" duration="00:00:00.4590221" startTime="2015-07-23T12:29:56.6846055+02:00" endTime="2015-07-23T12:29:57.1446124+02:00" testType="13cdc9d9-ddb5-4fa4-a97d-d965ccfc6d4b" outcome="Passed" testListId="8c84fa94-04c1-424b-9868-57a2d4851a1d" relativeResultsDirectory="3d0d34da-dbf2-43d2-84a7-2fd38920f9cd">
    </UnitTestResult>
    <UnitTestResult executionId="ec4bea38-dca1-4084-bebb-9ca82dd55477" testId="7fc6dbdd-2146-4041-78c4-908fb83a82ef" testName="MultiPeriodMaxResultsZero" computerName="BDXBLD003" duration="00:00:09.4630349" startTime="2015-07-23T12:29:57.1596132+02:00" endTime="2015-07-23T12:30:06.6237188+02:00" testType="13cdc9d9-ddb5-4fa4-a97d-d965ccfc6d4b" outcome="Passed" testListId="8c84fa94-04c1-424b-9868-57a2d4851a1d" relativeResultsDirectory="ec4bea38-dca1-4084-bebb-9ca82dd55477">
    </UnitTestResult>
    <UnitTestResult executionId="7e0b9b64-4e03-4698-89a6-37938fe36d0d" testId="9fdea585-e047-70ee-b16b-39e86e7a79ba" testName="LevelIsStandalone" computerName="BDXBLD003" duration="00:00:00.4747854" startTime="2015-07-23T12:29:57.5346156+02:00" endTime="2015-07-23T12:29:58.0116233+02:00" testType="13cdc9d9-ddb5-4fa4-a97d-d965ccfc6d4b" outcome="Passed" testListId="8c84fa94-04c1-424b-9868-57a2d4851a1d" relativeResultsDirectory="7e0b9b64-4e03-4698-89a6-37938fe36d0d">
    </UnitTestResult>
    <UnitTestResult executionId="650d6408-c6fc-4864-8ef3-6d0789d229e3" testId="8a2b60ca-3993-89fe-1c92-4d455102f0f7" testName="MultiSpace2Dimensions" computerName="BDXBLD003" duration="00:00:00.4889290" startTime="2015-07-23T12:29:58.0206230+02:00" endTime="2015-07-23T12:29:58.5126301+02:00" testType="13cdc9d9-ddb5-4fa4-a97d-d965ccfc6d4b" outcome="Passed" testListId="8c84fa94-04c1-424b-9868-57a2d4851a1d" relativeResultsDirectory="650d6408-c6fc-4864-8ef3-6d0789d229e3">
    </UnitTestResult>
    <UnitTestResult executionId="3425526c-c38c-4783-934a-1be714818304" testId="663075ce-2eb1-584c-6564-c510419ea41c" testName="MultiSpaceDifForbidden" computerName="BDXBLD003" duration="00:00:00.4537228" startTime="2015-07-23T12:29:58.5136309+02:00" endTime="2015-07-23T12:29:58.9696376+02:00" testType="13cdc9d9-ddb5-4fa4-a97d-d965ccfc6d4b" outcome="Passed" testListId="8c84fa94-04c1-424b-9868-57a2d4851a1d" relativeResultsDirectory="3425526c-c38c-4783-934a-1be714818304">
    </UnitTestResult>
    <UnitTestResult executionId="f0407555-ea97-4847-bee5-b1adb1f257dc" testId="6facb6f3-8c7e-92e9-acca-c6dc142f304a" testName="MultiSpaceFilterOnlyOnS1" computerName="BDXBLD003" duration="00:00:00.4763238" startTime="2015-07-23T12:29:58.8766624+02:00" endTime="2015-07-23T12:29:59.3556437+02:00" testType="13cdc9d9-ddb5-4fa4-a97d-d965ccfc6d4b" outcome="Passed" testListId="8c84fa94-04c1-424b-9868-57a2d4851a1d" relativeResultsDirectory="f0407555-ea97-4847-bee5-b1adb1f257dc">
    </UnitTestResult>
    <UnitTestResult executionId="2d3b2a62-4f69-4dd6-a84e-d0ec871f3434" testId="7d9c1e30-1a4c-a2f1-3169-ae76dc871a56" testName="MultiSpaceMaxResultLimit30" computerName="BDXBLD003" duration="00:00:00.4629741" startTime="2015-07-23T12:29:58.9706369+02:00" endTime="2015-07-23T12:29:59.4356418+02:00" testType="13cdc9d9-ddb5-4fa4-a97d-d965ccfc6d4b" outcome="Passed" testListId="8c84fa94-04c1-424b-9868-57a2d4851a1d" relativeResultsDirectory="2d3b2a62-4f69-4dd6-a84e-d0ec871f3434">
    </UnitTestResult>
    <UnitTestResult executionId="ee7dfd11-a9a8-4fe0-9f4c-e56fb78efde0" testId="9dbf03b2-ffc4-e9b3-e64e-2976ab7e5b99" testName="MultiSpaceNamespaceForMetricsRequired" computerName="BDXBLD003" duration="00:00:00.4324903" startTime="2015-07-23T12:29:59.3596398+02:00" endTime="2015-07-23T12:29:59.7926455+02:00" testType="13cdc9d9-ddb5-4fa4-a97d-d965ccfc6d4b" outcome="Passed" testListId="8c84fa94-04c1-424b-9868-57a2d4851a1d" relativeResultsDirectory="ee7dfd11-a9a8-4fe0-9f4c-e56fb78efde0">
    </UnitTestResult>
    <UnitTestResult executionId="37ada119-3ba1-4f32-94f5-11084238abe9" testId="640a698d-813d-9953-1039-ed030e6fcf16" testName="MultiSpaceOn3Sites" computerName="BDXBLD003" duration="00:00:35.3437358" startTime="2015-07-23T12:29:59.4366422+02:00" endTime="2015-07-23T12:30:34.7824536+02:00" testType="13cdc9d9-ddb5-4fa4-a97d-d965ccfc6d4b" outcome="Passed" testListId="8c84fa94-04c1-424b-9868-57a2d4851a1d" relativeResultsDirectory="37ada119-3ba1-4f32-94f5-11084238abe9">
    </UnitTestResult>
    <UnitTestResult executionId="32f23ec7-9420-4ee3-a2ba-f064f2bae6bb" testId="2d4ca57d-4637-0543-e275-49c2ccaf50a1" testName="MultiSpaceOn4Sites" computerName="BDXBLD003" duration="00:00:00.2447657" startTime="2015-07-23T12:29:59.8106472+02:00" endTime="2015-07-23T12:30:00.0584723+02:00" testType="13cdc9d9-ddb5-4fa4-a97d-d965ccfc6d4b" outcome="Passed" testListId="8c84fa94-04c1-424b-9868-57a2d4851a1d" relativeResultsDirectory="32f23ec7-9420-4ee3-a2ba-f064f2bae6bb">
    </UnitTestResult>
    <UnitTestResult executionId="c0e7d5bb-8adf-4bcc-9a7a-b39ddc05968f" testId="5f52ee9d-ec3a-e615-7406-b93a476e3504" testName="MultiSpaceOnlyOnSite" computerName="BDXBLD003" duration="00:00:00.1288955" startTime="2015-07-23T12:30:00.0594718+02:00" endTime="2015-07-23T12:30:00.1984740+02:00" testType="13cdc9d9-ddb5-4fa4-a97d-d965ccfc6d4b" outcome="Passed" testListId="8c84fa94-04c1-424b-9868-57a2d4851a1d" relativeResultsDirectory="c0e7d5bb-8adf-4bcc-9a7a-b39ddc05968f">
    </UnitTestResult>
    <UnitTestResult executionId="af07fa33-f0b2-419c-a5a1-bd4474d1ef81" testId="257ff0ef-006e-a366-0531-edcdadf9bd7d" testName="MultiSpaceRatioForbidden" computerName="BDXBLD003" duration="00:00:00.5143610" startTime="2015-07-23T12:30:00.2034741+02:00" endTime="2015-07-23T12:30:00.7384799+02:00" testType="13cdc9d9-ddb5-4fa4-a97d-d965ccfc6d4b" outcome="Passed" testListId="8c84fa94-04c1-424b-9868-57a2d4851a1d" relativeResultsDirectory="af07fa33-f0b2-419c-a5a1-bd4474d1ef81">
    </UnitTestResult>
    <UnitTestResult executionId="10c05ed5-cdaa-4af8-bc20-6d3499cb3203" testId="7c9b1f58-421e-98d6-e8c3-a31b54eb5d88" testName="MultiSpaceSortOnlyOnS1" computerName="BDXBLD003" duration="00:00:00.4987173" startTime="2015-07-23T12:30:00.7384799+02:00" endTime="2015-07-23T12:30:01.3766334+02:00" testType="13cdc9d9-ddb5-4fa4-a97d-d965ccfc6d4b" outcome="Passed" testListId="8c84fa94-04c1-424b-9868-57a2d4851a1d" relativeResultsDirectory="10c05ed5-cdaa-4af8-bc20-6d3499cb3203">
    </UnitTestResult>
    <UnitTestResult executionId="bc4ca9c6-4a1a-42dd-b2eb-61023572c081" testId="f937cb89-f2b8-92a9-e35b-44c7e59a615a" testName="MultiSpaceVarForbidden" computerName="BDXBLD003" duration="00:00:00.5809485" startTime="2015-07-23T12:30:01.3836341+02:00" endTime="2015-07-23T12:30:01.9666420+02:00" testType="13cdc9d9-ddb5-4fa4-a97d-d965ccfc6d4b" outcome="Passed" testListId="8c84fa94-04c1-424b-9868-57a2d4851a1d" relativeResultsDirectory="bc4ca9c6-4a1a-42dd-b2eb-61023572c081">
    </UnitTestResult>
    <UnitTestResult executionId="988871ed-6fb0-4c50-a947-b478d2c6a300" testId="f9ea39a9-4fb4-3cc6-da43-1ef4d39320a6" testName="MultiSpaceWithS1AndS2" computerName="BDXBLD003" duration="00:00:18.8935062" startTime="2015-07-23T12:30:01.9696428+02:00" endTime="2015-07-23T12:30:20.8645379+02:00" testType="13cdc9d9-ddb5-4fa4-a97d-d965ccfc6d4b" outcome="Passed" testListId="8c84fa94-04c1-424b-9868-57a2d4851a1d" relativeResultsDirectory="988871ed-6fb0-4c50-a947-b478d2c6a300">
    </UnitTestResult>
    <UnitTestResult executionId="49563bd3-6d06-4476-a1d7-66c401fe4686" testId="151b4afe-e786-37fe-0809-7f61f6de9115" testName="MultiSpaceWithS1AndS3" computerName="BDXBLD003" duration="00:00:02.1555042" startTime="2015-07-23T12:30:03.7076629+02:00" endTime="2015-07-23T12:30:05.8657044+02:00" testType="13cdc9d9-ddb5-4fa4-a97d-d965ccfc6d4b" outcome="Passed" testListId="8c84fa94-04c1-424b-9868-57a2d4851a1d" relativeResultsDirectory="49563bd3-6d06-4476-a1d7-66c401fe4686">
    </UnitTestResult>
    <UnitTestResult executionId="2f08b869-c519-4166-b38a-acce195f8437" testId="41fa32ba-0cfd-e86e-bb37-577f9a62e49d" testName="MultiSpaceWithS2AndS3" computerName="BDXBLD003" duration="00:00:00.5380091" startTime="2015-07-23T12:30:05.8767048+02:00" endTime="2015-07-23T12:30:06.4167146+02:00" testType="13cdc9d9-ddb5-4fa4-a97d-d965ccfc6d4b" outcome="Passed" testListId="8c84fa94-04c1-424b-9868-57a2d4851a1d" relativeResultsDirectory="2f08b869-c519-4166-b38a-acce195f8437">
    </UnitTestResult>
    <UnitTestResult executionId="09e3c38c-09bd-44ce-8028-3910c5baad23" testId="ab11d567-736a-4ce4-8d26-ac821d73228d" testName="NoMultiPeriodWithMultiSpace" computerName="BDXBLD003" duration="00:00:00.1934908" startTime="2015-07-23T12:30:06.4167146+02:00" endTime="2015-07-23T12:30:06.6147173+02:00" testType="13cdc9d9-ddb5-4fa4-a97d-d965ccfc6d4b" outcome="Passed" testListId="8c84fa94-04c1-424b-9868-57a2d4851a1d" relativeResultsDirectory="09e3c38c-09bd-44ce-8028-3910c5baad23">
    </UnitTestResult>
    <UnitTestResult executionId="f86dc458-c98a-4d50-ab91-a7dd5306dc11" testId="da994206-6429-1777-78d8-a6ee29c35de3" testName="ChainedPeriodSyntaxError" computerName="BDXBLD003" duration="00:00:18.2528354" startTime="2015-07-23T12:30:06.6197177+02:00" endTime="2015-07-23T12:30:24.8739934+02:00" testType="13cdc9d9-ddb5-4fa4-a97d-d965ccfc6d4b" outcome="Passed" testListId="8c84fa94-04c1-424b-9868-57a2d4851a1d" relativeResultsDirectory="f86dc458-c98a-4d50-ab91-a7dd5306dc11">
    </UnitTestResult>
    <UnitTestResult executionId="e89fa2ae-23f6-4c88-bc63-829a777a18a3" testId="2d8d3716-999f-d3b3-1632-c66a9582ab88" testName="ColumnMax50IgnoreLevelId" computerName="BDXBLD003" duration="00:00:02.3421210" startTime="2015-07-23T12:30:06.6347171+02:00" endTime="2015-07-23T12:30:08.9787628+02:00" testType="13cdc9d9-ddb5-4fa4-a97d-d965ccfc6d4b" outcome="Passed" testListId="8c84fa94-04c1-424b-9868-57a2d4851a1d" relativeResultsDirectory="e89fa2ae-23f6-4c88-bc63-829a777a18a3">
    </UnitTestResult>
    <UnitTestResult executionId="aeda0f87-eb11-4b2b-8bd1-61788c9dd99c" testId="0f01b899-5d0e-e0ce-9e9f-88fcf1b63ea2" testName="IncorrectSyntaxInPeriod" computerName="BDXBLD003" duration="00:00:00.3634675" startTime="2015-07-23T12:30:08.9827644+02:00" endTime="2015-07-23T12:30:09.3467724+02:00" testType="13cdc9d9-ddb5-4fa4-a97d-d965ccfc6d4b" outcome="Passed" testListId="8c84fa94-04c1-424b-9868-57a2d4851a1d" relativeResultsDirectory="aeda0f87-eb11-4b2b-8bd1-61788c9dd99c">
    </UnitTestResult>
    <UnitTestResult executionId="4a58c035-9e9f-499d-9479-d6f4f8409ca7" testId="8fc71176-8dc2-0878-bf1f-2e579f6ba7a0" testName="IncorrectSyntaxInPeriodComma" computerName="BDXBLD003" duration="00:00:00.1758089" startTime="2015-07-23T12:30:09.3477704+02:00" endTime="2015-07-23T12:30:09.5277755+02:00" testType="13cdc9d9-ddb5-4fa4-a97d-d965ccfc6d4b" outcome="Passed" testListId="8c84fa94-04c1-424b-9868-57a2d4851a1d" relativeResultsDirectory="4a58c035-9e9f-499d-9479-d6f4f8409ca7">
    </UnitTestResult>
    <UnitTestResult executionId="39b2b747-5456-4c0a-9046-64583c47db80" testId="68c59b8f-c663-f124-b99f-797bab4e10e9" testName="LevelIsStandalone" computerName="BDXBLD003" duration="00:00:07.5156758" startTime="2015-07-23T12:30:09.5297746+02:00" endTime="2015-07-23T12:30:17.0494667+02:00" testType="13cdc9d9-ddb5-4fa4-a97d-d965ccfc6d4b" outcome="Passed" testListId="8c84fa94-04c1-424b-9868-57a2d4851a1d" relativeResultsDirectory="39b2b747-5456-4c0a-9046-64583c47db80">
    </UnitTestResult>
    <UnitTestResult executionId="4b86f385-e1cf-4862-9273-de580b56094f" testId="e98a1379-915f-65b7-9eee-601233ea5615" testName="MaxResultsLessOrEqual100" computerName="BDXBLD003" duration="00:00:00.2256383" startTime="2015-07-23T12:30:17.0574639+02:00" endTime="2015-07-23T12:30:17.2854685+02:00" testType="13cdc9d9-ddb5-4fa4-a97d-d965ccfc6d4b" outcome="Passed" testListId="8c84fa94-04c1-424b-9868-57a2d4851a1d" relativeResultsDirectory="4b86f385-e1cf-4862-9273-de580b56094f">
    </UnitTestResult>
    <UnitTestResult executionId="e835af63-52a0-4990-b1d9-1147b1f7e2e6" testId="05c2d6ed-6dad-0f00-7ccb-5984ad7ae5da" testName="MultiPeriod3PeriodsMax" computerName="BDXBLD003" duration="00:00:00.3277132" startTime="2015-07-23T12:30:17.2934685+02:00" endTime="2015-07-23T12:30:17.6304731+02:00" testType="13cdc9d9-ddb5-4fa4-a97d-d965ccfc6d4b" outcome="Passed" testListId="8c84fa94-04c1-424b-9868-57a2d4851a1d" relativeResultsDirectory="e835af63-52a0-4990-b1d9-1147b1f7e2e6">
    </UnitTestResult>
    <UnitTestResult executionId="39c24628-d558-428c-b162-bccffd083ffa" testId="106c1950-036f-ba8f-c5cc-feec5d803a8f" testName="MultiPeriod45DaysLimit" computerName="BDXBLD003" duration="00:00:10.4120912" startTime="2015-07-23T12:30:17.6444751+02:00" endTime="2015-07-23T12:30:28.0620531+02:00" testType="13cdc9d9-ddb5-4fa4-a97d-d965ccfc6d4b" outcome="Passed" testListId="8c84fa94-04c1-424b-9868-57a2d4851a1d" relativeResultsDirectory="39c24628-d558-428c-b162-bccffd083ffa">
    </UnitTestResult>
    <UnitTestResult executionId="0028e77a-1bdb-472c-8c3b-f59ff9e3c5a9" testId="87ad9bb7-92a7-564e-ec40-dabcdec8c819" testName="MultiPeriodFilterMetricOnlyOnP1" computerName="BDXBLD003" duration="00:00:00.2300584" startTime="2015-07-23T12:30:20.8675373+02:00" endTime="2015-07-23T12:30:21.0995422+02:00" testType="13cdc9d9-ddb5-4fa4-a97d-d965ccfc6d4b" outcome="Passed" testListId="8c84fa94-04c1-424b-9868-57a2d4851a1d" relativeResultsDirectory="0028e77a-1bdb-472c-8c3b-f59ff9e3c5a9">
    </UnitTestResult>
    <UnitTestResult executionId="336d2c4d-6966-4fe4-a2c9-a1c54bdb34ee" testId="c33398f0-3016-e62d-7d2e-763c387d6e59" testName="MultiPeriodIncompatibleWithArbo" computerName="BDXBLD003" duration="00:00:00.1980224" startTime="2015-07-23T12:30:21.1005420+02:00" endTime="2015-07-23T12:30:21.3005456+02:00" testType="13cdc9d9-ddb5-4fa4-a97d-d965ccfc6d4b" outcome="Passed" testListId="8c84fa94-04c1-424b-9868-57a2d4851a1d" relativeResultsDirectory="336d2c4d-6966-4fe4-a2c9-a1c54bdb34ee">
    </UnitTestResult>
    <UnitTestResult executionId="9c5ab6cb-7608-4e6b-8a74-f0698b0cd4ff" testId="3222b6d8-fb2a-79e0-8f58-c18945fa1bd9" testName="MultiPeriodMetricPrefixedWithP1" computerName="BDXBLD003" duration="00:00:00.1662672" startTime="2015-07-23T12:30:21.3015454+02:00" endTime="2015-07-23T12:30:21.4685482+02:00" testType="13cdc9d9-ddb5-4fa4-a97d-d965ccfc6d4b" outcome="Passed" testListId="8c84fa94-04c1-424b-9868-57a2d4851a1d" relativeResultsDirectory="9c5ab6cb-7608-4e6b-8a74-f0698b0cd4ff">
    </UnitTestResult>
    <UnitTestResult executionId="b15042f9-7a90-4b1c-9a93-335dea7216e8" testId="3ab1c8c5-ae28-5479-70e8-3ec647e47cd7" testName="MultiPeriodMultiLevel" computerName="BDXBLD003" duration="00:00:24.3870272" startTime="2015-07-23T12:30:21.4755490+02:00" endTime="2015-07-23T12:30:45.8862745+02:00" testType="13cdc9d9-ddb5-4fa4-a97d-d965ccfc6d4b" outcome="Passed" testListId="8c84fa94-04c1-424b-9868-57a2d4851a1d" relativeResultsDirectory="b15042f9-7a90-4b1c-9a93-335dea7216e8">
    </UnitTestResult>
    <UnitTestResult executionId="09309070-318c-4c21-9aa5-b930a1203018" testId="8e885de1-3af9-3035-f46b-bb000e635665" testName="MultiPeriodNonConsecutivePeriodLimit" computerName="BDXBLD003" duration="00:00:00.3190076" startTime="2015-07-23T12:30:24.8779933+02:00" endTime="2015-07-23T12:30:25.2019980+02:00" testType="13cdc9d9-ddb5-4fa4-a97d-d965ccfc6d4b" outcome="Passed" testListId="8c84fa94-04c1-424b-9868-57a2d4851a1d" relativeResultsDirectory="09309070-318c-4c21-9aa5-b930a1203018">
    </UnitTestResult>
    <UnitTestResult executionId="2f9260cc-798b-42bd-9931-8bbd33e14345" testId="e6ce2b68-4e07-78f9-753a-be0288d4b5f3" testName="MultiPeriodP4P5P6Error" computerName="BDXBLD003" duration="00:00:00.2742279" startTime="2015-07-23T12:30:25.2019980+02:00" endTime="2015-07-23T12:30:25.4780736+02:00" testType="13cdc9d9-ddb5-4fa4-a97d-d965ccfc6d4b" outcome="Passed" testListId="8c84fa94-04c1-424b-9868-57a2d4851a1d" relativeResultsDirectory="2f9260cc-798b-42bd-9931-8bbd33e14345">
    </UnitTestResult>
    <UnitTestResult executionId="8d08da9b-c4b2-419e-8d54-87830c8a6dfe" testId="2ffebf14-d62c-3500-cdb3-62642f55e729" testName="MultiPeriodSortMetricOnlyOnP1" computerName="BDXBLD003" duration="00:00:00.2345295" startTime="2015-07-23T12:30:25.4810051+02:00" endTime="2015-07-23T12:30:25.7170111+02:00" testType="13cdc9d9-ddb5-4fa4-a97d-d965ccfc6d4b" outcome="Passed" testListId="8c84fa94-04c1-424b-9868-57a2d4851a1d" relativeResultsDirectory="8d08da9b-c4b2-419e-8d54-87830c8a6dfe">
    </UnitTestResult>
    <UnitTestResult executionId="f17616d7-0284-4637-9db1-08059af64eee" testId="98e3d077-f8da-c4ea-8897-f681629ec860" testName="MultiPeriodStartOrEndAfterToday" computerName="BDXBLD003" duration="00:00:00.3421968" startTime="2015-07-23T12:30:25.7180087+02:00" endTime="2015-07-23T12:30:26.0620143+02:00" testType="13cdc9d9-ddb5-4fa4-a97d-d965ccfc6d4b" outcome="Passed" testListId="8c84fa94-04c1-424b-9868-57a2d4851a1d" relativeResultsDirectory="f17616d7-0284-4637-9db1-08059af64eee">
    </UnitTestResult>
    <UnitTestResult executionId="cc59798e-788e-4269-8a58-aa07103342cb" testId="0a27d781-32f3-a887-424a-ab21bdbc993f" testName="MultiPeriodTimeAttributeNotAllowed" computerName="BDXBLD003" duration="00:00:00.1941634" startTime="2015-07-23T12:30:26.0780155+02:00" endTime="2015-07-23T12:30:26.2740195+02:00" testType="13cdc9d9-ddb5-4fa4-a97d-d965ccfc6d4b" outcome="Passed" testListId="8c84fa94-04c1-424b-9868-57a2d4851a1d" relativeResultsDirectory="cc59798e-788e-4269-8a58-aa07103342cb">
    </UnitTestResult>
    <UnitTestResult executionId="ec0e0281-16fc-4319-acf5-4a82acbac045" testId="9cfacdca-c2dd-c298-2418-c0cbef7809c9" testName="MultiPeriodTRMixedAggregated" computerName="BDXBLD003" duration="00:00:00.2566278" startTime="2015-07-23T12:30:26.2850196+02:00" endTime="2015-07-23T12:30:26.5500232+02:00" testType="13cdc9d9-ddb5-4fa4-a97d-d965ccfc6d4b" outcome="Passed" testListId="8c84fa94-04c1-424b-9868-57a2d4851a1d" relativeResultsDirectory="ec0e0281-16fc-4319-acf5-4a82acbac045">
    </UnitTestResult>
    <UnitTestResult executionId="636b1541-f6ad-47ac-9f22-b30c3923d686" testId="8f5e6886-8c39-a7d2-ff6a-3c6dc05c7ceb" testName="Period45DaysLimit" computerName="BDXBLD003" duration="00:00:02.9627163" startTime="2015-07-23T12:30:26.5520239+02:00" endTime="2015-07-23T12:30:29.5180811+02:00" testType="13cdc9d9-ddb5-4fa4-a97d-d965ccfc6d4b" outcome="Passed" testListId="8c84fa94-04c1-424b-9868-57a2d4851a1d" relativeResultsDirectory="636b1541-f6ad-47ac-9f22-b30c3923d686">
    </UnitTestResult>
    <UnitTestResult executionId="4850c40d-3bf1-4c56-b003-121645b382f4" testId="9eac4a56-2588-08f3-91fd-3b31eef74ab2" testName="RelativePeriodSyntaxError" computerName="BDXBLD003" duration="00:00:00.2582165" startTime="2015-07-23T12:30:28.0630536+02:00" endTime="2015-07-23T12:30:28.3270585+02:00" testType="13cdc9d9-ddb5-4fa4-a97d-d965ccfc6d4b" outcome="Passed" testListId="8c84fa94-04c1-424b-9868-57a2d4851a1d" relativeResultsDirectory="4850c40d-3bf1-4c56-b003-121645b382f4">
    </UnitTestResult>
    <UnitTestResult executionId="31cdac55-50cb-4d1b-a9a4-700b50105202" testId="d3f12eb3-2156-49f8-0f61-d26a528302aa" testName="TestMultiperiod" computerName="BDXBLD003" duration="00:00:03.9658547" startTime="2015-07-23T12:30:28.3300570+02:00" endTime="2015-07-23T12:30:32.2971343+02:00" testType="13cdc9d9-ddb5-4fa4-a97d-d965ccfc6d4b" outcome="Passed" testListId="8c84fa94-04c1-424b-9868-57a2d4851a1d" relativeResultsDirectory="31cdac55-50cb-4d1b-a9a4-700b50105202">
    </UnitTestResult>
    <UnitTestResult executionId="e5678069-4937-4d46-90b2-79b5ab5c72c6" testId="5c7888d1-b281-8fcb-c189-fbea0ca00aa9" testName="PostGetData" computerName="BDXBLD003" duration="00:00:00.3312503" startTime="2015-07-23T12:30:29.5180811+02:00" endTime="2015-07-23T12:30:29.8620892+02:00" testType="13cdc9d9-ddb5-4fa4-a97d-d965ccfc6d4b" outcome="Passed" testListId="8c84fa94-04c1-424b-9868-57a2d4851a1d" relativeResultsDirectory="e5678069-4937-4d46-90b2-79b5ab5c72c6">
    </UnitTestResult>
    <UnitTestResult executionId="a98b01bd-c2a6-4b88-8b69-db1cba3068b5" testId="85ccf025-c604-8335-7c1d-f710c17ffc31" testName="PageRatioWithInclude" computerName="BDXBLD003" duration="00:00:37.2298939" startTime="2015-07-23T12:30:29.8640883+02:00" endTime="2015-07-23T12:31:07.0966409+02:00" testType="13cdc9d9-ddb5-4fa4-a97d-d965ccfc6d4b" outcome="Passed" testListId="8c84fa94-04c1-424b-9868-57a2d4851a1d" relativeResultsDirectory="a98b01bd-c2a6-4b88-8b69-db1cba3068b5">
    </UnitTestResult>
    <UnitTestResult executionId="02082040-3def-4b72-8ee9-d3cf3e29fc10" testId="7b6109a3-a6b2-41c9-d972-cbf8ecb399c0" testName="RatioInvalideSyntaxe" computerName="BDXBLD003" duration="00:00:00.2785925" startTime="2015-07-23T12:30:32.3001351+02:00" endTime="2015-07-23T12:30:32.5821414+02:00" testType="13cdc9d9-ddb5-4fa4-a97d-d965ccfc6d4b" outcome="Passed" testListId="8c84fa94-04c1-424b-9868-57a2d4851a1d" relativeResultsDirectory="02082040-3def-4b72-8ee9-d3cf3e29fc10">
    </UnitTestResult>
    <UnitTestResult executionId="46cae868-e037-404e-a681-8eff4b234a15" testId="72908cd7-a3b5-ccb1-0e04-d0de3b62c049" testName="RatioMultiPeriod" computerName="BDXBLD003" duration="00:00:08.0837770" startTime="2015-07-23T12:30:32.5841412+02:00" endTime="2015-07-23T12:30:40.6701014+02:00" testType="13cdc9d9-ddb5-4fa4-a97d-d965ccfc6d4b" outcome="Passed" testListId="8c84fa94-04c1-424b-9868-57a2d4851a1d" relativeResultsDirectory="46cae868-e037-404e-a681-8eff4b234a15">
    </UnitTestResult>
    <UnitTestResult executionId="c6879769-6f41-4b5b-aa56-686c66ea0d59" testId="b0d2dfb1-e810-5a7a-3758-c5edbb87e635" testName="RatioWithoutInclude" computerName="BDXBLD003" duration="00:00:00.1887073" startTime="2015-07-23T12:30:34.7874525+02:00" endTime="2015-07-23T12:30:34.9774594+02:00" testType="13cdc9d9-ddb5-4fa4-a97d-d965ccfc6d4b" outcome="Passed" testListId="8c84fa94-04c1-424b-9868-57a2d4851a1d" relativeResultsDirectory="c6879769-6f41-4b5b-aa56-686c66ea0d59">
    </UnitTestResult>
    <UnitTestResult executionId="1c5ca7be-a4dd-46cc-9f31-6cf4f5efb0d3" testId="f9d5e7f6-d058-d011-aa80-ce1453a58a95" testName="SourceRatioWithInclude" computerName="BDXBLD003" duration="00:00:02.9516558" startTime="2015-07-23T12:30:34.9784584+02:00" endTime="2015-07-23T12:30:37.9445157+02:00" testType="13cdc9d9-ddb5-4fa4-a97d-d965ccfc6d4b" outcome="Passed" testListId="8c84fa94-04c1-424b-9868-57a2d4851a1d" relativeResultsDirectory="1c5ca7be-a4dd-46cc-9f31-6cf4f5efb0d3">
    </UnitTestResult>
    <UnitTestResult executionId="f885da3b-2097-45a6-9705-76eead52b423" testId="53bdd07c-9920-8f1d-7d24-85a910515f92" testName="TestInvalidReference" computerName="BDXBLD003" duration="00:00:00.2670305" startTime="2015-07-23T12:30:37.9455164+02:00" endTime="2015-07-23T12:30:38.2145228+02:00" testType="13cdc9d9-ddb5-4fa4-a97d-d965ccfc6d4b" outcome="Passed" testListId="8c84fa94-04c1-424b-9868-57a2d4851a1d" relativeResultsDirectory="f885da3b-2097-45a6-9705-76eead52b423">
    </UnitTestResult>
    <UnitTestResult executionId="4e8e5db8-abaf-47fe-b385-58049c8e35ab" testId="894e1005-9efe-2489-6cb4-f498b4820c18" testName="TestReference" computerName="BDXBLD003" duration="00:00:01.0703835" startTime="2015-07-23T12:30:38.2165207+02:00" endTime="2015-07-23T12:30:39.2890736+02:00" testType="13cdc9d9-ddb5-4fa4-a97d-d965ccfc6d4b" outcome="Passed" testListId="8c84fa94-04c1-424b-9868-57a2d4851a1d" relativeResultsDirectory="4e8e5db8-abaf-47fe-b385-58049c8e35ab">
    </UnitTestResult>
    <UnitTestResult executionId="7f584e41-e839-4f8a-9833-50188e73a68f" testId="a834afdf-e2a5-6916-b881-4edd77a5d49f" testName="TestReferenceOnMultiPeriod" computerName="BDXBLD003" duration="00:00:23.7404758" startTime="2015-07-23T12:30:39.2950763+02:00" endTime="2015-07-23T12:31:03.0371946+02:00" testType="13cdc9d9-ddb5-4fa4-a97d-d965ccfc6d4b" outcome="Passed" testListId="8c84fa94-04c1-424b-9868-57a2d4851a1d" relativeResultsDirectory="7f584e41-e839-4f8a-9833-50188e73a68f">
    </UnitTestResult>
    <UnitTestResult executionId="9fd7291f-bf6e-4a90-8275-a9821d0225bb" testId="f0aab23d-0edd-0a9d-10d0-91aeda6fcb56" testName="GetCustomReportTest" computerName="BDXBLD003" duration="00:00:04.4334690" startTime="2015-07-23T12:30:40.6801006+02:00" endTime="2015-07-23T12:30:45.1162600+02:00" testType="13cdc9d9-ddb5-4fa4-a97d-d965ccfc6d4b" outcome="Passed" testListId="8c84fa94-04c1-424b-9868-57a2d4851a1d" relativeResultsDirectory="9fd7291f-bf6e-4a90-8275-a9821d0225bb">
    </UnitTestResult>
    <UnitTestResult executionId="f1ef2e69-98bb-498a-8894-56860947b422" testId="8e1e7fc0-1dc0-926f-9f77-4ea168b7ca4e" testName="GetDataFromCloud" computerName="BDXBLD003" duration="00:00:00.2940668" startTime="2015-07-23T12:30:45.1202599+02:00" endTime="2015-07-23T12:30:45.4162667+02:00" testType="13cdc9d9-ddb5-4fa4-a97d-d965ccfc6d4b" outcome="Passed" testListId="8c84fa94-04c1-424b-9868-57a2d4851a1d" relativeResultsDirectory="f1ef2e69-98bb-498a-8894-56860947b422">
    </UnitTestResult>
    <UnitTestResult executionId="01358d57-2111-4245-a1f1-8d4cd417959f" testId="3b36278d-efcd-7929-7327-430b65af9759" testName="Test_Sample50_MaxResult100_Page1" computerName="BDXBLD003" duration="00:00:03.4411742" startTime="2015-07-23T12:30:45.4172652+02:00" endTime="2015-07-23T12:30:48.8590181+02:00" testType="13cdc9d9-ddb5-4fa4-a97d-d965ccfc6d4b" outcome="Passed" testListId="8c84fa94-04c1-424b-9868-57a2d4851a1d" relativeResultsDirectory="01358d57-2111-4245-a1f1-8d4cd417959f">
    </UnitTestResult>
    <UnitTestResult executionId="b479fc5e-2bfe-4c5b-996b-9829d1d21760" testId="22873938-9955-e331-2647-46c891003c5d" testName="Test_Sample500_MaxResult500_Page1" computerName="BDXBLD003" duration="00:00:07.7617915" startTime="2015-07-23T12:30:45.8922750+02:00" endTime="2015-07-23T12:30:53.6551211+02:00" testType="13cdc9d9-ddb5-4fa4-a97d-d965ccfc6d4b" outcome="Passed" testListId="8c84fa94-04c1-424b-9868-57a2d4851a1d" relativeResultsDirectory="b479fc5e-2bfe-4c5b-996b-9829d1d21760">
    </UnitTestResult>
    <UnitTestResult executionId="8e6795b6-ef87-4c14-a036-953167afd8e9" testId="d8b07776-5638-c219-ba12-e3a9dd2de624" testName="Test_Sample500_MaxResult500_Page2" computerName="BDXBLD003" duration="00:00:02.2333515" startTime="2015-07-23T12:30:48.8600182+02:00" endTime="2015-07-23T12:30:51.0940608+02:00" testType="13cdc9d9-ddb5-4fa4-a97d-d965ccfc6d4b" outcome="Passed" testListId="8c84fa94-04c1-424b-9868-57a2d4851a1d" relativeResultsDirectory="8e6795b6-ef87-4c14-a036-953167afd8e9">
    </UnitTestResult>
    <UnitTestResult executionId="1c14b609-d4cc-415b-a306-bfc1a296b240" testId="356977a9-a7c8-28c7-d6bf-c517b2e7f381" testName="TestSampleArbo" computerName="BDXBLD003" duration="00:00:00.9418469" startTime="2015-07-23T12:30:51.0950614+02:00" endTime="2015-07-23T12:30:52.0390797+02:00" testType="13cdc9d9-ddb5-4fa4-a97d-d965ccfc6d4b" outcome="Passed" testListId="8c84fa94-04c1-424b-9868-57a2d4851a1d" relativeResultsDirectory="1c14b609-d4cc-415b-a306-bfc1a296b240">
    </UnitTestResult>
    <UnitTestResult executionId="7b10ace0-35db-4267-9cb1-b6af8f33090a" testId="25804d11-3d3f-3f66-210e-f65db598142f" testName="TestSampleClassic" computerName="BDXBLD003" duration="00:00:00.4829462" startTime="2015-07-23T12:30:52.0420788+02:00" endTime="2015-07-23T12:30:52.5280922+02:00" testType="13cdc9d9-ddb5-4fa4-a97d-d965ccfc6d4b" outcome="Passed" testListId="8c84fa94-04c1-424b-9868-57a2d4851a1d" relativeResultsDirectory="7b10ace0-35db-4267-9cb1-b6af8f33090a">
    </UnitTestResult>
    <UnitTestResult executionId="f6e91397-0b8d-4a19-a999-291c4d98d2d8" testId="b16dcec7-756f-0a76-923b-07ae52e9767f" testName="TestSampleMultiPeriod" computerName="BDXBLD003" duration="00:00:18.8936185" startTime="2015-07-23T12:30:52.5300918+02:00" endTime="2015-07-23T12:31:11.4259727+02:00" testType="13cdc9d9-ddb5-4fa4-a97d-d965ccfc6d4b" outcome="Passed" testListId="8c84fa94-04c1-424b-9868-57a2d4851a1d" relativeResultsDirectory="f6e91397-0b8d-4a19-a999-291c4d98d2d8">
    </UnitTestResult>
    <UnitTestResult executionId="484e0b5c-57dd-4478-aca6-56a1e140c5e8" testId="22987bd6-0938-a737-436f-38ba523cce04" testName="TestSampleNotFirstError" computerName="BDXBLD003" duration="00:00:00.1754345" startTime="2015-07-23T12:30:53.6601206+02:00" endTime="2015-07-23T12:30:53.8361251+02:00" testType="13cdc9d9-ddb5-4fa4-a97d-d965ccfc6d4b" outcome="Passed" testListId="8c84fa94-04c1-424b-9868-57a2d4851a1d" relativeResultsDirectory="484e0b5c-57dd-4478-aca6-56a1e140c5e8">
    </UnitTestResult>
    <UnitTestResult executionId="0e08f04a-30fe-49c2-9a35-b7d81821a371" testId="44bb145b-ccb9-98f6-eab3-3e311c5c72b3" testName="TestSampleNotNumericError" computerName="BDXBLD003" duration="00:00:00.1386502" startTime="2015-07-23T12:30:53.8381252+02:00" endTime="2015-07-23T12:30:53.9791289+02:00" testType="13cdc9d9-ddb5-4fa4-a97d-d965ccfc6d4b" outcome="Passed" testListId="8c84fa94-04c1-424b-9868-57a2d4851a1d" relativeResultsDirectory="0e08f04a-30fe-49c2-9a35-b7d81821a371">
    </UnitTestResult>
    <UnitTestResult executionId="2a637ac4-5a08-4d32-89f6-c0e7a8329f27" testId="6e3cac5e-43b9-9fc5-0cd8-bc05ed4297bc" testName="DataArbo" computerName="BDXBLD003" duration="00:00:02.7855050" startTime="2015-07-23T12:30:53.9851303+02:00" endTime="2015-07-23T12:30:56.7705883+02:00" testType="13cdc9d9-ddb5-4fa4-a97d-d965ccfc6d4b" outcome="Passed" testListId="8c84fa94-04c1-424b-9868-57a2d4851a1d" relativeResultsDirectory="2a637ac4-5a08-4d32-89f6-c0e7a8329f27">
    </UnitTestResult>
    <UnitTestResult executionId="aece629b-7f82-4409-aea8-27a5d8790fc3" testId="a7a877f5-10ed-992a-e899-bc6ea9d2aa43" testName="DataEvoTest" computerName="BDXBLD003" duration="00:00:01.0481147" startTime="2015-07-23T12:30:56.7715870+02:00" endTime="2015-07-23T12:30:57.8216153+02:00" testType="13cdc9d9-ddb5-4fa4-a97d-d965ccfc6d4b" outcome="Passed" testListId="8c84fa94-04c1-424b-9868-57a2d4851a1d" relativeResultsDirectory="aece629b-7f82-4409-aea8-27a5d8790fc3">
    </UnitTestResult>
    <UnitTestResult executionId="27728229-1b04-4779-88a4-74bfc8913f76" testId="3d7b37e4-6bce-7da7-9f5a-f02bce0527a6" testName="DataMultiPeriodTest" computerName="BDXBLD003" duration="00:00:01.0667931" startTime="2015-07-23T12:30:57.8266136+02:00" endTime="2015-07-23T12:30:58.8946409+02:00" testType="13cdc9d9-ddb5-4fa4-a97d-d965ccfc6d4b" outcome="Passed" testListId="8c84fa94-04c1-424b-9868-57a2d4851a1d" relativeResultsDirectory="27728229-1b04-4779-88a4-74bfc8913f76">
    </UnitTestResult>
    <UnitTestResult executionId="96980f68-b719-4036-9e04-d75dca8208fb" testId="6ec5790f-59ce-f6cf-5779-fe00caf970f2" testName="DataMultiSpace" computerName="BDXBLD003" duration="00:00:06.1749675" startTime="2015-07-23T12:30:58.8956405+02:00" endTime="2015-07-23T12:31:05.0722479+02:00" testType="13cdc9d9-ddb5-4fa4-a97d-d965ccfc6d4b" outcome="Passed" testListId="8c84fa94-04c1-424b-9868-57a2d4851a1d" relativeResultsDirectory="96980f68-b719-4036-9e04-d75dca8208fb">
    </UnitTestResult>
    <UnitTestResult executionId="a8642aec-0be3-4f7c-a1a5-9a736ce0b6f1" testId="ae6ae0e9-3405-0ebb-8a49-3d8156fb044d" testName="DataTest" computerName="BDXBLD003" duration="00:00:00.5421816" startTime="2015-07-23T12:31:03.0381955+02:00" endTime="2015-07-23T12:31:03.5812089+02:00" testType="13cdc9d9-ddb5-4fa4-a97d-d965ccfc6d4b" outcome="Passed" testListId="8c84fa94-04c1-424b-9868-57a2d4851a1d" relativeResultsDirectory="a8642aec-0be3-4f7c-a1a5-9a736ce0b6f1">
    </UnitTestResult>
    <UnitTestResult executionId="7f5df4cd-1242-451b-8251-4a17552a24ab" testId="66dd591e-1c18-1819-37be-13c5d0b9975f" testName="DataTotaux" computerName="BDXBLD003" duration="00:00:00.5631328" startTime="2015-07-23T12:31:03.5822082+02:00" endTime="2015-07-23T12:31:04.1462265+02:00" testType="13cdc9d9-ddb5-4fa4-a97d-d965ccfc6d4b" outcome="Passed" testListId="8c84fa94-04c1-424b-9868-57a2d4851a1d" relativeResultsDirectory="7f5df4cd-1242-451b-8251-4a17552a24ab">
    </UnitTestResult>
    <UnitTestResult executionId="14365e6c-c141-43b3-9ea4-58921089d9c5" testId="46b1c5fa-858a-e14d-f75c-b205bba935e2" testName="CreateScod" computerName="BDXBLD003" duration="00:00:09.7884666" startTime="2015-07-23T12:31:04.1512245+02:00" endTime="2015-07-23T12:31:13.9411023+02:00" testType="13cdc9d9-ddb5-4fa4-a97d-d965ccfc6d4b" outcome="Passed" testListId="8c84fa94-04c1-424b-9868-57a2d4851a1d" relativeResultsDirectory="14365e6c-c141-43b3-9ea4-58921089d9c5">
    </UnitTestResult>
    <UnitTestResult executionId="70a41186-daac-4726-88a2-21619672a3fe" testId="3e2293a9-52d0-2ef3-d91f-c411519370c6" testName="GetScod" computerName="BDXBLD003" duration="00:00:00.7377913" startTime="2015-07-23T12:31:05.0742487+02:00" endTime="2015-07-23T12:31:05.8132653+02:00" testType="13cdc9d9-ddb5-4fa4-a97d-d965ccfc6d4b" outcome="Passed" testListId="8c84fa94-04c1-424b-9868-57a2d4851a1d" relativeResultsDirectory="70a41186-daac-4726-88a2-21619672a3fe">
    </UnitTestResult>
    <UnitTestResult executionId="24cce7dd-d066-45a4-b0e8-f0a5a491d169" testId="f8993179-fc43-ae9d-c3a0-bb0cc9e9bc98" testName="SegmentDescMaxDays" computerName="BDXBLD003" duration="00:00:00.3713736" startTime="2015-07-23T12:31:05.8143966+02:00" endTime="2015-07-23T12:31:06.1862784+02:00" testType="13cdc9d9-ddb5-4fa4-a97d-d965ccfc6d4b" outcome="Passed" testListId="8c84fa94-04c1-424b-9868-57a2d4851a1d" relativeResultsDirectory="24cce7dd-d066-45a4-b0e8-f0a5a491d169">
    </UnitTestResult>
    <UnitTestResult executionId="03745c4e-5c53-4e69-b1b6-b54db1daf20c" testId="223659a9-8207-fd7f-c767-85dc694ae767" testName="SegmentDescNoRelatif" computerName="BDXBLD003" duration="00:00:00.3574273" startTime="2015-07-23T12:31:06.1912752+02:00" endTime="2015-07-23T12:31:06.5505993+02:00" testType="13cdc9d9-ddb5-4fa4-a97d-d965ccfc6d4b" outcome="Passed" testListId="8c84fa94-04c1-424b-9868-57a2d4851a1d" relativeResultsDirectory="03745c4e-5c53-4e69-b1b6-b54db1daf20c">
    </UnitTestResult>
    <UnitTestResult executionId="3074b3c4-392c-471c-9c07-fb500574060c" testId="7bbe251b-b5ac-5fc5-a3c3-176aff58a099" testName="SegmentDescPeriodNoNamespace" computerName="BDXBLD003" duration="00:00:00.2902663" startTime="2015-07-23T12:31:06.5525988+02:00" endTime="2015-07-23T12:31:06.8452521+02:00" testType="13cdc9d9-ddb5-4fa4-a97d-d965ccfc6d4b" outcome="Passed" testListId="8c84fa94-04c1-424b-9868-57a2d4851a1d" relativeResultsDirectory="3074b3c4-392c-471c-9c07-fb500574060c">
    </UnitTestResult>
    <UnitTestResult executionId="11ea8190-49d4-47c7-aaed-ca4e4e5b0b36" testId="60260335-b789-1d16-55d7-b349e8c55200" testName="SegmentDescPeriodWithNoSegmentId" computerName="BDXBLD003" duration="00:00:00.2695902" startTime="2015-07-23T12:31:06.8472517+02:00" endTime="2015-07-23T12:31:07.1186404+02:00" testType="13cdc9d9-ddb5-4fa4-a97d-d965ccfc6d4b" outcome="Passed" testListId="8c84fa94-04c1-424b-9868-57a2d4851a1d" relativeResultsDirectory="11ea8190-49d4-47c7-aaed-ca4e4e5b0b36">
    </UnitTestResult>
    <UnitTestResult executionId="0e4e0fea-ad0a-4175-a51c-bed69ac503ec" testId="1a22e1f6-ac6b-5d51-116a-eeddc8a85c5d" testName="SegmentDescUnknownKey" computerName="BDXBLD003" duration="00:00:00.3232790" startTime="2015-07-23T12:31:07.0996405+02:00" endTime="2015-07-23T12:31:07.4246505+02:00" testType="13cdc9d9-ddb5-4fa4-a97d-d965ccfc6d4b" outcome="Passed" testListId="8c84fa94-04c1-424b-9868-57a2d4851a1d" relativeResultsDirectory="0e4e0fea-ad0a-4175-a51c-bed69ac503ec">
    </UnitTestResult>
    <UnitTestResult executionId="987b8916-7053-4378-9b05-503f46688b64" testId="f815d742-3680-ce60-44e6-a4e0badc8bc6" testName="SegmentDescWithPeriodFutur" computerName="BDXBLD003" duration="00:00:00.3547203" startTime="2015-07-23T12:31:07.1186404+02:00" endTime="2015-07-23T12:31:07.4787360+02:00" testType="13cdc9d9-ddb5-4fa4-a97d-d965ccfc6d4b" outcome="Passed" testListId="8c84fa94-04c1-424b-9868-57a2d4851a1d" relativeResultsDirectory="987b8916-7053-4378-9b05-503f46688b64">
    </UnitTestResult>
    <UnitTestResult executionId="a32f6cf1-b7c1-40e5-9aef-9c22f912f35f" testId="05aacd61-87ee-94ae-da3c-dcde792a2d35" testName="SegmentNoDesc" computerName="BDXBLD003" duration="00:00:05.4041138" startTime="2015-07-23T12:31:07.4256510+02:00" endTime="2015-07-23T12:31:12.8310885+02:00" testType="13cdc9d9-ddb5-4fa4-a97d-d965ccfc6d4b" outcome="Passed" testListId="8c84fa94-04c1-424b-9868-57a2d4851a1d" relativeResultsDirectory="a32f6cf1-b7c1-40e5-9aef-9c22f912f35f">
    </UnitTestResult>
    <UnitTestResult executionId="93bae056-9914-48f7-a8db-0100f660fc8b" testId="1f175a04-2ef2-68ac-7de7-e6fb8eb4674e" testName="SegmentStandard" computerName="BDXBLD003" duration="00:00:02.7968946" startTime="2015-07-23T12:31:07.4806504+02:00" endTime="2015-07-23T12:31:10.2829573+02:00" testType="13cdc9d9-ddb5-4fa4-a97d-d965ccfc6d4b" outcome="Passed" testListId="8c84fa94-04c1-424b-9868-57a2d4851a1d" relativeResultsDirectory="93bae056-9914-48f7-a8db-0100f660fc8b">
    </UnitTestResult>
    <UnitTestResult executionId="0928c4bc-217c-4eaa-8905-9dca6152e456" testId="8b9d20b7-9910-1e0c-2ec6-81b41392c20a" testName="SegmentWithPeriod" computerName="BDXBLD003" duration="00:00:01.0570138" startTime="2015-07-23T12:31:10.2869592+02:00" endTime="2015-07-23T12:31:11.3459723+02:00" testType="13cdc9d9-ddb5-4fa4-a97d-d965ccfc6d4b" outcome="Passed" testListId="8c84fa94-04c1-424b-9868-57a2d4851a1d" relativeResultsDirectory="0928c4bc-217c-4eaa-8905-9dca6152e456">
    </UnitTestResult>
    <UnitTestResult executionId="99c46554-d899-4166-b6bb-8fb42f6b0d5b" testId="ce62874c-78cc-ba33-83e0-3c2f7e85bf48" testName="ShortcodeNotValid" computerName="BDXBLD003" duration="00:00:00.1965346" startTime="2015-07-23T12:31:11.3489720+02:00" endTime="2015-07-23T12:31:11.5469745+02:00" testType="13cdc9d9-ddb5-4fa4-a97d-d965ccfc6d4b" outcome="Passed" testListId="8c84fa94-04c1-424b-9868-57a2d4851a1d" relativeResultsDirectory="99c46554-d899-4166-b6bb-8fb42f6b0d5b">
    </UnitTestResult>
    <UnitTestResult executionId="24531106-638b-4aff-b7b4-17492e54caa9" testId="f06e185d-e545-1144-27f9-799880d40c43" testName="ShortcodeOverrideTest" computerName="BDXBLD003" duration="00:00:01.0429443" startTime="2015-07-23T12:31:11.4259727+02:00" endTime="2015-07-23T12:31:12.4700823+02:00" testType="13cdc9d9-ddb5-4fa4-a97d-d965ccfc6d4b" outcome="Passed" testListId="8c84fa94-04c1-424b-9868-57a2d4851a1d" relativeResultsDirectory="24531106-638b-4aff-b7b4-17492e54caa9">
    </UnitTestResult>
    <UnitTestResult executionId="ad5ea54e-f460-42e0-b36a-5acfa1c3ea1f" testId="0d0d9f7f-1c9b-cc17-313a-be22a3ec9bd3" testName="ShortcodeSiteGroup" computerName="BDXBLD003" duration="00:00:11.8053069" startTime="2015-07-23T12:31:11.5509738+02:00" endTime="2015-07-23T12:31:23.3572214+02:00" testType="13cdc9d9-ddb5-4fa4-a97d-d965ccfc6d4b" outcome="Passed" testListId="8c84fa94-04c1-424b-9868-57a2d4851a1d" relativeResultsDirectory="ad5ea54e-f460-42e0-b36a-5acfa1c3ea1f">
    </UnitTestResult>
    <UnitTestResult executionId="2eea0331-3941-4443-8935-071c702ea3da" testId="b567c390-826a-c213-39fa-78fa85e8672d" testName="ShortcodeV1Test" computerName="BDXBLD003" duration="00:00:00.1958804" startTime="2015-07-23T12:31:12.4710815+02:00" endTime="2015-07-23T12:31:12.6710850+02:00" testType="13cdc9d9-ddb5-4fa4-a97d-d965ccfc6d4b" outcome="Passed" testListId="8c84fa94-04c1-424b-9868-57a2d4851a1d" relativeResultsDirectory="2eea0331-3941-4443-8935-071c702ea3da">
    </UnitTestResult>
    <UnitTestResult executionId="fed16d5e-f84d-46c5-a677-60b84745d06a" testId="9111a2d4-bd7b-db8b-e78c-0783b3673c37" testName="ShortcodeV2EvoJsonTest" computerName="BDXBLD003" duration="00:00:01.3638475" startTime="2015-07-23T12:31:12.6760852+02:00" endTime="2015-07-23T12:31:14.0401004+02:00" testType="13cdc9d9-ddb5-4fa4-a97d-d965ccfc6d4b" outcome="Passed" testListId="8c84fa94-04c1-424b-9868-57a2d4851a1d" relativeResultsDirectory="fed16d5e-f84d-46c5-a677-60b84745d06a">
    </UnitTestResult>
    <UnitTestResult executionId="4f3ee251-52c3-4016-99c8-46ed9098ef7a" testId="1b9a68ff-50eb-9f50-8827-4e09e9288153" testName="ShortcodeV2Test" computerName="BDXBLD003" duration="00:00:10.5243274" startTime="2015-07-23T12:31:12.8360852+02:00" endTime="2015-07-23T12:31:23.3632204+02:00" testType="13cdc9d9-ddb5-4fa4-a97d-d965ccfc6d4b" outcome="Passed" testListId="8c84fa94-04c1-424b-9868-57a2d4851a1d" relativeResultsDirectory="4f3ee251-52c3-4016-99c8-46ed9098ef7a">
    </UnitTestResult>
    <UnitTestResult executionId="e0aa5f3a-332d-4893-a1d6-b4dde95afb59" testId="85734924-eb2c-c8a2-a2d9-a2d7899ebdbb" testName="CheckAccessGroup" computerName="BDXBLD003" duration="00:00:00.1498711" startTime="2015-07-23T12:31:13.9441001+02:00" endTime="2015-07-23T12:31:14.0951017+02:00" testType="13cdc9d9-ddb5-4fa4-a97d-d965ccfc6d4b" outcome="Passed" testListId="8c84fa94-04c1-424b-9868-57a2d4851a1d" relativeResultsDirectory="e0aa5f3a-332d-4893-a1d6-b4dde95afb59">
    </UnitTestResult>
    <UnitTestResult executionId="f4bfc479-65fe-4cd4-9608-aea293bf3ca0" testId="8bbc1aa7-edf9-6d25-c0a8-3bd0a7b17b2b" testName="CheckGroupN2Forbidden" computerName="BDXBLD003" duration="00:00:00.1549756" startTime="2015-07-23T12:31:14.0421014+02:00" endTime="2015-07-23T12:31:14.2021038+02:00" testType="13cdc9d9-ddb5-4fa4-a97d-d965ccfc6d4b" outcome="Passed" testListId="8c84fa94-04c1-424b-9868-57a2d4851a1d" relativeResultsDirectory="f4bfc479-65fe-4cd4-9608-aea293bf3ca0">
    </UnitTestResult>
    <UnitTestResult executionId="1c3fbdb1-c527-4370-98bd-72ec17973e2d" testId="ee75aa05-5cea-4834-656c-65e4f57e30e5" testName="CheckOptionGroup" computerName="BDXBLD003" duration="00:00:00.4704243" startTime="2015-07-23T12:31:14.0981020+02:00" endTime="2015-07-23T12:31:14.5701073+02:00" testType="13cdc9d9-ddb5-4fa4-a97d-d965ccfc6d4b" outcome="Passed" testListId="8c84fa94-04c1-424b-9868-57a2d4851a1d" relativeResultsDirectory="1c3fbdb1-c527-4370-98bd-72ec17973e2d">
    </UnitTestResult>
    <UnitTestResult executionId="8523b3a1-817b-4bc8-a5ee-1bd6b51c6e03" testId="e35b5f94-258d-4c09-4828-57e7af4469ab" testName="EvoSiteGroup" computerName="BDXBLD003" duration="00:00:10.7137585" startTime="2015-07-23T12:31:14.2151050+02:00" endTime="2015-07-23T12:31:24.9452464+02:00" testType="13cdc9d9-ddb5-4fa4-a97d-d965ccfc6d4b" outcome="Passed" testListId="8c84fa94-04c1-424b-9868-57a2d4851a1d" relativeResultsDirectory="8523b3a1-817b-4bc8-a5ee-1bd6b51c6e03">
    </UnitTestResult>
    <UnitTestResult executionId="8d88082b-19a8-4ab3-89ce-7504d6646233" testId="481d79e1-36e9-4547-074f-58c83372740f" testName="MultiPeriodSiteGroup" computerName="BDXBLD003" duration="00:00:06.3136725" startTime="2015-07-23T12:31:14.5791085+02:00" endTime="2015-07-23T12:31:20.8941886+02:00" testType="13cdc9d9-ddb5-4fa4-a97d-d965ccfc6d4b" outcome="Passed" testListId="8c84fa94-04c1-424b-9868-57a2d4851a1d" relativeResultsDirectory="8d88082b-19a8-4ab3-89ce-7504d6646233">
    </UnitTestResult>
    <UnitTestResult executionId="3da797da-97ac-4be4-b396-46b5c793d947" testId="5b5604fd-d337-2d48-3b67-6b492e1319c2" testName="NoGroupWithSite" computerName="BDXBLD003" duration="00:00:00.4626951" startTime="2015-07-23T12:31:20.9061893+02:00" endTime="2015-07-23T12:31:21.3791964+02:00" testType="13cdc9d9-ddb5-4fa4-a97d-d965ccfc6d4b" outcome="Passed" testListId="8c84fa94-04c1-424b-9868-57a2d4851a1d" relativeResultsDirectory="3da797da-97ac-4be4-b396-46b5c793d947">
    </UnitTestResult>
    <UnitTestResult executionId="a75bf3be-3ff9-4fa8-bac1-da9709526624" testId="452cb117-3f10-9a7e-6994-ce02ecfd0cc4" testName="OnlyOneGroup" computerName="BDXBLD003" duration="00:00:00.3980154" startTime="2015-07-23T12:31:21.3841964+02:00" endTime="2015-07-23T12:31:21.7832099+02:00" testType="13cdc9d9-ddb5-4fa4-a97d-d965ccfc6d4b" outcome="Passed" testListId="8c84fa94-04c1-424b-9868-57a2d4851a1d" relativeResultsDirectory="a75bf3be-3ff9-4fa8-bac1-da9709526624">
    </UnitTestResult>
    <UnitTestResult executionId="4b39b2fe-cc11-4a98-80b7-20074319aaa5" testId="0367f31d-a02d-6b24-4f52-114699790b71" testName="SimpleGroup" computerName="BDXBLD003" duration="00:00:00.6507591" startTime="2015-07-23T12:31:21.7842008+02:00" endTime="2015-07-23T12:31:22.4402097+02:00" testType="13cdc9d9-ddb5-4fa4-a97d-d965ccfc6d4b" outcome="Passed" testListId="8c84fa94-04c1-424b-9868-57a2d4851a1d" relativeResultsDirectory="4b39b2fe-cc11-4a98-80b7-20074319aaa5">
    </UnitTestResult>
    <UnitTestResult executionId="96a0120e-ef3e-4d40-acd5-68083f839931" testId="2b3bfb13-2824-2b16-871b-6d213bd298d3" testName="SiteGroupWithOver50Site" computerName="BDXBLD003" duration="00:00:03.8039218" startTime="2015-07-23T12:31:22.4812101+02:00" endTime="2015-07-23T12:31:26.2962717+02:00" testType="13cdc9d9-ddb5-4fa4-a97d-d965ccfc6d4b" outcome="Passed" testListId="8c84fa94-04c1-424b-9868-57a2d4851a1d" relativeResultsDirectory="96a0120e-ef3e-4d40-acd5-68083f839931">
    </UnitTestResult>
    <UnitTestResult executionId="3f008c10-57d3-4154-a2a1-f9020e01f853" testId="3fc25000-983f-2753-7cc3-399c3bc6cfe3" testName="ArboSiteLevel2" computerName="BDXBLD003" duration="00:00:01.1763766" startTime="2015-07-23T12:31:23.3682212+02:00" endTime="2015-07-23T12:31:24.5652372+02:00" testType="13cdc9d9-ddb5-4fa4-a97d-d965ccfc6d4b" outcome="Passed" testListId="8c84fa94-04c1-424b-9868-57a2d4851a1d" relativeResultsDirectory="3f008c10-57d3-4154-a2a1-f9020e01f853">
    </UnitTestResult>
    <UnitTestResult executionId="b291451b-7503-4e60-9176-56e3fd3b7dd3" testId="167da569-5edb-8ed2-e50a-198b199b5930" testName="EvoSiteLevel2" computerName="BDXBLD003" duration="00:00:01.2124897" startTime="2015-07-23T12:31:23.3712202+02:00" endTime="2015-07-23T12:31:24.5902401+02:00" testType="13cdc9d9-ddb5-4fa4-a97d-d965ccfc6d4b" outcome="Passed" testListId="8c84fa94-04c1-424b-9868-57a2d4851a1d" relativeResultsDirectory="b291451b-7503-4e60-9176-56e3fd3b7dd3">
    </UnitTestResult>
    <UnitTestResult executionId="4840111c-5a60-4d98-bf12-1922cccd9473" testId="8e2043dc-4fc0-2f85-ab9f-db2f3df54506" testName="JsonManyL2sWithFullSite" computerName="BDXBLD003" duration="00:00:00.0105303" startTime="2015-07-23T12:31:24.5682388+02:00" endTime="2015-07-23T12:31:24.5802519+02:00" testType="13cdc9d9-ddb5-4fa4-a97d-d965ccfc6d4b" outcome="Inconclusive" testListId="8c84fa94-04c1-424b-9868-57a2d4851a1d" relativeResultsDirectory="4840111c-5a60-4d98-bf12-1922cccd9473">
      <Output>
        <ErrorInfo>
          <Message>Assert.Inconclusive failed. #30105, pour un site on autorise pour l'instant un seul l2</Message>
          <StackTrace>   at DATAFEED.Tests.SiteLevel2.JsonManyL2sWithFullSite() in e:\Jenkins\workspace\DataEngine\DATAFEED.Tests\DATAFEED.Tests\SiteLevel2.cs:line 143
</StackTrace>
        </ErrorInfo>
      </Output>
    </UnitTestResult>
    <UnitTestResult executionId="4993263f-622d-4647-9d26-584babdc00a9" testId="722bdce0-68e8-2b8b-0d16-b623b8166de9" testName="ManyL2" computerName="BDXBLD003" duration="00:00:00.0036564" startTime="2015-07-23T12:31:24.5832386+02:00" endTime="2015-07-23T12:31:24.5912400+02:00" testType="13cdc9d9-ddb5-4fa4-a97d-d965ccfc6d4b" outcome="Inconclusive" testListId="8c84fa94-04c1-424b-9868-57a2d4851a1d" relativeResultsDirectory="4993263f-622d-4647-9d26-584babdc00a9">
      <Output>
        <ErrorInfo>
          <Message>Assert.Inconclusive failed. #30105, pour un site on autorise pour l'instant un seul l2</Message>
          <StackTrace>   at DATAFEED.Tests.SiteLevel2.ManyL2() in e:\Jenkins\workspace\DataEngine\DATAFEED.Tests\DATAFEED.Tests\SiteLevel2.cs:line 34
</StackTrace>
        </ErrorInfo>
      </Output>
    </UnitTestResult>
    <UnitTestResult executionId="9b2e8ee2-1c35-4aee-ab93-85196d2036cf" testId="9aa9ccdd-d185-e4cc-b135-082694f18504" testName="ManyL2s" computerName="BDXBLD003" duration="00:00:00.0048218" startTime="2015-07-23T12:31:24.5952382+02:00" endTime="2015-07-23T12:31:24.6012381+02:00" testType="13cdc9d9-ddb5-4fa4-a97d-d965ccfc6d4b" outcome="Inconclusive" testListId="8c84fa94-04c1-424b-9868-57a2d4851a1d" relativeResultsDirectory="9b2e8ee2-1c35-4aee-ab93-85196d2036cf">
      <Output>
        <ErrorInfo>
          <Message>Assert.Inconclusive failed. #30105, pour un site on autorise pour l'instant un seul l2</Message>
          <StackTrace>   at DATAFEED.Tests.SiteLevel2.ManyL2s() in e:\Jenkins\workspace\DataEngine\DATAFEED.Tests\DATAFEED.Tests\SiteLevel2.cs:line 56
</StackTrace>
        </ErrorInfo>
      </Output>
    </UnitTestResult>
    <UnitTestResult executionId="427ed543-ce95-4f6c-90be-e79f92ba21f9" testId="a7d18129-47d6-464e-f3cb-af0270a665b8" testName="ManyL2sWithFullSite" computerName="BDXBLD003" duration="00:00:00.0063808" startTime="2015-07-23T12:31:24.6022385+02:00" endTime="2015-07-23T12:31:24.6192400+02:00" testType="13cdc9d9-ddb5-4fa4-a97d-d965ccfc6d4b" outcome="Inconclusive" testListId="8c84fa94-04c1-424b-9868-57a2d4851a1d" relativeResultsDirectory="427ed543-ce95-4f6c-90be-e79f92ba21f9">
      <Output>
        <ErrorInfo>
          <Message>Assert.Inconclusive failed. #30105, pour un site on autorise pour l'instant un seul l2</Message>
          <StackTrace>   at DATAFEED.Tests.SiteLevel2.ManyL2sWithFullSite() in e:\Jenkins\workspace\DataEngine\DATAFEED.Tests\DATAFEED.Tests\SiteLevel2.cs:line 114
</StackTrace>
        </ErrorInfo>
      </Output>
    </UnitTestResult>
    <UnitTestResult executionId="080e6dcc-d9e4-431c-a430-67e4ee680aca" testId="0b1af393-a587-b46e-4dca-07787b25f333" testName="MultiPeriodSiteLevel2" computerName="BDXBLD003" duration="00:00:10.8155785" startTime="2015-07-23T12:31:24.6132391+02:00" endTime="2015-07-23T12:31:35.4504501+02:00" testType="13cdc9d9-ddb5-4fa4-a97d-d965ccfc6d4b" outcome="Passed" testListId="8c84fa94-04c1-424b-9868-57a2d4851a1d" relativeResultsDirectory="080e6dcc-d9e4-431c-a430-67e4ee680aca">
    </UnitTestResult>
    <UnitTestResult executionId="2b0788dc-8d5f-423f-8b7c-000e4d888fae" testId="45c652d6-94a5-5e3e-35ea-b7bc22a3457a" testName="MultiSpaceSiteLevel2" computerName="BDXBLD003" duration="00:00:00.0062105" startTime="2015-07-23T12:31:24.6292407+02:00" endTime="2015-07-23T12:31:24.6532417+02:00" testType="13cdc9d9-ddb5-4fa4-a97d-d965ccfc6d4b" outcome="Inconclusive" testListId="8c84fa94-04c1-424b-9868-57a2d4851a1d" relativeResultsDirectory="2b0788dc-8d5f-423f-8b7c-000e4d888fae">
      <Output>
        <ErrorInfo>
          <Message>Assert.Inconclusive failed. #30105, pour un site on autorise pour l'instant un seul l2</Message>
          <StackTrace>   at DATAFEED.Tests.SiteLevel2.MultiSpaceSiteLevel2() in e:\Jenkins\workspace\DataEngine\DATAFEED.Tests\DATAFEED.Tests\SiteLevel2.cs:line 172
</StackTrace>
        </ErrorInfo>
      </Output>
    </UnitTestResult>
    <UnitTestResult executionId="6d49dec0-81e0-4fbe-8f29-2430c8ca10b4" testId="96b95d07-f1ab-281d-548a-7d9634d663e8" testName="SingleL2" computerName="BDXBLD003" duration="00:00:03.3800191" startTime="2015-07-23T12:31:24.6602392+02:00" endTime="2015-07-23T12:31:28.0433058+02:00" testType="13cdc9d9-ddb5-4fa4-a97d-d965ccfc6d4b" outcome="Passed" testListId="8c84fa94-04c1-424b-9868-57a2d4851a1d" relativeResultsDirectory="6d49dec0-81e0-4fbe-8f29-2430c8ca10b4">
    </UnitTestResult>
    <UnitTestResult executionId="da0d6bbe-bb15-4d0e-8f39-a2b34b4a90f0" testId="9a60eaf3-ffc2-fd20-0999-bb2e6cfcc592" testName="SiteLevel2Max50" computerName="BDXBLD003" duration="00:00:00.0013256" startTime="2015-07-23T12:31:24.9532474+02:00" endTime="2015-07-23T12:31:24.9572472+02:00" testType="13cdc9d9-ddb5-4fa4-a97d-d965ccfc6d4b" outcome="Inconclusive" testListId="8c84fa94-04c1-424b-9868-57a2d4851a1d" relativeResultsDirectory="da0d6bbe-bb15-4d0e-8f39-a2b34b4a90f0">
      <Output>
        <ErrorInfo>
          <Message>Assert.Inconclusive failed. #30105, pour un site on autorise pour l'instant un seul l2</Message>
          <StackTrace>   at DATAFEED.Tests.SiteLevel2.SiteLevel2Max50() in e:\Jenkins\workspace\DataEngine\DATAFEED.Tests\DATAFEED.Tests\SiteLevel2.cs:line 94
</StackTrace>
        </ErrorInfo>
      </Output>
    </UnitTestResult>
    <UnitTestResult executionId="73736e92-3a50-4ad9-80e1-93b64ac5c5db" testId="3a16aaf9-9f7b-e2a1-2ee4-2225643cab32" testName="UnknownSubkey" computerName="BDXBLD003" duration="00:00:00.2401483" startTime="2015-07-23T12:31:24.9612473+02:00" endTime="2015-07-23T12:31:25.2042520+02:00" testType="13cdc9d9-ddb5-4fa4-a97d-d965ccfc6d4b" outcome="Passed" testListId="8c84fa94-04c1-424b-9868-57a2d4851a1d" relativeResultsDirectory="73736e92-3a50-4ad9-80e1-93b64ac5c5db">
    </UnitTestResult>
    <UnitTestResult executionId="4050461c-78e7-4d10-9147-f84701cef137" testId="a9a7e763-8035-633b-c578-a032e67b6840" testName="BilanMultiSite" computerName="BDXBLD003" duration="00:00:03.3046245" startTime="2015-07-23T12:31:25.2092515+02:00" endTime="2015-07-23T12:31:28.5163140+02:00" testType="13cdc9d9-ddb5-4fa4-a97d-d965ccfc6d4b" outcome="Passed" testListId="8c84fa94-04c1-424b-9868-57a2d4851a1d" relativeResultsDirectory="4050461c-78e7-4d10-9147-f84701cef137">
    </UnitTestResult>
    <UnitTestResult executionId="8368578b-3292-468a-a2e0-d99b789c611a" testId="f96598ae-20d3-9ad3-8cd4-f5af86c72747" testName="BilanMultiSiteEvo" computerName="BDXBLD003" duration="00:00:02.2524460" startTime="2015-07-23T12:31:26.2982726+02:00" endTime="2015-07-23T12:31:28.5543162+02:00" testType="13cdc9d9-ddb5-4fa4-a97d-d965ccfc6d4b" outcome="Passed" testListId="8c84fa94-04c1-424b-9868-57a2d4851a1d" relativeResultsDirectory="8368578b-3292-468a-a2e0-d99b789c611a">
    </UnitTestResult>
    <UnitTestResult executionId="0a7a91ed-fa8d-45ea-91bd-a3fd3449e53e" testId="c46ddaf7-24db-e08c-b5e0-66f0f0f06f20" testName="BilanMultiSiteMultiPeriod" computerName="BDXBLD003" duration="00:00:05.2720884" startTime="2015-07-23T12:31:28.0443061+02:00" endTime="2015-07-23T12:31:33.3184084+02:00" testType="13cdc9d9-ddb5-4fa4-a97d-d965ccfc6d4b" outcome="Passed" testListId="8c84fa94-04c1-424b-9868-57a2d4851a1d" relativeResultsDirectory="0a7a91ed-fa8d-45ea-91bd-a3fd3449e53e">
    </UnitTestResult>
    <UnitTestResult executionId="e7177917-a301-4555-8d75-26e87cbd2e17" testId="0beb748f-45ba-c15c-ec6d-d38c7e0ca78d" testName="BilanSite" computerName="BDXBLD003" duration="00:00:00.5204226" startTime="2015-07-23T12:31:28.5183148+02:00" endTime="2015-07-23T12:31:29.0413256+02:00" testType="13cdc9d9-ddb5-4fa4-a97d-d965ccfc6d4b" outcome="Passed" testListId="8c84fa94-04c1-424b-9868-57a2d4851a1d" relativeResultsDirectory="e7177917-a301-4555-8d75-26e87cbd2e17">
    </UnitTestResult>
    <UnitTestResult executionId="e1220297-cc2d-4d8a-af0d-0a448ab9ea3c" testId="a51cf29d-602c-607a-3a7b-19a8a401434b" testName="BilanSiteMultiPeriodWithRowCount" computerName="BDXBLD003" duration="00:00:10.9777690" startTime="2015-07-23T12:31:28.5573174+02:00" endTime="2015-07-23T12:31:39.5365074+02:00" testType="13cdc9d9-ddb5-4fa4-a97d-d965ccfc6d4b" outcome="Passed" testListId="8c84fa94-04c1-424b-9868-57a2d4851a1d" relativeResultsDirectory="e1220297-cc2d-4d8a-af0d-0a448ab9ea3c">
    </UnitTestResult>
    <UnitTestResult executionId="2b35c9b1-66a8-4f63-a8ef-ab97b93ed2e2" testId="f225b951-1a01-7b06-a310-88f3b210469e" testName="GeoMultiSiteNoMaxdatePerf" computerName="BDXBLD003" duration="00:00:01.1527449" startTime="2015-07-23T12:31:29.0433266+02:00" endTime="2015-07-23T12:31:30.1993490+02:00" testType="13cdc9d9-ddb5-4fa4-a97d-d965ccfc6d4b" outcome="Passed" testListId="8c84fa94-04c1-424b-9868-57a2d4851a1d" relativeResultsDirectory="2b35c9b1-66a8-4f63-a8ef-ab97b93ed2e2">
    </UnitTestResult>
    <UnitTestResult executionId="572a4475-5b35-400d-a55e-a802abc64a23" testId="5184bc3f-d89d-1803-ff50-bec3bff521b1" testName="GeoMultiSiteNoRealTime" computerName="BDXBLD003" duration="00:00:01.0062084" startTime="2015-07-23T12:31:30.2053494+02:00" endTime="2015-07-23T12:31:31.2133706+02:00" testType="13cdc9d9-ddb5-4fa4-a97d-d965ccfc6d4b" outcome="Passed" testListId="8c84fa94-04c1-424b-9868-57a2d4851a1d" relativeResultsDirectory="572a4475-5b35-400d-a55e-a802abc64a23">
    </UnitTestResult>
    <UnitTestResult executionId="ac14bb75-53ae-462f-bfd7-1cf126147b1e" testId="979f37f1-304c-ed6b-89bf-dcb55df03f57" testName="EvoSmart" computerName="BDXBLD003" duration="00:00:00.3635112" startTime="2015-07-23T12:31:31.2233687+02:00" endTime="2015-07-23T12:31:31.5883749+02:00" testType="13cdc9d9-ddb5-4fa4-a97d-d965ccfc6d4b" outcome="Passed" testListId="8c84fa94-04c1-424b-9868-57a2d4851a1d" relativeResultsDirectory="ac14bb75-53ae-462f-bfd7-1cf126147b1e">
    </UnitTestResult>
    <UnitTestResult executionId="a651b3e8-68ae-41c7-9d11-8aff55201954" testId="48a4ad0b-e905-3835-c580-985b997b9011" testName="RatioSmart" computerName="BDXBLD003" duration="00:00:00.2764386" startTime="2015-07-23T12:31:31.5923752+02:00" endTime="2015-07-23T12:31:31.8693789+02:00" testType="13cdc9d9-ddb5-4fa4-a97d-d965ccfc6d4b" outcome="Passed" testListId="8c84fa94-04c1-424b-9868-57a2d4851a1d" relativeResultsDirectory="a651b3e8-68ae-41c7-9d11-8aff55201954">
    </UnitTestResult>
    <UnitTestResult executionId="bc9238f1-f837-4e1d-9f7f-ac7b9c38a0ee" testId="c41e44b5-34c8-4003-6d5f-5b91d52b9c30" testName="SimpleSmart" computerName="BDXBLD003" duration="00:00:00.2544379" startTime="2015-07-23T12:31:31.8783775+02:00" endTime="2015-07-23T12:31:32.1333832+02:00" testType="13cdc9d9-ddb5-4fa4-a97d-d965ccfc6d4b" outcome="Passed" testListId="8c84fa94-04c1-424b-9868-57a2d4851a1d" relativeResultsDirectory="bc9238f1-f837-4e1d-9f7f-ac7b9c38a0ee">
    </UnitTestResult>
    <UnitTestResult executionId="a73cf2a8-73da-48ba-b4ce-2d36824c59db" testId="dc38ecb9-8f5e-9d6b-1a69-064e0f969ab8" testName="VariationSmart" computerName="BDXBLD003" duration="00:00:00.2688123" startTime="2015-07-23T12:31:32.1373846+02:00" endTime="2015-07-23T12:31:32.4083899+02:00" testType="13cdc9d9-ddb5-4fa4-a97d-d965ccfc6d4b" outcome="Passed" testListId="8c84fa94-04c1-424b-9868-57a2d4851a1d" relativeResultsDirectory="a73cf2a8-73da-48ba-b4ce-2d36824c59db">
    </UnitTestResult>
    <UnitTestResult executionId="74d45bf7-0027-45f8-ab6c-0b58717a5670" testId="18c14b45-0bac-873a-dc20-5cb6c0354881" testName="BridgeMonoSpace" computerName="BDXBLD003" duration="00:00:06.3422477" startTime="2015-07-23T12:31:32.4183895+02:00" endTime="2015-07-23T12:31:38.7614894+02:00" testType="13cdc9d9-ddb5-4fa4-a97d-d965ccfc6d4b" outcome="Passed" testListId="8c84fa94-04c1-424b-9868-57a2d4851a1d" relativeResultsDirectory="74d45bf7-0027-45f8-ab6c-0b58717a5670">
    </UnitTestResult>
    <UnitTestResult executionId="714f967c-2307-4d0f-b196-429e599d1ae9" testId="ba13f1da-6e27-1706-7dc9-636aec322f7a" testName="CheckAccessMultiSite" computerName="BDXBLD003" duration="00:00:00.3014521" startTime="2015-07-23T12:31:33.3274081+02:00" endTime="2015-07-23T12:31:33.6314127+02:00" testType="13cdc9d9-ddb5-4fa4-a97d-d965ccfc6d4b" outcome="Passed" testListId="8c84fa94-04c1-424b-9868-57a2d4851a1d" relativeResultsDirectory="714f967c-2307-4d0f-b196-429e599d1ae9">
    </UnitTestResult>
    <UnitTestResult executionId="886c104b-0188-4688-9aef-17c4ff18c481" testId="a5b732dc-fae6-90a4-6921-140d662a4241" testName="CheckMultiSiteCM" computerName="BDXBLD003" duration="00:00:00.9321515" startTime="2015-07-23T12:31:33.6414144+02:00" endTime="2015-07-23T12:31:34.5814318+02:00" testType="13cdc9d9-ddb5-4fa4-a97d-d965ccfc6d4b" outcome="Passed" testListId="8c84fa94-04c1-424b-9868-57a2d4851a1d" relativeResultsDirectory="886c104b-0188-4688-9aef-17c4ff18c481">
    </UnitTestResult>
    <UnitTestResult executionId="1a9fb9e8-3ab4-4751-a8e3-2cd009eb6c65" testId="fe199e1a-f66b-2e56-007a-259e4461f00f" testName="CheckOptionMultiSite" computerName="BDXBLD003" duration="00:00:00.8720203" startTime="2015-07-23T12:31:34.5904325+02:00" endTime="2015-07-23T12:31:35.4674539+02:00" testType="13cdc9d9-ddb5-4fa4-a97d-d965ccfc6d4b" outcome="Passed" testListId="8c84fa94-04c1-424b-9868-57a2d4851a1d" relativeResultsDirectory="1a9fb9e8-3ab4-4751-a8e3-2cd009eb6c65">
    </UnitTestResult>
    <UnitTestResult executionId="0ac12070-b373-42ff-8b70-b4784671c7c5" testId="efcc7a50-00f9-438a-3394-626f8e33ef13" testName="DataMonoSpace" computerName="BDXBLD003" duration="00:00:00.5055518" startTime="2015-07-23T12:31:35.4514493+02:00" endTime="2015-07-23T12:31:35.9578463+02:00" testType="13cdc9d9-ddb5-4fa4-a97d-d965ccfc6d4b" outcome="Passed" testListId="8c84fa94-04c1-424b-9868-57a2d4851a1d" relativeResultsDirectory="0ac12070-b373-42ff-8b70-b4784671c7c5">
    </UnitTestResult>
    <UnitTestResult executionId="03885759-0e05-426b-bc70-adf1146f67f1" testId="557c23bc-8b39-81dc-3eaa-021bd76aa937" testName="DataMonoSpaceMultiSite" computerName="BDXBLD003" duration="00:00:02.2590537" startTime="2015-07-23T12:31:35.4684494+02:00" endTime="2015-07-23T12:31:37.7304710+02:00" testType="13cdc9d9-ddb5-4fa4-a97d-d965ccfc6d4b" outcome="Passed" testListId="8c84fa94-04c1-424b-9868-57a2d4851a1d" relativeResultsDirectory="03885759-0e05-426b-bc70-adf1146f67f1">
    </UnitTestResult>
    <UnitTestResult executionId="31da14ee-d3a6-4592-9578-acbbbd7c0254" testId="70355f0f-dbe8-4382-8f08-ffc907ffe35e" testName="SiteMax50" computerName="BDXBLD003" duration="00:00:02.7978890" startTime="2015-07-23T12:31:35.9628449+02:00" endTime="2015-07-23T12:31:38.7614894+02:00" testType="13cdc9d9-ddb5-4fa4-a97d-d965ccfc6d4b" outcome="Passed" testListId="8c84fa94-04c1-424b-9868-57a2d4851a1d" relativeResultsDirectory="31da14ee-d3a6-4592-9578-acbbbd7c0254">
    </UnitTestResult>
    <UnitTestResult executionId="6e1c2e61-e348-4e53-bfc9-eb9f90b73754" testId="febbed5c-6aca-d7ef-4ab9-db376e27449c" testName="SiteNoAccess" computerName="BDXBLD003" duration="00:00:00.3414251" startTime="2015-07-23T12:31:37.7344709+02:00" endTime="2015-07-23T12:31:38.0774755+02:00" testType="13cdc9d9-ddb5-4fa4-a97d-d965ccfc6d4b" outcome="Passed" testListId="8c84fa94-04c1-424b-9868-57a2d4851a1d" relativeResultsDirectory="6e1c2e61-e348-4e53-bfc9-eb9f90b73754">
    </UnitTestResult>
    <UnitTestResult executionId="04bbf816-0758-4d22-b7a1-ba250bb56f22" testId="dfe65cb1-7d2d-dc6b-f99c-461645d0a6a9" testName="SpaceNotOptional" computerName="BDXBLD003" duration="00:00:00.1382840" startTime="2015-07-23T12:31:38.0794759+02:00" endTime="2015-07-23T12:31:38.2284793+02:00" testType="13cdc9d9-ddb5-4fa4-a97d-d965ccfc6d4b" outcome="Passed" testListId="8c84fa94-04c1-424b-9868-57a2d4851a1d" relativeResultsDirectory="04bbf816-0758-4d22-b7a1-ba250bb56f22">
    </UnitTestResult>
    <UnitTestResult executionId="6fcc7a0a-b6a5-49b6-9eab-b93b9a6bbce3" testId="bdb0eb0c-5367-3d67-a55e-f4be523cd1ad" testName="UnknownSubkey" computerName="BDXBLD003" duration="00:00:00.2339085" startTime="2015-07-23T12:31:38.2334821+02:00" endTime="2015-07-23T12:31:38.4674860+02:00" testType="13cdc9d9-ddb5-4fa4-a97d-d965ccfc6d4b" outcome="Passed" testListId="8c84fa94-04c1-424b-9868-57a2d4851a1d" relativeResultsDirectory="6fcc7a0a-b6a5-49b6-9eab-b93b9a6bbce3">
    </UnitTestResult>
    <UnitTestResult executionId="97a4e12e-364d-41eb-9e3a-c6e3a525b694" testId="92a171e9-9e27-8916-9d0d-d683f81d6f4e" testName="SummablePiePageColumns" computerName="BDXBLD003" duration="00:00:09.8868039" startTime="2015-07-23T12:31:38.4715049+02:00" endTime="2015-07-23T12:31:48.3596730+02:00" testType="13cdc9d9-ddb5-4fa4-a97d-d965ccfc6d4b" outcome="Passed" testListId="8c84fa94-04c1-424b-9868-57a2d4851a1d" relativeResultsDirectory="97a4e12e-364d-41eb-9e3a-c6e3a525b694">
    </UnitTestResult>
    <UnitTestResult executionId="9307c398-5066-471d-94a4-d6f09cb770c6" testId="2c2436f0-9bdc-edd7-5421-c21c039f5c56" testName="SummablePieSourceColumns" computerName="BDXBLD003" duration="00:00:08.0774628" startTime="2015-07-23T12:31:38.7744894+02:00" endTime="2015-07-23T12:31:46.8566441+02:00" testType="13cdc9d9-ddb5-4fa4-a97d-d965ccfc6d4b" outcome="Passed" testListId="8c84fa94-04c1-424b-9868-57a2d4851a1d" relativeResultsDirectory="9307c398-5066-471d-94a4-d6f09cb770c6">
    </UnitTestResult>
    <UnitTestResult executionId="c23aa7ea-2f31-49bc-9a93-80f10c71bf35" testId="01a27ed2-fe99-0c64-e3bb-f938b5494161" testName="TotalAll" computerName="BDXBLD003" duration="00:00:03.8710246" startTime="2015-07-23T12:31:38.7844912+02:00" endTime="2015-07-23T12:31:42.6575639+02:00" testType="13cdc9d9-ddb5-4fa4-a97d-d965ccfc6d4b" outcome="Passed" testListId="8c84fa94-04c1-424b-9868-57a2d4851a1d" relativeResultsDirectory="c23aa7ea-2f31-49bc-9a93-80f10c71bf35">
    </UnitTestResult>
    <UnitTestResult executionId="d0bd0cdd-0185-4ab4-8f02-f6c14457f9c1" testId="1b2e56d0-23b7-f16e-3bad-1b5d69634dea" testName="TotalDisplayed" computerName="BDXBLD003" duration="00:00:16.6369962" startTime="2015-07-23T12:31:39.5435041+02:00" endTime="2015-07-23T12:31:56.1840195+02:00" testType="13cdc9d9-ddb5-4fa4-a97d-d965ccfc6d4b" outcome="Failed" testListId="8c84fa94-04c1-424b-9868-57a2d4851a1d" relativeResultsDirectory="d0bd0cdd-0185-4ab4-8f02-f6c14457f9c1">
      <Output>
        <ErrorInfo>
          <Message>Test method DATAFEED.Tests.Total.TotalDisplayed threw exception: 
System.Exception: AT-REQUEST:66fbc807-45d8-4e2d-87e3-4de8c4ba6cda
&lt;ErrorDetail&gt;
  &lt;ErrorCode&gt;1&lt;/ErrorCode&gt;
  &lt;ErrorMessage&gt;Unexpected Error&lt;/ErrorMessage&gt;
&lt;/ErrorDetail&gt;
 ---&gt; System.InvalidOperationException: There is an error in XML document (1, 2). ---&gt; System.InvalidOperationException: &lt;ErrorDetail xmlns=''&gt; was not expected.</Message>
          <StackTrace>    at Microsoft.Xml.Serialization.GeneratedAssembly.XmlSerializationReaderXmlDataFeedV1.Read14_DataFeed()
 --- End of inner exception stack trace ---
    at System.Xml.Serialization.XmlSerializer.Deserialize(XmlReader xmlReader, String encodingStyle, XmlDeserializationEvents events)
   at System.Xml.Serialization.XmlSerializer.Deserialize(Stream stream)
   at DATAFEED.Tests.HttpRequestHelper.XmlDeserialize[T]() in e:\Jenkins\workspace\DataEngine\DATAFEED.Tests\DATAFEED.Tests\Helper\HttpRequestHelper.cs:line 240
 --- End of inner exception stack trace ---
    at DATAFEED.Tests.HttpRequestHelper.XmlDeserialize[T]() in e:\Jenkins\workspace\DataEngine\DATAFEED.Tests\DATAFEED.Tests\Helper\HttpRequestHelper.cs:line 244
   at DATAFEED.Tests.Total.TotalDisplayed() in e:\Jenkins\workspace\DataEngine\DATAFEED.Tests\DATAFEED.Tests\Total.cs:line 15
</StackTrace>
        </ErrorInfo>
      </Output>
    </UnitTestResult>
    <UnitTestResult executionId="915a1684-0a56-414b-b553-7670544caff0" testId="149b0bf4-abd8-35a2-8078-97c0d4912281" testName="TotalDisplayedUnsommable" computerName="BDXBLD003" duration="00:00:06.2039675" startTime="2015-07-23T12:31:42.6595639+02:00" endTime="2015-07-23T12:31:48.8656820+02:00" testType="13cdc9d9-ddb5-4fa4-a97d-d965ccfc6d4b" outcome="Passed" testListId="8c84fa94-04c1-424b-9868-57a2d4851a1d" relativeResultsDirectory="915a1684-0a56-414b-b553-7670544caff0">
    </UnitTestResult>
    <UnitTestResult executionId="fa456f76-56a0-408e-9c39-b536dd63fac5" testId="7a7c4940-2274-a95b-696a-b6e52636112e" testName="TotalUnsommableComplex" computerName="BDXBLD003" duration="00:00:09.3217451" startTime="2015-07-23T12:31:46.8596419+02:00" endTime="2015-07-23T12:31:56.1840195+02:00" testType="13cdc9d9-ddb5-4fa4-a97d-d965ccfc6d4b" outcome="Failed" testListId="8c84fa94-04c1-424b-9868-57a2d4851a1d" relativeResultsDirectory="fa456f76-56a0-408e-9c39-b536dd63fac5">
      <Output>
        <ErrorInfo>
          <Message>Test method DATAFEED.Tests.Total.TotalUnsommableComplex threw exception: 
System.Exception: AT-REQUEST:590485c3-0043-4530-bf88-f0d4abe182fc
&lt;ErrorDetail&gt;
  &lt;ErrorCode&gt;1&lt;/ErrorCode&gt;
  &lt;ErrorMessage&gt;Unexpected Error&lt;/ErrorMessage&gt;
&lt;/ErrorDetail&gt;
 ---&gt; System.InvalidOperationException: There is an error in XML document (1, 2). ---&gt; System.InvalidOperationException: &lt;ErrorDetail xmlns=''&gt; was not expected.</Message>
          <StackTrace>    at Microsoft.Xml.Serialization.GeneratedAssembly.XmlSerializationReaderXmlDataFeedV1.Read14_DataFeed()
 --- End of inner exception stack trace ---
    at System.Xml.Serialization.XmlSerializer.Deserialize(XmlReader xmlReader, String encodingStyle, XmlDeserializationEvents events)
   at System.Xml.Serialization.XmlSerializer.Deserialize(Stream stream)
   at DATAFEED.Tests.HttpRequestHelper.XmlDeserialize[T]() in e:\Jenkins\workspace\DataEngine\DATAFEED.Tests\DATAFEED.Tests\Helper\HttpRequestHelper.cs:line 240
 --- End of inner exception stack trace ---
    at DATAFEED.Tests.HttpRequestHelper.XmlDeserialize[T]() in e:\Jenkins\workspace\DataEngine\DATAFEED.Tests\DATAFEED.Tests\Helper\HttpRequestHelper.cs:line 244
   at DATAFEED.Tests.Total.TotalUnsommableComplex() in e:\Jenkins\workspace\DataEngine\DATAFEED.Tests\DATAFEED.Tests\Total.cs:line 47
</StackTrace>
        </ErrorInfo>
      </Output>
    </UnitTestResult>
    <UnitTestResult executionId="7256229a-f020-4009-bff0-37b23f7dade9" testId="5260bf72-a697-4987-f679-6778e151d3cf" testName="VariationBounceRateTest" computerName="BDXBLD003" duration="00:00:01.1405672" startTime="2015-07-23T12:31:48.3626739+02:00" endTime="2015-07-23T12:31:49.5046949+02:00" testType="13cdc9d9-ddb5-4fa4-a97d-d965ccfc6d4b" outcome="Passed" testListId="8c84fa94-04c1-424b-9868-57a2d4851a1d" relativeResultsDirectory="7256229a-f020-4009-bff0-37b23f7dade9">
    </UnitTestResult>
    <UnitTestResult executionId="9d1655d5-5321-4ffa-9656-414cb92f90b3" testId="bbc0e239-45a8-7070-cb16-866c4b866b01" testName="VariationMultiPeriod" computerName="BDXBLD003" duration="00:00:01.3588433" startTime="2015-07-23T12:31:48.8656820+02:00" endTime="2015-07-23T12:31:50.2279031+02:00" testType="13cdc9d9-ddb5-4fa4-a97d-d965ccfc6d4b" outcome="Passed" testListId="8c84fa94-04c1-424b-9868-57a2d4851a1d" relativeResultsDirectory="9d1655d5-5321-4ffa-9656-414cb92f90b3">
    </UnitTestResult>
    <UnitTestResult executionId="7a906420-2627-4eb1-b6c4-694b33e5a184" testId="41cd5dd6-908f-93d1-b403-a0cd2d1c65c2" testName="VariationNotaNumberTest" computerName="BDXBLD003" duration="00:00:00.9876650" startTime="2015-07-23T12:31:49.5056946+02:00" endTime="2015-07-23T12:31:50.4939106+02:00" testType="13cdc9d9-ddb5-4fa4-a97d-d965ccfc6d4b" outcome="Passed" testListId="8c84fa94-04c1-424b-9868-57a2d4851a1d" relativeResultsDirectory="7a906420-2627-4eb1-b6c4-694b33e5a184">
    </UnitTestResult>
    <UnitTestResult executionId="86a2c613-9df9-47af-be4a-b848c957f890" testId="33a55f3c-09c3-ded3-cd1d-31d06229d778" testName="VariationVisitsTest" computerName="BDXBLD003" duration="00:00:00.8704727" startTime="2015-07-23T12:31:50.2289060+02:00" endTime="2015-07-23T12:31:51.1009213+02:00" testType="13cdc9d9-ddb5-4fa4-a97d-d965ccfc6d4b" outcome="Passed" testListId="8c84fa94-04c1-424b-9868-57a2d4851a1d" relativeResultsDirectory="86a2c613-9df9-47af-be4a-b848c957f890">
    </UnitTestResult>
    <UnitTestResult executionId="8a9b4243-575e-434f-8c5b-bd45ab2db111" testId="1f9d7569-8914-6a75-b000-f55c65ca760e" testName="VU_NoData" computerName="BDXBLD003" duration="00:00:03.3764093" startTime="2015-07-23T12:31:50.4949115+02:00" endTime="2015-07-23T12:31:53.8729741+02:00" testType="13cdc9d9-ddb5-4fa4-a97d-d965ccfc6d4b" outcome="Passed" testListId="8c84fa94-04c1-424b-9868-57a2d4851a1d" relativeResultsDirectory="8a9b4243-575e-434f-8c5b-bd45ab2db111">
    </UnitTestResult>
    <UnitTestResult executionId="d67417cd-3875-4cb9-a040-30c3559ca520" testId="dc3ba7b3-35f3-aac5-228e-cfee730251c9" testName="VU_WithData" computerName="BDXBLD003" duration="00:00:03.3023350" startTime="2015-07-23T12:31:51.1089201+02:00" endTime="2015-07-23T12:31:54.4119831+02:00" testType="13cdc9d9-ddb5-4fa4-a97d-d965ccfc6d4b" outcome="Passed" testListId="8c84fa94-04c1-424b-9868-57a2d4851a1d" relativeResultsDirectory="d67417cd-3875-4cb9-a040-30c3559ca520">
    </UnitTestResult>
  </Results>
</TestRun>